config: 
{
    "batch_size": 8,
    "gradient_accumulation_steps": 4,
    "total_round": 6,
    "drop_out": 0.5,
    "num_workers": 2,
    "step1_epochs": 5,
    "step2_epochs": 15,
    "step3_epochs": 20,
    "num_protos": 1,
    "device": "cuda",
    "seed": 100,
    "max_grad_norm": 10,
    "task_length": 8,
    "kl_temp": 2,
    "temp": 0.1,
    "bert_path": "./bert-base-uncased",
    "max_length": 256,
    "vocab_size": 30522,
    "marker_size": 4,
    "template": "[E1] [MASK] [E2]",
    "pattern": "entity_marker",
    "encoder_output_size": 768,
    "drop_p": 0.1,
    "f_pass": 10,
    "kappa_neg": 0.03,
    "kappa_pos": 0.05,
    "T_mult": 1,
    "rewarm_epoch_num": 2,
    "decay_rate": 0.9,
    "decay_steps": 800,
    "num_of_relation": 41,
    "rel_index": "data/tacred/rel_index.npy",
    "relation_file": "data/tacred/relation_name.txt",
    "rel_cluster_label": "data/tacred/CFRLdata_10_100_10_5/rel_cluster_label_0.npy",
    "training_file": "data/tacred/CFRLdata_10_100_10_5/train_0.txt",
    "valid_file": "data/tacred/CFRLdata_10_100_10_5/valid_0.txt",
    "test_file": "data/tacred/CFRLdata_10_100_10_5/test_0.txt"
}
----------------------------------------
set seed: 100
Shuffle index: [7 0 6 2 5 1 4 3]
round: 0, current_acc: [0.8764478764478765, 0.8356164383561644, 0.7982456140350878, 0.8656716417910447, 0.6647230320699709, 0.8545454545454545, 0.6103896103896104, 0.7934782608695652], history_acc: [0.8764478764478765, 0.8507462686567164, 0.6721504112808461, 0.6150190114068441, 0.5526881720430108, 0.5777089783281734, 0.5590465872156013, 0.5122525918944392]
set seed: 200
Shuffle index: [7 6 5 2 1 0 3 4]
round: 1, current_acc: [0.8764478764478765, 0.7056277056277056, 0.7214611872146118, 0.782608695652174, 0.6180758017492711, 0.43859649122807015, 0.6567164179104478, 0.7636363636363637], history_acc: [0.8764478764478765, 0.7663551401869159, 0.6673553719008265, 0.569935691318328, 0.5759294265910523, 0.5120517342739564, 0.47213459516298634, 0.47879359095193214]
set seed: 300
Shuffle index: [7 3 2 5 0 6 4 1]
round: 2, current_acc: [0.8764478764478765, 0.8043478260869565, 0.7945205479452054, 0.740909090909091, 0.582089552238806, 0.658008658008658, 0.5614035087719298, 0.6209912536443148], history_acc: [0.8764478764478765, 0.7657430730478589, 0.6910167818361304, 0.6707218167072182, 0.6241283124128313, 0.6126126126126126, 0.5699831365935919, 0.5315739868049011]
set seed: 400
Shuffle index: [7 3 1 6 0 5 2 4]
round: 3, current_acc: [0.8803088803088803, 0.2982456140350877, 0.8272727272727273, 0.9239130434782609, 0.736318407960199, 0.6666666666666666, 0.6618075801749271, 0.6190476190476191], history_acc: [0.8803088803088803, 0.6819620253164557, 0.7030516431924883, 0.7296099290780141, 0.6162528216704289, 0.6143410852713178, 0.5642517186673718, 0.5292177191328935]
set seed: 500
Shuffle index: [7 0 2 1 5 4 3 6]
round: 4, current_acc: [0.8822393822393823, 0.8208955223880597, 0.7186147186147186, 0.5801749271137027, 0.855072463768116, 0.9, 0.7671232876712328, 0.8157894736842105], history_acc: [0.8822393822393823, 0.8400556328233658, 0.72, 0.6558391337973705, 0.5615041427660931, 0.5254332029066517, 0.5134462151394422, 0.4410933081998115]
set seed: 600
Shuffle index: [7 1 3 6 4 0 2 5]
round: 5, current_acc: [0.888030888030888, 0.8659420289855072, 0.8070175438596491, 0.6636363636363637, 0.5541125541125541, 0.6301369863013698, 0.6559766763848397, 0.746268656716418], history_acc: [0.888030888030888, 0.7783375314861462, 0.670704845814978, 0.6453900709219859, 0.5938189845474614, 0.5424588086185045, 0.5257678292555961, 0.45758718190386427]
>>>>>>>>>>>>>>>current_acc<<<<<<<<<<<<<<<
[0.888030888030888, 0.8659420289855072, 0.8070175438596491, 0.6636363636363637, 0.5541125541125541, 0.6301369863013698, 0.6559766763848397, 0.746268656716418]
----------------------------------------
>>>>>>>>>>>>>>>history_acc<<<<<<<<<<<<<<<
[0.888030888030888, 0.7783375314861462, 0.670704845814978, 0.6453900709219859, 0.5938189845474614, 0.5424588086185045, 0.5257678292555961, 0.45758718190386427]
----------------------------------------
>>>>>>>>>>>>>>>all_current_acc<<<<<<<<<<<<<<<
[[0.8764478764478765, 0.8356164383561644, 0.7982456140350878, 0.8656716417910447, 0.6647230320699709, 0.8545454545454545, 0.6103896103896104, 0.7934782608695652], [0.8764478764478765, 0.7056277056277056, 0.7214611872146118, 0.782608695652174, 0.6180758017492711, 0.43859649122807015, 0.6567164179104478, 0.7636363636363637], [0.8764478764478765, 0.8043478260869565, 0.7945205479452054, 0.740909090909091, 0.582089552238806, 0.658008658008658, 0.5614035087719298, 0.6209912536443148], [0.8803088803088803, 0.2982456140350877, 0.8272727272727273, 0.9239130434782609, 0.736318407960199, 0.6666666666666666, 0.6618075801749271, 0.6190476190476191], [0.8822393822393823, 0.8208955223880597, 0.7186147186147186, 0.5801749271137027, 0.855072463768116, 0.9, 0.7671232876712328, 0.8157894736842105], [0.888030888030888, 0.8659420289855072, 0.8070175438596491, 0.6636363636363637, 0.5541125541125541, 0.6301369863013698, 0.6559766763848397, 0.746268656716418]]
----------------------------------------
>>>>>>>>>>>>>>>all_current_acc_mean<<<<<<<<<<<<<<<
all_current_acc:  [0.8799871299871299, 0.7217791892465802, 0.7778553898236668, 0.7594856270967728, 0.6683986353164862, 0.6913257094583698, 0.6522361802171646, 0.7265352712664153]
----------------------------------------
>>>>>>>>>>>>>>>all_current_acc_std<<<<<<<<<<<<<<<
all_current_acc_std:  [0.0042319647483802705, 0.19579965555214832, 0.04218166351306853, 0.115852648800833, 0.10207568887912147, 0.15249035850228576, 0.0623517342793996, 0.07842906465710395]
----------------------------------------
>>>>>>>>>>>>>>>all_history_acc<<<<<<<<<<<<<<<
all_history_acc:  [[0.8764478764478765, 0.8507462686567164, 0.6721504112808461, 0.6150190114068441, 0.5526881720430108, 0.5777089783281734, 0.5590465872156013, 0.5122525918944392], [0.8764478764478765, 0.7663551401869159, 0.6673553719008265, 0.569935691318328, 0.5759294265910523, 0.5120517342739564, 0.47213459516298634, 0.47879359095193214], [0.8764478764478765, 0.7657430730478589, 0.6910167818361304, 0.6707218167072182, 0.6241283124128313, 0.6126126126126126, 0.5699831365935919, 0.5315739868049011], [0.8803088803088803, 0.6819620253164557, 0.7030516431924883, 0.7296099290780141, 0.6162528216704289, 0.6143410852713178, 0.5642517186673718, 0.5292177191328935], [0.8822393822393823, 0.8400556328233658, 0.72, 0.6558391337973705, 0.5615041427660931, 0.5254332029066517, 0.5134462151394422, 0.4410933081998115], [0.888030888030888, 0.7783375314861462, 0.670704845814978, 0.6453900709219859, 0.5938189845474614, 0.5424588086185045, 0.5257678292555961, 0.45758718190386427]]
----------------------------------------
>>>>>>>>>>>>>>>all_history_acc_mean<<<<<<<<<<<<<<<
all_history_acc:  [0.8799871299871299, 0.7805332785862431, 0.6873798423375447, 0.6477526088716268, 0.5873869766718129, 0.5641010703352028, 0.5341050136724316, 0.4917530631479736]
----------------------------------------
>>>>>>>>>>>>>>>all_history_acc_std<<<<<<<<<<<<<<<
all_history_acc_std:  [0.0042319647483802705, 0.05569808149509909, 0.019295413325823362, 0.04903423958722979, 0.02655101087950878, 0.040280948439185144, 0.034532045475350256, 0.03490750449397378]
----------------------------------------
