config: 
{
    "batch_size": 8,
    "gradient_accumulation_steps": 4,
    "total_round": 6,
    "drop_out": 0.5,
    "num_workers": 2,
    "step1_epochs": 10,
    "step2_epochs": 10,
    "step3_epochs": 10,
    "num_protos": 1,
    "device": "cuda",
    "seed": 100,
    "max_grad_norm": 10,
    "task_length": 8,
    "kl_temp": 2,
    "temp": 0.1,
    "bert_path": "./bert-base-uncased",
    "max_length": 256,
    "vocab_size": 30522,
    "marker_size": 4,
    "template": "[E1] [MASK] [E2]",
    "pattern": "entity_marker",
    "encoder_output_size": 768,
    "drop_p": 0.1,
    "f_pass": 10,
    "kappa_neg": 0.03,
    "kappa_pos": 0.05,
    "T_mult": 1,
    "rewarm_epoch_num": 2,
    "decay_rate": 0.9,
    "decay_steps": 800,
    "num_of_relation": 41,
    "rel_index": "data/tacred/rel_index.npy",
    "relation_file": "data/tacred/relation_name.txt",
    "rel_cluster_label": "data/tacred/CFRLdata_10_100_10_5/rel_cluster_label_0.npy",
    "training_file": "data/tacred/CFRLdata_10_100_10_5/train_0.txt",
    "valid_file": "data/tacred/CFRLdata_10_100_10_5/valid_0.txt",
    "test_file": "data/tacred/CFRLdata_10_100_10_5/test_0.txt"
}
----------------------------------------
set seed: 100
Shuffle index: [7 0 6 2 5 1 4 3]
round: 0, current_acc: [0.8783783783783784, 0.8127853881278538, 0.23684210526315788, 0.6716417910447762, 0.565597667638484, 0.7727272727272727, 0.5411255411255411, 0.8079710144927537], history_acc: [0.8783783783783784, 0.8507462686567164, 0.7238542890716804, 0.5979087452471483, 0.5655913978494623, 0.5764705882352941, 0.5585048754062839, 0.5207351555136663]
set seed: 200
Shuffle index: [7 6 5 2 1 0 3 4]
round: 1, current_acc: [0.8803088803088803, 0.6363636363636364, 0.6118721461187214, 0.6195652173913043, 0.5889212827988338, 0.3508771929824561, 0.6268656716417911, 0.7818181818181819], history_acc: [0.8803088803088803, 0.7676902536715621, 0.6900826446280992, 0.5819935691318328, 0.5633270321361059, 0.5302763080540859, 0.4705573080967403, 0.48350612629594725]
set seed: 300
Shuffle index: [7 3 2 5 0 6 4 1]
round: 2, current_acc: [0.8803088803088803, 0.605072463768116, 0.6940639269406392, 0.7045454545454546, 0.527363184079602, 0.45021645021645024, 0.45614035087719296, 0.5364431486880467], history_acc: [0.8803088803088803, 0.7292191435768262, 0.6969397828232972, 0.64882400648824, 0.6073919107391911, 0.5795795795795796, 0.5250140528386734, 0.5075400565504241]
set seed: 400
Shuffle index: [7 3 1 6 0 5 2 4]
round: 3, current_acc: [0.8841698841698842, 0.2982456140350877, 0.7318181818181818, 0.782608695652174, 0.6716417910447762, 0.7899543378995434, 0.5801749271137027, 0.5541125541125541], history_acc: [0.8841698841698842, 0.7357594936708861, 0.6772300469483568, 0.6675531914893617, 0.5861550037622273, 0.5710594315245479, 0.5425700687466949, 0.5004712535344015]
set seed: 500
Shuffle index: [7 0 2 1 5 4 3 6]
round: 4, current_acc: [0.8822393822393823, 0.6467661691542289, 0.5670995670995671, 0.3673469387755102, 0.7789855072463768, 0.75, 0.680365296803653, 0.7719298245614035], history_acc: [0.8822393822393823, 0.799721835883171, 0.6968421052631579, 0.5939675174013921, 0.538559592096877, 0.529346003353829, 0.5169322709163346, 0.4646559849198869]
set seed: 600
Shuffle index: [7 1 3 6 4 0 2 5]
round: 5, current_acc: [0.8822393822393823, 0.8405797101449275, 0.2807017543859649, 0.6909090909090909, 0.5974025974025974, 0.6712328767123288, 0.5393586005830904, 0.7611940298507462], history_acc: [0.8822393822393823, 0.8513853904282116, 0.7169603524229075, 0.6453900709219859, 0.6320824135393672, 0.6070975918884665, 0.5450286309213951, 0.501885014137606]
>>>>>>>>>>>>>>>current_acc<<<<<<<<<<<<<<<


[0.8822393822393823, 0.8405797101449275, 0.2807017543859649, 0.6909090909090909, 0.5974025974025974, 0.6712328767123288, 0.5393586005830904, 0.7611940298507462]


----------------------------------------


>>>>>>>>>>>>>>>history_acc<<<<<<<<<<<<<<<


[0.8822393822393823, 0.8513853904282116, 0.7169603524229075, 0.6453900709219859, 0.6320824135393672, 0.6070975918884665, 0.5450286309213951, 0.501885014137606]


----------------------------------------


>>>>>>>>>>>>>>>all_current_acc<<<<<<<<<<<<<<<


[0.8783783783783784, 0.8127853881278538, 0.23684210526315788, 0.6716417910447762, 0.565597667638484, 0.7727272727272727, 0.5411255411255411, 0.8079710144927537]
[0.8803088803088803, 0.6363636363636364, 0.6118721461187214, 0.6195652173913043, 0.5889212827988338, 0.3508771929824561, 0.6268656716417911, 0.7818181818181819]
[0.8803088803088803, 0.605072463768116, 0.6940639269406392, 0.7045454545454546, 0.527363184079602, 0.45021645021645024, 0.45614035087719296, 0.5364431486880467]
[0.8841698841698842, 0.2982456140350877, 0.7318181818181818, 0.782608695652174, 0.6716417910447762, 0.7899543378995434, 0.5801749271137027, 0.5541125541125541]
[0.8822393822393823, 0.6467661691542289, 0.5670995670995671, 0.3673469387755102, 0.7789855072463768, 0.75, 0.680365296803653, 0.7719298245614035]
[0.8822393822393823, 0.8405797101449275, 0.2807017543859649, 0.6909090909090909, 0.5974025974025974, 0.6712328767123288, 0.5393586005830904, 0.7611940298507462]


----------------------------------------


>>>>>>>>>>>>>>>all_current_acc_mean<<<<<<<<<<<<<<<


[0.8812741312741315, 0.6399688302656417, 0.520399613604372, 0.6394361980530517, 0.6216520050351116, 0.6308346884230086, 0.5706717313574952, 0.7022447922539476]


----------------------------------------


>>>>>>>>>>>>>>>all_current_acc_std<<<<<<<<<<<<<<<


all_current_acc_std:  [0.001848314879838487, 0.17708849103485214, 0.19290115725579154, 0.13092724388971586, 0.0826081251755798, 0.169452107617741, 0.07100665999912481, 0.11200767810176998]


----------------------------------------


>>>>>>>>>>>>>>>all_history_acc<<<<<<<<<<<<<<<


[0.8783783783783784, 0.8507462686567164, 0.7238542890716804, 0.5979087452471483, 0.5655913978494623, 0.5764705882352941, 0.5585048754062839, 0.5207351555136663]
[0.8803088803088803, 0.7676902536715621, 0.6900826446280992, 0.5819935691318328, 0.5633270321361059, 0.5302763080540859, 0.4705573080967403, 0.48350612629594725]
[0.8803088803088803, 0.7292191435768262, 0.6969397828232972, 0.64882400648824, 0.6073919107391911, 0.5795795795795796, 0.5250140528386734, 0.5075400565504241]
[0.8841698841698842, 0.7357594936708861, 0.6772300469483568, 0.6675531914893617, 0.5861550037622273, 0.5710594315245479, 0.5425700687466949, 0.5004712535344015]
[0.8822393822393823, 0.799721835883171, 0.6968421052631579, 0.5939675174013921, 0.538559592096877, 0.529346003353829, 0.5169322709163346, 0.4646559849198869]
[0.8822393822393823, 0.8513853904282116, 0.7169603524229075, 0.6453900709219859, 0.6320824135393672, 0.6070975918884665, 0.5450286309213951, 0.501885014137606]


----------------------------------------


>>>>>>>>>>>>>>>all_history_acc_mean<<<<<<<<<<<<<<<


all_history_acc:  [0.8812741312741315, 0.7890870643145623, 0.7003182035262498, 0.6226061834466602, 0.5821845583538717, 0.5656382504393004, 0.526434534487687, 0.49646559849198874]


----------------------------------------


>>>>>>>>>>>>>>>all_history_acc_std<<<<<<<<<<<<<<<


all_history_acc_std:  [0.001848314879838487, 0.04946692247164622, 0.015770410417424007, 0.032419732657427924, 0.030754533418218263, 0.027771569892757343, 0.028428793692558813, 0.017966959457022258]


----------------------------------------


