config: 
{
    "batch_size": 8,
    "gradient_accumulation_steps": 4,
    "total_round": 6,
    "drop_out": 0.5,
    "num_workers": 2,
    "step1_epochs": 5,
    "step2_epochs": 15,
    "step3_epochs": 20,
    "num_protos": 1,
    "device": "cuda",
    "seed": 100,
    "max_grad_norm": 10,
    "task_length": 8,
    "kl_temp": 2,
    "temp": 0.1,
    "bert_path": "./bert-base-uncased",
    "max_length": 256,
    "vocab_size": 30522,
    "marker_size": 4,
    "template": "[E1] [MASK] [E2]",
    "pattern": "entity_marker",
    "encoder_output_size": 768,
    "drop_p": 0.1,
    "f_pass": 10,
    "kappa_neg": 0.03,
    "kappa_pos": 0.05,
    "T_mult": 1,
    "rewarm_epoch_num": 2,
    "decay_rate": 0.9,
    "decay_steps": 800,
    "num_of_relation": 41,
    "rel_index": "data/tacred/rel_index.npy",
    "relation_file": "data/tacred/relation_name.txt",
    "rel_cluster_label": "data/tacred/CFRLdata_10_100_10_10/rel_cluster_label_0.npy",
    "training_file": "data/tacred/CFRLdata_10_100_10_10/train_0.txt",
    "valid_file": "data/tacred/CFRLdata_10_100_10_10/valid_0.txt",
    "test_file": "data/tacred/CFRLdata_10_100_10_10/test_0.txt"
}
----------------------------------------
set seed: 100
Shuffle index: [7 0 6 2 5 1 4 3]
round: 0, current_acc: [0.8803088803088803, 0.559322033898305, 0.864406779661017, 0.8783783783783784, 0.9414225941422594, 0.6451612903225806, 0.7785234899328859, 0.8641304347826086], history_acc: [0.8803088803088803, 0.661697247706422, 0.6539561487130601, 0.5885129819040126, 0.5774834437086093, 0.5271101173840134, 0.5165118679050568, 0.4547596606974552]
set seed: 200
Shuffle index: [7 6 5 2 1 0 3 4]
round: 1, current_acc: [0.888030888030888, 0.8389261744966443, 0.7429378531073446, 0.9456521739130435, 0.8786610878661087, 0.7231638418079096, 0.9009009009009009, 0.7204301075268817], history_acc: [0.888030888030888, 0.8590704647676162, 0.7845249755142018, 0.5742738589211618, 0.6481994459833795, 0.6298581122763726, 0.5865436787845903, 0.5339302544769086]
set seed: 300
Shuffle index: [7 3 2 5 0 6 4 1]
round: 2, current_acc: [0.888030888030888, 0.8913043478260869, 0.5282485875706214, 0.5842293906810035, 0.8738738738738738, 0.785234899328859, 0.8926553672316384, 0.8242677824267782], history_acc: [0.888030888030888, 0.7022792022792023, 0.6912878787878788, 0.6059925093632959, 0.5767501605651895, 0.5756154747948418, 0.5395645246946362, 0.5127238454288408]
set seed: 400
Shuffle index: [7 3 1 6 0 5 2 4]
round: 3, current_acc: [0.8861003861003861, 0.943502824858757, 0.5985663082437276, 0.8586956521739131, 0.9144144144144144, 0.672316384180791, 0.899581589958159, 0.7114093959731543], history_acc: [0.8861003861003861, 0.7942446043165468, 0.635523613963039, 0.5379965457685665, 0.5623188405797102, 0.5317185697808535, 0.5063355296502787, 0.4637134778510839]
set seed: 500
Shuffle index: [7 0 2 1 5 4 3 6]
round: 4, current_acc: [0.8745173745173745, 0.7522522522522522, 0.6644295302013423, 0.8410041841004184, 0.8804347826086957, 0.7885304659498208, 0.751412429378531, 0.8587570621468926], history_acc: [0.8745173745173745, 0.727027027027027, 0.7007874015748031, 0.650709219858156, 0.5426829268292683, 0.5744814582023884, 0.5336760925449872, 0.49198868991517436]
set seed: 600
Shuffle index: [7 1 3 6 4 0 2 5]
round: 5, current_acc: [0.8783783783783784, 0.7445652173913043, 0.864406779661017, 0.6774193548387096, 0.9060402684563759, 0.6440677966101694, 0.8661087866108786, 0.918918918918919], history_acc: [0.8783783783783784, 0.7350427350427351, 0.7792946530147895, 0.6614853195164075, 0.6732976281560826, 0.6189042745334136, 0.55, 0.5197926484448633]
>>>>>>>>>>>>>>>current_acc<<<<<<<<<<<<<<<
[0.8783783783783784, 0.7445652173913043, 0.864406779661017, 0.6774193548387096, 0.9060402684563759, 0.6440677966101694, 0.8661087866108786, 0.918918918918919]
----------------------------------------
>>>>>>>>>>>>>>>history_acc<<<<<<<<<<<<<<<
[0.8783783783783784, 0.7350427350427351, 0.7792946530147895, 0.6614853195164075, 0.6732976281560826, 0.6189042745334136, 0.55, 0.5197926484448633]
----------------------------------------
>>>>>>>>>>>>>>>all_current_acc<<<<<<<<<<<<<<<
[[0.8803088803088803, 0.559322033898305, 0.864406779661017, 0.8783783783783784, 0.9414225941422594, 0.6451612903225806, 0.7785234899328859, 0.8641304347826086], [0.888030888030888, 0.8389261744966443, 0.7429378531073446, 0.9456521739130435, 0.8786610878661087, 0.7231638418079096, 0.9009009009009009, 0.7204301075268817], [0.888030888030888, 0.8913043478260869, 0.5282485875706214, 0.5842293906810035, 0.8738738738738738, 0.785234899328859, 0.8926553672316384, 0.8242677824267782], [0.8861003861003861, 0.943502824858757, 0.5985663082437276, 0.8586956521739131, 0.9144144144144144, 0.672316384180791, 0.899581589958159, 0.7114093959731543], [0.8745173745173745, 0.7522522522522522, 0.6644295302013423, 0.8410041841004184, 0.8804347826086957, 0.7885304659498208, 0.751412429378531, 0.8587570621468926], [0.8783783783783784, 0.7445652173913043, 0.864406779661017, 0.6774193548387096, 0.9060402684563759, 0.6440677966101694, 0.8661087866108786, 0.918918918918919]]
----------------------------------------
>>>>>>>>>>>>>>>all_current_acc_mean<<<<<<<<<<<<<<<
all_current_acc:  [0.8825611325611326, 0.788312141787225, 0.7104993064075118, 0.7975631890142445, 0.8991411702269546, 0.7097457797000217, 0.8481970940021656, 0.8163189502958725]
----------------------------------------
>>>>>>>>>>>>>>>all_current_acc_std<<<<<<<<<<<<<<<
all_current_acc_std:  [0.005158050045650375, 0.12443465585226268, 0.12668466418154012, 0.12518758643734684, 0.024070685244783657, 0.060513623452875, 0.06046639133606692, 0.07624254459264429]
----------------------------------------
>>>>>>>>>>>>>>>all_history_acc<<<<<<<<<<<<<<<
all_history_acc:  [[0.8803088803088803, 0.661697247706422, 0.6539561487130601, 0.5885129819040126, 0.5774834437086093, 0.5271101173840134, 0.5165118679050568, 0.4547596606974552], [0.888030888030888, 0.8590704647676162, 0.7845249755142018, 0.5742738589211618, 0.6481994459833795, 0.6298581122763726, 0.5865436787845903, 0.5339302544769086], [0.888030888030888, 0.7022792022792023, 0.6912878787878788, 0.6059925093632959, 0.5767501605651895, 0.5756154747948418, 0.5395645246946362, 0.5127238454288408], [0.8861003861003861, 0.7942446043165468, 0.635523613963039, 0.5379965457685665, 0.5623188405797102, 0.5317185697808535, 0.5063355296502787, 0.4637134778510839], [0.8745173745173745, 0.727027027027027, 0.7007874015748031, 0.650709219858156, 0.5426829268292683, 0.5744814582023884, 0.5336760925449872, 0.49198868991517436], [0.8783783783783784, 0.7350427350427351, 0.7792946530147895, 0.6614853195164075, 0.6732976281560826, 0.6189042745334136, 0.55, 0.5197926484448633]]
----------------------------------------
>>>>>>>>>>>>>>>all_history_acc_mean<<<<<<<<<<<<<<<
all_history_acc:  [0.8825611325611326, 0.7465602135232583, 0.7075624452612953, 0.6031617392219334, 0.5967887409703733, 0.5762813344953138, 0.5387719489299249, 0.49615142946905433]
----------------------------------------
>>>>>>>>>>>>>>>all_history_acc_std<<<<<<<<<<<<<<<
all_history_acc_std:  [0.005158050045650375, 0.06404306672032915, 0.05692499695126253, 0.04275124627785126, 0.047234385025043055, 0.03893267190485376, 0.025763138187782836, 0.028993158538366596]
----------------------------------------
