config: 
{
    "batch_size": 8,
    "gradient_accumulation_steps": 4,
    "total_round": 6,
    "drop_out": 0.5,
    "num_workers": 2,
    "step1_epochs": 10,
    "step2_epochs": 10,
    "step3_epochs": 10,
    "num_protos": 1,
    "device": "cuda",
    "seed": 100,
    "max_grad_norm": 10,
    "task_length": 8,
    "kl_temp": 2,
    "temp": 0.1,
    "bert_path": "./bert-base-uncased",
    "max_length": 256,
    "vocab_size": 30522,
    "marker_size": 4,
    "template": "[E1] [MASK] [E2]",
    "pattern": "entity_marker",
    "encoder_output_size": 768,
    "drop_p": 0.1,
    "f_pass": 10,
    "kappa_neg": 0.03,
    "kappa_pos": 0.05,
    "T_mult": 1,
    "rewarm_epoch_num": 2,
    "decay_rate": 0.9,
    "decay_steps": 800,
    "num_of_relation": 41,
    "rel_index": "data/tacred/rel_index.npy",
    "relation_file": "data/tacred/relation_name.txt",
    "rel_cluster_label": "data/tacred/CFRLdata_10_100_10_10/rel_cluster_label_0.npy",
    "training_file": "data/tacred/CFRLdata_10_100_10_10/train_0.txt",
    "valid_file": "data/tacred/CFRLdata_10_100_10_10/valid_0.txt",
    "test_file": "data/tacred/CFRLdata_10_100_10_10/test_0.txt"
}
----------------------------------------
set seed: 100
Shuffle index: [7 0 6 2 5 1 4 3]
round: 0, current_acc: [0.8648648648648649, 0.536723163841808, 0.632768361581921, 0.7702702702702703, 0.8451882845188284, 0.5483870967741935, 0.5906040268456376, 0.8858695652173914], history_acc: [0.8648648648648649, 0.7006880733944955, 0.657769304099142, 0.5948072383949646, 0.5450331125827814, 0.48854108440469535, 0.5201238390092879, 0.49104618284637136]
set seed: 200
Shuffle index: [7 6 5 2 1 0 3 4]
round: 1, current_acc: [0.8976833976833977, 0.8120805369127517, 0.5706214689265536, 0.8695652173913043, 0.7322175732217573, 0.711864406779661, 0.9009009009009009, 0.6200716845878136], history_acc: [0.8976833976833977, 0.8650674662668666, 0.7463271302644466, 0.7095435684647303, 0.6876731301939059, 0.6428130783466995, 0.5849158979924037, 0.5240339302544769]
set seed: 300
Shuffle index: [7 3 2 5 0 6 4 1]
round: 2, current_acc: [0.8648648648648649, 0.8152173913043478, 0.4350282485875706, 0.45878136200716846, 0.8558558558558559, 0.7248322147651006, 0.847457627118644, 0.9623430962343096], history_acc: [0.8648648648648649, 0.8133903133903134, 0.6325757575757576, 0.6277153558052434, 0.6127167630057804, 0.570926143024619, 0.5289431757833245, 0.5075400565504241]
set seed: 400
Shuffle index: [7 3 1 6 0 5 2 4]
round: 3, current_acc: [0.859073359073359, 0.6101694915254238, 0.43010752688172044, 0.6413043478260869, 0.8288288288288288, 0.4604519774011299, 0.891213389121339, 0.8120805369127517], history_acc: [0.859073359073359, 0.7841726618705036, 0.6427104722792608, 0.5699481865284974, 0.5507246376811594, 0.5236447520184544, 0.5174860618347694, 0.4948162111215834]
set seed: 500
Shuffle index: [7 0 2 1 5 4 3 6]
round: 4, current_acc: [0.888030888030888, 0.45045045045045046, 0.5637583892617449, 0.6778242677824268, 0.8641304347826086, 0.6021505376344086, 0.5875706214689266, 0.8248587570621468], history_acc: [0.888030888030888, 0.7216216216216216, 0.7154105736782902, 0.6781914893617021, 0.6280487804878049, 0.5725958516656191, 0.5449871465295629, 0.501885014137606]
set seed: 600
Shuffle index: [7 1 3 6 4 0 2 5]
round: 5, current_acc: [0.8552123552123552, 0.592391304347826, 0.6214689265536724, 0.37992831541218636, 0.8053691275167785, 0.5084745762711864, 0.8451882845188284, 0.8873873873873874], history_acc: [0.8552123552123552, 0.7378917378917379, 0.6928327645051194, 0.6234887737478411, 0.631981637337414, 0.5653220951234196, 0.5347368421052632, 0.5174363807728558]
>>>>>>>>>>>>>>>current_acc<<<<<<<<<<<<<<<


[0.8552123552123552, 0.592391304347826, 0.6214689265536724, 0.37992831541218636, 0.8053691275167785, 0.5084745762711864, 0.8451882845188284, 0.8873873873873874]


----------------------------------------


>>>>>>>>>>>>>>>history_acc<<<<<<<<<<<<<<<


[0.8552123552123552, 0.7378917378917379, 0.6928327645051194, 0.6234887737478411, 0.631981637337414, 0.5653220951234196, 0.5347368421052632, 0.5174363807728558]


----------------------------------------


>>>>>>>>>>>>>>>all_current_acc<<<<<<<<<<<<<<<


[0.8648648648648649, 0.536723163841808, 0.632768361581921, 0.7702702702702703, 0.8451882845188284, 0.5483870967741935, 0.5906040268456376, 0.8858695652173914]
[0.8976833976833977, 0.8120805369127517, 0.5706214689265536, 0.8695652173913043, 0.7322175732217573, 0.711864406779661, 0.9009009009009009, 0.6200716845878136]
[0.8648648648648649, 0.8152173913043478, 0.4350282485875706, 0.45878136200716846, 0.8558558558558559, 0.7248322147651006, 0.847457627118644, 0.9623430962343096]
[0.859073359073359, 0.6101694915254238, 0.43010752688172044, 0.6413043478260869, 0.8288288288288288, 0.4604519774011299, 0.891213389121339, 0.8120805369127517]
[0.888030888030888, 0.45045045045045046, 0.5637583892617449, 0.6778242677824268, 0.8641304347826086, 0.6021505376344086, 0.5875706214689266, 0.8248587570621468]
[0.8552123552123552, 0.592391304347826, 0.6214689265536724, 0.37992831541218636, 0.8053691275167785, 0.5084745762711864, 0.8451882845188284, 0.8873873873873874]


----------------------------------------


>>>>>>>>>>>>>>>all_current_acc_mean<<<<<<<<<<<<<<<


[0.8716216216216216, 0.6361720563971013, 0.5422921536321971, 0.6329456301149071, 0.8219316841207762, 0.5926934682709466, 0.7771558083290461, 0.8321018379003001]


----------------------------------------


>>>>>>>>>>>>>>>all_current_acc_std<<<<<<<<<<<<<<<


all_current_acc_std:  [0.015633887533148448, 0.13538618236065567, 0.08145468142566278, 0.16895847615227838, 0.04442777664965781, 0.09856933710455364, 0.13455906600502368, 0.10670859578179806]


----------------------------------------


>>>>>>>>>>>>>>>all_history_acc<<<<<<<<<<<<<<<


[0.8648648648648649, 0.7006880733944955, 0.657769304099142, 0.5948072383949646, 0.5450331125827814, 0.48854108440469535, 0.5201238390092879, 0.49104618284637136]
[0.8976833976833977, 0.8650674662668666, 0.7463271302644466, 0.7095435684647303, 0.6876731301939059, 0.6428130783466995, 0.5849158979924037, 0.5240339302544769]
[0.8648648648648649, 0.8133903133903134, 0.6325757575757576, 0.6277153558052434, 0.6127167630057804, 0.570926143024619, 0.5289431757833245, 0.5075400565504241]
[0.859073359073359, 0.7841726618705036, 0.6427104722792608, 0.5699481865284974, 0.5507246376811594, 0.5236447520184544, 0.5174860618347694, 0.4948162111215834]
[0.888030888030888, 0.7216216216216216, 0.7154105736782902, 0.6781914893617021, 0.6280487804878049, 0.5725958516656191, 0.5449871465295629, 0.501885014137606]
[0.8552123552123552, 0.7378917378917379, 0.6928327645051194, 0.6234887737478411, 0.631981637337414, 0.5653220951234196, 0.5347368421052632, 0.5174363807728558]


----------------------------------------


>>>>>>>>>>>>>>>all_history_acc_mean<<<<<<<<<<<<<<<


all_history_acc:  [0.8716216216216216, 0.7704719790725898, 0.6812710004003361, 0.6339491020504965, 0.6093630102148077, 0.5606405007639178, 0.5385321605424354, 0.5061262959472196]


----------------------------------------


>>>>>>>>>>>>>>>all_history_acc_std<<<<<<<<<<<<<<<


all_history_acc_std:  [0.015633887533148448, 0.056709231108404416, 0.040706174014650265, 0.04734341370239952, 0.049297189431840034, 0.04759199153362728, 0.022661551826651853, 0.011718336098999839]


----------------------------------------


