True
config: 
{
    "batch_size": 8,
    "gradient_accumulation_steps": 4,
    "total_round": 6,
    "drop_out": 0.5,
    "num_workers": 2,
    "step1_epochs": 10,
    "step2_epochs": 10,
    "step3_epochs": 10,
    "num_protos": 1,
    "device": "cuda",
    "seed": 100,
    "max_grad_norm": 10,
    "task_length": 8,
    "kl_temp": 2,
    "temp": 0.1,
    "bert_path": "./bert-base-uncased",
    "max_length": 256,
    "vocab_size": 30522,
    "marker_size": 4,
    "pattern": "hard_prompt",
    "template": "[E1] [MASK] [E2]",
    "encoder_output_size": 768,
    "drop_p": 0.1,
    "f_pass": 10,
    "kappa_neg": 0.03,
    "kappa_pos": 0.05,
    "T_mult": 1,
    "rewarm_epoch_num": 2,
    "decay_rate": 0.9,
    "decay_steps": 800,
    "num_of_relation": 41,
    "rel_index": "data/tacred/rel_index.npy",
    "relation_file": "data/tacred/relation_name.txt",
    "rel_cluster_label": "data/tacred/CFRLdata_10_100_10_5/rel_cluster_label_0.npy",
    "training_file": "data/tacred/CFRLdata_10_100_10_5/train_0.txt",
    "valid_file": "data/tacred/CFRLdata_10_100_10_5/valid_0.txt",
    "test_file": "data/tacred/CFRLdata_10_100_10_5/test_0.txt",
    "retain_prev": true,
    "use_marker": true
}
----------------------------------------
set seed: 100
Shuffle index: [7 0 6 2 5 1 4 3]
round: 0, current_acc: [0.8822393822393823, 0.8356164383561644, 0.45614035087719296, 0.6218905472636815, 0.5860058309037901, 0.8590909090909091, 0.6493506493506493, 0.8913043478260869], history_acc: [0.8822393822393823, 0.8466757123473542, 0.6756756756756757, 0.6378326996197718, 0.5978494623655914, 0.5882352941176471, 0.5308775731310943, 0.5127238454288408]
set seed: 200
Shuffle index: [7 6 5 2 1 0 3 4]
round: 1, current_acc: [0.8667953667953668, 0.43722943722943725, 0.867579908675799, 0.7463768115942029, 0.6064139941690962, 0.45614035087719296, 0.6119402985074627, 0.9409090909090909], history_acc: [0.8667953667953668, 0.7222963951935915, 0.7148760330578512, 0.682475884244373, 0.5803402646502835, 0.48559670781893005, 0.4500525762355415, 0.4740810556079171]
set seed: 300
Shuffle index: [7 3 2 5 0 6 4 1]
round: 2, current_acc: [0.8783783783783784, 0.7427536231884058, 0.680365296803653, 0.8318181818181818, 0.5870646766169154, 0.5194805194805194, 0.6228070175438597, 0.6209912536443148], history_acc: [0.8783783783783784, 0.7909319899244333, 0.7334649555774926, 0.7064071370640713, 0.6464435146443515, 0.6114114114114114, 0.5424395727937044, 0.5004712535344015]
set seed: 400
Shuffle index: [7 3 1 6 0 5 2 4]
round: 3, current_acc: [0.861003861003861, 0.2719298245614035, 0.8363636363636363, 0.7246376811594203, 0.7014925373134329, 0.8082191780821918, 0.5072886297376094, 0.6666666666666666], history_acc: [0.861003861003861, 0.7341772151898734, 0.7241784037558685, 0.7109929078014184, 0.673438675696012, 0.6531007751937985, 0.5705975674246431, 0.5311027332704995]
set seed: 500
Shuffle index: [7 0 2 1 5 4 3 6]
round: 4, current_acc: [0.8783783783783784, 0.7611940298507462, 0.6320346320346321, 0.5014577259475219, 0.8804347826086957, 0.9181818181818182, 0.7945205479452054, 0.7105263157894737], history_acc: [0.8783783783783784, 0.8247566063977747, 0.7631578947368421, 0.6163959783449343, 0.5940089228808159, 0.5740637227501397, 0.5702191235059761, 0.47926484448633366]
set seed: 600
Shuffle index: [7 1 3 6 4 0 2 5]
round: 5, current_acc: [0.8803088803088803, 0.6413043478260869, 0.34210526315789475, 0.7863636363636364, 0.5757575757575758, 0.7442922374429224, 0.5568513119533528, 0.7661691542288557], history_acc: [0.8803088803088803, 0.7594458438287154, 0.6596916299559471, 0.6826241134751773, 0.637233259749816, 0.5956907477820025, 0.5393024466423738, 0.4820923656927427]
>>>>>>>>>>>>>>>current_acc<<<<<<<<<<<<<<<


[0.8803088803088803, 0.6413043478260869, 0.34210526315789475, 0.7863636363636364, 0.5757575757575758, 0.7442922374429224, 0.5568513119533528, 0.7661691542288557]


----------------------------------------


>>>>>>>>>>>>>>>history_acc<<<<<<<<<<<<<<<


[0.8803088803088803, 0.7594458438287154, 0.6596916299559471, 0.6826241134751773, 0.637233259749816, 0.5956907477820025, 0.5393024466423738, 0.4820923656927427]


----------------------------------------


>>>>>>>>>>>>>>>all_current_acc<<<<<<<<<<<<<<<


[0.8822393822393823, 0.8356164383561644, 0.45614035087719296, 0.6218905472636815, 0.5860058309037901, 0.8590909090909091, 0.6493506493506493, 0.8913043478260869]
[0.8667953667953668, 0.43722943722943725, 0.867579908675799, 0.7463768115942029, 0.6064139941690962, 0.45614035087719296, 0.6119402985074627, 0.9409090909090909]
[0.8783783783783784, 0.7427536231884058, 0.680365296803653, 0.8318181818181818, 0.5870646766169154, 0.5194805194805194, 0.6228070175438597, 0.6209912536443148]
[0.861003861003861, 0.2719298245614035, 0.8363636363636363, 0.7246376811594203, 0.7014925373134329, 0.8082191780821918, 0.5072886297376094, 0.6666666666666666]
[0.8783783783783784, 0.7611940298507462, 0.6320346320346321, 0.5014577259475219, 0.8804347826086957, 0.9181818181818182, 0.7945205479452054, 0.7105263157894737]
[0.8803088803088803, 0.6413043478260869, 0.34210526315789475, 0.7863636363636364, 0.5757575757575758, 0.7442922374429224, 0.5568513119533528, 0.7661691542288557]


----------------------------------------


>>>>>>>>>>>>>>>all_current_acc_mean<<<<<<<<<<<<<<<


[0.8745173745173744, 0.6150046168353741, 0.6357648479854681, 0.7020907640244408, 0.6561948995615844, 0.7175675021925922, 0.6237930758396899, 0.7660944715107482]


----------------------------------------


>>>>>>>>>>>>>>>all_current_acc_std<<<<<<<<<<<<<<<


all_current_acc_std:  [0.007802030664724689, 0.19847616663158915, 0.18906882456307536, 0.11036789098119389, 0.10877284880333174, 0.17165349033279348, 0.0894399292360749, 0.11566209549183087]


----------------------------------------


>>>>>>>>>>>>>>>all_history_acc<<<<<<<<<<<<<<<


[0.8822393822393823, 0.8466757123473542, 0.6756756756756757, 0.6378326996197718, 0.5978494623655914, 0.5882352941176471, 0.5308775731310943, 0.5127238454288408]
[0.8667953667953668, 0.7222963951935915, 0.7148760330578512, 0.682475884244373, 0.5803402646502835, 0.48559670781893005, 0.4500525762355415, 0.4740810556079171]
[0.8783783783783784, 0.7909319899244333, 0.7334649555774926, 0.7064071370640713, 0.6464435146443515, 0.6114114114114114, 0.5424395727937044, 0.5004712535344015]
[0.861003861003861, 0.7341772151898734, 0.7241784037558685, 0.7109929078014184, 0.673438675696012, 0.6531007751937985, 0.5705975674246431, 0.5311027332704995]
[0.8783783783783784, 0.8247566063977747, 0.7631578947368421, 0.6163959783449343, 0.5940089228808159, 0.5740637227501397, 0.5702191235059761, 0.47926484448633366]
[0.8803088803088803, 0.7594458438287154, 0.6596916299559471, 0.6826241134751773, 0.637233259749816, 0.5956907477820025, 0.5393024466423738, 0.4820923656927427]


----------------------------------------


>>>>>>>>>>>>>>>all_history_acc_mean<<<<<<<<<<<<<<<


all_history_acc:  [0.8745173745173744, 0.7797139604802904, 0.7118407654599462, 0.6727881200916244, 0.6215523499978117, 0.5846831098456547, 0.5339148099555556, 0.4966226830034559]


----------------------------------------


>>>>>>>>>>>>>>>all_history_acc_std<<<<<<<<<<<<<<<


all_history_acc_std:  [0.007802030664724689, 0.04549675606872472, 0.03485668175183478, 0.03459864813690335, 0.033107287819849784, 0.05076096202005145, 0.04042982632590512, 0.020344870105974917]


----------------------------------------


