config: 
{
    "batch_size": 8,
    "gradient_accumulation_steps": 4,
    "total_round": 6,
    "drop_out": 0.5,
    "num_workers": 2,
    "step1_epochs": 10,
    "step2_epochs": 10,
    "step3_epochs": 10,
    "num_protos": 1,
    "device": "cuda",
    "seed": 100,
    "max_grad_norm": 10,
    "task_length": 8,
    "kl_temp": 2,
    "temp": 0.1,
    "bert_path": "./bert-base-uncased",
    "max_length": 256,
    "vocab_size": 30522,
    "marker_size": 4,
    "pattern": "prompt",
    "template": "[E1] [MASK] [E2]",
    "encoder_output_size": 768,
    "drop_p": 0.1,
    "f_pass": 10,
    "kappa_neg": 0.03,
    "kappa_pos": 0.05,
    "T_mult": 1,
    "rewarm_epoch_num": 2,
    "decay_rate": 0.9,
    "decay_steps": 800,
    "num_of_relation": 41,
    "rel_index": "data/tacred/rel_index.npy",
    "relation_file": "data/tacred/relation_name.txt",
    "rel_cluster_label": "data/tacred/CFRLdata_10_100_10_5/rel_cluster_label_0.npy",
    "training_file": "data/tacred/CFRLdata_10_100_10_5/train_0.txt",
    "valid_file": "data/tacred/CFRLdata_10_100_10_5/valid_0.txt",
    "test_file": "data/tacred/CFRLdata_10_100_10_5/test_0.txt"
}
----------------------------------------
set seed: 100
Shuffle index: [7 0 6 2 5 1 4 3]
round: 0, current_acc: [0.8745173745173745, 0.8721461187214612, 0.8333333333333334, 0.8756218905472637, 0.6180758017492711, 0.8681818181818182, 0.7272727272727273, 0.8043478260869565], history_acc: [0.8745173745173745, 0.819538670284939, 0.7097532314923619, 0.6397338403041825, 0.5498207885304659, 0.5659442724458205, 0.5633802816901409, 0.5461828463713477]
set seed: 200
Shuffle index: [7 6 5 2 1 0 3 4]
round: 1, current_acc: [0.8648648648648649, 0.7056277056277056, 0.8949771689497716, 0.7137681159420289, 0.5685131195335277, 0.8508771929824561, 0.6517412935323383, 0.8363636363636363], history_acc: [0.8648648648648649, 0.8064085447263017, 0.6735537190082644, 0.6237942122186495, 0.577189666036547, 0.544973544973545, 0.5042060988433228, 0.5009425070688031]
set seed: 300
Shuffle index: [7 3 2 5 0 6 4 1]
round: 2, current_acc: [0.8725868725868726, 0.9492753623188406, 0.817351598173516, 0.8227272727272728, 0.7910447761194029, 0.5800865800865801, 0.7719298245614035, 0.5131195335276968], history_acc: [0.8725868725868726, 0.7896725440806045, 0.7127344521224087, 0.6885644768856448, 0.6736401673640168, 0.6168168168168168, 0.5311973018549747, 0.45758718190386427]
set seed: 400
Shuffle index: [7 3 1 6 0 5 2 4]
round: 3, current_acc: [0.8822393822393823, 0.9122807017543859, 0.9363636363636364, 0.9311594202898551, 0.7164179104477612, 0.8082191780821918, 0.6326530612244898, 0.6017316017316018], history_acc: [0.8822393822393823, 0.6376582278481012, 0.6948356807511737, 0.7473404255319149, 0.7027840481565086, 0.6479328165374677, 0.585404547858276, 0.5716305372290292]
set seed: 500
Shuffle index: [7 0 2 1 5 4 3 6]
round: 4, current_acc: [0.8706563706563707, 0.8656716417910447, 0.8441558441558441, 0.641399416909621, 0.9347826086956522, 0.8272727272727273, 0.7214611872146118, 0.8421052631578947], history_acc: [0.8706563706563707, 0.8303198887343533, 0.76, 0.6651198762567672, 0.5984703632887189, 0.591950810508664, 0.5876494023904383, 0.5117813383600377]
set seed: 600
Shuffle index: [7 1 3 6 4 0 2 5]
round: 5, current_acc: [0.8687258687258688, 0.8804347826086957, 0.4473684210526316, 0.8863636363636364, 0.7835497835497836, 0.3881278538812785, 0.6034985422740525, 0.7661691542288557], history_acc: [0.8687258687258688, 0.8375314861460957, 0.7136563876651982, 0.6347517730496454, 0.6306107431935246, 0.5494296577946768, 0.510671525247267, 0.4637134778510839]
>>>>>>>>>>>>>>>current_acc<<<<<<<<<<<<<<<


[0.8687258687258688, 0.8804347826086957, 0.4473684210526316, 0.8863636363636364, 0.7835497835497836, 0.3881278538812785, 0.6034985422740525, 0.7661691542288557]


----------------------------------------


>>>>>>>>>>>>>>>history_acc<<<<<<<<<<<<<<<


[0.8687258687258688, 0.8375314861460957, 0.7136563876651982, 0.6347517730496454, 0.6306107431935246, 0.5494296577946768, 0.510671525247267, 0.4637134778510839]


----------------------------------------


>>>>>>>>>>>>>>>all_current_acc<<<<<<<<<<<<<<<


[0.8745173745173745, 0.8721461187214612, 0.8333333333333334, 0.8756218905472637, 0.6180758017492711, 0.8681818181818182, 0.7272727272727273, 0.8043478260869565]
[0.8648648648648649, 0.7056277056277056, 0.8949771689497716, 0.7137681159420289, 0.5685131195335277, 0.8508771929824561, 0.6517412935323383, 0.8363636363636363]
[0.8725868725868726, 0.9492753623188406, 0.817351598173516, 0.8227272727272728, 0.7910447761194029, 0.5800865800865801, 0.7719298245614035, 0.5131195335276968]
[0.8822393822393823, 0.9122807017543859, 0.9363636363636364, 0.9311594202898551, 0.7164179104477612, 0.8082191780821918, 0.6326530612244898, 0.6017316017316018]
[0.8706563706563707, 0.8656716417910447, 0.8441558441558441, 0.641399416909621, 0.9347826086956522, 0.8272727272727273, 0.7214611872146118, 0.8421052631578947]
[0.8687258687258688, 0.8804347826086957, 0.4473684210526316, 0.8863636363636364, 0.7835497835497836, 0.3881278538812785, 0.6034985422740525, 0.7661691542288557]


----------------------------------------


>>>>>>>>>>>>>>>all_current_acc_mean<<<<<<<<<<<<<<<


[0.8722651222651222, 0.8642393854703556, 0.7955916670047888, 0.8118399587966129, 0.7353973333492331, 0.720460891747842, 0.684759439346604, 0.7273061691827737]


----------------------------------------


>>>>>>>>>>>>>>>all_current_acc_std<<<<<<<<<<<<<<<


all_current_acc_std:  [0.005393518215649993, 0.07640201686771371, 0.16083638770479516, 0.10218092247842064, 0.12051603314059023, 0.17705477692640703, 0.05938810205252319, 0.12527502977744406]


----------------------------------------


>>>>>>>>>>>>>>>all_history_acc<<<<<<<<<<<<<<<


[0.8745173745173745, 0.819538670284939, 0.7097532314923619, 0.6397338403041825, 0.5498207885304659, 0.5659442724458205, 0.5633802816901409, 0.5461828463713477]
[0.8648648648648649, 0.8064085447263017, 0.6735537190082644, 0.6237942122186495, 0.577189666036547, 0.544973544973545, 0.5042060988433228, 0.5009425070688031]
[0.8725868725868726, 0.7896725440806045, 0.7127344521224087, 0.6885644768856448, 0.6736401673640168, 0.6168168168168168, 0.5311973018549747, 0.45758718190386427]
[0.8822393822393823, 0.6376582278481012, 0.6948356807511737, 0.7473404255319149, 0.7027840481565086, 0.6479328165374677, 0.585404547858276, 0.5716305372290292]
[0.8706563706563707, 0.8303198887343533, 0.76, 0.6651198762567672, 0.5984703632887189, 0.591950810508664, 0.5876494023904383, 0.5117813383600377]
[0.8687258687258688, 0.8375314861460957, 0.7136563876651982, 0.6347517730496454, 0.6306107431935246, 0.5494296577946768, 0.510671525247267, 0.4637134778510839]


----------------------------------------


>>>>>>>>>>>>>>>all_history_acc_mean<<<<<<<<<<<<<<<


all_history_acc:  [0.8722651222651222, 0.7868548936367327, 0.7107555785065678, 0.6665507673744674, 0.6220859627616302, 0.5861746531794985, 0.5470848596474033, 0.5086396481306943]


----------------------------------------


>>>>>>>>>>>>>>>all_history_acc_std<<<<<<<<<<<<<<<


all_history_acc_std:  [0.005393518215649993, 0.06852673637662299, 0.02606328796409382, 0.04197631543975323, 0.05328902057764504, 0.03706609240054829, 0.03365599242066313, 0.04096985706059539]


----------------------------------------


