config: 
{
    "batch_size": 8,
    "gradient_accumulation_steps": 4,
    "total_round": 6,
    "drop_out": 0.5,
    "num_workers": 2,
    "step1_epochs": 10,
    "step2_epochs": 10,
    "step3_epochs": 10,
    "num_protos": 1,
    "device": "cuda",
    "seed": 100,
    "max_grad_norm": 10,
    "task_length": 8,
    "kl_temp": 2,
    "temp": 0.1,
    "bert_path": "./bert-base-uncased",
    "max_length": 256,
    "vocab_size": 30522,
    "marker_size": 4,
    "pattern": "prompt",
    "template": "[E1] [MASK] [E2]",
    "encoder_output_size": 768,
    "drop_p": 0.1,
    "f_pass": 10,
    "kappa_neg": 0.03,
    "kappa_pos": 0.05,
    "T_mult": 1,
    "rewarm_epoch_num": 2,
    "decay_rate": 0.9,
    "decay_steps": 800,
    "num_of_relation": 41,
    "rel_index": "data/tacred/rel_index.npy",
    "relation_file": "data/tacred/relation_name.txt",
    "rel_cluster_label": "data/tacred/CFRLdata_10_100_10_10/rel_cluster_label_0.npy",
    "training_file": "data/tacred/CFRLdata_10_100_10_10/train_0.txt",
    "valid_file": "data/tacred/CFRLdata_10_100_10_10/valid_0.txt",
    "test_file": "data/tacred/CFRLdata_10_100_10_10/test_0.txt"
}
----------------------------------------
set seed: 100
Shuffle index: [7 0 6 2 5 1 4 3]
round: 0, current_acc: [0.8687258687258688, 0.5903954802259888, 0.8813559322033898, 0.8243243243243243, 0.7573221757322176, 0.6021505376344086, 0.8523489932885906, 0.8695652173913043], history_acc: [0.8687258687258688, 0.7327981651376146, 0.6425166825548141, 0.6050354051927616, 0.5350993377483444, 0.48965902738960315, 0.5030959752321982, 0.46277097078228085]
set seed: 200
Shuffle index: [7 6 5 2 1 0 3 4]
round: 1, current_acc: [0.8783783783783784, 0.8187919463087249, 0.7203389830508474, 0.8478260869565217, 0.6694560669456067, 0.5480225988700564, 0.8423423423423423, 0.5197132616487455], history_acc: [0.8783783783783784, 0.8650674662668666, 0.7855044074436827, 0.7311203319502074, 0.6357340720221607, 0.5712523133867983, 0.561584373304395, 0.47973609802073514]
set seed: 300
Shuffle index: [7 3 2 5 0 6 4 1]
round: 2, current_acc: [0.8745173745173745, 0.5597826086956522, 0.5903954802259888, 0.5376344086021505, 0.8288288288288288, 0.8523489932885906, 0.943502824858757, 0.8535564853556485], history_acc: [0.8745173745173745, 0.7407407407407407, 0.6808712121212122, 0.5857677902621723, 0.5658317276814386, 0.55978898007034, 0.52947424322889, 0.5292177191328935]
set seed: 400
Shuffle index: [7 3 1 6 0 5 2 4]
round: 3, current_acc: [0.8783783783783784, 0.6214689265536724, 0.4014336917562724, 0.6521739130434783, 0.8738738738738738, 0.615819209039548, 0.7949790794979079, 0.8590604026845637], history_acc: [0.8783783783783784, 0.8071942446043165, 0.6611909650924025, 0.613126079447323, 0.5760869565217391, 0.5865051903114187, 0.5772934617334009, 0.5527803958529689]
set seed: 500
Shuffle index: [7 0 2 1 5 4 3 6]
round: 4, current_acc: [0.8648648648648649, 0.7702702702702703, 0.8523489932885906, 0.702928870292887, 0.9021739130434783, 0.5627240143369175, 0.5621468926553672, 0.903954802259887], history_acc: [0.8648648648648649, 0.8094594594594594, 0.8087739032620922, 0.7579787234042553, 0.7050304878048781, 0.6109365179132621, 0.6015424164524421, 0.5744580584354383]
set seed: 600
Shuffle index: [7 1 3 6 4 0 2 5]
round: 5, current_acc: [0.8494208494208494, 0.5978260869565217, 0.8531073446327684, 0.45161290322580644, 0.8389261744966443, 0.4632768361581921, 0.9330543933054394, 0.8558558558558559], history_acc: [0.8494208494208494, 0.7692307692307693, 0.7588168373151308, 0.5906735751295337, 0.5990818668706962, 0.5394340758579169, 0.5405263157894736, 0.5023562676720076]
>>>>>>>>>>>>>>>current_acc<<<<<<<<<<<<<<<


[0.8494208494208494, 0.5978260869565217, 0.8531073446327684, 0.45161290322580644, 0.8389261744966443, 0.4632768361581921, 0.9330543933054394, 0.8558558558558559]


----------------------------------------


>>>>>>>>>>>>>>>history_acc<<<<<<<<<<<<<<<


[0.8494208494208494, 0.7692307692307693, 0.7588168373151308, 0.5906735751295337, 0.5990818668706962, 0.5394340758579169, 0.5405263157894736, 0.5023562676720076]


----------------------------------------


>>>>>>>>>>>>>>>all_current_acc<<<<<<<<<<<<<<<


[0.8687258687258688, 0.5903954802259888, 0.8813559322033898, 0.8243243243243243, 0.7573221757322176, 0.6021505376344086, 0.8523489932885906, 0.8695652173913043]
[0.8783783783783784, 0.8187919463087249, 0.7203389830508474, 0.8478260869565217, 0.6694560669456067, 0.5480225988700564, 0.8423423423423423, 0.5197132616487455]
[0.8745173745173745, 0.5597826086956522, 0.5903954802259888, 0.5376344086021505, 0.8288288288288288, 0.8523489932885906, 0.943502824858757, 0.8535564853556485]
[0.8783783783783784, 0.6214689265536724, 0.4014336917562724, 0.6521739130434783, 0.8738738738738738, 0.615819209039548, 0.7949790794979079, 0.8590604026845637]
[0.8648648648648649, 0.7702702702702703, 0.8523489932885906, 0.702928870292887, 0.9021739130434783, 0.5627240143369175, 0.5621468926553672, 0.903954802259887]
[0.8494208494208494, 0.5978260869565217, 0.8531073446327684, 0.45161290322580644, 0.8389261744966443, 0.4632768361581921, 0.9330543933054394, 0.8558558558558559]


----------------------------------------


>>>>>>>>>>>>>>>all_current_acc_mean<<<<<<<<<<<<<<<


[0.8690476190476191, 0.659755886501805, 0.7164967375263096, 0.6694167510741947, 0.811763505486775, 0.6073903648879523, 0.8213957543247341, 0.8102843375326675]


----------------------------------------


>>>>>>>>>>>>>>>all_current_acc_std<<<<<<<<<<<<<<<


all_current_acc_std:  [0.01005694955475406, 0.09799031495210397, 0.1729536836808032, 0.14262522386957693, 0.07775607259656288, 0.1199941349314956, 0.12693992271354596, 0.131052327596374]


----------------------------------------


>>>>>>>>>>>>>>>all_history_acc<<<<<<<<<<<<<<<


[0.8687258687258688, 0.7327981651376146, 0.6425166825548141, 0.6050354051927616, 0.5350993377483444, 0.48965902738960315, 0.5030959752321982, 0.46277097078228085]
[0.8783783783783784, 0.8650674662668666, 0.7855044074436827, 0.7311203319502074, 0.6357340720221607, 0.5712523133867983, 0.561584373304395, 0.47973609802073514]
[0.8745173745173745, 0.7407407407407407, 0.6808712121212122, 0.5857677902621723, 0.5658317276814386, 0.55978898007034, 0.52947424322889, 0.5292177191328935]
[0.8783783783783784, 0.8071942446043165, 0.6611909650924025, 0.613126079447323, 0.5760869565217391, 0.5865051903114187, 0.5772934617334009, 0.5527803958529689]
[0.8648648648648649, 0.8094594594594594, 0.8087739032620922, 0.7579787234042553, 0.7050304878048781, 0.6109365179132621, 0.6015424164524421, 0.5744580584354383]
[0.8494208494208494, 0.7692307692307693, 0.7588168373151308, 0.5906735751295337, 0.5990818668706962, 0.5394340758579169, 0.5405263157894736, 0.5023562676720076]


----------------------------------------


>>>>>>>>>>>>>>>all_history_acc_mean<<<<<<<<<<<<<<<


all_history_acc:  [0.8690476190476191, 0.7874151409066278, 0.722945667964889, 0.6472836508977088, 0.6028107414415428, 0.5595960174882232, 0.5522527976234667, 0.5168865849827207]


----------------------------------------


>>>>>>>>>>>>>>>all_history_acc_std<<<<<<<<<<<<<<<


all_history_acc_std:  [0.01005694955475406, 0.045459200762220334, 0.06405667738477912, 0.06978842299869784, 0.055095627591009944, 0.038283032596947375, 0.0321878491364301, 0.039316420629488445]


----------------------------------------


