config: 
{
    "batch_size": 8,
    "gradient_accumulation_steps": 4,
    "total_round": 6,
    "drop_out": 0.5,
    "num_workers": 2,
    "step1_epochs": 5,
    "step2_epochs": 10,
    "step3_epochs": 10,
    "num_protos": 1,
    "device": "cuda",
    "seed": 100,
    "max_grad_norm": 10,
    "task_length": 8,
    "kl_temp": 2,
    "temp": 0.1,
    "bert_path": "./bert-base-uncased",
    "max_length": 256,
    "vocab_size": 30522,
    "marker_size": 4,
    "pattern": "prompt",
    "template": "[E1] [MASK] [E2]",
    "encoder_output_size": 768,
    "drop_p": 0.1,
    "f_pass": 10,
    "kappa_neg": 0.03,
    "kappa_pos": 0.05,
    "T_mult": 1,
    "rewarm_epoch_num": 2,
    "decay_rate": 0.9,
    "decay_steps": 800,
    "num_of_relation": 41,
    "rel_index": "data/tacred/rel_index.npy",
    "relation_file": "data/tacred/relation_name.txt",
    "rel_cluster_label": "data/tacred/CFRLdata_10_100_10_5/rel_cluster_label_0.npy",
    "training_file": "data/tacred/CFRLdata_10_100_10_5/train_0.txt",
    "valid_file": "data/tacred/CFRLdata_10_100_10_5/valid_0.txt",
    "test_file": "data/tacred/CFRLdata_10_100_10_5/test_0.txt"
}
----------------------------------------
set seed: 100
Shuffle index: [7 0 6 2 5 1 4 3]
round: 0, current_acc: [0.8667953667953668, 0.8082191780821918, 0.23684210526315788, 0.5572139303482587, 0.5189504373177842, 0.8363636363636363, 0.6103896103896104, 0.7572463768115942], history_acc: [0.8667953667953668, 0.8331071913161465, 0.7532314923619271, 0.6454372623574145, 0.5670250896057347, 0.5820433436532507, 0.5482123510292525, 0.5183788878416589]
set seed: 200
Shuffle index: [7 6 5 2 1 0 3 4]
round: 1, current_acc: [0.8745173745173745, 0.6536796536796536, 0.6118721461187214, 0.7028985507246377, 0.5014577259475219, 0.37719298245614036, 0.582089552238806, 0.8409090909090909], history_acc: [0.8745173745173745, 0.8090787716955942, 0.6818181818181818, 0.617363344051447, 0.5620667926906112, 0.51440329218107, 0.4800210304942166, 0.4934024505183789]
set seed: 300
Shuffle index: [7 3 2 5 0 6 4 1]
round: 2, current_acc: [0.8725868725868726, 0.6304347826086957, 0.5753424657534246, 0.7863636363636364, 0.4925373134328358, 0.5021645021645021, 0.9035087719298246, 0.6034985422740525], history_acc: [0.8725868725868726, 0.7846347607052897, 0.7137216189536032, 0.7193836171938361, 0.6771269177126917, 0.6228228228228229, 0.5705452501405284, 0.5202639019792649]
set seed: 400
Shuffle index: [7 3 1 6 0 5 2 4]
round: 3, current_acc: [0.8552123552123552, 0.2894736842105263, 0.7681818181818182, 0.7246376811594203, 0.6318407960199005, 0.7077625570776256, 0.6122448979591837, 0.5281385281385281], history_acc: [0.8552123552123552, 0.7199367088607594, 0.6807511737089202, 0.6888297872340425, 0.6553799849510911, 0.6253229974160207, 0.558434690639873, 0.5146088595664468]
set seed: 500
Shuffle index: [7 0 2 1 5 4 3 6]
round: 4, current_acc: [0.8725868725868726, 0.5522388059701493, 0.46320346320346323, 0.4402332361516035, 0.6811594202898551, 0.8, 0.6940639269406392, 0.7017543859649122], history_acc: [0.8725868725868726, 0.7885952712100139, 0.6947368421052632, 0.6102088167053364, 0.5831739961759083, 0.5807713806595863, 0.576195219123506, 0.5188501413760603]
set seed: 600
Shuffle index: [7 1 3 6 4 0 2 5]
round: 5, current_acc: [0.8725868725868726, 0.8405797101449275, 0.2982456140350877, 0.7454545454545455, 0.5930735930735931, 0.5799086757990868, 0.6355685131195336, 0.6019900497512438], history_acc: [0.8725868725868726, 0.8387909319899244, 0.6905286343612335, 0.6595744680851063, 0.6217807211184695, 0.5994930291508238, 0.5549193128578865, 0.49811498586239394]
>>>>>>>>>>>>>>>current_acc<<<<<<<<<<<<<<<
[0.8725868725868726, 0.8405797101449275, 0.2982456140350877, 0.7454545454545455, 0.5930735930735931, 0.5799086757990868, 0.6355685131195336, 0.6019900497512438]
----------------------------------------
>>>>>>>>>>>>>>>history_acc<<<<<<<<<<<<<<<
[0.8725868725868726, 0.8387909319899244, 0.6905286343612335, 0.6595744680851063, 0.6217807211184695, 0.5994930291508238, 0.5549193128578865, 0.49811498586239394]
----------------------------------------
>>>>>>>>>>>>>>>all_current_acc<<<<<<<<<<<<<<<
[[0.8667953667953668, 0.8082191780821918, 0.23684210526315788, 0.5572139303482587, 0.5189504373177842, 0.8363636363636363, 0.6103896103896104, 0.7572463768115942], [0.8745173745173745, 0.6536796536796536, 0.6118721461187214, 0.7028985507246377, 0.5014577259475219, 0.37719298245614036, 0.582089552238806, 0.8409090909090909], [0.8725868725868726, 0.6304347826086957, 0.5753424657534246, 0.7863636363636364, 0.4925373134328358, 0.5021645021645021, 0.9035087719298246, 0.6034985422740525], [0.8552123552123552, 0.2894736842105263, 0.7681818181818182, 0.7246376811594203, 0.6318407960199005, 0.7077625570776256, 0.6122448979591837, 0.5281385281385281], [0.8725868725868726, 0.5522388059701493, 0.46320346320346323, 0.4402332361516035, 0.6811594202898551, 0.8, 0.6940639269406392, 0.7017543859649122], [0.8725868725868726, 0.8405797101449275, 0.2982456140350877, 0.7454545454545455, 0.5930735930735931, 0.5799086757990868, 0.6355685131195336, 0.6019900497512438]]
----------------------------------------
>>>>>>>>>>>>>>>all_current_acc_mean<<<<<<<<<<<<<<<
all_current_acc:  [0.869047619047619, 0.6291043024493574, 0.4922812687592788, 0.6594669300336837, 0.5698365476802484, 0.6338987256434985, 0.6729775454295995, 0.672256162308237]
----------------------------------------
>>>>>>>>>>>>>>>all_current_acc_std<<<<<<<<<<<<<<<
all_current_acc_std:  [0.006633052808265244, 0.18196472469172237, 0.18306045171524896, 0.12120868027162979, 0.07073129924986718, 0.16340349277840135, 0.10867002727131356, 0.10565046257288072]
----------------------------------------
>>>>>>>>>>>>>>>all_history_acc<<<<<<<<<<<<<<<
all_history_acc:  [[0.8667953667953668, 0.8331071913161465, 0.7532314923619271, 0.6454372623574145, 0.5670250896057347, 0.5820433436532507, 0.5482123510292525, 0.5183788878416589], [0.8745173745173745, 0.8090787716955942, 0.6818181818181818, 0.617363344051447, 0.5620667926906112, 0.51440329218107, 0.4800210304942166, 0.4934024505183789], [0.8725868725868726, 0.7846347607052897, 0.7137216189536032, 0.7193836171938361, 0.6771269177126917, 0.6228228228228229, 0.5705452501405284, 0.5202639019792649], [0.8552123552123552, 0.7199367088607594, 0.6807511737089202, 0.6888297872340425, 0.6553799849510911, 0.6253229974160207, 0.558434690639873, 0.5146088595664468], [0.8725868725868726, 0.7885952712100139, 0.6947368421052632, 0.6102088167053364, 0.5831739961759083, 0.5807713806595863, 0.576195219123506, 0.5188501413760603], [0.8725868725868726, 0.8387909319899244, 0.6905286343612335, 0.6595744680851063, 0.6217807211184695, 0.5994930291508238, 0.5549193128578865, 0.49811498586239394]]
----------------------------------------
>>>>>>>>>>>>>>>all_history_acc_mean<<<<<<<<<<<<<<<
all_history_acc:  [0.869047619047619, 0.7956906059629548, 0.7024646572181882, 0.6567995492711971, 0.6110922503757511, 0.587476144313929, 0.5480546423808772, 0.510603204524034]
----------------------------------------
>>>>>>>>>>>>>>>all_history_acc_std<<<<<<<<<<<<<<<
all_history_acc_std:  [0.006633052808265244, 0.039471741707615124, 0.02517912766107337, 0.03830886338519825, 0.043895829733717445, 0.03705916078838345, 0.03183600115641045, 0.010721233680890816]
----------------------------------------
