config: 
{
    "batch_size": 8,
    "gradient_accumulation_steps": 4,
    "total_round": 6,
    "drop_out": 0.5,
    "num_workers": 2,
    "step1_epochs": 5,
    "step2_epochs": 10,
    "step3_epochs": 10,
    "num_protos": 1,
    "device": "cuda",
    "seed": 100,
    "max_grad_norm": 10,
    "task_length": 8,
    "kl_temp": 2,
    "temp": 0.1,
    "bert_path": "./bert-base-uncased",
    "max_length": 256,
    "vocab_size": 30522,
    "marker_size": 4,
    "pattern": "prompt",
    "template": "[E1] [MASK] [E2]",
    "encoder_output_size": 768,
    "drop_p": 0.1,
    "f_pass": 10,
    "kappa_neg": 0.03,
    "kappa_pos": 0.05,
    "T_mult": 1,
    "rewarm_epoch_num": 2,
    "decay_rate": 0.9,
    "decay_steps": 800,
    "num_of_relation": 41,
    "rel_index": "data/tacred/rel_index.npy",
    "relation_file": "data/tacred/relation_name.txt",
    "rel_cluster_label": "data/tacred/CFRLdata_10_100_10_10/rel_cluster_label_0.npy",
    "training_file": "data/tacred/CFRLdata_10_100_10_10/train_0.txt",
    "valid_file": "data/tacred/CFRLdata_10_100_10_10/valid_0.txt",
    "test_file": "data/tacred/CFRLdata_10_100_10_10/test_0.txt"
}
----------------------------------------
set seed: 100
Shuffle index: [7 0 6 2 5 1 4 3]
round: 0, current_acc: [0.8783783783783784, 0.5423728813559322, 0.7457627118644068, 0.7927927927927928, 0.8158995815899581, 0.5734767025089605, 0.8389261744966443, 0.875], history_acc: [0.8783783783783784, 0.7201834862385321, 0.663489037178265, 0.6144767899291896, 0.5986754966887418, 0.524315259921744, 0.5330237358101135, 0.4825636192271442]
set seed: 200
Shuffle index: [7 6 5 2 1 0 3 4]
round: 1, current_acc: [0.8745173745173745, 0.8456375838926175, 0.5028248587570622, 0.6684782608695652, 0.7280334728033473, 0.6440677966101694, 0.8423423423423423, 0.5913978494623656], history_acc: [0.8745173745173745, 0.8725637181409296, 0.7208619000979432, 0.6365145228215767, 0.5907202216066482, 0.5360888340530536, 0.5268583830710798, 0.49010367577756836]
set seed: 300
Shuffle index: [7 3 2 5 0 6 4 1]
round: 2, current_acc: [0.8803088803088803, 0.6141304347826086, 0.6186440677966102, 0.4946236559139785, 0.8603603603603603, 0.8120805369127517, 0.7231638418079096, 0.9456066945606695], history_acc: [0.8803088803088803, 0.7877492877492878, 0.7178030303030303, 0.6397003745318353, 0.6152858060372511, 0.5984759671746777, 0.5639936271906533, 0.5655042412818096]
set seed: 400
Shuffle index: [7 3 1 6 0 5 2 4]
round: 3, current_acc: [0.8803088803088803, 0.632768361581921, 0.2903225806451613, 0.7554347826086957, 0.8513513513513513, 0.5706214689265536, 0.8702928870292888, 0.825503355704698], history_acc: [0.8803088803088803, 0.7899280575539568, 0.6478439425051334, 0.5984455958549223, 0.5920289855072464, 0.5657439446366782, 0.5423213380638622, 0.5739868049010367]
set seed: 500
Shuffle index: [7 0 2 1 5 4 3 6]
round: 4, current_acc: [0.8822393822393823, 0.7522522522522522, 0.8523489932885906, 0.6820083682008368, 0.8695652173913043, 0.5806451612903226, 0.5819209039548022, 0.8135593220338984], history_acc: [0.8822393822393823, 0.8337837837837838, 0.8503937007874016, 0.7686170212765957, 0.7355182926829268, 0.6203645505971087, 0.6231362467866324, 0.5805843543826579]
set seed: 600
Shuffle index: [7 1 3 6 4 0 2 5]
round: 5, current_acc: [0.8803088803088803, 0.6032608695652174, 0.8531073446327684, 0.5089605734767025, 0.8590604026845637, 0.655367231638418, 0.8117154811715481, 0.8468468468468469], history_acc: [0.8803088803088803, 0.7877492877492878, 0.7849829351535836, 0.6450777202072538, 0.6557000765110941, 0.6219145093317279, 0.5905263157894737, 0.5438265786993403]
>>>>>>>>>>>>>>>current_acc<<<<<<<<<<<<<<<
[0.8803088803088803, 0.6032608695652174, 0.8531073446327684, 0.5089605734767025, 0.8590604026845637, 0.655367231638418, 0.8117154811715481, 0.8468468468468469]
----------------------------------------
>>>>>>>>>>>>>>>history_acc<<<<<<<<<<<<<<<
[0.8803088803088803, 0.7877492877492878, 0.7849829351535836, 0.6450777202072538, 0.6557000765110941, 0.6219145093317279, 0.5905263157894737, 0.5438265786993403]
----------------------------------------
>>>>>>>>>>>>>>>all_current_acc<<<<<<<<<<<<<<<
[[0.8783783783783784, 0.5423728813559322, 0.7457627118644068, 0.7927927927927928, 0.8158995815899581, 0.5734767025089605, 0.8389261744966443, 0.875], [0.8745173745173745, 0.8456375838926175, 0.5028248587570622, 0.6684782608695652, 0.7280334728033473, 0.6440677966101694, 0.8423423423423423, 0.5913978494623656], [0.8803088803088803, 0.6141304347826086, 0.6186440677966102, 0.4946236559139785, 0.8603603603603603, 0.8120805369127517, 0.7231638418079096, 0.9456066945606695], [0.8803088803088803, 0.632768361581921, 0.2903225806451613, 0.7554347826086957, 0.8513513513513513, 0.5706214689265536, 0.8702928870292888, 0.825503355704698], [0.8822393822393823, 0.7522522522522522, 0.8523489932885906, 0.6820083682008368, 0.8695652173913043, 0.5806451612903226, 0.5819209039548022, 0.8135593220338984], [0.8803088803088803, 0.6032608695652174, 0.8531073446327684, 0.5089605734767025, 0.8590604026845637, 0.655367231638418, 0.8117154811715481, 0.8468468468468469]]
----------------------------------------
>>>>>>>>>>>>>>>all_current_acc_mean<<<<<<<<<<<<<<<
all_current_acc:  [0.8793436293436293, 0.6650703972384248, 0.6438350928307667, 0.6503830723104286, 0.8307117310301475, 0.639376482981196, 0.7780602718004226, 0.8163190114347464]
----------------------------------------
>>>>>>>>>>>>>>>all_current_acc_std<<<<<<<<<<<<<<<
all_current_acc_std:  [0.0024291616587100175, 0.1022403900433806, 0.20130893824660512, 0.1132146224994374, 0.0489566138171992, 0.08428503611958382, 0.09913008354241334, 0.10937108799120307]
----------------------------------------
>>>>>>>>>>>>>>>all_history_acc<<<<<<<<<<<<<<<
all_history_acc:  [[0.8783783783783784, 0.7201834862385321, 0.663489037178265, 0.6144767899291896, 0.5986754966887418, 0.524315259921744, 0.5330237358101135, 0.4825636192271442], [0.8745173745173745, 0.8725637181409296, 0.7208619000979432, 0.6365145228215767, 0.5907202216066482, 0.5360888340530536, 0.5268583830710798, 0.49010367577756836], [0.8803088803088803, 0.7877492877492878, 0.7178030303030303, 0.6397003745318353, 0.6152858060372511, 0.5984759671746777, 0.5639936271906533, 0.5655042412818096], [0.8803088803088803, 0.7899280575539568, 0.6478439425051334, 0.5984455958549223, 0.5920289855072464, 0.5657439446366782, 0.5423213380638622, 0.5739868049010367], [0.8822393822393823, 0.8337837837837838, 0.8503937007874016, 0.7686170212765957, 0.7355182926829268, 0.6203645505971087, 0.6231362467866324, 0.5805843543826579], [0.8803088803088803, 0.7877492877492878, 0.7849829351535836, 0.6450777202072538, 0.6557000765110941, 0.6219145093317279, 0.5905263157894737, 0.5438265786993403]]
----------------------------------------
>>>>>>>>>>>>>>>all_history_acc_mean<<<<<<<<<<<<<<<
all_history_acc:  [0.8793436293436293, 0.7986596035359629, 0.7308957576708929, 0.6504720041035623, 0.6313214798389848, 0.577817177619165, 0.5633099411186359, 0.5394282123782596]
----------------------------------------
>>>>>>>>>>>>>>>all_history_acc_std<<<<<<<<<<<<<<<
all_history_acc_std:  [0.0024291616587100175, 0.046847869137011645, 0.06942447809759729, 0.0552276882062656, 0.05158578149309005, 0.038581325374921704, 0.03417327684274223, 0.03927238452277789]
----------------------------------------
