config: 
{
    "batch_size": 8,
    "gradient_accumulation_steps": 4,
    "total_round": 6,
    "drop_out": 0.5,
    "num_workers": 2,
    "step1_epochs": 10,
    "step2_epochs": 10,
    "step3_epochs": 10,
    "num_protos": 1,
    "device": "cuda",
    "seed": 100,
    "max_grad_norm": 10,
    "task_length": 8,
    "kl_temp": 2,
    "temp": 0.1,
    "bert_path": "./bert-base-uncased",
    "max_length": 256,
    "vocab_size": 30522,
    "marker_size": 4,
    "pattern": "prompt",
    "template": "[E1] [MASK] [E2]",
    "encoder_output_size": 768,
    "drop_p": 0.1,
    "f_pass": 10,
    "kappa_neg": 0.03,
    "kappa_pos": 0.05,
    "T_mult": 1,
    "rewarm_epoch_num": 2,
    "decay_rate": 0.9,
    "decay_steps": 800,
    "num_of_relation": 41,
    "rel_index": "data/tacred/rel_index.npy",
    "relation_file": "data/tacred/relation_name.txt",
    "rel_cluster_label": "data/tacred/CFRLdata_10_100_10_5/rel_cluster_label_0.npy",
    "training_file": "data/tacred/CFRLdata_10_100_10_5/train_0.txt",
    "valid_file": "data/tacred/CFRLdata_10_100_10_5/valid_0.txt",
    "test_file": "data/tacred/CFRLdata_10_100_10_5/test_0.txt"
}
----------------------------------------
set seed: 100
Shuffle index: [7 0 6 2 5 1 4 3]
round: 0, current_acc: [0.8648648648648649, 0.8264840182648402, 0.3508771929824561, 0.6268656716417911, 0.5306122448979592, 0.8, 0.6493506493506493, 0.8188405797101449], history_acc: [0.8648648648648649, 0.841248303934871, 0.7297297297297297, 0.5731939163498099, 0.5419354838709678, 0.5814241486068111, 0.5693391115926327, 0.553722902921772]
set seed: 200
Shuffle index: [7 6 5 2 1 0 3 4]
round: 1, current_acc: [0.8841698841698842, 0.7532467532467533, 0.5296803652968036, 0.7463768115942029, 0.5451895043731778, 0.35964912280701755, 0.6467661691542289, 0.8772727272727273], history_acc: [0.8841698841698842, 0.7890520694259012, 0.6797520661157025, 0.6583601286173634, 0.6137366099558916, 0.5520282186948854, 0.4931650893796004, 0.5056550424128181]
set seed: 300
Shuffle index: [7 3 2 5 0 6 4 1]
round: 2, current_acc: [0.8764478764478765, 0.75, 0.726027397260274, 0.7909090909090909, 0.5223880597014925, 0.696969696969697, 0.6228070175438597, 0.6180758017492711], history_acc: [0.8764478764478765, 0.8035264483627204, 0.7581441263573544, 0.732360097323601, 0.6875871687587168, 0.6624624624624624, 0.5784148397976391, 0.5490103675777568]
set seed: 400
Shuffle index: [7 3 1 6 0 5 2 4]
round: 3, current_acc: [0.8725868725868726, 0.24561403508771928, 0.7909090909090909, 0.6594202898550725, 0.6965174129353234, 0.6255707762557078, 0.5014577259475219, 0.5584415584415584], history_acc: [0.8725868725868726, 0.75, 0.7347417840375586, 0.6852836879432624, 0.6681715575620768, 0.6350129198966409, 0.5727128503437334, 0.5447690857681433]
set seed: 500
Shuffle index: [7 0 2 1 5 4 3 6]
round: 4, current_acc: [0.8764478764478765, 0.6965174129353234, 0.5238095238095238, 0.5189504373177842, 0.8188405797101449, 0.8090909090909091, 0.7351598173515982, 0.41228070175438597], history_acc: [0.8764478764478765, 0.8094575799721836, 0.6989473684210527, 0.6310904872389791, 0.5844486934353091, 0.591950810508664, 0.5632470119521913, 0.49858623939679547]
set seed: 600
Shuffle index: [7 1 3 6 4 0 2 5]
round: 5, current_acc: [0.8687258687258688, 0.7282608695652174, 0.3157894736842105, 0.8727272727272727, 0.7186147186147186, 0.7168949771689498, 0.6005830903790087, 0.582089552238806], history_acc: [0.8687258687258688, 0.7720403022670025, 0.6960352422907489, 0.6773049645390071, 0.6497424576894776, 0.6248415716096325, 0.5658511192087454, 0.5141376060320453]
>>>>>>>>>>>>>>>current_acc<<<<<<<<<<<<<<<


[0.8687258687258688, 0.7282608695652174, 0.3157894736842105, 0.8727272727272727, 0.7186147186147186, 0.7168949771689498, 0.6005830903790087, 0.582089552238806]


----------------------------------------


>>>>>>>>>>>>>>>history_acc<<<<<<<<<<<<<<<


[0.8687258687258688, 0.7720403022670025, 0.6960352422907489, 0.6773049645390071, 0.6497424576894776, 0.6248415716096325, 0.5658511192087454, 0.5141376060320453]


----------------------------------------


>>>>>>>>>>>>>>>all_current_acc<<<<<<<<<<<<<<<


[0.8648648648648649, 0.8264840182648402, 0.3508771929824561, 0.6268656716417911, 0.5306122448979592, 0.8, 0.6493506493506493, 0.8188405797101449]
[0.8841698841698842, 0.7532467532467533, 0.5296803652968036, 0.7463768115942029, 0.5451895043731778, 0.35964912280701755, 0.6467661691542289, 0.8772727272727273]
[0.8764478764478765, 0.75, 0.726027397260274, 0.7909090909090909, 0.5223880597014925, 0.696969696969697, 0.6228070175438597, 0.6180758017492711]
[0.8725868725868726, 0.24561403508771928, 0.7909090909090909, 0.6594202898550725, 0.6965174129353234, 0.6255707762557078, 0.5014577259475219, 0.5584415584415584]
[0.8764478764478765, 0.6965174129353234, 0.5238095238095238, 0.5189504373177842, 0.8188405797101449, 0.8090909090909091, 0.7351598173515982, 0.41228070175438597]
[0.8687258687258688, 0.7282608695652174, 0.3157894736842105, 0.8727272727272727, 0.7186147186147186, 0.7168949771689498, 0.6005830903790087, 0.582089552238806]


----------------------------------------


>>>>>>>>>>>>>>>all_current_acc_mean<<<<<<<<<<<<<<<


[0.8738738738738738, 0.6666871815166422, 0.5395155073237264, 0.7025415956742024, 0.6386937533721361, 0.6680292470487136, 0.6260207449544778, 0.6445001535278156]


----------------------------------------


>>>>>>>>>>>>>>>all_current_acc_std<<<<<<<<<<<<<<<


all_current_acc_std:  [0.006172241342744801, 0.1923332050662859, 0.17510310232261178, 0.1154595968028143, 0.11264656139548787, 0.15135009311959097, 0.0695932733894638, 0.15837873404154315]


----------------------------------------


>>>>>>>>>>>>>>>all_history_acc<<<<<<<<<<<<<<<


[0.8648648648648649, 0.841248303934871, 0.7297297297297297, 0.5731939163498099, 0.5419354838709678, 0.5814241486068111, 0.5693391115926327, 0.553722902921772]
[0.8841698841698842, 0.7890520694259012, 0.6797520661157025, 0.6583601286173634, 0.6137366099558916, 0.5520282186948854, 0.4931650893796004, 0.5056550424128181]
[0.8764478764478765, 0.8035264483627204, 0.7581441263573544, 0.732360097323601, 0.6875871687587168, 0.6624624624624624, 0.5784148397976391, 0.5490103675777568]
[0.8725868725868726, 0.75, 0.7347417840375586, 0.6852836879432624, 0.6681715575620768, 0.6350129198966409, 0.5727128503437334, 0.5447690857681433]
[0.8764478764478765, 0.8094575799721836, 0.6989473684210527, 0.6310904872389791, 0.5844486934353091, 0.591950810508664, 0.5632470119521913, 0.49858623939679547]
[0.8687258687258688, 0.7720403022670025, 0.6960352422907489, 0.6773049645390071, 0.6497424576894776, 0.6248415716096325, 0.5658511192087454, 0.5141376060320453]


----------------------------------------


>>>>>>>>>>>>>>>all_history_acc_mean<<<<<<<<<<<<<<<


all_history_acc:  [0.8738738738738738, 0.7942207839937798, 0.7162250528253579, 0.6595988803353371, 0.6242703285454066, 0.6079533552965161, 0.5571216703790903, 0.5276468740182219]


----------------------------------------


>>>>>>>>>>>>>>>all_history_acc_std<<<<<<<<<<<<<<<


all_history_acc_std:  [0.006172241342744801, 0.028880530032605132, 0.026829337009382642, 0.049240041702853184, 0.05010142716635428, 0.036688271972114175, 0.029011254039838612, 0.02213665790470276]


----------------------------------------


