True
config: 
{
    "batch_size": 8,
    "gradient_accumulation_steps": 4,
    "total_round": 6,
    "drop_out": 0.5,
    "num_workers": 2,
    "step1_epochs": 10,
    "step2_epochs": 10,
    "step3_epochs": 10,
    "num_protos": 1,
    "device": "cuda",
    "seed": 100,
    "max_grad_norm": 10,
    "task_length": 8,
    "kl_temp": 2,
    "temp": 0.1,
    "bert_path": "./bert-base-uncased",
    "max_length": 256,
    "vocab_size": 30522,
    "marker_size": 4,
    "pattern": "soft_prompt",
    "template": "[E1] [MASK] [E2]",
    "encoder_output_size": 768,
    "drop_p": 0.1,
    "f_pass": 10,
    "kappa_neg": 0.03,
    "kappa_pos": 0.05,
    "T_mult": 1,
    "rewarm_epoch_num": 2,
    "decay_rate": 0.9,
    "decay_steps": 800,
    "num_of_relation": 41,
    "rel_index": "data/tacred/rel_index.npy",
    "relation_file": "data/tacred/relation_name.txt",
    "rel_cluster_label": "data/tacred/CFRLdata_10_100_10_5/rel_cluster_label_0.npy",
    "training_file": "data/tacred/CFRLdata_10_100_10_5/train_0.txt",
    "valid_file": "data/tacred/CFRLdata_10_100_10_5/valid_0.txt",
    "test_file": "data/tacred/CFRLdata_10_100_10_5/test_0.txt",
    "retain_prev": true,
    "use_marker": true
}
----------------------------------------
set seed: 100
Shuffle index: [7 0 6 2 5 1 4 3]
round: 0, current_acc: [0.888030888030888, 0.5799086757990868, 0.3508771929824561, 0.7761194029850746, 0.48104956268221577, 0.7818181818181819, 0.670995670995671, 0.8007246376811594], history_acc: [0.888030888030888, 0.7842605156037992, 0.6592244418331374, 0.6169201520912547, 0.5096774193548387, 0.525077399380805, 0.514626218851571, 0.4754948162111216]
set seed: 200
Shuffle index: [7 6 5 2 1 0 3 4]
round: 1, current_acc: [0.8725868725868726, 0.6147186147186147, 0.6757990867579908, 0.8152173913043478, 0.5510204081632653, 0.8157894736842105, 0.736318407960199, 0.9045454545454545], history_acc: [0.8725868725868726, 0.7516688918558078, 0.6508264462809917, 0.6189710610932476, 0.5419029615626969, 0.4556143445032334, 0.42534174553102, 0.42177191328934965]
set seed: 300
Shuffle index: [7 3 2 5 0 6 4 1]
round: 2, current_acc: [0.8745173745173745, 0.7355072463768116, 0.54337899543379, 0.7181818181818181, 0.6517412935323383, 0.7012987012987013, 0.6228070175438597, 0.6443148688046647], history_acc: [0.8745173745173745, 0.7758186397984886, 0.6870681145113524, 0.6463909164639091, 0.5920502092050209, 0.548948948948949, 0.47554806070826305, 0.4354382657869934]
set seed: 400
Shuffle index: [7 3 1 6 0 5 2 4]
round: 3, current_acc: [0.8648648648648649, 0.21929824561403508, 0.6954545454545454, 0.6992753623188406, 0.5522388059701493, 0.6255707762557078, 0.48104956268221577, 0.6363636363636364], history_acc: [0.8648648648648649, 0.7056962025316456, 0.7018779342723005, 0.6542553191489362, 0.5718585402558315, 0.5555555555555556, 0.4711792702273929, 0.44533459000942505]
set seed: 500
Shuffle index: [7 0 2 1 5 4 3 6]
round: 4, current_acc: [0.8822393822393823, 0.6965174129353234, 0.6103896103896104, 0.5451895043731778, 0.6884057971014492, 0.8227272727272728, 0.6529680365296804, 0.5], history_acc: [0.8822393822393823, 0.8052851182197497, 0.7526315789473684, 0.6705336426914154, 0.5997450605481198, 0.5757406372275014, 0.5413346613545816, 0.47266729500471255]
set seed: 600
Shuffle index: [7 1 3 6 4 0 2 5]
round: 5, current_acc: [0.8687258687258688, 0.7282608695652174, 0.3333333333333333, 0.5772727272727273, 0.4805194805194805, 0.4977168949771689, 0.5918367346938775, 0.5920398009950248], history_acc: [0.8687258687258688, 0.7317380352644837, 0.5903083700440529, 0.4920212765957447, 0.43782192788815305, 0.4505703422053232, 0.4211348256116606, 0.3590951932139491]
>>>>>>>>>>>>>>>current_acc<<<<<<<<<<<<<<<


[0.8687258687258688, 0.7282608695652174, 0.3333333333333333, 0.5772727272727273, 0.4805194805194805, 0.4977168949771689, 0.5918367346938775, 0.5920398009950248]


----------------------------------------


>>>>>>>>>>>>>>>history_acc<<<<<<<<<<<<<<<


[0.8687258687258688, 0.7317380352644837, 0.5903083700440529, 0.4920212765957447, 0.43782192788815305, 0.4505703422053232, 0.4211348256116606, 0.3590951932139491]


----------------------------------------


>>>>>>>>>>>>>>>all_current_acc<<<<<<<<<<<<<<<


[0.888030888030888, 0.5799086757990868, 0.3508771929824561, 0.7761194029850746, 0.48104956268221577, 0.7818181818181819, 0.670995670995671, 0.8007246376811594]
[0.8725868725868726, 0.6147186147186147, 0.6757990867579908, 0.8152173913043478, 0.5510204081632653, 0.8157894736842105, 0.736318407960199, 0.9045454545454545]
[0.8745173745173745, 0.7355072463768116, 0.54337899543379, 0.7181818181818181, 0.6517412935323383, 0.7012987012987013, 0.6228070175438597, 0.6443148688046647]
[0.8648648648648649, 0.21929824561403508, 0.6954545454545454, 0.6992753623188406, 0.5522388059701493, 0.6255707762557078, 0.48104956268221577, 0.6363636363636364]
[0.8822393822393823, 0.6965174129353234, 0.6103896103896104, 0.5451895043731778, 0.6884057971014492, 0.8227272727272728, 0.6529680365296804, 0.5]
[0.8687258687258688, 0.7282608695652174, 0.3333333333333333, 0.5772727272727273, 0.4805194805194805, 0.4977168949771689, 0.5918367346938775, 0.5920398009950248]


----------------------------------------


>>>>>>>>>>>>>>>all_current_acc_mean<<<<<<<<<<<<<<<


[0.8751608751608752, 0.5957018441681815, 0.5348721273919544, 0.6885427010726644, 0.5674958913281497, 0.7074868834602072, 0.6259959050675838, 0.67966473306499]


----------------------------------------


>>>>>>>>>>>>>>>all_current_acc_std<<<<<<<<<<<<<<<


all_current_acc_std:  [0.007854926393651016, 0.1777507408988706, 0.14485302856581136, 0.09801442854412117, 0.07880204849210307, 0.11639511055696773, 0.07864475988989723, 0.13435585975658934]


----------------------------------------


>>>>>>>>>>>>>>>all_history_acc<<<<<<<<<<<<<<<


[0.888030888030888, 0.7842605156037992, 0.6592244418331374, 0.6169201520912547, 0.5096774193548387, 0.525077399380805, 0.514626218851571, 0.4754948162111216]
[0.8725868725868726, 0.7516688918558078, 0.6508264462809917, 0.6189710610932476, 0.5419029615626969, 0.4556143445032334, 0.42534174553102, 0.42177191328934965]
[0.8745173745173745, 0.7758186397984886, 0.6870681145113524, 0.6463909164639091, 0.5920502092050209, 0.548948948948949, 0.47554806070826305, 0.4354382657869934]
[0.8648648648648649, 0.7056962025316456, 0.7018779342723005, 0.6542553191489362, 0.5718585402558315, 0.5555555555555556, 0.4711792702273929, 0.44533459000942505]
[0.8822393822393823, 0.8052851182197497, 0.7526315789473684, 0.6705336426914154, 0.5997450605481198, 0.5757406372275014, 0.5413346613545816, 0.47266729500471255]
[0.8687258687258688, 0.7317380352644837, 0.5903083700440529, 0.4920212765957447, 0.43782192788815305, 0.4505703422053232, 0.4211348256116606, 0.3590951932139491]


----------------------------------------


>>>>>>>>>>>>>>>all_history_acc_mean<<<<<<<<<<<<<<<


all_history_acc:  [0.8751608751608752, 0.7590779005456624, 0.6736561476482006, 0.6165153946807513, 0.5421760198024435, 0.5185845379702279, 0.47486079704741485, 0.4349670122525919]


----------------------------------------


>>>>>>>>>>>>>>>all_history_acc_std<<<<<<<<<<<<<<<


all_history_acc_std:  [0.007854926393651016, 0.03342028012873055, 0.04981597848261642, 0.05879313931443056, 0.055720569709516964, 0.048629563398206364, 0.043498478609515744, 0.03894904047301389]


----------------------------------------


