config: 
{
    "batch_size": 8,
    "gradient_accumulation_steps": 4,
    "total_round": 6,
    "drop_out": 0.5,
    "num_workers": 2,
    "step1_epochs": 10,
    "step2_epochs": 10,
    "step3_epochs": 10,
    "num_protos": 1,
    "device": "cuda",
    "seed": 100,
    "max_grad_norm": 10,
    "task_length": 8,
    "kl_temp": 2,
    "temp": 0.1,
    "bert_path": "./bert-base-uncased",
    "max_length": 256,
    "vocab_size": 30522,
    "marker_size": 4,
    "template": "[E1] [MASK] [E2]",
    "pattern": "entity_marker",
    "encoder_output_size": 768,
    "drop_p": 0.1,
    "f_pass": 10,
    "kappa_neg": 0.03,
    "kappa_pos": 0.05,
    "T_mult": 1,
    "rewarm_epoch_num": 2,
    "decay_rate": 0.9,
    "decay_steps": 800,
    "num_of_relation": 41,
    "rel_index": "data/tacred/rel_index.npy",
    "relation_file": "data/tacred/relation_name.txt",
    "rel_cluster_label": "data/tacred/CFRLdata_10_100_10_5/rel_cluster_label_0.npy",
    "training_file": "data/tacred/CFRLdata_10_100_10_5/train_0.txt",
    "valid_file": "data/tacred/CFRLdata_10_100_10_5/valid_0.txt",
    "test_file": "data/tacred/CFRLdata_10_100_10_5/test_0.txt"
}
----------------------------------------
set seed: 100
Shuffle index: [7 0 6 2 5 1 4 3]
start training simple model
start training simple model
start training simple model
start training simple model
start training simple model
start training simple model
start training simple model
start training simple model
round: 0, current_acc: [0.8783783783783784, 0.867579908675799, 0.7631578947368421, 0.8557213930348259, 0.7142857142857143, 0.7909090909090909, 0.7792207792207793, 0.9239130434782609], history_acc: [0.8783783783783784, 0.824966078697422, 0.6792009400705052, 0.6036121673003803, 0.5168458781362008, 0.5256965944272446, 0.5335861321776815, 0.49104618284637136]
set seed: 200
Shuffle index: [7 6 5 2 1 0 3 4]
start training simple model
start training simple model
start training simple model
start training simple model
start training simple model
start training simple model
start training simple model
start training simple model
round: 1, current_acc: [0.8803088803088803, 0.36363636363636365, 0.8127853881278538, 0.7898550724637681, 0.6530612244897959, 0.8596491228070176, 0.8059701492537313, 0.8545454545454545], history_acc: [0.8803088803088803, 0.6688918558077437, 0.6663223140495868, 0.565112540192926, 0.5620667926906112, 0.4708994708994709, 0.4174553101997897, 0.4528746465598492]
set seed: 300
Shuffle index: [7 3 2 5 0 6 4 1]
start training simple model
start training simple model
start training simple model
start training simple model
start training simple model
start training simple model
start training simple model
start training simple model
round: 2, current_acc: [0.8803088803088803, 0.9166666666666666, 0.8767123287671232, 0.8090909090909091, 0.6616915422885572, 0.5584415584415584, 0.8508771929824561, 0.7142857142857143], history_acc: [0.8803088803088803, 0.6801007556675063, 0.6416584402764067, 0.6171938361719383, 0.5606694560669456, 0.5435435435435435, 0.5014052838673412, 0.49858623939679547]
set seed: 400
Shuffle index: [7 3 1 6 0 5 2 4]
start training simple model
start training simple model
start training simple model
start training simple model
start training simple model
start training simple model
start training simple model
start training simple model
round: 3, current_acc: [0.8841698841698842, 0.6929824561403509, 0.9090909090909091, 0.9130434782608695, 0.7860696517412935, 0.863013698630137, 0.6880466472303207, 0.7142857142857143], history_acc: [0.8841698841698842, 0.7120253164556962, 0.5997652582159625, 0.6108156028368794, 0.5620767494356659, 0.5109819121447028, 0.47223691168693815, 0.45570216776625827]
set seed: 500
Shuffle index: [7 0 2 1 5 4 3 6]
start training simple model
start training simple model
start training simple model
start training simple model
start training simple model
start training simple model
start training simple model
start training simple model
round: 4, current_acc: [0.8822393822393823, 0.9054726368159204, 0.8225108225108225, 0.5539358600583091, 0.9057971014492754, 0.8818181818181818, 0.7488584474885844, 0.8596491228070176], history_acc: [0.8822393822393823, 0.7093184979137691, 0.5768421052631579, 0.5220417633410673, 0.4678138942001275, 0.4427054220234768, 0.41284860557768926, 0.3600377002827521]
set seed: 600
Shuffle index: [7 1 3 6 4 0 2 5]
start training simple model
start training simple model
start training simple model
start training simple model
start training simple model
start training simple model
start training simple model
start training simple model
round: 5, current_acc: [0.8822393822393823, 0.927536231884058, 0.868421052631579, 0.8409090909090909, 0.7359307359307359, 0.821917808219178, 0.6034985422740525, 0.8109452736318408], history_acc: [0.8822393822393823, 0.801007556675063, 0.7081497797356828, 0.6471631205673759, 0.6063281824871228, 0.5475285171102662, 0.5262883914627798, 0.4849198868991517]
>>>>>>>>>>>>>>>current_acc<<<<<<<<<<<<<<<


[0.8822393822393823, 0.927536231884058, 0.868421052631579, 0.8409090909090909, 0.7359307359307359, 0.821917808219178, 0.6034985422740525, 0.8109452736318408]


----------------------------------------


>>>>>>>>>>>>>>>history_acc<<<<<<<<<<<<<<<


[0.8822393822393823, 0.801007556675063, 0.7081497797356828, 0.6471631205673759, 0.6063281824871228, 0.5475285171102662, 0.5262883914627798, 0.4849198868991517]


----------------------------------------


>>>>>>>>>>>>>>>all_current_acc<<<<<<<<<<<<<<<


[0.8783783783783784, 0.867579908675799, 0.7631578947368421, 0.8557213930348259, 0.7142857142857143, 0.7909090909090909, 0.7792207792207793, 0.9239130434782609]
[0.8803088803088803, 0.36363636363636365, 0.8127853881278538, 0.7898550724637681, 0.6530612244897959, 0.8596491228070176, 0.8059701492537313, 0.8545454545454545]
[0.8803088803088803, 0.9166666666666666, 0.8767123287671232, 0.8090909090909091, 0.6616915422885572, 0.5584415584415584, 0.8508771929824561, 0.7142857142857143]
[0.8841698841698842, 0.6929824561403509, 0.9090909090909091, 0.9130434782608695, 0.7860696517412935, 0.863013698630137, 0.6880466472303207, 0.7142857142857143]
[0.8822393822393823, 0.9054726368159204, 0.8225108225108225, 0.5539358600583091, 0.9057971014492754, 0.8818181818181818, 0.7488584474885844, 0.8596491228070176]
[0.8822393822393823, 0.927536231884058, 0.868421052631579, 0.8409090909090909, 0.7359307359307359, 0.821917808219178, 0.6034985422740525, 0.8109452736318408]


----------------------------------------


>>>>>>>>>>>>>>>all_current_acc_mean<<<<<<<<<<<<<<<


[0.8812741312741315, 0.7789790439698598, 0.8421130659775216, 0.7937593006362955, 0.7428059950308953, 0.7959582434708606, 0.7460786264083207, 0.8129373871723337]


----------------------------------------


>>>>>>>>>>>>>>>all_current_acc_std<<<<<<<<<<<<<<<


all_current_acc_std:  [0.001848314879838487, 0.20198300960210694, 0.04805124056345506, 0.11405897781033815, 0.08556887931961085, 0.11033166650381875, 0.08100684617371268, 0.07713309649784732]


----------------------------------------


>>>>>>>>>>>>>>>all_history_acc<<<<<<<<<<<<<<<


[0.8783783783783784, 0.824966078697422, 0.6792009400705052, 0.6036121673003803, 0.5168458781362008, 0.5256965944272446, 0.5335861321776815, 0.49104618284637136]
[0.8803088803088803, 0.6688918558077437, 0.6663223140495868, 0.565112540192926, 0.5620667926906112, 0.4708994708994709, 0.4174553101997897, 0.4528746465598492]
[0.8803088803088803, 0.6801007556675063, 0.6416584402764067, 0.6171938361719383, 0.5606694560669456, 0.5435435435435435, 0.5014052838673412, 0.49858623939679547]
[0.8841698841698842, 0.7120253164556962, 0.5997652582159625, 0.6108156028368794, 0.5620767494356659, 0.5109819121447028, 0.47223691168693815, 0.45570216776625827]
[0.8822393822393823, 0.7093184979137691, 0.5768421052631579, 0.5220417633410673, 0.4678138942001275, 0.4427054220234768, 0.41284860557768926, 0.3600377002827521]
[0.8822393822393823, 0.801007556675063, 0.7081497797356828, 0.6471631205673759, 0.6063281824871228, 0.5475285171102662, 0.5262883914627798, 0.4849198868991517]


----------------------------------------


>>>>>>>>>>>>>>>all_history_acc_mean<<<<<<<<<<<<<<<


all_history_acc:  [0.8812741312741315, 0.7327183435362, 0.6453231396018836, 0.5943231717350945, 0.5459668255027789, 0.5068925766914508, 0.47730343916203655, 0.4571944706251963]


----------------------------------------


>>>>>>>>>>>>>>>all_history_acc_std<<<<<<<<<<<<<<<


all_history_acc_std:  [0.001848314879838487, 0.05914846645980288, 0.045303531952450564, 0.04031392687636271, 0.043463221237030635, 0.038254370689929144, 0.04814917759166401, 0.04670517730234998]


----------------------------------------


