config: 
{
    "batch_size": 8,
    "gradient_accumulation_steps": 4,
    "total_round": 6,
    "drop_out": 0.5,
    "num_workers": 2,
    "step1_epochs": 10,
    "step2_epochs": 10,
    "step3_epochs": 10,
    "num_protos": 1,
    "device": "cuda",
    "seed": 100,
    "max_grad_norm": 10,
    "task_length": 8,
    "kl_temp": 2,
    "temp": 0.1,
    "bert_path": "./bert-base-uncased",
    "max_length": 256,
    "vocab_size": 30522,
    "marker_size": 4,
    "template": "[E1] [MASK] [E2]",
    "pattern": "entity_marker",
    "encoder_output_size": 768,
    "drop_p": 0.1,
    "f_pass": 10,
    "kappa_neg": 0.03,
    "kappa_pos": 0.05,
    "T_mult": 1,
    "rewarm_epoch_num": 2,
    "decay_rate": 0.9,
    "decay_steps": 800,
    "num_of_relation": 41,
    "rel_index": "data/tacred/rel_index.npy",
    "relation_file": "data/tacred/relation_name.txt",
    "rel_cluster_label": "data/tacred/CFRLdata_10_100_10_10/rel_cluster_label_0.npy",
    "training_file": "data/tacred/CFRLdata_10_100_10_10/train_0.txt",
    "valid_file": "data/tacred/CFRLdata_10_100_10_10/valid_0.txt",
    "test_file": "data/tacred/CFRLdata_10_100_10_10/test_0.txt"
}
----------------------------------------
set seed: 100
Shuffle index: [7 0 6 2 5 1 4 3]
start training simple model
epoch: 0, loss: 1.4443266820907592
epoch: 1, loss: 0.5680902435382207
epoch: 2, loss: 0.35810414801041285
epoch: 3, loss: 0.28154677559932073
epoch: 4, loss: 0.2535922787586848
epoch: 5, loss: 0.20077356768151125
epoch: 6, loss: 0.18086717805514732
epoch: 7, loss: 0.12895248108853896
epoch: 8, loss: 0.0826357105622689
epoch: 9, loss: 0.08579128172869484
start training memory model
epoch 0, loss is 1.9909100619951885
epoch 1, loss is 1.4470253777503967
epoch 2, loss is 1.1225563939412435
epoch 3, loss is 0.8764112029472987
epoch 4, loss is 0.6998701812823613
epoch 5, loss is 0.6340045003592968
epoch 6, loss is 0.5547199232379595
epoch 7, loss is 0.4324075670043627
epoch 8, loss is 0.35518005430698396
epoch 9, loss is 0.3212138349087521
start training memory model
epoch 0, loss is 0.21163609623908997
epoch 1, loss is 0.2525118887424469
epoch 2, loss is 0.19085460901260376
epoch 3, loss is 0.19501268863677979
epoch 4, loss is 0.22271215915679932
epoch 5, loss is 0.1853630095720291
epoch 6, loss is 0.19364199042320251
epoch 7, loss is 0.2700693607330322
epoch 8, loss is 0.1920948475599289
epoch 9, loss is 0.21041589975357056
start training simple model
epoch: 0, loss: 1.9098593507494246
epoch: 1, loss: 0.8601941806929452
epoch: 2, loss: 0.715066637311663
epoch: 3, loss: 0.579423474414008
epoch: 4, loss: 0.48144258345876423
epoch: 5, loss: 0.4625471276896341
epoch: 6, loss: 0.3078312597104481
epoch: 7, loss: 0.2581612638064793
epoch: 8, loss: 0.23923550971916743
epoch: 9, loss: 0.17943345116717474
start training memory model
epoch 0, loss is 5.500212669372559
epoch 1, loss is 5.015570231846401
epoch 2, loss is 3.989396503993443
epoch 3, loss is 4.10650280543736
epoch 4, loss is 3.2021628447941373
epoch 5, loss is 3.808718034199306
epoch 6, loss is 3.2335857323237827
epoch 7, loss is 3.220074108668736
epoch 8, loss is 3.005612850189209
epoch 9, loss is 2.9364941120147705
start training memory model
epoch 0, loss is 5.2535847425460815
epoch 1, loss is 2.7196022272109985
epoch 2, loss is 3.3528040647506714
epoch 3, loss is 1.8308714628219604
epoch 4, loss is 1.9649093747138977
epoch 5, loss is 2.3662931323051453
epoch 6, loss is 2.2959424257278442
epoch 7, loss is 1.9489563703536987
epoch 8, loss is 1.7947584986686707
epoch 9, loss is 2.184551477432251
start training simple model
epoch: 0, loss: 2.180912733078003
epoch: 1, loss: 0.6880021393299103
epoch: 2, loss: 0.3135101922920772
epoch: 3, loss: 0.25144874836717335
epoch: 4, loss: 0.10288525851709503
epoch: 5, loss: 0.06404727857027735
epoch: 6, loss: 0.0374349049691643
epoch: 7, loss: 0.03703452300812517
epoch: 8, loss: 0.023912809256996428
epoch: 9, loss: 0.031225686094590595
start training memory model
epoch 0, loss is 5.3053701264517645
epoch 1, loss is 3.8098135675702776
epoch 2, loss is 3.728642531803676
epoch 3, loss is 3.305714096341814
epoch 4, loss is 3.177683115005493
epoch 5, loss is 3.127061094556536
epoch 6, loss is 2.9965053285871233
epoch 7, loss is 3.007634026663644
epoch 8, loss is 3.0588340078081404
epoch 9, loss is 2.7829929079328264
start training memory model
epoch 0, loss is 8.745463848114014
epoch 1, loss is 6.942888498306274
epoch 2, loss is 5.524141311645508
epoch 3, loss is 4.795352935791016
epoch 4, loss is 3.911255359649658
epoch 5, loss is 3.5797144174575806
epoch 6, loss is 3.2510762214660645
epoch 7, loss is 2.990555763244629
epoch 8, loss is 3.2537128925323486
epoch 9, loss is 2.9512826204299927
start training simple model
epoch: 0, loss: 2.4924952472959245
epoch: 1, loss: 0.8814053386449814
epoch: 2, loss: 0.4188373472009386
epoch: 3, loss: 0.16431996439184463
epoch: 4, loss: 0.11012054181524686
epoch: 5, loss: 0.056160123752696176
epoch: 6, loss: 0.035633815984640806
epoch: 7, loss: 0.024618599962975298
epoch: 8, loss: 0.017217609233089855
epoch: 9, loss: 0.0133515373537583
start training memory model
epoch 0, loss is 6.5272970880780905
epoch 1, loss is 5.28797401700701
epoch 2, loss is 4.785848958151681
epoch 3, loss is 4.77651275907244
epoch 4, loss is 4.352565288543701
epoch 5, loss is 4.457187652587891
epoch 6, loss is 4.037967988422939
epoch 7, loss is 4.176523004259382
epoch 8, loss is 3.950852462223598
epoch 9, loss is 3.9066620554242815
start training memory model
epoch 0, loss is 9.843334197998047
epoch 1, loss is 7.157724221547444
epoch 2, loss is 5.451455434163411
epoch 3, loss is 4.510821024576823
epoch 4, loss is 3.8300188382466636
epoch 5, loss is 3.677517573038737
epoch 6, loss is 3.4572438398996987
epoch 7, loss is 3.5328307151794434
epoch 8, loss is 3.308796246846517
epoch 9, loss is 3.078941265741984
start training simple model
epoch: 0, loss: 2.605234810284206
epoch: 1, loss: 0.9356998971530369
epoch: 2, loss: 0.4040004781314305
epoch: 3, loss: 0.21035570970603398
epoch: 4, loss: 0.10557325556874275
epoch: 5, loss: 0.06573534969772611
epoch: 6, loss: 0.04238310442971332
epoch: 7, loss: 0.025806729681789875
epoch: 8, loss: 0.020350112712809017
epoch: 9, loss: 0.02107773215642997
start training memory model
epoch 0, loss is 5.353526796613421
epoch 1, loss is 5.021368741989136
epoch 2, loss is 4.629016058785575
epoch 3, loss is 4.738802228655134
epoch 4, loss is 4.236367974962507
epoch 5, loss is 4.3214104516165595
epoch 6, loss is 4.139879873820713
epoch 7, loss is 4.0605204445975165
epoch 8, loss is 4.016395602907453
epoch 9, loss is 3.9831900937216624
start training memory model
epoch 0, loss is 9.055957555770874
epoch 1, loss is 6.327955484390259
epoch 2, loss is 5.782576680183411
epoch 3, loss is 4.412616848945618
epoch 4, loss is 4.048920214176178
epoch 5, loss is 3.919257640838623
epoch 6, loss is 3.3810682892799377
epoch 7, loss is 3.492887556552887
epoch 8, loss is 3.091322422027588
epoch 9, loss is 3.065604865550995
start training simple model
epoch: 0, loss: 2.7795376437050954
epoch: 1, loss: 1.0508935706956046
epoch: 2, loss: 0.5105737021991185
epoch: 3, loss: 0.34188093883650644
epoch: 4, loss: 0.23386769688555173
epoch: 5, loss: 0.23819067542042052
epoch: 6, loss: 0.13377444818615913
epoch: 7, loss: 0.08530627457158906
epoch: 8, loss: 0.0820737395967756
epoch: 9, loss: 0.07222620397806168
start training memory model
epoch 0, loss is 6.830428532191685
epoch 1, loss is 6.226755619049072
epoch 2, loss is 5.9100728034973145
epoch 3, loss is 5.809391430446079
epoch 4, loss is 5.440066405705044
epoch 5, loss is 5.505110536302839
epoch 6, loss is 5.178616830280849
epoch 7, loss is 5.244344336645944
epoch 8, loss is 5.051460811070034
epoch 9, loss is 5.07607068334307
start training memory model
epoch 0, loss is 8.97270917892456
epoch 1, loss is 6.702297687530518
epoch 2, loss is 5.5786333084106445
epoch 3, loss is 4.791633129119873
epoch 4, loss is 4.161496818065643
epoch 5, loss is 3.929329574108124
epoch 6, loss is 3.6788596510887146
epoch 7, loss is 3.573122560977936
epoch 8, loss is 3.486117362976074
epoch 9, loss is 3.381530463695526
start training simple model
epoch: 0, loss: 3.2190651212419783
epoch: 1, loss: 1.1987110120909554
epoch: 2, loss: 0.3451179542711803
epoch: 3, loss: 0.11260694531457764
epoch: 4, loss: 0.07390788516827992
epoch: 5, loss: 0.05292208306491375
epoch: 6, loss: 0.035473285509007316
epoch: 7, loss: 0.023911057838371823
epoch: 8, loss: 0.017188482784799168
epoch: 9, loss: 0.014416075444647245
start training memory model
epoch 0, loss is 5.452017443520682
epoch 1, loss is 4.885710511888776
epoch 2, loss is 4.688630785260882
epoch 3, loss is 4.503542695726667
epoch 4, loss is 4.361065217426845
epoch 5, loss is 4.06416950907026
epoch 6, loss is 4.0491112640925815
epoch 7, loss is 4.008233206612723
epoch 8, loss is 3.9128362791878835
epoch 9, loss is 3.9192308017185757
start training memory model
epoch 0, loss is 8.434771633148193
epoch 1, loss is 5.907525634765625
epoch 2, loss is 4.7256317138671875
epoch 3, loss is 3.9396987915039063
epoch 4, loss is 3.3342405796051025
epoch 5, loss is 3.0390957832336425
epoch 6, loss is 2.97896785736084
epoch 7, loss is 2.7699728488922117
epoch 8, loss is 2.7707307815551756
epoch 9, loss is 2.7754414081573486
start training simple model
epoch: 0, loss: 3.082442800203959
epoch: 1, loss: 1.202882577975591
epoch: 2, loss: 0.4666365658243497
epoch: 3, loss: 0.17697500685850778
epoch: 4, loss: 0.09874214480320613
epoch: 5, loss: 0.07584277354180813
epoch: 6, loss: 0.04444797212878863
epoch: 7, loss: 0.04905822997291883
epoch: 8, loss: 0.030736519644657772
epoch: 9, loss: 0.01715866258988778
start training memory model
epoch 0, loss is 7.807154655456543
epoch 1, loss is 7.140607913335164
epoch 2, loss is 6.641555468241374
epoch 3, loss is 6.286831458409627
epoch 4, loss is 6.201008478800456
epoch 5, loss is 6.095082521438599
epoch 6, loss is 5.8646455605824785
epoch 7, loss is 5.780548016230266
epoch 8, loss is 5.65258526802063
epoch 9, loss is 5.474825461705525
start training memory model
epoch 0, loss is 9.461722215016684
epoch 1, loss is 6.2352713743845625
epoch 2, loss is 5.876645644505818
epoch 3, loss is 4.429852644602458
epoch 4, loss is 3.9658056497573853
epoch 5, loss is 4.353297392527263
epoch 6, loss is 3.5363654692967734
epoch 7, loss is 4.072141210238139
epoch 8, loss is 3.2421977122624717
epoch 9, loss is 4.1834150950113935
round: 0, current_acc: [0.8648648648648649, 0.536723163841808, 0.632768361581921, 0.7702702702702703, 0.8451882845188284, 0.5483870967741935, 0.5906040268456376, 0.8858695652173914], history_acc: [0.8648648648648649, 0.7006880733944955, 0.657769304099142, 0.5948072383949646, 0.5450331125827814, 0.48854108440469535, 0.5201238390092879, 0.49104618284637136]
set seed: 200
Shuffle index: [7 6 5 2 1 0 3 4]
start training simple model
epoch: 0, loss: 1.4182910792032877
epoch: 1, loss: 0.562789855003357
epoch: 2, loss: 0.3390215056637923
epoch: 3, loss: 0.301007283081611
epoch: 4, loss: 0.24862547208865485
epoch: 5, loss: 0.1710299606497089
epoch: 6, loss: 0.17147870099171997
epoch: 7, loss: 0.11596810883221527
epoch: 8, loss: 0.08612268406276902
epoch: 9, loss: 0.07333234066609293
start training memory model
epoch 0, loss is 3.3743721580505373
epoch 1, loss is 2.700862487157186
epoch 2, loss is 2.220301473935445
epoch 3, loss is 2.112432106335958
epoch 4, loss is 1.6901328452428181
epoch 5, loss is 1.4373729125658672
epoch 6, loss is 1.3067011924584706
epoch 7, loss is 1.1975288585821788
epoch 8, loss is 1.0658547457059224
epoch 9, loss is 1.0568852472305297
start training memory model
epoch 0, loss is 0.8755132555961609
epoch 1, loss is 0.9039823412895203
epoch 2, loss is 0.8292297720909119
epoch 3, loss is 0.8244460225105286
epoch 4, loss is 0.8003539443016052
epoch 5, loss is 0.8566002249717712
epoch 6, loss is 0.7931030988693237
epoch 7, loss is 0.772758424282074
epoch 8, loss is 0.8436746597290039
epoch 9, loss is 0.7830882668495178
start training simple model
epoch: 0, loss: 1.5404536894389562
epoch: 1, loss: 0.6260235863072532
epoch: 2, loss: 0.31207418016024996
epoch: 3, loss: 0.17449103721550532
epoch: 4, loss: 0.08952724082129342
epoch: 5, loss: 0.06853889647339072
epoch: 6, loss: 0.03152613940515688
epoch: 7, loss: 0.029611261561512947
epoch: 8, loss: 0.015947988123766015
epoch: 9, loss: 0.013457193704588073
start training memory model
epoch 0, loss is 2.8924716540745328
epoch 1, loss is 2.258852345602853
epoch 2, loss is 1.7096072094781058
epoch 3, loss is 1.792145541736058
epoch 4, loss is 1.7509685243879045
epoch 5, loss is 1.5818764141627721
epoch 6, loss is 1.5298470769609724
epoch 7, loss is 1.452128495488848
epoch 8, loss is 1.522765040397644
epoch 9, loss is 1.37014217036111
start training memory model
epoch 0, loss is 3.216615706682205
epoch 1, loss is 4.3949339389801025
epoch 2, loss is 2.2645416259765625
epoch 3, loss is 2.585839092731476
epoch 4, loss is 1.8185564279556274
epoch 5, loss is 1.6634434461593628
epoch 6, loss is 2.0923509001731873
epoch 7, loss is 1.968942642211914
epoch 8, loss is 1.4275790750980377
epoch 9, loss is 1.7349872589111328
start training simple model
epoch: 0, loss: 2.0055518320628574
epoch: 1, loss: 0.8795389447893415
epoch: 2, loss: 0.7208098428589957
epoch: 3, loss: 0.5765921303204128
epoch: 4, loss: 0.4799606714929853
epoch: 5, loss: 0.4654162419693811
epoch: 6, loss: 0.325740675841059
epoch: 7, loss: 0.33480823040008545
epoch: 8, loss: 0.2265127237354006
epoch: 9, loss: 0.18360388651490211
start training memory model
epoch 0, loss is 5.2002991267613
epoch 1, loss is 4.229485307421003
epoch 2, loss is 3.941189697810582
epoch 3, loss is 3.45644279888698
epoch 4, loss is 3.500417743410383
epoch 5, loss is 3.3840526172092984
epoch 6, loss is 3.0472425733293806
epoch 7, loss is 3.0779470035008023
epoch 8, loss is 3.2087245328085765
epoch 9, loss is 2.841113942010062
start training memory model
epoch 0, loss is 4.934648036956787
epoch 1, loss is 3.955264091491699
epoch 2, loss is 3.320446014404297
epoch 3, loss is 2.8320528268814087
epoch 4, loss is 2.4740201830863953
epoch 5, loss is 2.1116009950637817
epoch 6, loss is 2.055928945541382
epoch 7, loss is 1.9150255918502808
epoch 8, loss is 1.9941810965538025
epoch 9, loss is 2.024586856365204
start training simple model
epoch: 0, loss: 2.38472185532252
epoch: 1, loss: 0.7997698883215586
epoch: 2, loss: 0.2996600071589152
epoch: 3, loss: 0.180905448893706
epoch: 4, loss: 0.09140062518417835
epoch: 5, loss: 0.054094552683333554
epoch: 6, loss: 0.03380474789688984
epoch: 7, loss: 0.034562490259607635
epoch: 8, loss: 0.019788077101111412
epoch: 9, loss: 0.016001280552397173
start training memory model
epoch 0, loss is 5.761636575063069
epoch 1, loss is 4.644766728083293
epoch 2, loss is 4.621190587679545
epoch 3, loss is 4.2191923062006635
epoch 4, loss is 4.066573103268941
epoch 5, loss is 4.004655679066976
epoch 6, loss is 3.957223097483317
epoch 7, loss is 3.8613609870274863
epoch 8, loss is 3.7661468982696533
epoch 9, loss is 3.645379821459452
start training memory model
epoch 0, loss is 8.16561476389567
epoch 1, loss is 6.052319208780925
epoch 2, loss is 4.931643803914388
epoch 3, loss is 4.1593337059021
epoch 4, loss is 3.6497655709584556
epoch 5, loss is 3.2732961972554526
epoch 6, loss is 3.1415634950002036
epoch 7, loss is 2.9588356812795005
epoch 8, loss is 2.7266060511271157
epoch 9, loss is 2.638432502746582
start training simple model
epoch: 0, loss: 2.384425606046404
epoch: 1, loss: 0.7642794506890433
epoch: 2, loss: 0.42913287239415304
epoch: 3, loss: 0.17453600572688238
epoch: 4, loss: 0.09518762491643429
epoch: 5, loss: 0.08035919708865029
epoch: 6, loss: 0.04733711614140442
epoch: 7, loss: 0.0242033630077328
epoch: 8, loss: 0.018257136323622296
epoch: 9, loss: 0.022610257512756755
start training memory model
epoch 0, loss is 4.990595749446324
epoch 1, loss is 4.5176776477268765
epoch 2, loss is 4.163939816611154
epoch 3, loss is 3.794445514678955
epoch 4, loss is 3.5916663919176375
epoch 5, loss is 3.6117320401327953
epoch 6, loss is 3.633625030517578
epoch 7, loss is 3.3341333866119385
epoch 8, loss is 3.3931327887943814
epoch 9, loss is 3.470219441822597
start training memory model
epoch 0, loss is 8.79896855354309
epoch 1, loss is 6.009324550628662
epoch 2, loss is 4.3853976130485535
epoch 3, loss is 3.40133935213089
epoch 4, loss is 3.165250539779663
epoch 5, loss is 2.8826571702957153
epoch 6, loss is 2.805673897266388
epoch 7, loss is 2.8181437849998474
epoch 8, loss is 2.8048641085624695
epoch 9, loss is 2.8034237027168274
start training simple model
epoch: 0, loss: 2.740581512451172
epoch: 1, loss: 0.805139592715672
epoch: 2, loss: 0.2735859049218042
epoch: 3, loss: 0.09796953201293945
epoch: 4, loss: 0.11391728264944893
epoch: 5, loss: 0.028744269827646867
epoch: 6, loss: 0.021850004060459987
epoch: 7, loss: 0.018143301430557455
epoch: 8, loss: 0.015252899112445968
epoch: 9, loss: 0.010775863326021604
start training memory model
epoch 0, loss is 5.16104405266898
epoch 1, loss is 4.352576323917934
epoch 2, loss is 4.048394135066441
epoch 3, loss is 3.866869790213449
epoch 4, loss is 3.8017781461988176
epoch 5, loss is 3.737535442624773
epoch 6, loss is 3.5963103090013777
epoch 7, loss is 3.5053480012076244
epoch 8, loss is 3.331803185599191
epoch 9, loss is 3.3314054352896556
start training memory model
epoch 0, loss is 10.091710329055786
epoch 1, loss is 7.095431447029114
epoch 2, loss is 5.494588017463684
epoch 3, loss is 4.171434700489044
epoch 4, loss is 3.623274028301239
epoch 5, loss is 3.208144426345825
epoch 6, loss is 3.0345815420150757
epoch 7, loss is 2.9708094596862793
epoch 8, loss is 2.8297954201698303
epoch 9, loss is 2.6651362776756287
start training simple model
epoch: 0, loss: 2.6601175580705916
epoch: 1, loss: 0.8401391080447606
epoch: 2, loss: 0.30102388880082537
epoch: 3, loss: 0.1617425930287157
epoch: 4, loss: 0.08008895335452897
epoch: 5, loss: 0.03371166491082737
epoch: 6, loss: 0.0331446427319731
epoch: 7, loss: 0.018282551052314893
epoch: 8, loss: 0.013488247325377805
epoch: 9, loss: 0.012539886536874942
start training memory model
epoch 0, loss is 5.46104713848659
epoch 1, loss is 4.859044790267944
epoch 2, loss is 4.653575897216797
epoch 3, loss is 4.374560628618513
epoch 4, loss is 4.103739397866385
epoch 5, loss is 3.9871807438986644
epoch 6, loss is 3.971862316131592
epoch 7, loss is 3.877918175288609
epoch 8, loss is 3.7428878375462125
epoch 9, loss is 3.9762535435812816
start training memory model
epoch 0, loss is 8.975275421142578
epoch 1, loss is 6.332247924804688
epoch 2, loss is 5.036452388763427
epoch 3, loss is 4.065868520736695
epoch 4, loss is 3.569533586502075
epoch 5, loss is 3.3264695167541505
epoch 6, loss is 3.2690531253814696
epoch 7, loss is 3.0708195209503173
epoch 8, loss is 2.9245063781738283
epoch 9, loss is 3.031632089614868
start training simple model
epoch: 0, loss: 2.9303513254438127
epoch: 1, loss: 1.1084957037653242
epoch: 2, loss: 0.49511141436440603
epoch: 3, loss: 0.277986541390419
epoch: 4, loss: 0.2073625006846019
epoch: 5, loss: 0.1513176794563021
epoch: 6, loss: 0.13774624360459192
epoch: 7, loss: 0.11276080246482577
epoch: 8, loss: 0.08186656449522291
epoch: 9, loss: 0.05851391436798232
start training memory model
epoch 0, loss is 7.148533071790423
epoch 1, loss is 6.399105753217425
epoch 2, loss is 5.793404306684222
epoch 3, loss is 5.919003418513706
epoch 4, loss is 5.7038790839059015
epoch 5, loss is 5.342876400266375
epoch 6, loss is 5.6483245577131
epoch 7, loss is 5.526390824999128
epoch 8, loss is 5.001649039132254
epoch 9, loss is 5.036914757319859
start training memory model
epoch 0, loss is 8.611443837483725
epoch 1, loss is 5.645675142606099
epoch 2, loss is 4.294883330663045
epoch 3, loss is 3.7343291441599527
epoch 4, loss is 3.2666304111480713
epoch 5, loss is 3.0687465270360312
epoch 6, loss is 3.604969580968221
epoch 7, loss is 2.9727605978647866
epoch 8, loss is 2.906396230061849
epoch 9, loss is 2.788764476776123
round: 1, current_acc: [0.8976833976833977, 0.8120805369127517, 0.5706214689265536, 0.8695652173913043, 0.7322175732217573, 0.711864406779661, 0.9009009009009009, 0.6200716845878136], history_acc: [0.8976833976833977, 0.8650674662668666, 0.7463271302644466, 0.7095435684647303, 0.6876731301939059, 0.6428130783466995, 0.5849158979924037, 0.5240339302544769]
set seed: 300
Shuffle index: [7 3 2 5 0 6 4 1]
start training simple model
epoch: 0, loss: 1.386181358496348
epoch: 1, loss: 0.5621439158916474
epoch: 2, loss: 0.35903826569517455
epoch: 3, loss: 0.28501601830124856
epoch: 4, loss: 0.2690058345720172
epoch: 5, loss: 0.20372039544085663
epoch: 6, loss: 0.15711942058056594
epoch: 7, loss: 0.1226858771033585
epoch: 8, loss: 0.09509764723479748
epoch: 9, loss: 0.08101414716647316
start training memory model
epoch 0, loss is 3.430801552136739
epoch 1, loss is 2.7853416562080384
epoch 2, loss is 2.4143484218915305
epoch 3, loss is 2.1585774064064025
epoch 4, loss is 1.8838045227527618
epoch 5, loss is 1.7228201349576315
epoch 6, loss is 1.5555605177084606
epoch 7, loss is 1.4566079461015762
epoch 8, loss is 1.395017727613449
epoch 9, loss is 1.2971277670065562
start training memory model
epoch 0, loss is 1.0894383192062378
epoch 1, loss is 1.1725152730941772
epoch 2, loss is 1.1361355781555176
epoch 3, loss is 1.143731951713562
epoch 4, loss is 1.2024120092391968
epoch 5, loss is 1.098421573638916
epoch 6, loss is 1.1366153955459595
epoch 7, loss is 1.1038297414779663
epoch 8, loss is 1.1260241270065308
epoch 9, loss is 1.2196935415267944
start training simple model
epoch: 0, loss: 1.805301586786906
epoch: 1, loss: 0.6154383917649587
epoch: 2, loss: 0.3576919933160146
epoch: 3, loss: 0.20177418241898218
epoch: 4, loss: 0.12414467272659142
epoch: 5, loss: 0.06315264354149501
epoch: 6, loss: 0.04116078279912472
epoch: 7, loss: 0.032886604157586895
epoch: 8, loss: 0.02023004957785209
epoch: 9, loss: 0.014974823997666439
start training memory model
epoch 0, loss is 5.978818972905477
epoch 1, loss is 4.944289843241374
epoch 2, loss is 4.130527337392171
epoch 3, loss is 3.740131894747416
epoch 4, loss is 3.1968249082565308
epoch 5, loss is 3.274946093559265
epoch 6, loss is 2.6827197869618735
epoch 7, loss is 2.6192089517911277
epoch 8, loss is 2.5573450525601706
epoch 9, loss is 2.3946241537729898
start training memory model
epoch 0, loss is 8.175464391708374
epoch 1, loss is 5.483906507492065
epoch 2, loss is 5.146970152854919
epoch 3, loss is 4.326530456542969
epoch 4, loss is 3.4778982400894165
epoch 5, loss is 3.1247594356536865
epoch 6, loss is 2.7266327142715454
epoch 7, loss is 3.2505970001220703
epoch 8, loss is 2.8988651037216187
epoch 9, loss is 3.328485608100891
start training simple model
epoch: 0, loss: 1.927477513040815
epoch: 1, loss: 0.9373924561909267
epoch: 2, loss: 0.5617927440575191
epoch: 3, loss: 0.4945247939654759
epoch: 4, loss: 0.3052872951541628
epoch: 5, loss: 0.3563175456864493
epoch: 6, loss: 0.21277446831975663
epoch: 7, loss: 0.11947400974375862
epoch: 8, loss: 0.10555864551237651
epoch: 9, loss: 0.08133128631327834
start training memory model
epoch 0, loss is 5.4814444950648715
epoch 1, loss is 4.99246266910008
epoch 2, loss is 4.881364754268101
epoch 3, loss is 4.024393286023821
epoch 4, loss is 4.09107906477792
epoch 5, loss is 3.8525706359318326
epoch 6, loss is 3.7584380762917653
epoch 7, loss is 3.661473734038217
epoch 8, loss is 3.9712836742401123
epoch 9, loss is 4.080849238804409
start training memory model
epoch 0, loss is 6.101450443267822
epoch 1, loss is 5.371126651763916
epoch 2, loss is 4.6344592571258545
epoch 3, loss is 4.101219892501831
epoch 4, loss is 3.50300931930542
epoch 5, loss is 3.316366195678711
epoch 6, loss is 3.1779091358184814
epoch 7, loss is 3.059474229812622
epoch 8, loss is 3.1230523586273193
epoch 9, loss is 2.941097617149353
start training simple model
epoch: 0, loss: 2.4647068466459
epoch: 1, loss: 0.7326935231685638
epoch: 2, loss: 0.33698703348636627
epoch: 3, loss: 0.22518225333520345
epoch: 4, loss: 0.2733661170516695
epoch: 5, loss: 0.13252609755311692
epoch: 6, loss: 0.08597448747605085
epoch: 7, loss: 0.06665636372885533
epoch: 8, loss: 0.05835788803441184
epoch: 9, loss: 0.051341899670660496
start training memory model
epoch 0, loss is 5.7061304705483575
epoch 1, loss is 4.676014729908535
epoch 2, loss is 4.51057801927839
epoch 3, loss is 4.253706318991525
epoch 4, loss is 3.998784610203334
epoch 5, loss is 4.0640575885772705
epoch 6, loss is 3.7596101420266286
epoch 7, loss is 3.4837825979505266
epoch 8, loss is 3.482062714440482
epoch 9, loss is 3.371288708278111
start training memory model
epoch 0, loss is 8.970956643422445
epoch 1, loss is 7.174329121907552
epoch 2, loss is 5.818260510762532
epoch 3, loss is 5.085251331329346
epoch 4, loss is 4.176939805348714
epoch 5, loss is 4.111836353937785
epoch 6, loss is 3.76222292582194
epoch 7, loss is 3.4889349142710366
epoch 8, loss is 3.623883088429769
epoch 9, loss is 3.3737338383992515
start training simple model
epoch: 0, loss: 2.5634917531694685
epoch: 1, loss: 0.8840908578463963
epoch: 2, loss: 0.31555662197726114
epoch: 3, loss: 0.19236292157854354
epoch: 4, loss: 0.09057846771819252
epoch: 5, loss: 0.05725166680557387
epoch: 6, loss: 0.03774446515100343
epoch: 7, loss: 0.03527130519172975
epoch: 8, loss: 0.01638532177145992
epoch: 9, loss: 0.01584182187382664
start training memory model
epoch 0, loss is 5.375963483537946
epoch 1, loss is 4.523101431982858
epoch 2, loss is 3.8015592438834056
epoch 3, loss is 3.9436139719826833
epoch 4, loss is 3.827953815460205
epoch 5, loss is 3.340906926563808
epoch 6, loss is 3.422541550227574
epoch 7, loss is 3.3975090639931813
epoch 8, loss is 3.301428828920637
epoch 9, loss is 3.3123247964041576
start training memory model
epoch 0, loss is 9.82655644416809
epoch 1, loss is 6.485444784164429
epoch 2, loss is 5.488875508308411
epoch 3, loss is 4.325549602508545
epoch 4, loss is 3.7209261655807495
epoch 5, loss is 3.7579880952835083
epoch 6, loss is 3.1203373670578003
epoch 7, loss is 3.455578863620758
epoch 8, loss is 2.9080594182014465
epoch 9, loss is 3.4144198298454285
start training simple model
epoch: 0, loss: 2.6516818489347185
epoch: 1, loss: 0.8674737215042114
epoch: 2, loss: 0.2945811322757176
epoch: 3, loss: 0.12608418400798524
epoch: 4, loss: 0.07333327829837799
epoch: 5, loss: 0.03903552038328988
epoch: 6, loss: 0.03287917295736926
epoch: 7, loss: 0.0216387395880052
epoch: 8, loss: 0.020684109335499152
epoch: 9, loss: 0.018835569864937236
start training memory model
epoch 0, loss is 5.272005762372698
epoch 1, loss is 4.445185422897339
epoch 2, loss is 4.311455726623535
epoch 3, loss is 4.127323865890503
epoch 4, loss is 4.035969495773315
epoch 5, loss is 3.9668703419821605
epoch 6, loss is 3.7741571153913225
epoch 7, loss is 3.837592567716326
epoch 8, loss is 3.8571181297302246
epoch 9, loss is 3.640126500810896
start training memory model
epoch 0, loss is 8.342224597930908
epoch 1, loss is 6.172766923904419
epoch 2, loss is 4.844967484474182
epoch 3, loss is 3.889827609062195
epoch 4, loss is 3.3533213138580322
epoch 5, loss is 3.1442336440086365
epoch 6, loss is 2.8337082266807556
epoch 7, loss is 2.790466845035553
epoch 8, loss is 2.7238272428512573
epoch 9, loss is 2.6021387577056885
start training simple model
epoch: 0, loss: 2.789698157991682
epoch: 1, loss: 0.9229717467512403
epoch: 2, loss: 0.257338638816561
epoch: 3, loss: 0.0974902670298304
epoch: 4, loss: 0.07399265734212739
epoch: 5, loss: 0.027357282117009163
epoch: 6, loss: 0.017370067802923068
epoch: 7, loss: 0.018569149476076876
epoch: 8, loss: 0.014508771510528666
epoch: 9, loss: 0.00887841112645609
start training memory model
epoch 0, loss is 6.5012374605451315
epoch 1, loss is 5.27659593309675
epoch 2, loss is 5.372445038386753
epoch 3, loss is 4.851913860866001
epoch 4, loss is 4.815947260175433
epoch 5, loss is 4.757550171443394
epoch 6, loss is 4.450280802590506
epoch 7, loss is 4.592462948390415
epoch 8, loss is 4.31792368207659
epoch 9, loss is 4.242717402321952
start training memory model
epoch 0, loss is 9.322030639648437
epoch 1, loss is 6.554644966125489
epoch 2, loss is 4.7594856262207035
epoch 3, loss is 3.9310521125793456
epoch 4, loss is 3.3825732707977294
epoch 5, loss is 3.275194787979126
epoch 6, loss is 3.1245503425598145
epoch 7, loss is 2.9782105445861817
epoch 8, loss is 2.8578288555145264
epoch 9, loss is 2.8444097518920897
start training simple model
epoch: 0, loss: 3.040292058672224
epoch: 1, loss: 0.9502677832330976
epoch: 2, loss: 0.2645044411931719
epoch: 3, loss: 0.1385794250028474
epoch: 4, loss: 0.058129938053233285
epoch: 5, loss: 0.04435406758316925
epoch: 6, loss: 0.024290365566100394
epoch: 7, loss: 0.020376785791346004
epoch: 8, loss: 0.014898508388016905
epoch: 9, loss: 0.018252024160964147
start training memory model
epoch 0, loss is 4.712160382952009
epoch 1, loss is 3.9943937914712087
epoch 2, loss is 3.847160679953439
epoch 3, loss is 3.739328690937587
epoch 4, loss is 3.702652556555612
epoch 5, loss is 3.705277851649693
epoch 6, loss is 3.6379386356898715
epoch 7, loss is 3.5727638517107283
epoch 8, loss is 3.5701321874346053
epoch 9, loss is 3.5475476128714427
start training memory model
epoch 0, loss is 9.496667067209879
epoch 1, loss is 5.723392645517985
epoch 2, loss is 4.963056325912476
epoch 3, loss is 3.939708630243937
epoch 4, loss is 3.378570040067037
epoch 5, loss is 3.1606886784235635
epoch 6, loss is 3.1161919832229614
epoch 7, loss is 3.0785736242930093
epoch 8, loss is 2.78766405582428
epoch 9, loss is 2.6575109561284385
round: 2, current_acc: [0.8648648648648649, 0.8152173913043478, 0.4350282485875706, 0.45878136200716846, 0.8558558558558559, 0.7248322147651006, 0.847457627118644, 0.9623430962343096], history_acc: [0.8648648648648649, 0.8133903133903134, 0.6325757575757576, 0.6277153558052434, 0.6127167630057804, 0.570926143024619, 0.5289431757833245, 0.5075400565504241]
set seed: 400
Shuffle index: [7 3 1 6 0 5 2 4]
start training simple model
epoch: 0, loss: 1.563822419643402
epoch: 1, loss: 0.6949209328492483
epoch: 2, loss: 0.35914657096068064
epoch: 3, loss: 0.2925152591864268
epoch: 4, loss: 0.298565548658371
epoch: 5, loss: 0.17946596967677275
epoch: 6, loss: 0.14041592713445425
epoch: 7, loss: 0.11985256065304081
epoch: 8, loss: 0.09881813274075588
epoch: 9, loss: 0.07413501196851333
start training memory model
epoch 0, loss is 2.672498563130697
epoch 1, loss is 2.0367410997549693
epoch 2, loss is 1.6675271344184877
epoch 3, loss is 1.3826297839482626
epoch 4, loss is 1.228535168170929
epoch 5, loss is 1.0932613134384155
epoch 6, loss is 0.9420654978354772
epoch 7, loss is 0.8647506803274154
epoch 8, loss is 0.7587149264415105
epoch 9, loss is 0.6939472242196401
start training memory model
epoch 0, loss is 0.5757901072502136
epoch 1, loss is 0.5567553043365479
epoch 2, loss is 0.5475220680236816
epoch 3, loss is 0.6079549789428711
epoch 4, loss is 0.5631957054138184
epoch 5, loss is 0.5724284052848816
epoch 6, loss is 0.555864155292511
epoch 7, loss is 0.535338819026947
epoch 8, loss is 0.5668808221817017
epoch 9, loss is 0.5301811099052429
start training simple model
epoch: 0, loss: 1.5374237213815962
epoch: 1, loss: 0.6192141004971096
epoch: 2, loss: 0.27547998832804815
epoch: 3, loss: 0.24021660004343307
epoch: 4, loss: 0.1569150366953441
epoch: 5, loss: 0.0969649547977107
epoch: 6, loss: 0.0698361372841256
epoch: 7, loss: 0.04059955530932972
epoch: 8, loss: 0.042714913109583516
epoch: 9, loss: 0.03043824713677168
start training memory model
epoch 0, loss is 5.913087572370257
epoch 1, loss is 3.868481159210205
epoch 2, loss is 3.7837062563214983
epoch 3, loss is 3.7439375264304027
epoch 4, loss is 2.9515436717442105
epoch 5, loss is 2.6635864802769254
epoch 6, loss is 2.6432952540261403
epoch 7, loss is 2.5229856627328053
epoch 8, loss is 2.688408817563738
epoch 9, loss is 2.1937700850622996
start training memory model
epoch 0, loss is 4.238516569137573
epoch 1, loss is 3.0634672045707703
epoch 2, loss is 3.2645761966705322
epoch 3, loss is 3.181207299232483
epoch 4, loss is 3.0215845108032227
epoch 5, loss is 2.99987256526947
epoch 6, loss is 2.165266990661621
epoch 7, loss is 2.134255826473236
epoch 8, loss is 2.623767137527466
epoch 9, loss is 2.490868330001831
start training simple model
epoch: 0, loss: 1.9469404220581055
epoch: 1, loss: 0.6944292187690735
epoch: 2, loss: 0.46802869013377596
epoch: 3, loss: 0.34147864154406954
epoch: 4, loss: 0.27802961798650877
epoch: 5, loss: 0.17103423603943416
epoch: 6, loss: 0.16355765078748977
epoch: 7, loss: 0.140029852943761
epoch: 8, loss: 0.09799509389059884
epoch: 9, loss: 0.09294491820037365
start training memory model
epoch 0, loss is 5.286901678357806
epoch 1, loss is 4.677345275878906
epoch 2, loss is 4.029160465512957
epoch 3, loss is 3.376432623182024
epoch 4, loss is 3.4272227627890453
epoch 5, loss is 3.4990483352116177
epoch 6, loss is 3.2448360238756453
epoch 7, loss is 3.0983549867357527
epoch 8, loss is 3.3182338987077986
epoch 9, loss is 3.067596129008702
start training memory model
epoch 0, loss is 7.530111312866211
epoch 1, loss is 6.038287162780762
epoch 2, loss is 4.677299737930298
epoch 3, loss is 3.956282377243042
epoch 4, loss is 3.3642876148223877
epoch 5, loss is 3.411028742790222
epoch 6, loss is 2.9923869371414185
epoch 7, loss is 2.959279417991638
epoch 8, loss is 2.9164376258850098
epoch 9, loss is 3.129479169845581
start training simple model
epoch: 0, loss: 2.583019256591797
epoch: 1, loss: 1.0704615712165833
epoch: 2, loss: 0.41593369096517563
epoch: 3, loss: 0.21036607027053833
epoch: 4, loss: 0.1591948208709558
epoch: 5, loss: 0.08121530525386333
epoch: 6, loss: 0.05741166012982527
epoch: 7, loss: 0.034293826979895435
epoch: 8, loss: 0.03596454455206791
epoch: 9, loss: 0.023753212299197912
start training memory model
epoch 0, loss is 5.753018776575725
epoch 1, loss is 4.761955976486206
epoch 2, loss is 4.451811790466309
epoch 3, loss is 4.0960086186726885
epoch 4, loss is 3.9391642808914185
epoch 5, loss is 3.712215463320414
epoch 6, loss is 3.6319311459859214
epoch 7, loss is 3.6561859448750815
epoch 8, loss is 3.3914111455281577
epoch 9, loss is 3.2182912031809487
start training memory model
epoch 0, loss is 9.250555038452148
epoch 1, loss is 7.12580140431722
epoch 2, loss is 5.578394095102946
epoch 3, loss is 4.657406648000081
epoch 4, loss is 4.161036650339763
epoch 5, loss is 3.7491942246754966
epoch 6, loss is 3.4736225605010986
epoch 7, loss is 3.3297707239786782
epoch 8, loss is 3.3318064212799072
epoch 9, loss is 3.4872853755950928
start training simple model
epoch: 0, loss: 2.3538393463407243
epoch: 1, loss: 0.9280616555895124
epoch: 2, loss: 0.33371838288647787
epoch: 3, loss: 0.20012146873133524
epoch: 4, loss: 0.08848771080374718
epoch: 5, loss: 0.06207007063286645
epoch: 6, loss: 0.04502842575311661
epoch: 7, loss: 0.02994934975036553
epoch: 8, loss: 0.02119916783911841
epoch: 9, loss: 0.019032708435718502
start training memory model
epoch 0, loss is 6.519143853868757
epoch 1, loss is 5.592391048158918
epoch 2, loss is 5.410109996795654
epoch 3, loss is 5.157983950206211
epoch 4, loss is 4.872546672821045
epoch 5, loss is 5.227451937539237
epoch 6, loss is 5.174538714545114
epoch 7, loss is 4.851816654205322
epoch 8, loss is 4.548279081072126
epoch 9, loss is 4.632620675223214
start training memory model
epoch 0, loss is 8.127930164337158
epoch 1, loss is 6.081359386444092
epoch 2, loss is 4.840801239013672
epoch 3, loss is 3.936620831489563
epoch 4, loss is 3.619041681289673
epoch 5, loss is 3.413090705871582
epoch 6, loss is 3.464014768600464
epoch 7, loss is 2.946362793445587
epoch 8, loss is 2.945816218852997
epoch 9, loss is 2.871930241584778
start training simple model
epoch: 0, loss: 2.831325258527483
epoch: 1, loss: 1.2127507158688136
epoch: 2, loss: 0.6247681081295013
epoch: 3, loss: 0.4502864394869123
epoch: 4, loss: 0.3748862168618611
epoch: 5, loss: 0.23020297182457788
epoch: 6, loss: 0.18264726442950113
epoch: 7, loss: 0.13163083312766893
epoch: 8, loss: 0.13025579388652528
epoch: 9, loss: 0.08625700484429087
start training memory model
epoch 0, loss is 6.894833769117083
epoch 1, loss is 6.158530371529715
epoch 2, loss is 5.7395574024745395
epoch 3, loss is 5.772789342062814
epoch 4, loss is 5.492212295532227
epoch 5, loss is 5.378674302782331
epoch 6, loss is 5.245116029466901
epoch 7, loss is 5.050311974116734
epoch 8, loss is 5.2049687930515836
epoch 9, loss is 5.173007896968296
start training memory model
epoch 0, loss is 7.706480860710144
epoch 1, loss is 5.930155515670776
epoch 2, loss is 4.839855313301086
epoch 3, loss is 4.248735129833221
epoch 4, loss is 3.784528911113739
epoch 5, loss is 3.406749963760376
epoch 6, loss is 3.3683577179908752
epoch 7, loss is 3.1888938546180725
epoch 8, loss is 3.063838541507721
epoch 9, loss is 3.017327070236206
start training simple model
epoch: 0, loss: 2.756038018635341
epoch: 1, loss: 0.9030785390308925
epoch: 2, loss: 0.36964091658592224
epoch: 3, loss: 0.18389454377549036
epoch: 4, loss: 0.09869262895413808
epoch: 5, loss: 0.13137648041759217
epoch: 6, loss: 0.039365164270358424
epoch: 7, loss: 0.033628923020192554
epoch: 8, loss: 0.02547404316387006
epoch: 9, loss: 0.017469653859734535
start training memory model
epoch 0, loss is 4.87795877456665
epoch 1, loss is 4.3502608026777
epoch 2, loss is 4.100773027965
epoch 3, loss is 4.025345597948347
epoch 4, loss is 3.867668185915266
epoch 5, loss is 3.75342127255031
epoch 6, loss is 3.7491332462855746
epoch 7, loss is 3.74552583694458
epoch 8, loss is 3.674097946711949
epoch 9, loss is 3.5871592930385043
start training memory model
epoch 0, loss is 9.30453872680664
epoch 1, loss is 6.629097843170166
epoch 2, loss is 5.065468120574951
epoch 3, loss is 4.458319854736328
epoch 4, loss is 3.7506346702575684
epoch 5, loss is 3.4350197315216064
epoch 6, loss is 3.2496312618255616
epoch 7, loss is 3.0663998126983643
epoch 8, loss is 2.9862435340881346
epoch 9, loss is 2.93768196105957
start training simple model
epoch: 0, loss: 3.236245972769601
epoch: 1, loss: 0.9728515148162842
epoch: 2, loss: 0.37307199622903553
epoch: 3, loss: 0.14820120909384318
epoch: 4, loss: 0.07682646970663752
epoch: 5, loss: 0.04595726728439331
epoch: 6, loss: 0.030703361545290266
epoch: 7, loss: 0.02648783874298845
epoch: 8, loss: 0.0261371001335127
epoch: 9, loss: 0.012130836290972573
start training memory model
epoch 0, loss is 5.902713911873954
epoch 1, loss is 5.11182975769043
epoch 2, loss is 4.864625828606742
epoch 3, loss is 4.735452958515713
epoch 4, loss is 4.9503463336399625
epoch 5, loss is 4.582994631358555
epoch 6, loss is 4.832305771963937
epoch 7, loss is 4.611852713993618
epoch 8, loss is 4.590880053383963
epoch 9, loss is 4.304142951965332
start training memory model
epoch 0, loss is 8.504666248957315
epoch 1, loss is 6.21944522857666
epoch 2, loss is 4.313686649004619
epoch 3, loss is 3.807476838429769
epoch 4, loss is 3.68501877784729
epoch 5, loss is 3.2812503973642984
epoch 6, loss is 3.052477558453878
epoch 7, loss is 3.009482423464457
epoch 8, loss is 2.8208664059638977
epoch 9, loss is 2.7949793338775635
round: 3, current_acc: [0.859073359073359, 0.6101694915254238, 0.43010752688172044, 0.6413043478260869, 0.8288288288288288, 0.4604519774011299, 0.891213389121339, 0.8120805369127517], history_acc: [0.859073359073359, 0.7841726618705036, 0.6427104722792608, 0.5699481865284974, 0.5507246376811594, 0.5236447520184544, 0.5174860618347694, 0.4948162111215834]
set seed: 500
Shuffle index: [7 0 2 1 5 4 3 6]
start training simple model
epoch: 0, loss: 1.3824447099367778
epoch: 1, loss: 0.5229747813940048
epoch: 2, loss: 0.3507841201126575
epoch: 3, loss: 0.3288320614397526
epoch: 4, loss: 0.24568721833328405
epoch: 5, loss: 0.18964156163235504
epoch: 6, loss: 0.17100577457497518
epoch: 7, loss: 0.11399907682090998
epoch: 8, loss: 0.1130399115383625
epoch: 9, loss: 0.06570143370113025
start training memory model
epoch 0, loss is 2.2501506996154785
epoch 1, loss is 1.6216542530059814
epoch 2, loss is 1.261378252506256
epoch 3, loss is 1.0616840056578318
epoch 4, loss is 0.8372642970085145
epoch 5, loss is 0.7557423462470373
epoch 6, loss is 0.5570034731427829
epoch 7, loss is 0.5070224934319655
epoch 8, loss is 0.5881359683970611
epoch 9, loss is 0.4264438356459141
start training memory model
epoch 0, loss is 0.3242357671260834
epoch 1, loss is 0.3522859811782837
epoch 2, loss is 0.31438544392585754
epoch 3, loss is 0.2323896586894989
epoch 4, loss is 0.26111966371536255
epoch 5, loss is 0.2668757736682892
epoch 6, loss is 0.27935394644737244
epoch 7, loss is 0.2774795591831207
epoch 8, loss is 0.24534650146961212
epoch 9, loss is 0.2550821006298065
start training simple model
epoch: 0, loss: 1.7314208235059465
epoch: 1, loss: 0.6524029161248889
epoch: 2, loss: 0.3400731555053166
epoch: 3, loss: 0.2331982201763562
epoch: 4, loss: 0.09698279095547539
epoch: 5, loss: 0.10026085855705398
epoch: 6, loss: 0.03514356378998075
epoch: 7, loss: 0.030269160999783447
epoch: 8, loss: 0.020113380093659674
epoch: 9, loss: 0.015712620823511055
start training memory model
epoch 0, loss is 5.354453836168561
epoch 1, loss is 4.574540717261178
epoch 2, loss is 3.7743005071367537
epoch 3, loss is 3.355632390294756
epoch 4, loss is 2.6621741907937184
epoch 5, loss is 2.7730048213686262
epoch 6, loss is 2.6097470011029924
epoch 7, loss is 2.260838099888393
epoch 8, loss is 1.9044803380966187
epoch 9, loss is 1.9331016540527344
start training memory model
epoch 0, loss is 5.215267300605774
epoch 1, loss is 5.062883615493774
epoch 2, loss is 4.33258318901062
epoch 3, loss is 2.922906756401062
epoch 4, loss is 3.590419054031372
epoch 5, loss is 2.943493366241455
epoch 6, loss is 3.094186544418335
epoch 7, loss is 3.210616707801819
epoch 8, loss is 3.1641165018081665
epoch 9, loss is 2.8569027185440063
start training simple model
epoch: 0, loss: 1.9321343558175224
epoch: 1, loss: 0.6285539184297834
epoch: 2, loss: 0.3094803180013384
epoch: 3, loss: 0.16640339366027287
epoch: 4, loss: 0.10639812690871102
epoch: 5, loss: 0.060913000255823135
epoch: 6, loss: 0.13324361933129175
epoch: 7, loss: 0.029664359454597746
epoch: 8, loss: 0.02399413234421185
epoch: 9, loss: 0.015184622124901839
start training memory model
epoch 0, loss is 4.398793288639614
epoch 1, loss is 3.590254238673619
epoch 2, loss is 3.1640590940202986
epoch 3, loss is 2.8544367381504605
epoch 4, loss is 2.763699395315988
epoch 5, loss is 2.5448123046330045
epoch 6, loss is 2.52839766229902
epoch 7, loss is 2.5180483545575822
epoch 8, loss is 2.4407923221588135
epoch 9, loss is 2.533327170780727
start training memory model
epoch 0, loss is 6.764186143875122
epoch 1, loss is 5.157775640487671
epoch 2, loss is 3.9529669284820557
epoch 3, loss is 3.2540119886398315
epoch 4, loss is 2.9135677814483643
epoch 5, loss is 2.599277973175049
epoch 6, loss is 2.3575649857521057
epoch 7, loss is 2.298332691192627
epoch 8, loss is 2.159919023513794
epoch 9, loss is 2.1680723428726196
start training simple model
epoch: 0, loss: 2.111726863043649
epoch: 1, loss: 0.685745188168117
epoch: 2, loss: 0.2500361331871578
epoch: 3, loss: 0.1367223145706313
epoch: 4, loss: 0.059933201276830265
epoch: 5, loss: 0.03498570328312261
epoch: 6, loss: 0.02156808732875756
epoch: 7, loss: 0.017431115631812384
epoch: 8, loss: 0.019867593289486
epoch: 9, loss: 0.023255109254802977
start training memory model
epoch 0, loss is 4.6882283346993585
epoch 1, loss is 3.7792864186423167
epoch 2, loss is 3.524184669767107
epoch 3, loss is 3.362471342086792
epoch 4, loss is 3.3684740407126292
epoch 5, loss is 3.152106693812779
epoch 6, loss is 3.1120167119162425
epoch 7, loss is 2.971703461238316
epoch 8, loss is 2.9975878851754323
epoch 9, loss is 2.8618933132716586
start training memory model
epoch 0, loss is 8.593602180480957
epoch 1, loss is 6.650933424631755
epoch 2, loss is 4.871318658192952
epoch 3, loss is 4.612361113230388
epoch 4, loss is 3.985443035761515
epoch 5, loss is 3.536795695622762
epoch 6, loss is 3.410900274912516
epoch 7, loss is 3.309463898340861
epoch 8, loss is 3.079484303792318
epoch 9, loss is 3.1236842473347983
start training simple model
epoch: 0, loss: 2.586016615231832
epoch: 1, loss: 0.9477005898952484
epoch: 2, loss: 0.4187115530172984
epoch: 3, loss: 0.21551533664266267
epoch: 4, loss: 0.11466631044944127
epoch: 5, loss: 0.08593697287142277
epoch: 6, loss: 0.06321364144484203
epoch: 7, loss: 0.048959892243146896
epoch: 8, loss: 0.03372222992281119
epoch: 9, loss: 0.026790401587883633
start training memory model
epoch 0, loss is 5.721314986546834
epoch 1, loss is 5.173868735631307
epoch 2, loss is 4.500237544377645
epoch 3, loss is 4.419243097305298
epoch 4, loss is 4.212720314661662
epoch 5, loss is 4.208268165588379
epoch 6, loss is 3.9730465412139893
epoch 7, loss is 3.99216091632843
epoch 8, loss is 3.7376999060312905
epoch 9, loss is 3.8440893491109214
start training memory model
epoch 0, loss is 9.356058597564697
epoch 1, loss is 6.001431226730347
epoch 2, loss is 4.938929975032806
epoch 3, loss is 4.705313682556152
epoch 4, loss is 4.83606618642807
epoch 5, loss is 4.0333291888237
epoch 6, loss is 3.6990878582000732
epoch 7, loss is 3.464874029159546
epoch 8, loss is 3.3827425837516785
epoch 9, loss is 3.8523916006088257
start training simple model
epoch: 0, loss: 2.5140304395130704
epoch: 1, loss: 0.9475093909672329
epoch: 2, loss: 0.40337454846927095
epoch: 3, loss: 0.35415564690317425
epoch: 4, loss: 0.2314587959221431
epoch: 5, loss: 0.2417536580136844
epoch: 6, loss: 0.22313443358455384
epoch: 7, loss: 0.13173911081893103
epoch: 8, loss: 0.09552856534719467
epoch: 9, loss: 0.05993191046374185
start training memory model
epoch 0, loss is 5.9714822087969095
epoch 1, loss is 5.172736304146903
epoch 2, loss is 5.0788469314575195
epoch 3, loss is 4.6305623054504395
epoch 4, loss is 4.370771476200649
epoch 5, loss is 4.459970133645194
epoch 6, loss is 4.456379175186157
epoch 7, loss is 4.217608622142246
epoch 8, loss is 4.053654704775129
epoch 9, loss is 3.913133382797241
start training memory model
epoch 0, loss is 9.157744407653809
epoch 1, loss is 6.8986780643463135
epoch 2, loss is 5.525271534919739
epoch 3, loss is 4.556787371635437
epoch 4, loss is 4.1033148765563965
epoch 5, loss is 3.6353280544281006
epoch 6, loss is 3.4629911184310913
epoch 7, loss is 3.3081276416778564
epoch 8, loss is 3.2271403074264526
epoch 9, loss is 3.139635145664215
start training simple model
epoch: 0, loss: 2.8725112165723528
epoch: 1, loss: 1.242088760648455
epoch: 2, loss: 0.6252250501087734
epoch: 3, loss: 0.42365895211696625
epoch: 4, loss: 0.3604712592703955
epoch: 5, loss: 0.302255106823785
epoch: 6, loss: 0.1919007727078029
epoch: 7, loss: 0.17053440053548133
epoch: 8, loss: 0.11661925592592784
epoch: 9, loss: 0.11126932022827012
start training memory model
epoch 0, loss is 5.552017688751221
epoch 1, loss is 5.1375530787876675
epoch 2, loss is 4.839191028050014
epoch 3, loss is 4.7095536504473
epoch 4, loss is 4.514261790684292
epoch 5, loss is 4.576352596282959
epoch 6, loss is 4.346836226327079
epoch 7, loss is 4.392651217324393
epoch 8, loss is 4.24182425226484
epoch 9, loss is 4.194641385759626
start training memory model
epoch 0, loss is 8.127158069610596
epoch 1, loss is 5.7925468444824215
epoch 2, loss is 4.646514654159546
epoch 3, loss is 3.9803248405456544
epoch 4, loss is 3.47300124168396
epoch 5, loss is 3.2347148418426515
epoch 6, loss is 3.071254539489746
epoch 7, loss is 2.9451169967651367
epoch 8, loss is 2.828440523147583
epoch 9, loss is 2.8257253646850584
start training simple model
epoch: 0, loss: 2.9246950490134105
epoch: 1, loss: 0.9637641651289803
epoch: 2, loss: 0.27302032709121704
epoch: 3, loss: 0.0979847785617624
epoch: 4, loss: 0.08281853103211947
epoch: 5, loss: 0.030580306824828898
epoch: 6, loss: 0.03281461141471352
epoch: 7, loss: 0.023977015832705156
epoch: 8, loss: 0.019441350097102777
epoch: 9, loss: 0.01256167609244585
start training memory model
epoch 0, loss is 6.123853547232492
epoch 1, loss is 5.703574589320591
epoch 2, loss is 5.127192871911185
epoch 3, loss is 5.083011763436454
epoch 4, loss is 4.906098365783691
epoch 5, loss is 5.130026681082589
epoch 6, loss is 4.916286502565656
epoch 7, loss is 4.651060479027884
epoch 8, loss is 4.531117677688599
epoch 9, loss is 4.524617535727365
start training memory model
epoch 0, loss is 10.762336333592733
epoch 1, loss is 7.478485504786174
epoch 2, loss is 4.967207670211792
epoch 3, loss is 4.291364034016927
epoch 4, loss is 3.9855353434880576
epoch 5, loss is 3.438063104947408
epoch 6, loss is 3.3099259535471597
epoch 7, loss is 3.167271892229716
epoch 8, loss is 3.2511513233184814
epoch 9, loss is 3.1623443762461343
round: 4, current_acc: [0.888030888030888, 0.45045045045045046, 0.5637583892617449, 0.6778242677824268, 0.8641304347826086, 0.6021505376344086, 0.5875706214689266, 0.8248587570621468], history_acc: [0.888030888030888, 0.7216216216216216, 0.7154105736782902, 0.6781914893617021, 0.6280487804878049, 0.5725958516656191, 0.5449871465295629, 0.501885014137606]
set seed: 600
Shuffle index: [7 1 3 6 4 0 2 5]
start training simple model
epoch: 0, loss: 1.393065656820933
epoch: 1, loss: 0.5415473364790281
epoch: 2, loss: 0.3542747196058432
epoch: 3, loss: 0.31348752081394193
epoch: 4, loss: 0.23719449398418269
epoch: 5, loss: 0.1824022302404046
epoch: 6, loss: 0.1432792142033577
epoch: 7, loss: 0.10507909594103694
epoch: 8, loss: 0.08648295807962617
epoch: 9, loss: 0.08398419034046431
start training memory model
epoch 0, loss is 2.5884744628270466
epoch 1, loss is 1.8856140406926474
epoch 2, loss is 1.6253539474805196
epoch 3, loss is 1.3345369140307108
epoch 4, loss is 1.092020354270935
epoch 5, loss is 0.8590281522274017
epoch 6, loss is 0.7875138330459595
epoch 7, loss is 0.7351041108369827
epoch 8, loss is 0.6454474647839864
epoch 9, loss is 0.5795665999253591
start training memory model
epoch 0, loss is 1.382139801979065
epoch 1, loss is 0.45206591486930847
epoch 2, loss is 1.3608074188232422
epoch 3, loss is 0.3117392063140869
epoch 4, loss is 0.44886350631713867
epoch 5, loss is 0.4353523850440979
epoch 6, loss is 0.4177689552307129
epoch 7, loss is 0.44845882058143616
epoch 8, loss is 0.4102870523929596
epoch 9, loss is 0.39151349663734436
start training simple model
epoch: 0, loss: 2.0843978921572366
epoch: 1, loss: 0.979807049036026
epoch: 2, loss: 0.43534280359745026
epoch: 3, loss: 0.2838399757941564
epoch: 4, loss: 0.147835411131382
epoch: 5, loss: 0.0969463549554348
epoch: 6, loss: 0.06611803236107032
epoch: 7, loss: 0.03849449381232262
epoch: 8, loss: 0.020482726395130157
epoch: 9, loss: 0.020072775427252054
start training memory model
epoch 0, loss is 5.017298261324565
epoch 1, loss is 4.786612788836162
epoch 2, loss is 3.0440480510393777
epoch 3, loss is 2.858153223991394
epoch 4, loss is 2.575628876686096
epoch 5, loss is 2.522184352080027
epoch 6, loss is 2.0520456631978354
epoch 7, loss is 2.0312403241793313
epoch 8, loss is 2.2016669114430747
epoch 9, loss is 1.9436487356821697
start training memory model
epoch 0, loss is 4.790614604949951
epoch 1, loss is 5.486160039901733
epoch 2, loss is 4.115514636039734
epoch 3, loss is 2.732170581817627
epoch 4, loss is 2.7526069283485413
epoch 5, loss is 2.175981879234314
epoch 6, loss is 1.9506090879440308
epoch 7, loss is 2.1595808267593384
epoch 8, loss is 1.6103144884109497
epoch 9, loss is 1.5015117228031158
start training simple model
epoch: 0, loss: 1.926844903400966
epoch: 1, loss: 0.6860637962818146
epoch: 2, loss: 0.3416722608464105
epoch: 3, loss: 0.2162956685892173
epoch: 4, loss: 0.24793285291109765
epoch: 5, loss: 0.0692363189799445
epoch: 6, loss: 0.05108379027140992
epoch: 7, loss: 0.04784142691642046
epoch: 8, loss: 0.0272475341334939
epoch: 9, loss: 0.024880601492311274
start training memory model
epoch 0, loss is 6.246344430106027
epoch 1, loss is 4.338342257908413
epoch 2, loss is 4.1354105813162665
epoch 3, loss is 3.958702428000314
epoch 4, loss is 3.240096398762294
epoch 5, loss is 3.1296273299625943
epoch 6, loss is 3.2513094629560197
epoch 7, loss is 2.9413441930498396
epoch 8, loss is 2.915932757513864
epoch 9, loss is 2.775011811937605
start training memory model
epoch 0, loss is 7.234171152114868
epoch 1, loss is 5.5885632038116455
epoch 2, loss is 4.582668304443359
epoch 3, loss is 4.133108139038086
epoch 4, loss is 3.276777148246765
epoch 5, loss is 3.207494616508484
epoch 6, loss is 2.904602885246277
epoch 7, loss is 2.826046943664551
epoch 8, loss is 2.7356338500976562
epoch 9, loss is 2.550723910331726
start training simple model
epoch: 0, loss: 2.232240762029375
epoch: 1, loss: 0.7775164800030845
epoch: 2, loss: 0.43993665490831646
epoch: 3, loss: 0.3090841897896358
epoch: 4, loss: 0.16390956778611457
epoch: 5, loss: 0.13417270992483413
epoch: 6, loss: 0.08823874752436366
epoch: 7, loss: 0.06455583285008158
epoch: 8, loss: 0.10407858288713864
epoch: 9, loss: 0.04051538264112813
start training memory model
epoch 0, loss is 6.5287008966718405
epoch 1, loss is 5.254189831869943
epoch 2, loss is 5.080311366489956
epoch 3, loss is 4.85297509602138
epoch 4, loss is 4.58966156414577
epoch 5, loss is 4.394013915743146
epoch 6, loss is 4.40457854952131
epoch 7, loss is 4.668307815279279
epoch 8, loss is 4.181308235440936
epoch 9, loss is 4.064643519265311
start training memory model
epoch 0, loss is 8.697270393371582
epoch 1, loss is 7.114548683166504
epoch 2, loss is 5.0061845779418945
epoch 3, loss is 4.547016779581706
epoch 4, loss is 4.0466024080912275
epoch 5, loss is 3.8084491888682046
epoch 6, loss is 3.6544543902079263
epoch 7, loss is 3.527252991994222
epoch 8, loss is 3.3259329001108804
epoch 9, loss is 3.32138458887736
start training simple model
epoch: 0, loss: 2.5767562900270735
epoch: 1, loss: 0.8790953159332275
epoch: 2, loss: 0.3451414406299591
epoch: 3, loss: 0.15184117427894048
epoch: 4, loss: 0.10914765724114009
epoch: 5, loss: 0.06596323422023229
epoch: 6, loss: 0.03259492000298841
epoch: 7, loss: 0.02678962397788252
epoch: 8, loss: 0.01904348430356809
epoch: 9, loss: 0.017063073414777006
start training memory model
epoch 0, loss is 4.575766699654715
epoch 1, loss is 4.0282808031354636
epoch 2, loss is 3.4604367528642928
epoch 3, loss is 3.4357887336186
epoch 4, loss is 3.4635134083884105
epoch 5, loss is 3.0897946698325023
epoch 6, loss is 3.1415622574942454
epoch 7, loss is 3.102847235543387
epoch 8, loss is 3.0145172391619
epoch 9, loss is 2.963381120136806
start training memory model
epoch 0, loss is 7.688803791999817
epoch 1, loss is 5.793617844581604
epoch 2, loss is 4.627727746963501
epoch 3, loss is 3.8665886521339417
epoch 4, loss is 3.0358816981315613
epoch 5, loss is 2.755664825439453
epoch 6, loss is 2.6673634946346283
epoch 7, loss is 2.611474573612213
epoch 8, loss is 2.5881186723709106
epoch 9, loss is 2.5821791291236877
start training simple model
epoch: 0, loss: 2.772304262433733
epoch: 1, loss: 1.0929396322795324
epoch: 2, loss: 0.6422451606818608
epoch: 3, loss: 0.5119517360414777
epoch: 4, loss: 0.3585594253880637
epoch: 5, loss: 0.2799328991344997
epoch: 6, loss: 0.2508787491491863
epoch: 7, loss: 0.12910978442856244
epoch: 8, loss: 0.16958955781800406
epoch: 9, loss: 0.11447566481573242
start training memory model
epoch 0, loss is 7.03917578288487
epoch 1, loss is 6.380816527775356
epoch 2, loss is 6.2847417422703336
epoch 3, loss is 5.7778801918029785
epoch 4, loss is 5.779000418526786
epoch 5, loss is 5.782844815935407
epoch 6, loss is 5.555744647979736
epoch 7, loss is 5.601272514888218
epoch 8, loss is 5.4248930386134555
epoch 9, loss is 5.313635894230434
start training memory model
epoch 0, loss is 6.961183071136475
epoch 1, loss is 5.439325332641602
epoch 2, loss is 4.561371743679047
epoch 3, loss is 4.076095759868622
epoch 4, loss is 3.5996886491775513
epoch 5, loss is 3.3603894114494324
epoch 6, loss is 3.12526798248291
epoch 7, loss is 3.0426779985427856
epoch 8, loss is 3.0376192331314087
epoch 9, loss is 3.002920091152191
start training simple model
epoch: 0, loss: 2.634845665522984
epoch: 1, loss: 0.7560713078294482
epoch: 2, loss: 0.2559485360980034
epoch: 3, loss: 0.07559809221753053
epoch: 4, loss: 0.05916445888578892
epoch: 5, loss: 0.042110376858285496
epoch: 6, loss: 0.020386514653052603
epoch: 7, loss: 0.012982560986919063
epoch: 8, loss: 0.012218933951641833
epoch: 9, loss: 0.011284062173217535
start training memory model
epoch 0, loss is 4.599454471043178
epoch 1, loss is 3.9088378293173656
epoch 2, loss is 3.7147343158721924
epoch 3, loss is 3.699000903538295
epoch 4, loss is 3.5244830335889543
epoch 5, loss is 3.453636475971767
epoch 6, loss is 3.397733347756522
epoch 7, loss is 3.3425409453255788
epoch 8, loss is 3.3618544851030623
epoch 9, loss is 3.33049133845738
start training memory model
epoch 0, loss is 8.720156574249268
epoch 1, loss is 6.137112045288086
epoch 2, loss is 4.928322124481201
epoch 3, loss is 3.986393594741821
epoch 4, loss is 3.4184890747070313
epoch 5, loss is 3.1790349006652834
epoch 6, loss is 3.0500629425048826
epoch 7, loss is 2.7993640422821047
epoch 8, loss is 2.7306474685668944
epoch 9, loss is 2.674183988571167
start training simple model
epoch: 0, loss: 3.092642136982509
epoch: 1, loss: 1.2777322786194938
epoch: 2, loss: 0.40723277841295513
epoch: 3, loss: 0.1736069300345012
epoch: 4, loss: 0.12129700902317252
epoch: 5, loss: 0.06600130402616092
epoch: 6, loss: 0.03932840350483145
epoch: 7, loss: 0.029417727940848896
epoch: 8, loss: 0.024854764874492372
epoch: 9, loss: 0.0226427163662655
start training memory model
epoch 0, loss is 6.161564282008579
epoch 1, loss is 5.438266549791608
epoch 2, loss is 5.498362609318325
epoch 3, loss is 4.911706141063145
epoch 4, loss is 4.804909365517752
epoch 5, loss is 4.804088490349906
epoch 6, loss is 4.628870861870902
epoch 7, loss is 4.691020863396781
epoch 8, loss is 4.541583844593593
epoch 9, loss is 4.505059106009347
start training memory model
epoch 0, loss is 9.336390495300293
epoch 1, loss is 6.4403947194417315
epoch 2, loss is 4.76702078183492
epoch 3, loss is 3.9861934979756675
epoch 4, loss is 3.5878230730692544
epoch 5, loss is 3.340799609820048
epoch 6, loss is 4.10187566280365
epoch 7, loss is 3.152707099914551
epoch 8, loss is 2.9303361972173056
epoch 9, loss is 2.9542651971181235
round: 5, current_acc: [0.8552123552123552, 0.592391304347826, 0.6214689265536724, 0.37992831541218636, 0.8053691275167785, 0.5084745762711864, 0.8451882845188284, 0.8873873873873874], history_acc: [0.8552123552123552, 0.7378917378917379, 0.6928327645051194, 0.6234887737478411, 0.631981637337414, 0.5653220951234196, 0.5347368421052632, 0.5174363807728558]
>>>>>>>>>>>>>>>current_acc<<<<<<<<<<<<<<<


[0.8552123552123552, 0.592391304347826, 0.6214689265536724, 0.37992831541218636, 0.8053691275167785, 0.5084745762711864, 0.8451882845188284, 0.8873873873873874]


----------------------------------------


>>>>>>>>>>>>>>>history_acc<<<<<<<<<<<<<<<


[0.8552123552123552, 0.7378917378917379, 0.6928327645051194, 0.6234887737478411, 0.631981637337414, 0.5653220951234196, 0.5347368421052632, 0.5174363807728558]


----------------------------------------


>>>>>>>>>>>>>>>all_current_acc<<<<<<<<<<<<<<<


[0.8648648648648649, 0.536723163841808, 0.632768361581921, 0.7702702702702703, 0.8451882845188284, 0.5483870967741935, 0.5906040268456376, 0.8858695652173914]
[0.8976833976833977, 0.8120805369127517, 0.5706214689265536, 0.8695652173913043, 0.7322175732217573, 0.711864406779661, 0.9009009009009009, 0.6200716845878136]
[0.8648648648648649, 0.8152173913043478, 0.4350282485875706, 0.45878136200716846, 0.8558558558558559, 0.7248322147651006, 0.847457627118644, 0.9623430962343096]
[0.859073359073359, 0.6101694915254238, 0.43010752688172044, 0.6413043478260869, 0.8288288288288288, 0.4604519774011299, 0.891213389121339, 0.8120805369127517]
[0.888030888030888, 0.45045045045045046, 0.5637583892617449, 0.6778242677824268, 0.8641304347826086, 0.6021505376344086, 0.5875706214689266, 0.8248587570621468]
[0.8552123552123552, 0.592391304347826, 0.6214689265536724, 0.37992831541218636, 0.8053691275167785, 0.5084745762711864, 0.8451882845188284, 0.8873873873873874]


----------------------------------------


>>>>>>>>>>>>>>>all_current_acc_mean<<<<<<<<<<<<<<<


[0.8716216216216216, 0.6361720563971013, 0.5422921536321971, 0.6329456301149071, 0.8219316841207762, 0.5926934682709466, 0.7771558083290461, 0.8321018379003001]


----------------------------------------


>>>>>>>>>>>>>>>all_current_acc_std<<<<<<<<<<<<<<<


all_current_acc_std:  [0.015633887533148448, 0.13538618236065567, 0.08145468142566278, 0.16895847615227838, 0.04442777664965781, 0.09856933710455364, 0.13455906600502368, 0.10670859578179806]


----------------------------------------


>>>>>>>>>>>>>>>all_history_acc<<<<<<<<<<<<<<<


[0.8648648648648649, 0.7006880733944955, 0.657769304099142, 0.5948072383949646, 0.5450331125827814, 0.48854108440469535, 0.5201238390092879, 0.49104618284637136]
[0.8976833976833977, 0.8650674662668666, 0.7463271302644466, 0.7095435684647303, 0.6876731301939059, 0.6428130783466995, 0.5849158979924037, 0.5240339302544769]
[0.8648648648648649, 0.8133903133903134, 0.6325757575757576, 0.6277153558052434, 0.6127167630057804, 0.570926143024619, 0.5289431757833245, 0.5075400565504241]
[0.859073359073359, 0.7841726618705036, 0.6427104722792608, 0.5699481865284974, 0.5507246376811594, 0.5236447520184544, 0.5174860618347694, 0.4948162111215834]
[0.888030888030888, 0.7216216216216216, 0.7154105736782902, 0.6781914893617021, 0.6280487804878049, 0.5725958516656191, 0.5449871465295629, 0.501885014137606]
[0.8552123552123552, 0.7378917378917379, 0.6928327645051194, 0.6234887737478411, 0.631981637337414, 0.5653220951234196, 0.5347368421052632, 0.5174363807728558]


----------------------------------------


>>>>>>>>>>>>>>>all_history_acc_mean<<<<<<<<<<<<<<<


all_history_acc:  [0.8716216216216216, 0.7704719790725898, 0.6812710004003361, 0.6339491020504965, 0.6093630102148077, 0.5606405007639178, 0.5385321605424354, 0.5061262959472196]


----------------------------------------


>>>>>>>>>>>>>>>all_history_acc_std<<<<<<<<<<<<<<<


all_history_acc_std:  [0.015633887533148448, 0.056709231108404416, 0.040706174014650265, 0.04734341370239952, 0.049297189431840034, 0.04759199153362728, 0.022661551826651853, 0.011718336098999839]


----------------------------------------


