config: 
{
    "batch_size": 8,
    "gradient_accumulation_steps": 4,
    "total_round": 6,
    "drop_out": 0.5,
    "num_workers": 2,
    "step1_epochs": 5,
    "step2_epochs": 15,
    "step3_epochs": 20,
    "num_protos": 1,
    "device": "cuda",
    "seed": 100,
    "max_grad_norm": 10,
    "task_length": 8,
    "kl_temp": 2,
    "temp": 0.1,
    "bert_path": "./bert-base-uncased",
    "max_length": 256,
    "vocab_size": 30522,
    "marker_size": 4,
    "pattern": "entity_marker",
    "encoder_output_size": 768,
    "drop_p": 0.1,
    "f_pass": 10,
    "kappa_neg": 0.03,
    "kappa_pos": 0.05,
    "T_mult": 1,
    "rewarm_epoch_num": 2,
    "decay_rate": 0.9,
    "decay_steps": 800,
    "num_of_relation": 80,
    "rel_index": "data/fewrel/rel_index.npy",
    "relation_file": "data/fewrel/relation_name.txt",
    "rel_cluster_label": "data/fewrel/CFRLdata_10_100_10_5/rel_cluster_label_0.npy",
    "training_file": "data/fewrel/CFRLdata_10_100_10_5/train_0.txt",
    "valid_file": "data/fewrel/CFRLdata_10_100_10_5/valid_0.txt",
    "test_file": "data/fewrel/CFRLdata_10_100_10_5/test_0.txt"
}
----------------------------------------
set seed: 100
Shuffle index: [7 0 6 2 5 1 4 3]
round: 0, current_acc: [0.947, 0.748, 0.78, 0.863, 0.781, 0.785, 0.661, 0.789], history_acc: [0.947, 0.815, 0.7893333333333333, 0.745, 0.706, 0.677, 0.6244285714285714, 0.6095]
set seed: 200
Shuffle index: [7 6 5 2 1 0 3 4]
round: 1, current_acc: [0.942, 0.671, 0.749, 0.796, 0.764, 0.72, 0.889, 0.774], history_acc: [0.942, 0.7855, 0.745, 0.707, 0.6634, 0.6335, 0.642, 0.6185]
set seed: 300
Shuffle index: [7 3 2 5 0 6 4 1]
round: 2, current_acc: [0.947, 0.773, 0.751, 0.744, 0.876, 0.691, 0.708, 0.721], history_acc: [0.947, 0.8405, 0.771, 0.7285, 0.7304, 0.6928333333333333, 0.6612857142857143, 0.65075]
set seed: 400
Shuffle index: [7 3 1 6 0 5 2 4]
round: 3, current_acc: [0.953, 0.757, 0.789, 0.795, 0.863, 0.697, 0.759, 0.658], history_acc: [0.953, 0.831, 0.7603333333333333, 0.7195, 0.7112, 0.6696666666666666, 0.6534285714285715, 0.613875]
set seed: 500
Shuffle index: [7 0 2 1 5 4 3 6]
round: 4, current_acc: [0.945, 0.829, 0.685, 0.796, 0.865, 0.778, 0.705, 0.732], history_acc: [0.945, 0.8705, 0.7916666666666666, 0.75775, 0.7382, 0.7131666666666666, 0.6798571428571428, 0.658]
set seed: 600
Shuffle index: [7 1 3 6 4 0 2 5]
round: 5, current_acc: [0.934, 0.857, 0.72, 0.764, 0.667, 0.667, 0.748, 0.877], history_acc: [0.934, 0.876, 0.7923333333333333, 0.71425, 0.6614, 0.6255, 0.6115714285714285, 0.62625]
