config: 
{
    "batch_size": 8,
    "gradient_accumulation_steps": 4,
    "total_round": 6,
    "drop_out": 0.5,
    "num_workers": 2,
    "step1_epochs": 10,
    "step2_epochs": 10,
    "step3_epochs": 10,
    "num_protos": 1,
    "device": "cuda",
    "seed": 100,
    "max_grad_norm": 10,
    "task_length": 8,
    "kl_temp": 2,
    "temp": 0.1,
    "bert_path": "./bert-base-uncased",
    "max_length": 256,
    "vocab_size": 30522,
    "marker_size": 4,
    "use_marker": true,
    "template": "[E1] [MASK] [E2]",
    "pattern": "entity_marker",
    "encoder_output_size": 768,
    "drop_p": 0.1,
    "f_pass": 10,
    "kappa_neg": 0.03,
    "kappa_pos": 0.05,
    "T_mult": 1,
    "rewarm_epoch_num": 2,
    "decay_rate": 0.9,
    "decay_steps": 800,
    "num_of_relation": 80,
    "rel_index": "data/fewrel/rel_index.npy",
    "relation_file": "data/fewrel/relation_name.txt",
    "rel_cluster_label": "data/fewrel/CFRLdata_10_100_10_10/rel_cluster_label_0.npy",
    "training_file": "data/fewrel/CFRLdata_10_100_10_10/train_0.txt",
    "valid_file": "data/fewrel/CFRLdata_10_100_10_10/valid_0.txt",
    "test_file": "data/fewrel/CFRLdata_10_100_10_10/test_0.txt",
    "retain_prev": false,
    "use_entity_marker": true,
    "use_unused": true,
    "prompt_length": 1
}
----------------------------------------
set seed: 100
Shuffle index: [7 0 6 2 5 1 4 3]
round: 0, current_acc: [0.967, 0.812, 0.661, 0.822, 0.838, 0.702, 0.922, 0.883], history_acc: [0.967, 0.8635, 0.7276666666666667, 0.7265, 0.6996, 0.6701666666666667, 0.6732857142857143, 0.664625]
set seed: 200
Shuffle index: [7 6 5 2 1 0 3 4]
round: 1, current_acc: [0.957, 0.899, 0.824, 0.901, 0.798, 0.648, 0.865, 0.641], history_acc: [0.957, 0.921, 0.873, 0.8565, 0.8024, 0.7448333333333333, 0.7297142857142858, 0.670875]
set seed: 300
Shuffle index: [7 3 2 5 0 6 4 1]
round: 2, current_acc: [0.95, 0.904, 0.872, 0.64, 0.847, 0.911, 0.723, 0.79], history_acc: [0.95, 0.915, 0.8773333333333333, 0.78375, 0.75, 0.7478333333333333, 0.692, 0.6775]
set seed: 400
Shuffle index: [7 3 1 6 0 5 2 4]
round: 3, current_acc: [0.963, 0.573, 0.69, 0.883, 0.872, 0.842, 0.84, 0.923], history_acc: [0.963, 0.7485, 0.701, 0.68375, 0.6888, 0.6628333333333334, 0.6448571428571429, 0.66425]
set seed: 500
Shuffle index: [7 0 2 1 5 4 3 6]
round: 4, current_acc: [0.964, 0.763, 0.92, 0.821, 0.908, 0.664, 0.833, 0.698], history_acc: [0.964, 0.84, 0.8693333333333333, 0.82175, 0.7968, 0.7398333333333333, 0.7308571428571429, 0.681125]
set seed: 600
Shuffle index: [7 1 3 6 4 0 2 5]
round: 5, current_acc: [0.959, 0.92, 0.592, 0.646, 0.917, 0.858, 0.804, 0.888], history_acc: [0.959, 0.9245, 0.771, 0.70875, 0.7144, 0.7111666666666666, 0.6717142857142857, 0.675125]
>>>>>>>>>>>>>>>current_acc<<<<<<<<<<<<<<<


[0.959, 0.92, 0.592, 0.646, 0.917, 0.858, 0.804, 0.888]


----------------------------------------


>>>>>>>>>>>>>>>history_acc<<<<<<<<<<<<<<<


[0.959, 0.9245, 0.771, 0.70875, 0.7144, 0.7111666666666666, 0.6717142857142857, 0.675125]


----------------------------------------


>>>>>>>>>>>>>>>all_current_acc<<<<<<<<<<<<<<<


[0.967, 0.812, 0.661, 0.822, 0.838, 0.702, 0.922, 0.883]
[0.957, 0.899, 0.824, 0.901, 0.798, 0.648, 0.865, 0.641]
[0.95, 0.904, 0.872, 0.64, 0.847, 0.911, 0.723, 0.79]
[0.963, 0.573, 0.69, 0.883, 0.872, 0.842, 0.84, 0.923]
[0.964, 0.763, 0.92, 0.821, 0.908, 0.664, 0.833, 0.698]
[0.959, 0.92, 0.592, 0.646, 0.917, 0.858, 0.804, 0.888]


----------------------------------------


>>>>>>>>>>>>>>>all_current_acc_mean<<<<<<<<<<<<<<<


[0.96, 0.8118333333333334, 0.7598333333333332, 0.7855, 0.8633333333333333, 0.7708333333333334, 0.8311666666666667, 0.8038333333333334]


----------------------------------------


>>>>>>>>>>>>>>>all_current_acc_std<<<<<<<<<<<<<<<


all_current_acc_std:  [0.005537749241945388, 0.12056729333539104, 0.11913915766400604, 0.10493609166217947, 0.041083924945030374, 0.10291487852697598, 0.060435686661294945, 0.10445001462688054]


----------------------------------------


>>>>>>>>>>>>>>>all_history_acc<<<<<<<<<<<<<<<


[0.967, 0.8635, 0.7276666666666667, 0.7265, 0.6996, 0.6701666666666667, 0.6732857142857143, 0.664625]
[0.957, 0.921, 0.873, 0.8565, 0.8024, 0.7448333333333333, 0.7297142857142858, 0.670875]
[0.95, 0.915, 0.8773333333333333, 0.78375, 0.75, 0.7478333333333333, 0.692, 0.6775]
[0.963, 0.7485, 0.701, 0.68375, 0.6888, 0.6628333333333334, 0.6448571428571429, 0.66425]
[0.964, 0.84, 0.8693333333333333, 0.82175, 0.7968, 0.7398333333333333, 0.7308571428571429, 0.681125]
[0.959, 0.9245, 0.771, 0.70875, 0.7144, 0.7111666666666666, 0.6717142857142857, 0.675125]


----------------------------------------


>>>>>>>>>>>>>>>all_history_acc_mean<<<<<<<<<<<<<<<


all_history_acc:  [0.96, 0.86875, 0.8032222222222222, 0.7635000000000001, 0.742, 0.7127777777777777, 0.6904047619047619, 0.67225]


----------------------------------------


>>>>>>>>>>>>>>>all_history_acc_std<<<<<<<<<<<<<<<


all_history_acc_std:  [0.005537749241945388, 0.062304862036066916, 0.07294789278470211, 0.062154042507305995, 0.04491651515125959, 0.03488362486827618, 0.03136122835590038, 0.0063064120808375]


----------------------------------------


