config: 
{
    "batch_size": 8,
    "gradient_accumulation_steps": 4,
    "total_round": 6,
    "drop_out": 0.5,
    "num_workers": 2,
    "step1_epochs": 10,
    "step2_epochs": 10,
    "step3_epochs": 10,
    "num_protos": 1,
    "device": "cuda",
    "seed": 100,
    "max_grad_norm": 10,
    "task_length": 8,
    "kl_temp": 2,
    "temp": 0.1,
    "bert_path": "./bert-base-uncased",
    "max_length": 256,
    "vocab_size": 30522,
    "marker_size": 4,
    "use_marker": true,
    "template": "[E1] [MASK] [E2]",
    "pattern": "entity_marker",
    "encoder_output_size": 768,
    "drop_p": 0.1,
    "f_pass": 10,
    "kappa_neg": 0.03,
    "kappa_pos": 0.05,
    "T_mult": 1,
    "rewarm_epoch_num": 2,
    "decay_rate": 0.9,
    "decay_steps": 800,
    "num_of_relation": 80,
    "rel_index": "data/fewrel/rel_index.npy",
    "relation_file": "data/fewrel/relation_name.txt",
    "rel_cluster_label": "data/fewrel/CFRLdata_10_100_10_10/rel_cluster_label_0.npy",
    "training_file": "data/fewrel/CFRLdata_10_100_10_10/train_0.txt",
    "valid_file": "data/fewrel/CFRLdata_10_100_10_10/valid_0.txt",
    "test_file": "data/fewrel/CFRLdata_10_100_10_10/test_0.txt",
    "retain_prev": false,
    "use_entity_marker": true,
    "use_unused": false,
    "prompt_length": 1
}
----------------------------------------
set seed: 100
Shuffle index: [7 0 6 2 5 1 4 3]
round: 0, current_acc: [0.957, 0.86, 0.722, 0.798, 0.819, 0.699, 0.919, 0.886], history_acc: [0.957, 0.8725, 0.7523333333333333, 0.727, 0.71, 0.6661666666666667, 0.6742857142857143, 0.6555]
set seed: 200
Shuffle index: [7 6 5 2 1 0 3 4]
round: 1, current_acc: [0.955, 0.891, 0.815, 0.902, 0.822, 0.711, 0.874, 0.617], history_acc: [0.955, 0.916, 0.858, 0.848, 0.7898, 0.7266666666666667, 0.7101428571428572, 0.663375]
set seed: 300
Shuffle index: [7 3 2 5 0 6 4 1]
round: 2, current_acc: [0.958, 0.903, 0.895, 0.687, 0.852, 0.907, 0.702, 0.819], history_acc: [0.958, 0.9085, 0.8863333333333333, 0.80075, 0.763, 0.7565, 0.6911428571428572, 0.677875]
set seed: 400
Shuffle index: [7 3 1 6 0 5 2 4]
round: 0, current_acc: [0.956, 0.655, 0.657, 0.885, 0.846, 0.832, 0.816, 0.908], history_acc: [0.956, 0.766, 0.6906666666666667, 0.6775, 0.6768, 0.6788333333333333, 0.6491428571428571, 0.6645]
set seed: 500
Shuffle index: [7 0 2 1 5 4 3 6]
round: 1, current_acc: [0.953, 0.812, 0.9, 0.785, 0.89, 0.628, 0.81, 0.67], history_acc: [0.953, 0.8625, 0.8766666666666667, 0.82875, 0.8042, 0.7343333333333333, 0.72, 0.676625]
set seed: 600
Shuffle index: [7 1 3 6 4 0 2 5]
round: 2, current_acc: [0.958, 0.925, 0.669, 0.646, 0.929, 0.848, 0.814, 0.86], history_acc: [0.958, 0.9105, 0.7666666666666667, 0.6945, 0.7162, 0.6981666666666667, 0.6827142857142857, 0.667625]
>>>>>>>>>>>>>>>current_acc<<<<<<<<<<<<<<<


[0.958, 0.925, 0.669, 0.646, 0.929, 0.848, 0.814, 0.86]


----------------------------------------


>>>>>>>>>>>>>>>history_acc<<<<<<<<<<<<<<<


[0.958, 0.9105, 0.7666666666666667, 0.6945, 0.7162, 0.6981666666666667, 0.6827142857142857, 0.667625]


----------------------------------------


>>>>>>>>>>>>>>>all_current_acc<<<<<<<<<<<<<<<

[0.957, 0.86, 0.722, 0.798, 0.819, 0.699, 0.919, 0.886]
[0.955, 0.891, 0.815, 0.902, 0.822, 0.711, 0.874, 0.617]
[0.958, 0.903, 0.895, 0.687, 0.852, 0.907, 0.702, 0.819]
[0.956, 0.655, 0.657, 0.885, 0.846, 0.832, 0.816, 0.908]
[0.953, 0.812, 0.9, 0.785, 0.89, 0.628, 0.81, 0.67]
[0.958, 0.925, 0.669, 0.646, 0.929, 0.848, 0.814, 0.86]


----------------------------------------


>>>>>>>>>>>>>>>all_current_acc_mean<<<<<<<<<<<<<<<


[0.95616667, 0.841     , 0.77633333, 0.78383333, 0.85966667, 0.77083333, 0.8225    , 0.79333333]


----------------------------------------


>>>>>>>>>>>>>>>all_current_acc_std<<<<<<<<<<<<<<<


all_current_acc_std:  [0.0020548046676563273, 0.11071384536522773, 0.11183022847155413, 0.09800340130151945, 0.033905096306537125, 0.10015099711047425, 0.002494438257849247, 0.10276618553244489]


----------------------------------------


>>>>>>>>>>>>>>>all_history_acc<<<<<<<<<<<<<<<

[0.957, 0.8725, 0.7523333333333333, 0.727, 0.71, 0.6661666666666667, 0.6742857142857143, 0.6555]
[0.955, 0.916, 0.858, 0.848, 0.7898, 0.7266666666666667, 0.7101428571428572, 0.663375]
[0.958, 0.9085, 0.8863333333333333, 0.80075, 0.763, 0.7565, 0.6911428571428572, 0.677875]
[0.956, 0.766, 0.6906666666666667, 0.6775, 0.6768, 0.6788333333333333, 0.6491428571428571, 0.6645]
[0.953, 0.8625, 0.8766666666666667, 0.82875, 0.8042, 0.7343333333333333, 0.72, 0.676625]
[0.958, 0.9105, 0.7666666666666667, 0.6945, 0.7162, 0.6981666666666667, 0.6827142857142857, 0.667625]


----------------------------------------


>>>>>>>>>>>>>>>all_history_acc_mean<<<<<<<<<<<<<<<


all_history_acc:  [0.95616667, 0.87266667, 0.80511111, 0.76275   , 0.74333333, 0.71011111, 0.68790476, 0.66758333]


----------------------------------------


>>>>>>>>>>>>>>>all_history_acc_std<<<<<<<<<<<<<<<


all_history_acc_std:  [0.0020548046676563273, 0.06008928541946743, 0.07635589186318385, 0.06764993635539422, 0.05325736255830427, 0.02300254950979601, 0.028940552094864316, 0.005140052420830849]


----------------------------------------


