config: 
{
    "batch_size": 8,
    "gradient_accumulation_steps": 4,
    "total_round": 6,
    "drop_out": 0.5,
    "num_workers": 2,
    "step1_epochs": 10,
    "step2_epochs": 10,
    "step3_epochs": 10,
    "num_protos": 1,
    "device": "cuda",
    "seed": 100,
    "max_grad_norm": 10,
    "task_length": 8,
    "kl_temp": 2,
    "temp": 0.1,
    "bert_path": "./bert-base-uncased",
    "max_length": 256,
    "vocab_size": 30522,
    "marker_size": 4,
    "use_marker": true,
    "template": "[E1] [MASK] [E2]",
    "pattern": "hardprompt",
    "encoder_output_size": 768,
    "drop_p": 0.1,
    "f_pass": 10,
    "kappa_neg": 0.03,
    "kappa_pos": 0.05,
    "T_mult": 1,
    "rewarm_epoch_num": 2,
    "decay_rate": 0.9,
    "decay_steps": 800,
    "num_of_relation": 80,
    "rel_index": "data/fewrel/rel_index.npy",
    "relation_file": "data/fewrel/relation_name.txt",
    "rel_cluster_label": "data/fewrel/CFRLdata_10_100_10_10/rel_cluster_label_0.npy",
    "training_file": "data/fewrel/CFRLdata_10_100_10_10/train_0.txt",
    "valid_file": "data/fewrel/CFRLdata_10_100_10_10/valid_0.txt",
    "test_file": "data/fewrel/CFRLdata_10_100_10_10/test_0.txt",
    "retain_prev": false,
    "use_entity_marker": true,
    "use_unused": true,
    "prompt_length": 1
}
----------------------------------------
set seed: 100
Shuffle index: [7 0 6 2 5 1 4 3]
round: 0, current_acc: [0.96, 0.922, 0.685, 0.816, 0.814, 0.731, 0.925, 0.913], history_acc: [0.96, 0.923, 0.7883333333333333, 0.74225, 0.7004, 0.6916666666666667, 0.6927142857142857, 0.679625]
set seed: 200
Shuffle index: [7 6 5 2 1 0 3 4]
round: 1, current_acc: [0.959, 0.921, 0.877, 0.904, 0.798, 0.687, 0.858, 0.656], history_acc: [0.959, 0.9315, 0.8783333333333333, 0.84675, 0.7954, 0.7305, 0.7092857142857143, 0.657375]
set seed: 300
Shuffle index: [7 3 2 5 0 6 4 1]
round: 2, current_acc: [0.96, 0.869, 0.908, 0.691, 0.854, 0.915, 0.704, 0.804], history_acc: [0.96, 0.9035, 0.8733333333333333, 0.80625, 0.7656, 0.7543333333333333, 0.6947142857142857, 0.670875]
set seed: 400
Shuffle index: [7 3 1 6 0 5 2 4]
round: 3, current_acc: [0.956, 0.617, 0.712, 0.883, 0.823, 0.867, 0.815, 0.922], history_acc: [0.956, 0.777, 0.7316666666666667, 0.71125, 0.6854, 0.6691666666666667, 0.6535714285714286, 0.661]
set seed: 500
Shuffle index: [7 0 2 1 5 4 3 6]
round: 4, current_acc: [0.962, 0.796, 0.921, 0.811, 0.883, 0.67, 0.849, 0.648], history_acc: [0.962, 0.866, 0.888, 0.819, 0.7992, 0.7376666666666667, 0.7311428571428571, 0.67525]
set seed: 600
Shuffle index: [7 1 3 6 4 0 2 5]
round: 5, current_acc: [0.961, 0.909, 0.632, 0.691, 0.929, 0.897, 0.774, 0.879], history_acc: [0.961, 0.9245, 0.7976666666666666, 0.73175, 0.7312, 0.7128333333333333, 0.6842857142857143, 0.670875]
>>>>>>>>>>>>>>>current_acc<<<<<<<<<<<<<<<


[0.961, 0.909, 0.632, 0.691, 0.929, 0.897, 0.774, 0.879]


----------------------------------------


>>>>>>>>>>>>>>>history_acc<<<<<<<<<<<<<<<


[0.961, 0.9245, 0.7976666666666666, 0.73175, 0.7312, 0.7128333333333333, 0.6842857142857143, 0.670875]


----------------------------------------


>>>>>>>>>>>>>>>all_current_acc<<<<<<<<<<<<<<<


[0.96, 0.922, 0.685, 0.816, 0.814, 0.731, 0.925, 0.913]
[0.959, 0.921, 0.877, 0.904, 0.798, 0.687, 0.858, 0.656]
[0.96, 0.869, 0.908, 0.691, 0.854, 0.915, 0.704, 0.804]
[0.956, 0.617, 0.712, 0.883, 0.823, 0.867, 0.815, 0.922]
[0.962, 0.796, 0.921, 0.811, 0.883, 0.67, 0.849, 0.648]
[0.961, 0.909, 0.632, 0.691, 0.929, 0.897, 0.774, 0.879]


----------------------------------------


>>>>>>>>>>>>>>>all_current_acc_mean<<<<<<<<<<<<<<<


[0.9596666666666667, 0.839, 0.7891666666666667, 0.7993333333333333, 0.8501666666666668, 0.7945000000000001, 0.8208333333333333, 0.8036666666666669]


----------------------------------------


>>>>>>>>>>>>>>>all_current_acc_std<<<<<<<<<<<<<<<


all_current_acc_std:  [0.0018856180831641283, 0.10843277487303676, 0.11599054080206522, 0.08350781733200527, 0.04486058651224061, 0.10113645897169493, 0.06940561136456398, 0.11377560761819244]


----------------------------------------


>>>>>>>>>>>>>>>all_history_acc<<<<<<<<<<<<<<<


[0.96, 0.923, 0.7883333333333333, 0.74225, 0.7004, 0.6916666666666667, 0.6927142857142857, 0.679625]
[0.959, 0.9315, 0.8783333333333333, 0.84675, 0.7954, 0.7305, 0.7092857142857143, 0.657375]
[0.96, 0.9035, 0.8733333333333333, 0.80625, 0.7656, 0.7543333333333333, 0.6947142857142857, 0.670875]
[0.956, 0.777, 0.7316666666666667, 0.71125, 0.6854, 0.6691666666666667, 0.6535714285714286, 0.661]
[0.962, 0.866, 0.888, 0.819, 0.7992, 0.7376666666666667, 0.7311428571428571, 0.67525]
[0.961, 0.9245, 0.7976666666666666, 0.73175, 0.7312, 0.7128333333333333, 0.6842857142857143, 0.670875]


----------------------------------------


>>>>>>>>>>>>>>>all_history_acc_mean<<<<<<<<<<<<<<<


all_history_acc:  [0.9596666666666667, 0.8875833333333333, 0.8262222222222221, 0.7762083333333334, 0.7462, 0.7160277777777777, 0.6942857142857143, 0.6691666666666668]


----------------------------------------


>>>>>>>>>>>>>>>all_history_acc_std<<<<<<<<<<<<<<<


all_history_acc_std:  [0.0018856180831641283, 0.05399646336155318, 0.05765307054450679, 0.05009832346385343, 0.044017572248667536, 0.028707241418787402, 0.023607043800671062, 0.007723970625411655]


----------------------------------------


