config: 
{
    "batch_size": 8,
    "gradient_accumulation_steps": 4,
    "total_round": 6,
    "drop_out": 0.5,
    "num_workers": 2,
    "step1_epochs": 10,
    "step2_epochs": 10,
    "step3_epochs": 10,
    "num_protos": 1,
    "device": "cuda",
    "seed": 100,
    "max_grad_norm": 10,
    "task_length": 8,
    "kl_temp": 2,
    "temp": 0.1,
    "bert_path": "./bert-base-uncased",
    "max_length": 256,
    "vocab_size": 30522,
    "marker_size": 4,
    "use_marker": true,
    "template": "[E1] [MASK] [E2]",
    "pattern": "hybridprompt",
    "encoder_output_size": 768,
    "drop_p": 0.1,
    "f_pass": 10,
    "kappa_neg": 0.03,
    "kappa_pos": 0.05,
    "T_mult": 1,
    "rewarm_epoch_num": 2,
    "decay_rate": 0.9,
    "decay_steps": 800,
    "num_of_relation": 80,
    "rel_index": "data/fewrel/rel_index.npy",
    "relation_file": "data/fewrel/relation_name.txt",
    "rel_cluster_label": "data/fewrel/CFRLdata_10_100_10_10/rel_cluster_label_0.npy",
    "training_file": "data/fewrel/CFRLdata_10_100_10_10/train_0.txt",
    "valid_file": "data/fewrel/CFRLdata_10_100_10_10/valid_0.txt",
    "test_file": "data/fewrel/CFRLdata_10_100_10_10/test_0.txt",
    "retain_prev": false,
    "use_entity_marker": true,
    "use_unused": true,
    "prompt_length": 1
}
----------------------------------------
set seed: 100
Shuffle index: [7 0 6 2 5 1 4 3]
round: 0, current_acc: [0.961, 0.922, 0.716, 0.809, 0.813, 0.724, 0.91, 0.905], history_acc: [0.961, 0.914, 0.7816666666666666, 0.74225, 0.711, 0.6906666666666667, 0.692, 0.667625]
set seed: 200
Shuffle index: [7 6 5 2 1 0 3 4]
round: 1, current_acc: [0.953, 0.914, 0.869, 0.902, 0.807, 0.626, 0.824, 0.676], history_acc: [0.953, 0.928, 0.8866666666666667, 0.86425, 0.794, 0.7266666666666667, 0.7128571428571429, 0.663125]
set seed: 300
Shuffle index: [7 3 2 5 0 6 4 1]
round: 2, current_acc: [0.96, 0.906, 0.898, 0.669, 0.87, 0.919, 0.664, 0.795], history_acc: [0.96, 0.892, 0.8803333333333333, 0.8165, 0.7854, 0.778, 0.7105714285714285, 0.692125]
set seed: 400
Shuffle index: [7 3 1 6 0 5 2 4]
round: 3, current_acc: [0.957, 0.612, 0.735, 0.893, 0.845, 0.856, 0.821, 0.91], history_acc: [0.957, 0.7725, 0.7296666666666667, 0.7105, 0.6946, 0.6821666666666667, 0.6688571428571428, 0.682375]
set seed: 500
Shuffle index: [7 0 2 1 5 4 3 6]
round: 4, current_acc: [0.949, 0.83, 0.924, 0.798, 0.914, 0.714, 0.847, 0.633], history_acc: [0.949, 0.874, 0.8743333333333333, 0.81725, 0.7934, 0.7308333333333333, 0.727, 0.67725]
set seed: 600
Shuffle index: [7 1 3 6 4 0 2 5]
round: 5, current_acc: [0.96, 0.911, 0.64, 0.678, 0.933, 0.87, 0.784, 0.847], history_acc: [0.96, 0.9005, 0.7723333333333333, 0.71925, 0.7314, 0.7218333333333333, 0.6998571428571428, 0.666625]
>>>>>>>>>>>>>>>current_acc<<<<<<<<<<<<<<<


[0.96, 0.911, 0.64, 0.678, 0.933, 0.87, 0.784, 0.847]


----------------------------------------


>>>>>>>>>>>>>>>history_acc<<<<<<<<<<<<<<<


[0.96, 0.9005, 0.7723333333333333, 0.71925, 0.7314, 0.7218333333333333, 0.6998571428571428, 0.666625]


----------------------------------------


>>>>>>>>>>>>>>>all_current_acc<<<<<<<<<<<<<<<


[0.961, 0.922, 0.716, 0.809, 0.813, 0.724, 0.91, 0.905]
[0.953, 0.914, 0.869, 0.902, 0.807, 0.626, 0.824, 0.676]
[0.96, 0.906, 0.898, 0.669, 0.87, 0.919, 0.664, 0.795]
[0.957, 0.612, 0.735, 0.893, 0.845, 0.856, 0.821, 0.91]
[0.949, 0.83, 0.924, 0.798, 0.914, 0.714, 0.847, 0.633]
[0.96, 0.911, 0.64, 0.678, 0.933, 0.87, 0.784, 0.847]


----------------------------------------


>>>>>>>>>>>>>>>all_current_acc_mean<<<<<<<<<<<<<<<


[0.9566666666666666, 0.8491666666666667, 0.797, 0.7915, 0.8636666666666666, 0.7848333333333333, 0.8083333333333335, 0.7943333333333333]


----------------------------------------


>>>>>>>>>>>>>>>all_current_acc_std<<<<<<<<<<<<<<<


all_current_acc_std:  [0.00434613493680177, 0.11043613035999085, 0.1053312236075641, 0.09196874469079155, 0.047447046506839854, 0.10349302177227002, 0.0749014166903552, 0.10679523501646607]


----------------------------------------


>>>>>>>>>>>>>>>all_history_acc<<<<<<<<<<<<<<<


[0.961, 0.914, 0.7816666666666666, 0.74225, 0.711, 0.6906666666666667, 0.692, 0.667625]
[0.953, 0.928, 0.8866666666666667, 0.86425, 0.794, 0.7266666666666667, 0.7128571428571429, 0.663125]
[0.96, 0.892, 0.8803333333333333, 0.8165, 0.7854, 0.778, 0.7105714285714285, 0.692125]
[0.957, 0.7725, 0.7296666666666667, 0.7105, 0.6946, 0.6821666666666667, 0.6688571428571428, 0.682375]
[0.949, 0.874, 0.8743333333333333, 0.81725, 0.7934, 0.7308333333333333, 0.727, 0.67725]
[0.96, 0.9005, 0.7723333333333333, 0.71925, 0.7314, 0.7218333333333333, 0.6998571428571428, 0.666625]


----------------------------------------


>>>>>>>>>>>>>>>all_history_acc_mean<<<<<<<<<<<<<<<


all_history_acc:  [0.9566666666666666, 0.8801666666666667, 0.8208333333333333, 0.7783333333333333, 0.7516333333333334, 0.7216944444444445, 0.7018571428571428, 0.6748541666666666]


----------------------------------------


>>>>>>>>>>>>>>>all_history_acc_std<<<<<<<<<<<<<<<


all_history_acc_std:  [0.00434613493680177, 0.051016881737540806, 0.061825246551155066, 0.05736881169725896, 0.04081019752736101, 0.031101300536500537, 0.01834514152812878, 0.010150024801556993]


----------------------------------------


