config: 
{
    "batch_size": 8,
    "gradient_accumulation_steps": 4,
    "total_round": 6,
    "drop_out": 0.5,
    "num_workers": 2,
    "step1_epochs": 10,
    "step2_epochs": 10,
    "step3_epochs": 10,
    "num_protos": 3,
    "device": "cuda",
    "seed": 100,
    "max_grad_norm": 10,
    "task_length": 8,
    "kl_temp": 2,
    "temp": 0.1,
    "bert_path": "./bert-base-uncased",
    "max_length": 256,
    "vocab_size": 30522,
    "marker_size": 4,
    "use_marker": true,
    "template": "[E1] [MASK] [E2]",
    "pattern": "hybridprompt",
    "encoder_output_size": 768,
    "drop_p": 0.1,
    "f_pass": 10,
    "kappa_neg": 0.03,
    "kappa_pos": 0.05,
    "T_mult": 1,
    "rewarm_epoch_num": 2,
    "decay_rate": 0.9,
    "decay_steps": 800,
    "num_of_relation": 80,
    "rel_index": "data/fewrel/rel_index.npy",
    "relation_file": "data/fewrel/relation_name.txt",
    "rel_cluster_label": "data/fewrel/CFRLdata_10_100_10_10/rel_cluster_label_0.npy",
    "training_file": "data/fewrel/CFRLdata_10_100_10_10/train_0.txt",
    "valid_file": "data/fewrel/CFRLdata_10_100_10_10/valid_0.txt",
    "test_file": "data/fewrel/CFRLdata_10_100_10_10/test_0.txt",
    "retain_prev": false,
    "use_entity_marker": true,
    "use_unused": true,
    "prompt_length": 1
}
----------------------------------------
set seed: 100
Shuffle index: [7 0 6 2 5 1 4 3]
round: 0, current_acc: [0.963, 0.921, 0.635, 0.812, 0.76, 0.688, 0.88, 0.826], history_acc: [0.963, 0.919, 0.7943333333333333, 0.7755, 0.7342, 0.709, 0.716, 0.702125]
set seed: 200
Shuffle index: [7 6 5 2 1 0 3 4]
round: 1, current_acc: [0.947, 0.913, 0.89, 0.887, 0.796, 0.658, 0.814, 0.653], history_acc: [0.947, 0.9265, 0.894, 0.878, 0.8328, 0.7818333333333334, 0.7607142857142857, 0.704625]
set seed: 300
Shuffle index: [7 3 2 5 0 6 4 1]
round: 2, current_acc: [0.964, 0.913, 0.916, 0.708, 0.836, 0.871, 0.552, 0.771], history_acc: [0.964, 0.9095, 0.895, 0.82975, 0.8034, 0.7953333333333333, 0.7212857142857143, 0.712125]
set seed: 400
Shuffle index: [7 3 1 6 0 5 2 4]
round: 3, current_acc: [0.961, 0.707, 0.692, 0.878, 0.823, 0.87, 0.789, 0.88], history_acc: [0.961, 0.818, 0.7416666666666667, 0.7255, 0.723, 0.728, 0.7035714285714286, 0.708125]
set seed: 500
Shuffle index: [7 0 2 1 5 4 3 6]
round: 4, current_acc: [0.957, 0.831, 0.911, 0.764, 0.878, 0.597, 0.837, 0.65], history_acc: [0.957, 0.876, 0.8813333333333333, 0.8235, 0.8222, 0.7608333333333334, 0.7564285714285715, 0.7105]
set seed: 600
Shuffle index: [7 1 3 6 4 0 2 5]
round: 5, current_acc: [0.961, 0.909, 0.606, 0.663, 0.897, 0.856, 0.781, 0.825], history_acc: [0.961, 0.9195, 0.7883333333333333, 0.71925, 0.7392, 0.7285, 0.704, 0.70425]
>>>>>>>>>>>>>>>current_acc<<<<<<<<<<<<<<<


[0.961, 0.909, 0.606, 0.663, 0.897, 0.856, 0.781, 0.825]


----------------------------------------


>>>>>>>>>>>>>>>history_acc<<<<<<<<<<<<<<<


[0.961, 0.9195, 0.7883333333333333, 0.71925, 0.7392, 0.7285, 0.704, 0.70425]


----------------------------------------


>>>>>>>>>>>>>>>all_current_acc<<<<<<<<<<<<<<<


[0.963, 0.921, 0.635, 0.812, 0.76, 0.688, 0.88, 0.826]
[0.947, 0.913, 0.89, 0.887, 0.796, 0.658, 0.814, 0.653]
[0.964, 0.913, 0.916, 0.708, 0.836, 0.871, 0.552, 0.771]
[0.961, 0.707, 0.692, 0.878, 0.823, 0.87, 0.789, 0.88]
[0.957, 0.831, 0.911, 0.764, 0.878, 0.597, 0.837, 0.65]
[0.961, 0.909, 0.606, 0.663, 0.897, 0.856, 0.781, 0.825]


----------------------------------------


>>>>>>>>>>>>>>>all_current_acc_mean<<<<<<<<<<<<<<<


[0.9588333333333333, 0.8656666666666667, 0.775, 0.7853333333333334, 0.8316666666666667, 0.7566666666666667, 0.7755, 0.7675]


----------------------------------------


>>>>>>>>>>>>>>>all_current_acc_std<<<<<<<<<<<<<<<


all_current_acc_std:  [0.005727613425813199, 0.07724132457578797, 0.13332416635154087, 0.08269959021798247, 0.04639923371014751, 0.11234421312298298, 0.10515821413470273, 0.08785736546622977]


----------------------------------------


>>>>>>>>>>>>>>>all_history_acc<<<<<<<<<<<<<<<


[0.963, 0.919, 0.7943333333333333, 0.7755, 0.7342, 0.709, 0.716, 0.702125]
[0.947, 0.9265, 0.894, 0.878, 0.8328, 0.7818333333333334, 0.7607142857142857, 0.704625]
[0.964, 0.9095, 0.895, 0.82975, 0.8034, 0.7953333333333333, 0.7212857142857143, 0.712125]
[0.961, 0.818, 0.7416666666666667, 0.7255, 0.723, 0.728, 0.7035714285714286, 0.708125]
[0.957, 0.876, 0.8813333333333333, 0.8235, 0.8222, 0.7608333333333334, 0.7564285714285715, 0.7105]
[0.961, 0.9195, 0.7883333333333333, 0.71925, 0.7392, 0.7285, 0.704, 0.70425]


----------------------------------------


>>>>>>>>>>>>>>>all_history_acc_mean<<<<<<<<<<<<<<<


all_history_acc:  [0.9588333333333333, 0.89475, 0.8324444444444444, 0.7919166666666667, 0.7757999999999999, 0.7505833333333333, 0.727, 0.7069583333333332]


----------------------------------------


>>>>>>>>>>>>>>>all_history_acc_std<<<<<<<<<<<<<<<


all_history_acc_std:  [0.005727613425813199, 0.03800959308735977, 0.06018202840724028, 0.057446110012389494, 0.0447617396146903, 0.031120844211628407, 0.023217252557667763, 0.003576301239486909]


----------------------------------------


