config: 
{
    "batch_size": 8,
    "gradient_accumulation_steps": 4,
    "total_round": 6,
    "drop_out": 0.5,
    "num_workers": 2,
    "step1_epochs": 10,
    "step2_epochs": 10,
    "step3_epochs": 10,
    "num_protos": 2,
    "device": "cuda",
    "seed": 100,
    "max_grad_norm": 10,
    "task_length": 8,
    "kl_temp": 2,
    "temp": 0.1,
    "bert_path": "./bert-base-uncased",
    "max_length": 256,
    "vocab_size": 30522,
    "marker_size": 4,
    "use_marker": true,
    "template": "[E1] [MASK] [E2]",
    "pattern": "hybridprompt",
    "encoder_output_size": 768,
    "drop_p": 0.1,
    "f_pass": 10,
    "kappa_neg": 0.03,
    "kappa_pos": 0.05,
    "T_mult": 1,
    "rewarm_epoch_num": 2,
    "decay_rate": 0.9,
    "decay_steps": 800,
    "num_of_relation": 80,
    "rel_index": "data/fewrel/rel_index.npy",
    "relation_file": "data/fewrel/relation_name.txt",
    "rel_cluster_label": "data/fewrel/CFRLdata_10_100_10_10/rel_cluster_label_0.npy",
    "training_file": "data/fewrel/CFRLdata_10_100_10_10/train_0.txt",
    "valid_file": "data/fewrel/CFRLdata_10_100_10_10/valid_0.txt",
    "test_file": "data/fewrel/CFRLdata_10_100_10_10/test_0.txt",
    "retain_prev": false,
    "use_entity_marker": true,
    "use_unused": true,
    "prompt_length": 1
}
----------------------------------------
set seed: 100
Shuffle index: [7 0 6 2 5 1 4 3]
round: 0, current_acc: [0.958, 0.908, 0.678, 0.838, 0.816, 0.662, 0.882, 0.879], history_acc: [0.958, 0.911, 0.8066666666666666, 0.768, 0.7384, 0.7033333333333334, 0.7164285714285714, 0.698875]
set seed: 200
Shuffle index: [7 6 5 2 1 0 3 4]
round: 1, current_acc: [0.946, 0.932, 0.897, 0.897, 0.821, 0.631, 0.791, 0.646], history_acc: [0.946, 0.9365, 0.8956666666666667, 0.88125, 0.8344, 0.7653333333333333, 0.7404285714285714, 0.698625]
set seed: 300
Shuffle index: [7 3 2 5 0 6 4 1]
round: 2, current_acc: [0.956, 0.911, 0.901, 0.71, 0.829, 0.899, 0.614, 0.771], history_acc: [0.956, 0.917, 0.8966666666666666, 0.8325, 0.7954, 0.7873333333333333, 0.7232857142857143, 0.7085]
set seed: 400
Shuffle index: [7 3 1 6 0 5 2 4]
round: 3, current_acc: [0.951, 0.695, 0.703, 0.892, 0.823, 0.864, 0.801, 0.916], history_acc: [0.951, 0.8085, 0.756, 0.7265, 0.7142, 0.7128333333333333, 0.6922857142857143, 0.699]
set seed: 500
Shuffle index: [7 0 2 1 5 4 3 6]
round: 4, current_acc: [0.957, 0.813, 0.912, 0.774, 0.898, 0.665, 0.825, 0.632], history_acc: [0.957, 0.8715, 0.8826666666666667, 0.8365, 0.8254, 0.7745, 0.763, 0.71325]
set seed: 600
Shuffle index: [7 1 3 6 4 0 2 5]
round: 5, current_acc: [0.962, 0.913, 0.632, 0.708, 0.918, 0.863, 0.797, 0.835], history_acc: [0.962, 0.9045, 0.7823333333333333, 0.723, 0.7382, 0.735, 0.7147142857142857, 0.7005]
>>>>>>>>>>>>>>>current_acc<<<<<<<<<<<<<<<


[0.962, 0.913, 0.632, 0.708, 0.918, 0.863, 0.797, 0.835]


----------------------------------------


>>>>>>>>>>>>>>>history_acc<<<<<<<<<<<<<<<


[0.962, 0.9045, 0.7823333333333333, 0.723, 0.7382, 0.735, 0.7147142857142857, 0.7005]


----------------------------------------


>>>>>>>>>>>>>>>all_current_acc<<<<<<<<<<<<<<<


[0.958, 0.908, 0.678, 0.838, 0.816, 0.662, 0.882, 0.879]
[0.946, 0.932, 0.897, 0.897, 0.821, 0.631, 0.791, 0.646]
[0.956, 0.911, 0.901, 0.71, 0.829, 0.899, 0.614, 0.771]
[0.951, 0.695, 0.703, 0.892, 0.823, 0.864, 0.801, 0.916]
[0.957, 0.813, 0.912, 0.774, 0.898, 0.665, 0.825, 0.632]
[0.962, 0.913, 0.632, 0.708, 0.918, 0.863, 0.797, 0.835]


----------------------------------------


>>>>>>>>>>>>>>>all_current_acc_mean<<<<<<<<<<<<<<<


[0.955, 0.8620000000000001, 0.7871666666666667, 0.8031666666666667, 0.8508333333333334, 0.7639999999999999, 0.785, 0.7798333333333334]


----------------------------------------


>>>>>>>>>>>>>>>all_current_acc_std<<<<<<<<<<<<<<<


all_current_acc_std:  [0.005163977794943227, 0.08397221762781629, 0.11809800543992642, 0.07799234292900528, 0.04100982267159368, 0.11248703629011358, 0.08234682750416072, 0.10898228704192663]


----------------------------------------


>>>>>>>>>>>>>>>all_history_acc<<<<<<<<<<<<<<<


[0.958, 0.911, 0.8066666666666666, 0.768, 0.7384, 0.7033333333333334, 0.7164285714285714, 0.698875]
[0.946, 0.9365, 0.8956666666666667, 0.88125, 0.8344, 0.7653333333333333, 0.7404285714285714, 0.698625]
[0.956, 0.917, 0.8966666666666666, 0.8325, 0.7954, 0.7873333333333333, 0.7232857142857143, 0.7085]
[0.951, 0.8085, 0.756, 0.7265, 0.7142, 0.7128333333333333, 0.6922857142857143, 0.699]
[0.957, 0.8715, 0.8826666666666667, 0.8365, 0.8254, 0.7745, 0.763, 0.71325]
[0.962, 0.9045, 0.7823333333333333, 0.723, 0.7382, 0.735, 0.7147142857142857, 0.7005]


----------------------------------------


>>>>>>>>>>>>>>>all_history_acc_mean<<<<<<<<<<<<<<<


all_history_acc:  [0.955, 0.8914999999999998, 0.8366666666666666, 0.794625, 0.7743333333333333, 0.7463888888888889, 0.7250238095238095, 0.703125]


----------------------------------------


>>>>>>>>>>>>>>>all_history_acc_std<<<<<<<<<<<<<<<


all_history_acc_std:  [0.005163977794943227, 0.04185988533190219, 0.0570908956872317, 0.05940253747385993, 0.04631855879546439, 0.031451118255257184, 0.02211510037054078, 0.005680742322384767]


----------------------------------------


