config: 
{
    "batch_size": 8,
    "gradient_accumulation_steps": 4,
    "total_round": 6,
    "drop_out": 0.5,
    "num_workers": 2,
    "step1_epochs": 10,
    "step2_epochs": 10,
    "step3_epochs": 10,
    "num_protos": 1,
    "device": "cuda",
    "seed": 100,
    "max_grad_norm": 10,
    "task_length": 8,
    "kl_temp": 2,
    "temp": 0.1,
    "bert_path": "./bert-base-uncased",
    "max_length": 256,
    "vocab_size": 30522,
    "marker_size": 4,
    "use_marker": true,
    "template": "[E1] [MASK] [E2]",
    "pattern": "softprompt",
    "encoder_output_size": 768,
    "drop_p": 0.1,
    "f_pass": 10,
    "kappa_neg": 0.03,
    "kappa_pos": 0.05,
    "T_mult": 1,
    "rewarm_epoch_num": 2,
    "decay_rate": 0.9,
    "decay_steps": 800,
    "num_of_relation": 80,
    "rel_index": "data/fewrel/rel_index.npy",
    "relation_file": "data/fewrel/relation_name.txt",
    "rel_cluster_label": "data/fewrel/CFRLdata_10_100_10_10/rel_cluster_label_0.npy",
    "training_file": "data/fewrel/CFRLdata_10_100_10_10/train_0.txt",
    "valid_file": "data/fewrel/CFRLdata_10_100_10_10/valid_0.txt",
    "test_file": "data/fewrel/CFRLdata_10_100_10_10/test_0.txt",
    "retain_prev": false,
    "use_entity_marker": true,
    "use_unused": true,
    "prompt_length": 1
}
----------------------------------------
set seed: 100
Shuffle index: [7 0 6 2 5 1 4 3]
round: 0, current_acc: [0.935, 0.823, 0.538, 0.779, 0.728, 0.582, 0.863, 0.829], history_acc: [0.935, 0.8455, 0.7033333333333334, 0.691, 0.65, 0.6016666666666667, 0.6157142857142858, 0.583375]
set seed: 200
Shuffle index: [7 6 5 2 1 0 3 4]
round: 1, current_acc: [0.927, 0.86, 0.791, 0.855, 0.681, 0.612, 0.833, 0.566], history_acc: [0.927, 0.8875, 0.817, 0.7985, 0.7168, 0.6585, 0.6485714285714286, 0.579125]
set seed: 300
Shuffle index: [7 3 2 5 0 6 4 1]
round: 2, current_acc: [0.92, 0.814, 0.809, 0.572, 0.848, 0.892, 0.668, 0.711], history_acc: [0.92, 0.8385, 0.806, 0.6895, 0.668, 0.6656666666666666, 0.6207142857142857, 0.593875]
set seed: 400
Shuffle index: [7 3 1 6 0 5 2 4]
round: 3, current_acc: [0.927, 0.515, 0.631, 0.771, 0.779, 0.791, 0.701, 0.869], history_acc: [0.927, 0.676, 0.6453333333333333, 0.616, 0.6112, 0.603, 0.5681428571428572, 0.57875]
set seed: 500
Shuffle index: [7 0 2 1 5 4 3 6]
round: 4, current_acc: [0.927, 0.794, 0.89, 0.722, 0.857, 0.584, 0.792, 0.631], history_acc: [0.927, 0.8435, 0.8483333333333334, 0.7715, 0.7342, 0.6536666666666666, 0.6382857142857142, 0.60125]
set seed: 600
Shuffle index: [7 1 3 6 4 0 2 5]
round: 5, current_acc: [0.923, 0.851, 0.465, 0.577, 0.828, 0.818, 0.693, 0.81], history_acc: [0.923, 0.838, 0.6656666666666666, 0.605, 0.609, 0.6135, 0.5938571428571429, 0.58875]
>>>>>>>>>>>>>>>current_acc<<<<<<<<<<<<<<<


[0.923, 0.851, 0.465, 0.577, 0.828, 0.818, 0.693, 0.81]


----------------------------------------


>>>>>>>>>>>>>>>history_acc<<<<<<<<<<<<<<<


[0.923, 0.838, 0.6656666666666666, 0.605, 0.609, 0.6135, 0.5938571428571429, 0.58875]


----------------------------------------


>>>>>>>>>>>>>>>all_current_acc<<<<<<<<<<<<<<<


[0.935, 0.823, 0.538, 0.779, 0.728, 0.582, 0.863, 0.829]
[0.927, 0.86, 0.791, 0.855, 0.681, 0.612, 0.833, 0.566]
[0.92, 0.814, 0.809, 0.572, 0.848, 0.892, 0.668, 0.711]
[0.927, 0.515, 0.631, 0.771, 0.779, 0.791, 0.701, 0.869]
[0.927, 0.794, 0.89, 0.722, 0.857, 0.584, 0.792, 0.631]
[0.923, 0.851, 0.465, 0.577, 0.828, 0.818, 0.693, 0.81]


----------------------------------------


>>>>>>>>>>>>>>>all_current_acc_mean<<<<<<<<<<<<<<<


[0.9265, 0.7761666666666667, 0.6873333333333335, 0.7126666666666667, 0.7868333333333334, 0.7131666666666666, 0.7583333333333333, 0.7360000000000001]


----------------------------------------


>>>>>>>>>>>>>>>all_current_acc_std<<<<<<<<<<<<<<<


all_current_acc_std:  [0.004609772228646448, 0.11886885864496032, 0.15358457677196047, 0.10515174220567576, 0.06465657137694683, 0.12460125289186391, 0.07458701108250834, 0.10982106658864077]


----------------------------------------


>>>>>>>>>>>>>>>all_history_acc<<<<<<<<<<<<<<<


[0.935, 0.8455, 0.7033333333333334, 0.691, 0.65, 0.6016666666666667, 0.6157142857142858, 0.583375]
[0.927, 0.8875, 0.817, 0.7985, 0.7168, 0.6585, 0.6485714285714286, 0.579125]
[0.92, 0.8385, 0.806, 0.6895, 0.668, 0.6656666666666666, 0.6207142857142857, 0.593875]
[0.927, 0.676, 0.6453333333333333, 0.616, 0.6112, 0.603, 0.5681428571428572, 0.57875]
[0.927, 0.8435, 0.8483333333333334, 0.7715, 0.7342, 0.6536666666666666, 0.6382857142857142, 0.60125]
[0.923, 0.838, 0.6656666666666666, 0.605, 0.609, 0.6135, 0.5938571428571429, 0.58875]


----------------------------------------


>>>>>>>>>>>>>>>all_history_acc_mean<<<<<<<<<<<<<<<


all_history_acc:  [0.9265, 0.8215, 0.7476111111111111, 0.69525, 0.6648666666666666, 0.6326666666666666, 0.6142142857142857, 0.5875208333333334]


----------------------------------------


>>>>>>>>>>>>>>>all_history_acc_std<<<<<<<<<<<<<<<


all_history_acc_std:  [0.004609772228646448, 0.06726502310512746, 0.07906242649925829, 0.07182313345990969, 0.04784734986275508, 0.02709807291221194, 0.026898998539889522, 0.008113587069779238]


----------------------------------------


