config: 
{
    "batch_size": 8,
    "gradient_accumulation_steps": 4,
    "total_round": 6,
    "drop_out": 0.5,
    "num_workers": 2,
    "step1_epochs": 10,
    "step2_epochs": 10,
    "step3_epochs": 10,
    "num_protos": 1,
    "device": "cuda",
    "seed": 100,
    "max_grad_norm": 10,
    "task_length": 8,
    "kl_temp": 2,
    "temp": 0.1,
    "bert_path": "./bert-base-uncased",
    "max_length": 256,
    "vocab_size": 30522,
    "marker_size": 4,
    "use_marker": true,
    "template": "[E1] [MASK] [E2]",
    "pattern": "entity_marker",
    "encoder_output_size": 768,
    "drop_p": 0.1,
    "f_pass": 10,
    "kappa_neg": 0.03,
    "kappa_pos": 0.05,
    "T_mult": 1,
    "rewarm_epoch_num": 2,
    "decay_rate": 0.9,
    "decay_steps": 800,
    "num_of_relation": 80,
    "rel_index": "data/fewrel/rel_index.npy",
    "relation_file": "data/fewrel/relation_name.txt",
    "rel_cluster_label": "data/fewrel/CFRLdata_10_100_10_5/rel_cluster_label_0.npy",
    "training_file": "data/fewrel/CFRLdata_10_100_10_5/train_0.txt",
    "valid_file": "data/fewrel/CFRLdata_10_100_10_5/valid_0.txt",
    "test_file": "data/fewrel/CFRLdata_10_100_10_5/test_0.txt",
    "retain_prev": false,
    "use_entity_marker": true,
    "use_unused": false,
    "prompt_length": 1
}
----------------------------------------
set seed: 100
Shuffle index: [7 0 6 2 5 1 4 3]
round: 0, current_acc: [0.95, 0.686, 0.714, 0.858, 0.768, 0.767, 0.674, 0.761], history_acc: [0.95, 0.8075, 0.777, 0.75075, 0.7302, 0.695, 0.6368571428571429, 0.62675]
set seed: 200
Shuffle index: [7 6 5 2 1 0 3 4]
round: 1, current_acc: [0.949, 0.683, 0.704, 0.789, 0.753, 0.733, 0.857, 0.755], history_acc: [0.949, 0.8045, 0.744, 0.72225, 0.6972, 0.6568333333333334, 0.6501428571428571, 0.6265]
set seed: 300
Shuffle index: [7 3 2 5 0 6 4 1]
round: 2, current_acc: [0.941, 0.801, 0.644, 0.74, 0.845, 0.665, 0.708, 0.696], history_acc: [0.941, 0.8635, 0.7536666666666667, 0.71125, 0.7086, 0.6638333333333334, 0.6428571428571429, 0.6255]
set seed: 400
Shuffle index: [7 3 1 6 0 5 2 4]
round: 3, current_acc: [0.954, 0.695, 0.741, 0.775, 0.85, 0.726, 0.757, 0.639], history_acc: [0.954, 0.8075, 0.742, 0.7015, 0.712, 0.6781666666666667, 0.6668571428571428, 0.617625]
set seed: 500
Shuffle index: [7 0 2 1 5 4 3 6]
round: 4, current_acc: [0.954, 0.809, 0.66, 0.714, 0.825, 0.729, 0.753, 0.674], history_acc: [0.954, 0.872, 0.799, 0.7595, 0.7438, 0.7141666666666666, 0.6832857142857143, 0.65825]
set seed: 600
Shuffle index: [7 1 3 6 4 0 2 5]
round: 5, current_acc: [0.945, 0.808, 0.757, 0.73, 0.666, 0.684, 0.732, 0.88], history_acc: [0.945, 0.8675, 0.8026666666666666, 0.72975, 0.6702, 0.6466666666666666, 0.633, 0.641125]
>>>>>>>>>>>>>>>current_acc<<<<<<<<<<<<<<<


[0.945, 0.808, 0.757, 0.73, 0.666, 0.684, 0.732, 0.88]


----------------------------------------


>>>>>>>>>>>>>>>history_acc<<<<<<<<<<<<<<<


[0.945, 0.8675, 0.8026666666666666, 0.72975, 0.6702, 0.6466666666666666, 0.633, 0.641125]


----------------------------------------


>>>>>>>>>>>>>>>all_current_acc<<<<<<<<<<<<<<<


[0.95, 0.686, 0.714, 0.858, 0.768, 0.767, 0.674, 0.761]
[0.949, 0.683, 0.704, 0.789, 0.753, 0.733, 0.857, 0.755]
[0.941, 0.801, 0.644, 0.74, 0.845, 0.665, 0.708, 0.696]
[0.954, 0.695, 0.741, 0.775, 0.85, 0.726, 0.757, 0.639]
[0.954, 0.809, 0.66, 0.714, 0.825, 0.729, 0.753, 0.674]
[0.945, 0.808, 0.757, 0.73, 0.666, 0.684, 0.732, 0.88]


----------------------------------------


>>>>>>>>>>>>>>>all_current_acc_mean<<<<<<<<<<<<<<<


[0.9488333333333333, 0.747, 0.7033333333333333, 0.7676666666666666, 0.7845, 0.7173333333333334, 0.7468333333333333, 0.7341666666666667]


----------------------------------------


>>>>>>>>>>>>>>>all_current_acc_std<<<<<<<<<<<<<<<


all_current_acc_std:  [0.004669641908707303, 0.05916361494477272, 0.040437881030318854, 0.04784233364802442, 0.06441725959192404, 0.03359894178227772, 0.056731580466458195, 0.07805429022303785]


----------------------------------------


>>>>>>>>>>>>>>>all_history_acc<<<<<<<<<<<<<<<


[0.95, 0.8075, 0.777, 0.75075, 0.7302, 0.695, 0.6368571428571429, 0.62675]
[0.949, 0.8045, 0.744, 0.72225, 0.6972, 0.6568333333333334, 0.6501428571428571, 0.6265]
[0.941, 0.8635, 0.7536666666666667, 0.71125, 0.7086, 0.6638333333333334, 0.6428571428571429, 0.6255]
[0.954, 0.8075, 0.742, 0.7015, 0.712, 0.6781666666666667, 0.6668571428571428, 0.617625]
[0.954, 0.872, 0.799, 0.7595, 0.7438, 0.7141666666666666, 0.6832857142857143, 0.65825]
[0.945, 0.8675, 0.8026666666666666, 0.72975, 0.6702, 0.6466666666666666, 0.633, 0.641125]


----------------------------------------


>>>>>>>>>>>>>>>all_history_acc_mean<<<<<<<<<<<<<<<


all_history_acc:  [0.9488333333333333, 0.8370833333333333, 0.7697222222222222, 0.7291666666666666, 0.7103333333333334, 0.6757777777777778, 0.6521666666666667, 0.632625]


----------------------------------------


>>>>>>>>>>>>>>>all_history_acc_std<<<<<<<<<<<<<<<


all_history_acc_std:  [0.004669641908707303, 0.03069801386988345, 0.024777092666163528, 0.02049627337401172, 0.02346505676295901, 0.023086525384322924, 0.017685732876878173, 0.013395817133219863]


----------------------------------------


