config: 
{
    "batch_size": 8,
    "gradient_accumulation_steps": 4,
    "total_round": 6,
    "drop_out": 0.5,
    "num_workers": 2,
    "step1_epochs": 10,
    "step2_epochs": 10,
    "step3_epochs": 10,
    "num_protos": 1,
    "device": "cuda",
    "seed": 100,
    "max_grad_norm": 10,
    "task_length": 8,
    "kl_temp": 2,
    "temp": 0.1,
    "bert_path": "./bert-base-uncased",
    "max_length": 256,
    "vocab_size": 30522,
    "marker_size": 4,
    "use_marker": true,
    "template": "[E1] [MASK] [E2]",
    "pattern": "entity_marker",
    "encoder_output_size": 768,
    "drop_p": 0.1,
    "f_pass": 10,
    "kappa_neg": 0.03,
    "kappa_pos": 0.05,
    "T_mult": 1,
    "rewarm_epoch_num": 2,
    "decay_rate": 0.9,
    "decay_steps": 800,
    "num_of_relation": 80,
    "rel_index": "data/fewrel/rel_index.npy",
    "relation_file": "data/fewrel/relation_name.txt",
    "rel_cluster_label": "data/fewrel/CFRLdata_10_100_10_5/rel_cluster_label_0.npy",
    "training_file": "data/fewrel/CFRLdata_10_100_10_5/train_0.txt",
    "valid_file": "data/fewrel/CFRLdata_10_100_10_5/valid_0.txt",
    "test_file": "data/fewrel/CFRLdata_10_100_10_5/test_0.txt",
    "retain_prev": false,
    "use_entity_marker": true,
    "use_unused": true,
    "prompt_length": 1
}
----------------------------------------
set seed: 100
Shuffle index: [7 0 6 2 5 1 4 3]
round: 0, current_acc: [0.948, 0.726, 0.721, 0.862, 0.77, 0.764, 0.659, 0.805], history_acc: [0.948, 0.833, 0.7913333333333333, 0.77225, 0.753, 0.7053333333333334, 0.6582857142857143, 0.657625]
set seed: 200
Shuffle index: [7 6 5 2 1 0 3 4]
round: 1, current_acc: [0.948, 0.689, 0.755, 0.793, 0.733, 0.675, 0.849, 0.713], history_acc: [0.948, 0.809, 0.7653333333333333, 0.73275, 0.6836, 0.6505, 0.6491428571428571, 0.63075]
set seed: 300
Shuffle index: [7 3 2 5 0 6 4 1]
round: 2, current_acc: [0.952, 0.753, 0.72, 0.712, 0.851, 0.662, 0.643, 0.696], history_acc: [0.952, 0.847, 0.7586666666666667, 0.7165, 0.731, 0.6881666666666667, 0.6578571428571428, 0.636375]
set seed: 400
Shuffle index: [7 3 1 6 0 5 2 4]
round: 3, current_acc: [0.95, 0.679, 0.728, 0.775, 0.855, 0.687, 0.73, 0.654], history_acc: [0.95, 0.809, 0.764, 0.732, 0.7224, 0.6995, 0.6854285714285714, 0.640125]
set seed: 500
Shuffle index: [7 0 2 1 5 4 3 6]
round: 4, current_acc: [0.956, 0.806, 0.636, 0.721, 0.825, 0.692, 0.702, 0.701], history_acc: [0.956, 0.874, 0.7836666666666666, 0.7385, 0.7276, 0.6996666666666667, 0.6784285714285714, 0.6565]
set seed: 600
Shuffle index: [7 1 3 6 4 0 2 5]
round: 5, current_acc: [0.953, 0.752, 0.693, 0.698, 0.643, 0.724, 0.74, 0.869], history_acc: [0.953, 0.8485, 0.7956666666666666, 0.721, 0.6718, 0.646, 0.6345714285714286, 0.643875]
>>>>>>>>>>>>>>>current_acc<<<<<<<<<<<<<<<


[0.953, 0.752, 0.693, 0.698, 0.643, 0.724, 0.74, 0.869]


----------------------------------------


>>>>>>>>>>>>>>>history_acc<<<<<<<<<<<<<<<


[0.953, 0.8485, 0.7956666666666666, 0.721, 0.6718, 0.646, 0.6345714285714286, 0.643875]


----------------------------------------


>>>>>>>>>>>>>>>all_current_acc<<<<<<<<<<<<<<<


[0.948, 0.726, 0.721, 0.862, 0.77, 0.764, 0.659, 0.805]
[0.948, 0.689, 0.755, 0.793, 0.733, 0.675, 0.849, 0.713]
[0.952, 0.753, 0.72, 0.712, 0.851, 0.662, 0.643, 0.696]
[0.95, 0.679, 0.728, 0.775, 0.855, 0.687, 0.73, 0.654]
[0.956, 0.806, 0.636, 0.721, 0.825, 0.692, 0.702, 0.701]
[0.953, 0.752, 0.693, 0.698, 0.643, 0.724, 0.74, 0.869]


----------------------------------------


>>>>>>>>>>>>>>>all_current_acc_mean<<<<<<<<<<<<<<<


[0.9511666666666666, 0.7341666666666667, 0.7088333333333332, 0.7601666666666667, 0.7795, 0.7006666666666668, 0.7204999999999999, 0.7396666666666666]


----------------------------------------


>>>>>>>>>>>>>>>all_current_acc_std<<<<<<<<<<<<<<<


all_current_acc_std:  [0.0028528737947706175, 0.042784018303827234, 0.0372532623478207, 0.056843107663892646, 0.07501944192452158, 0.03408649129624356, 0.06722288796731858, 0.07353834978355776]


----------------------------------------


>>>>>>>>>>>>>>>all_history_acc<<<<<<<<<<<<<<<


[0.948, 0.833, 0.7913333333333333, 0.77225, 0.753, 0.7053333333333334, 0.6582857142857143, 0.657625]
[0.948, 0.809, 0.7653333333333333, 0.73275, 0.6836, 0.6505, 0.6491428571428571, 0.63075]
[0.952, 0.847, 0.7586666666666667, 0.7165, 0.731, 0.6881666666666667, 0.6578571428571428, 0.636375]
[0.95, 0.809, 0.764, 0.732, 0.7224, 0.6995, 0.6854285714285714, 0.640125]
[0.956, 0.874, 0.7836666666666666, 0.7385, 0.7276, 0.6996666666666667, 0.6784285714285714, 0.6565]
[0.953, 0.8485, 0.7956666666666666, 0.721, 0.6718, 0.646, 0.6345714285714286, 0.643875]


----------------------------------------


>>>>>>>>>>>>>>>all_history_acc_mean<<<<<<<<<<<<<<<


all_history_acc:  [0.9511666666666666, 0.83675, 0.7764444444444445, 0.7355, 0.7149, 0.6815277777777777, 0.6606190476190476, 0.6442083333333333]


----------------------------------------


>>>>>>>>>>>>>>>all_history_acc_std<<<<<<<<<<<<<<<


all_history_acc_std:  [0.0028528737947706175, 0.023039368480928444, 0.014362588576481728, 0.018030645209383567, 0.028182914445931025, 0.024109975011636343, 0.017107238128110616, 0.00991937988093116]


----------------------------------------


