config: 
{
    "batch_size": 8,
    "gradient_accumulation_steps": 4,
    "total_round": 6,
    "drop_out": 0.5,
    "num_workers": 2,
    "step1_epochs": 10,
    "step2_epochs": 10,
    "step3_epochs": 10,
    "num_protos": 1,
    "device": "cuda",
    "seed": 100,
    "max_grad_norm": 10,
    "task_length": 8,
    "kl_temp": 2,
    "temp": 0.1,
    "bert_path": "./bert-base-uncased",
    "max_length": 256,
    "vocab_size": 30522,
    "marker_size": 4,
    "use_marker": true,
    "template": "[E1] [MASK] [E2]",
    "pattern": "hardprompt",
    "encoder_output_size": 768,
    "drop_p": 0.1,
    "f_pass": 10,
    "kappa_neg": 0.03,
    "kappa_pos": 0.05,
    "T_mult": 1,
    "rewarm_epoch_num": 2,
    "decay_rate": 0.9,
    "decay_steps": 800,
    "num_of_relation": 80,
    "rel_index": "data/fewrel/rel_index.npy",
    "relation_file": "data/fewrel/relation_name.txt",
    "rel_cluster_label": "data/fewrel/CFRLdata_10_100_10_5/rel_cluster_label_0.npy",
    "training_file": "data/fewrel/CFRLdata_10_100_10_5/train_0.txt",
    "valid_file": "data/fewrel/CFRLdata_10_100_10_5/valid_0.txt",
    "test_file": "data/fewrel/CFRLdata_10_100_10_5/test_0.txt",
    "retain_prev": false,
    "use_entity_marker": true,
    "use_unused": false,
    "prompt_length": 1
}
----------------------------------------
set seed: 100
Shuffle index: [7 0 6 2 5 1 4 3]
round: 0, current_acc: [0.951, 0.705, 0.782, 0.873, 0.801, 0.818, 0.67, 0.81], history_acc: [0.951, 0.823, 0.7956666666666666, 0.777, 0.7496, 0.7003333333333334, 0.6627142857142857, 0.638375]
set seed: 200
Shuffle index: [7 6 5 2 1 0 3 4]
round: 1, current_acc: [0.94, 0.637, 0.722, 0.794, 0.779, 0.771, 0.878, 0.792], history_acc: [0.94, 0.7805, 0.732, 0.733, 0.7152, 0.6838333333333333, 0.676, 0.647125]
set seed: 300
Shuffle index: [7 3 2 5 0 6 4 1]
round: 2, current_acc: [0.959, 0.787, 0.771, 0.804, 0.878, 0.637, 0.757, 0.748], history_acc: [0.959, 0.8675, 0.7886666666666666, 0.75475, 0.7546, 0.7033333333333334, 0.6718571428571428, 0.6505]
set seed: 400
Shuffle index: [7 3 1 6 0 5 2 4]
round: 3, current_acc: [0.95, 0.787, 0.751, 0.783, 0.875, 0.775, 0.817, 0.666], history_acc: [0.95, 0.864, 0.796, 0.725, 0.7286, 0.697, 0.6907142857142857, 0.64125]
set seed: 500
Shuffle index: [7 0 2 1 5 4 3 6]
round: 4, current_acc: [0.948, 0.801, 0.657, 0.802, 0.844, 0.786, 0.78, 0.722], history_acc: [0.948, 0.8635, 0.7923333333333333, 0.76625, 0.744, 0.7136666666666667, 0.689, 0.664375]
set seed: 600
Shuffle index: [7 1 3 6 4 0 2 5]
round: 5, current_acc: [0.958, 0.789, 0.775, 0.781, 0.675, 0.717, 0.797, 0.861], history_acc: [0.958, 0.866, 0.7956666666666666, 0.7255, 0.6766, 0.6443333333333333, 0.6398571428571429, 0.64025]
>>>>>>>>>>>>>>>current_acc<<<<<<<<<<<<<<<


[0.958, 0.789, 0.775, 0.781, 0.675, 0.717, 0.797, 0.861]


----------------------------------------


>>>>>>>>>>>>>>>history_acc<<<<<<<<<<<<<<<


[0.958, 0.866, 0.7956666666666666, 0.7255, 0.6766, 0.6443333333333333, 0.6398571428571429, 0.64025]


----------------------------------------


>>>>>>>>>>>>>>>all_current_acc<<<<<<<<<<<<<<<


[0.951, 0.705, 0.782, 0.873, 0.801, 0.818, 0.67, 0.81]
[0.94, 0.637, 0.722, 0.794, 0.779, 0.771, 0.878, 0.792]
[0.959, 0.787, 0.771, 0.804, 0.878, 0.637, 0.757, 0.748]
[0.95, 0.787, 0.751, 0.783, 0.875, 0.775, 0.817, 0.666]
[0.948, 0.801, 0.657, 0.802, 0.844, 0.786, 0.78, 0.722]
[0.958, 0.789, 0.775, 0.781, 0.675, 0.717, 0.797, 0.861]


----------------------------------------


>>>>>>>>>>>>>>>all_current_acc_mean<<<<<<<<<<<<<<<


[0.951, 0.751, 0.743, 0.8061666666666666, 0.8086666666666668, 0.7506666666666666, 0.7831666666666667, 0.7665000000000001]


----------------------------------------


>>>>>>>>>>>>>>>all_current_acc_std<<<<<<<<<<<<<<<


all_current_acc_std:  [0.006377042156569669, 0.06006662967072485, 0.04326276304937846, 0.031109573374695366, 0.06983472552311555, 0.05893687772147041, 0.06302226238049181, 0.06310771215416808]


----------------------------------------


>>>>>>>>>>>>>>>all_history_acc<<<<<<<<<<<<<<<


[0.951, 0.823, 0.7956666666666666, 0.777, 0.7496, 0.7003333333333334, 0.6627142857142857, 0.638375]
[0.94, 0.7805, 0.732, 0.733, 0.7152, 0.6838333333333333, 0.676, 0.647125]
[0.959, 0.8675, 0.7886666666666666, 0.75475, 0.7546, 0.7033333333333334, 0.6718571428571428, 0.6505]
[0.95, 0.864, 0.796, 0.725, 0.7286, 0.697, 0.6907142857142857, 0.64125]
[0.948, 0.8635, 0.7923333333333333, 0.76625, 0.744, 0.7136666666666667, 0.689, 0.664375]
[0.958, 0.866, 0.7956666666666666, 0.7255, 0.6766, 0.6443333333333333, 0.6398571428571429, 0.64025]


----------------------------------------


>>>>>>>>>>>>>>>all_history_acc_mean<<<<<<<<<<<<<<<


all_history_acc:  [0.951, 0.8440833333333333, 0.783388888888889, 0.7469166666666668, 0.7281, 0.6904166666666667, 0.6716904761904763, 0.6469791666666667]


----------------------------------------


>>>>>>>>>>>>>>>all_history_acc_std<<<<<<<<<<<<<<<


all_history_acc_std:  [0.006377042156569669, 0.03237722536324297, 0.023127197926913184, 0.020301204124112668, 0.02657135048631642, 0.022420590321630046, 0.017195240732681666, 0.008823918921822044]


----------------------------------------


