config: 
{
    "batch_size": 8,
    "gradient_accumulation_steps": 4,
    "total_round": 6,
    "drop_out": 0.5,
    "num_workers": 2,
    "step1_epochs": 10,
    "step2_epochs": 10,
    "step3_epochs": 10,
    "num_protos": 1,
    "device": "cuda",
    "seed": 100,
    "max_grad_norm": 10,
    "task_length": 8,
    "kl_temp": 2,
    "temp": 0.1,
    "bert_path": "./bert-base-uncased",
    "max_length": 256,
    "vocab_size": 30522,
    "marker_size": 4,
    "use_marker": true,
    "template": "[E1] [MASK] [E2]",
    "pattern": "hardprompt",
    "encoder_output_size": 768,
    "drop_p": 0.1,
    "f_pass": 10,
    "kappa_neg": 0.03,
    "kappa_pos": 0.05,
    "T_mult": 1,
    "rewarm_epoch_num": 2,
    "decay_rate": 0.9,
    "decay_steps": 800,
    "num_of_relation": 80,
    "rel_index": "data/fewrel/rel_index.npy",
    "relation_file": "data/fewrel/relation_name.txt",
    "rel_cluster_label": "data/fewrel/CFRLdata_10_100_10_5/rel_cluster_label_0.npy",
    "training_file": "data/fewrel/CFRLdata_10_100_10_5/train_0.txt",
    "valid_file": "data/fewrel/CFRLdata_10_100_10_5/valid_0.txt",
    "test_file": "data/fewrel/CFRLdata_10_100_10_5/test_0.txt",
    "retain_prev": false,
    "use_entity_marker": true,
    "use_unused": true,
    "prompt_length": 1
}
----------------------------------------
set seed: 100
Shuffle index: [7 0 6 2 5 1 4 3]
round: 0, current_acc: [0.951, 0.734, 0.788, 0.883, 0.821, 0.828, 0.661, 0.782], history_acc: [0.951, 0.834, 0.8053333333333333, 0.7805, 0.7442, 0.7015, 0.6558571428571428, 0.6365]
set seed: 200
Shuffle index: [7 6 5 2 1 0 3 4]
round: 1, current_acc: [0.957, 0.652, 0.687, 0.809, 0.791, 0.768, 0.834, 0.768], history_acc: [0.957, 0.794, 0.736, 0.729, 0.7104, 0.676, 0.6537142857142857, 0.6375]
set seed: 300
Shuffle index: [7 3 2 5 0 6 4 1]
round: 2, current_acc: [0.958, 0.793, 0.706, 0.767, 0.866, 0.641, 0.703, 0.774], history_acc: [0.958, 0.8675, 0.7666666666666667, 0.742, 0.7256, 0.6973333333333334, 0.6664285714285715, 0.650875]
set seed: 400
Shuffle index: [7 3 1 6 0 5 2 4]
round: 3, current_acc: [0.952, 0.721, 0.814, 0.788, 0.874, 0.764, 0.82, 0.693], history_acc: [0.952, 0.831, 0.8036666666666666, 0.734, 0.7182, 0.6805, 0.683, 0.65225]
set seed: 500
Shuffle index: [7 0 2 1 5 4 3 6]
round: 4, current_acc: [0.947, 0.857, 0.659, 0.752, 0.849, 0.748, 0.691, 0.752], history_acc: [0.947, 0.886, 0.8043333333333333, 0.77175, 0.7426, 0.7168333333333333, 0.6795714285714286, 0.656625]
set seed: 600
Shuffle index: [7 1 3 6 4 0 2 5]
round: 5, current_acc: [0.945, 0.803, 0.789, 0.766, 0.633, 0.759, 0.783, 0.861], history_acc: [0.945, 0.867, 0.8083333333333333, 0.73325, 0.6688, 0.664, 0.655, 0.6545]
>>>>>>>>>>>>>>>current_acc<<<<<<<<<<<<<<<


[0.945, 0.803, 0.789, 0.766, 0.633, 0.759, 0.783, 0.861]


----------------------------------------


>>>>>>>>>>>>>>>history_acc<<<<<<<<<<<<<<<


[0.945, 0.867, 0.8083333333333333, 0.73325, 0.6688, 0.664, 0.655, 0.6545]


----------------------------------------


>>>>>>>>>>>>>>>all_current_acc<<<<<<<<<<<<<<<


[0.951, 0.734, 0.788, 0.883, 0.821, 0.828, 0.661, 0.782]
[0.957, 0.652, 0.687, 0.809, 0.791, 0.768, 0.834, 0.768]
[0.958, 0.793, 0.706, 0.767, 0.866, 0.641, 0.703, 0.774]
[0.952, 0.721, 0.814, 0.788, 0.874, 0.764, 0.82, 0.693]
[0.947, 0.857, 0.659, 0.752, 0.849, 0.748, 0.691, 0.752]
[0.945, 0.803, 0.789, 0.766, 0.633, 0.759, 0.783, 0.861]


----------------------------------------


>>>>>>>>>>>>>>>all_current_acc_mean<<<<<<<<<<<<<<<


[0.9516666666666667, 0.7600000000000001, 0.7404999999999999, 0.7941666666666666, 0.8056666666666668, 0.7513333333333335, 0.7486666666666667, 0.7716666666666666]


----------------------------------------


>>>>>>>>>>>>>>>all_current_acc_std<<<<<<<<<<<<<<<


all_current_acc_std:  [0.004749268949591674, 0.06609084656743322, 0.058744503288960276, 0.04370132212594438, 0.08210900613750532, 0.05561674408145645, 0.06663999466453226, 0.04946603773185083]


----------------------------------------


>>>>>>>>>>>>>>>all_history_acc<<<<<<<<<<<<<<<


[0.951, 0.834, 0.8053333333333333, 0.7805, 0.7442, 0.7015, 0.6558571428571428, 0.6365]
[0.957, 0.794, 0.736, 0.729, 0.7104, 0.676, 0.6537142857142857, 0.6375]
[0.958, 0.8675, 0.7666666666666667, 0.742, 0.7256, 0.6973333333333334, 0.6664285714285715, 0.650875]
[0.952, 0.831, 0.8036666666666666, 0.734, 0.7182, 0.6805, 0.683, 0.65225]
[0.947, 0.886, 0.8043333333333333, 0.77175, 0.7426, 0.7168333333333333, 0.6795714285714286, 0.656625]
[0.945, 0.867, 0.8083333333333333, 0.73325, 0.6688, 0.664, 0.655, 0.6545]


----------------------------------------


>>>>>>>>>>>>>>>all_history_acc_mean<<<<<<<<<<<<<<<


all_history_acc:  [0.9516666666666667, 0.8465833333333334, 0.7873888888888888, 0.7484166666666666, 0.7183, 0.689361111111111, 0.665595238095238, 0.6480416666666667]


----------------------------------------


>>>>>>>>>>>>>>>all_history_acc_std<<<<<<<<<<<<<<<


all_history_acc_std:  [0.004749268949591674, 0.03048007090251304, 0.027027706406209294, 0.020123921641226464, 0.025256220355917618, 0.01763451389312768, 0.011882765392730995, 0.008015176576692234]


----------------------------------------


