True
config: 
{
    "batch_size": 8,
    "gradient_accumulation_steps": 4,
    "total_round": 6,
    "drop_out": 0.5,
    "num_workers": 2,
    "step1_epochs": 10,
    "step2_epochs": 10,
    "step3_epochs": 10,
    "num_protos": 1,
    "device": "cuda",
    "seed": 100,
    "max_grad_norm": 10,
    "task_length": 8,
    "kl_temp": 2,
    "temp": 0.1,
    "bert_path": "./bert-base-uncased",
    "max_length": 256,
    "vocab_size": 30522,
    "marker_size": 4,
    "use_marker": true,
    "template": "[E1] [MASK] [E2]",
    "pattern": "hard_prompt",
    "encoder_output_size": 768,
    "drop_p": 0.1,
    "f_pass": 10,
    "kappa_neg": 0.03,
    "kappa_pos": 0.05,
    "T_mult": 1,
    "rewarm_epoch_num": 2,
    "decay_rate": 0.9,
    "decay_steps": 800,
    "num_of_relation": 80,
    "rel_index": "data/fewrel/rel_index.npy",
    "relation_file": "data/fewrel/relation_name.txt",
    "rel_cluster_label": "data/fewrel/CFRLdata_10_100_10_5/rel_cluster_label_0.npy",
    "training_file": "data/fewrel/CFRLdata_10_100_10_5/train_0.txt",
    "valid_file": "data/fewrel/CFRLdata_10_100_10_5/valid_0.txt",
    "test_file": "data/fewrel/CFRLdata_10_100_10_5/test_0.txt",
    "retain_prev": true
}
----------------------------------------
set seed: 100
Shuffle index: [7 0 6 2 5 1 4 3]
round: 0, current_acc: [0.955, 0.781, 0.619, 0.845, 0.768, 0.768, 0.65, 0.771], history_acc: [0.955, 0.5945, 0.6666666666666666, 0.68475, 0.6514, 0.613, 0.5781428571428572, 0.537]
set seed: 200
Shuffle index: [7 6 5 2 1 0 3 4]
round: 1, current_acc: [0.928, 0.685, 0.753, 0.822, 0.797, 0.748, 0.842, 0.805], history_acc: [0.928, 0.4945, 0.6803333333333333, 0.66325, 0.6602, 0.596, 0.6145714285714285, 0.576125]
set seed: 300
Shuffle index: [7 3 2 5 0 6 4 1]
round: 2, current_acc: [0.946, 0.793, 0.658, 0.788, 0.872, 0.658, 0.759, 0.811], history_acc: [0.946, 0.501, 0.7086666666666667, 0.67525, 0.6724, 0.6335, 0.5751428571428572, 0.589]
set seed: 400
Shuffle index: [7 3 1 6 0 5 2 4]
round: 3, current_acc: [0.954, 0.718, 0.747, 0.715, 0.862, 0.818, 0.764, 0.71], history_acc: [0.954, 0.49, 0.613, 0.61175, 0.6218, 0.6071666666666666, 0.5995714285714285, 0.55575]
set seed: 500
Shuffle index: [7 0 2 1 5 4 3 6]
round: 4, current_acc: [0.95, 0.838, 0.658, 0.78, 0.805, 0.797, 0.692, 0.77], history_acc: [0.95, 0.4865, 0.721, 0.692, 0.682, 0.6401666666666667, 0.606, 0.571125]
set seed: 600
Shuffle index: [7 1 3 6 4 0 2 5]
round: 5, current_acc: [0.954, 0.747, 0.657, 0.79, 0.626, 0.728, 0.781, 0.885], history_acc: [0.954, 0.572, 0.6636666666666666, 0.6235, 0.5774, 0.5601666666666667, 0.563, 0.587125]
>>>>>>>>>>>>>>>current_acc<<<<<<<<<<<<<<<


[0.954, 0.747, 0.657, 0.79, 0.626, 0.728, 0.781, 0.885]


----------------------------------------


>>>>>>>>>>>>>>>history_acc<<<<<<<<<<<<<<<


[0.954, 0.572, 0.6636666666666666, 0.6235, 0.5774, 0.5601666666666667, 0.563, 0.587125]


----------------------------------------


>>>>>>>>>>>>>>>all_current_acc<<<<<<<<<<<<<<<


[0.955, 0.781, 0.619, 0.845, 0.768, 0.768, 0.65, 0.771]
[0.928, 0.685, 0.753, 0.822, 0.797, 0.748, 0.842, 0.805]
[0.946, 0.793, 0.658, 0.788, 0.872, 0.658, 0.759, 0.811]
[0.954, 0.718, 0.747, 0.715, 0.862, 0.818, 0.764, 0.71]
[0.95, 0.838, 0.658, 0.78, 0.805, 0.797, 0.692, 0.77]
[0.954, 0.747, 0.657, 0.79, 0.626, 0.728, 0.781, 0.885]


----------------------------------------


>>>>>>>>>>>>>>>all_current_acc_mean<<<<<<<<<<<<<<<


[0.9478333333333332, 0.7603333333333334, 0.6819999999999999, 0.79, 0.7883333333333334, 0.7528333333333334, 0.7479999999999999, 0.7919999999999999]


----------------------------------------


>>>>>>>>>>>>>>>all_current_acc_std<<<<<<<<<<<<<<<


all_current_acc_std:  [0.009388231403671742, 0.05028474475977336, 0.05001999600159919, 0.04036913012026227, 0.08118428966794554, 0.0517378541839102, 0.061970423052721955, 0.05295910371849837]


----------------------------------------


>>>>>>>>>>>>>>>all_history_acc<<<<<<<<<<<<<<<


[0.955, 0.5945, 0.6666666666666666, 0.68475, 0.6514, 0.613, 0.5781428571428572, 0.537]
[0.928, 0.4945, 0.6803333333333333, 0.66325, 0.6602, 0.596, 0.6145714285714285, 0.576125]
[0.946, 0.501, 0.7086666666666667, 0.67525, 0.6724, 0.6335, 0.5751428571428572, 0.589]
[0.954, 0.49, 0.613, 0.61175, 0.6218, 0.6071666666666666, 0.5995714285714285, 0.55575]
[0.95, 0.4865, 0.721, 0.692, 0.682, 0.6401666666666667, 0.606, 0.571125]
[0.954, 0.572, 0.6636666666666666, 0.6235, 0.5774, 0.5601666666666667, 0.563, 0.587125]


----------------------------------------


>>>>>>>>>>>>>>>all_history_acc_mean<<<<<<<<<<<<<<<


all_history_acc:  [0.9478333333333332, 0.5230833333333333, 0.6755555555555556, 0.6584166666666667, 0.6442, 0.6083333333333333, 0.5894047619047619, 0.5693541666666667]


----------------------------------------


>>>>>>>>>>>>>>>all_history_acc_std<<<<<<<<<<<<<<<


all_history_acc_std:  [0.009388231403671742, 0.04326412742934061, 0.03492354966190657, 0.030345121335873533, 0.035345721098882676, 0.026274195198584722, 0.018437136560082945, 0.01817785635892074]


----------------------------------------


