config: 
{
    "batch_size": 8,
    "gradient_accumulation_steps": 4,
    "total_round": 6,
    "drop_out": 0.5,
    "num_workers": 2,
    "step1_epochs": 10,
    "step2_epochs": 10,
    "step3_epochs": 10,
    "num_protos": 3,
    "device": "cuda",
    "seed": 100,
    "max_grad_norm": 10,
    "task_length": 8,
    "kl_temp": 2,
    "temp": 0.1,
    "bert_path": "./bert-base-uncased",
    "max_length": 256,
    "vocab_size": 30522,
    "marker_size": 4,
    "use_marker": true,
    "template": "[E1] [MASK] [E2]",
    "pattern": "hybridprompt",
    "encoder_output_size": 768,
    "drop_p": 0.1,
    "f_pass": 10,
    "kappa_neg": 0.03,
    "kappa_pos": 0.05,
    "T_mult": 1,
    "rewarm_epoch_num": 2,
    "decay_rate": 0.9,
    "decay_steps": 800,
    "num_of_relation": 80,
    "rel_index": "data/fewrel/rel_index.npy",
    "relation_file": "data/fewrel/relation_name.txt",
    "rel_cluster_label": "data/fewrel/CFRLdata_10_100_10_5/rel_cluster_label_0.npy",
    "training_file": "data/fewrel/CFRLdata_10_100_10_5/train_0.txt",
    "valid_file": "data/fewrel/CFRLdata_10_100_10_5/valid_0.txt",
    "test_file": "data/fewrel/CFRLdata_10_100_10_5/test_0.txt",
    "retain_prev": false,
    "use_entity_marker": true,
    "use_unused": true,
    "prompt_length": 1
}
----------------------------------------
set seed: 100
Shuffle index: [7 0 6 2 5 1 4 3]
round: 0, current_acc: [0.945, 0.776, 0.778, 0.855, 0.82, 0.76, 0.664, 0.783], history_acc: [0.945, 0.849, 0.8286666666666667, 0.81225, 0.7926, 0.7486666666666667, 0.71, 0.695625]
set seed: 200
Shuffle index: [7 6 5 2 1 0 3 4]
round: 1, current_acc: [0.946, 0.717, 0.785, 0.792, 0.803, 0.749, 0.832, 0.763], history_acc: [0.946, 0.8195, 0.786, 0.75625, 0.7396, 0.7218333333333333, 0.7288571428571429, 0.698375]
set seed: 300
Shuffle index: [7 3 2 5 0 6 4 1]
round: 2, current_acc: [0.949, 0.778, 0.795, 0.759, 0.821, 0.696, 0.697, 0.756], history_acc: [0.949, 0.8575, 0.8016666666666666, 0.77125, 0.7682, 0.7426666666666667, 0.7144285714285714, 0.692]
set seed: 400
Shuffle index: [7 3 1 6 0 5 2 4]
round: 3, current_acc: [0.952, 0.819, 0.8, 0.783, 0.87, 0.729, 0.796, 0.676], history_acc: [0.952, 0.876, 0.82, 0.772, 0.7588, 0.7395, 0.7197142857142858, 0.690625]
set seed: 500
Shuffle index: [7 0 2 1 5 4 3 6]
round: 4, current_acc: [0.954, 0.856, 0.718, 0.779, 0.825, 0.729, 0.753, 0.71], history_acc: [0.954, 0.8905, 0.8253333333333334, 0.7985, 0.782, 0.7355, 0.713, 0.697375]
set seed: 600
Shuffle index: [7 1 3 6 4 0 2 5]
round: 5, current_acc: [0.958, 0.834, 0.817, 0.746, 0.659, 0.729, 0.754, 0.836], history_acc: [0.958, 0.879, 0.847, 0.7855, 0.7276, 0.695, 0.6791428571428572, 0.689]
>>>>>>>>>>>>>>>current_acc<<<<<<<<<<<<<<<


[0.958, 0.834, 0.817, 0.746, 0.659, 0.729, 0.754, 0.836]


----------------------------------------


>>>>>>>>>>>>>>>history_acc<<<<<<<<<<<<<<<


[0.958, 0.879, 0.847, 0.7855, 0.7276, 0.695, 0.6791428571428572, 0.689]


----------------------------------------


>>>>>>>>>>>>>>>all_current_acc<<<<<<<<<<<<<<<


[0.945, 0.776, 0.778, 0.855, 0.82, 0.76, 0.664, 0.783]
[0.946, 0.717, 0.785, 0.792, 0.803, 0.749, 0.832, 0.763]
[0.949, 0.778, 0.795, 0.759, 0.821, 0.696, 0.697, 0.756]
[0.952, 0.819, 0.8, 0.783, 0.87, 0.729, 0.796, 0.676]
[0.954, 0.856, 0.718, 0.779, 0.825, 0.729, 0.753, 0.71]
[0.958, 0.834, 0.817, 0.746, 0.659, 0.729, 0.754, 0.836]


----------------------------------------


>>>>>>>>>>>>>>>all_current_acc_mean<<<<<<<<<<<<<<<


[0.9506666666666667, 0.7966666666666665, 0.7821666666666668, 0.7856666666666667, 0.7996666666666666, 0.7320000000000001, 0.7493333333333334, 0.754]


----------------------------------------


>>>>>>>>>>>>>>>all_current_acc_std<<<<<<<<<<<<<<<


all_current_acc_std:  [0.004533823502911818, 0.04570801048199562, 0.031195174128202736, 0.034600899153377815, 0.06615050180375721, 0.019983326383095835, 0.05637276726300465, 0.051104468167339975]


----------------------------------------


>>>>>>>>>>>>>>>all_history_acc<<<<<<<<<<<<<<<


[0.945, 0.849, 0.8286666666666667, 0.81225, 0.7926, 0.7486666666666667, 0.71, 0.695625]
[0.946, 0.8195, 0.786, 0.75625, 0.7396, 0.7218333333333333, 0.7288571428571429, 0.698375]
[0.949, 0.8575, 0.8016666666666666, 0.77125, 0.7682, 0.7426666666666667, 0.7144285714285714, 0.692]
[0.952, 0.876, 0.82, 0.772, 0.7588, 0.7395, 0.7197142857142858, 0.690625]
[0.954, 0.8905, 0.8253333333333334, 0.7985, 0.782, 0.7355, 0.713, 0.697375]
[0.958, 0.879, 0.847, 0.7855, 0.7276, 0.695, 0.6791428571428572, 0.689]


----------------------------------------


>>>>>>>>>>>>>>>all_history_acc_mean<<<<<<<<<<<<<<<


all_history_acc:  [0.9506666666666667, 0.8619166666666667, 0.8181111111111111, 0.7826249999999999, 0.7614666666666666, 0.7305277777777778, 0.7108571428571429, 0.6938333333333334]


----------------------------------------


>>>>>>>>>>>>>>>all_history_acc_std<<<<<<<<<<<<<<<


all_history_acc_std:  [0.004533823502911818, 0.023426154661450985, 0.019592767625067068, 0.018600375220229663, 0.022614351392177674, 0.01788580459953761, 0.015418206394888289, 0.0034975189619055537]


----------------------------------------


