True
config: 
{
    "batch_size": 8,
    "gradient_accumulation_steps": 4,
    "total_round": 6,
    "drop_out": 0.5,
    "num_workers": 2,
    "step1_epochs": 10,
    "step2_epochs": 10,
    "step3_epochs": 10,
    "num_protos": 1,
    "device": "cuda",
    "seed": 100,
    "max_grad_norm": 10,
    "task_length": 8,
    "kl_temp": 2,
    "temp": 0.1,
    "bert_path": "./bert-base-uncased",
    "max_length": 256,
    "vocab_size": 30522,
    "marker_size": 4,
    "use_marker": true,
    "template": "[E1] [MASK] [E2]",
    "pattern": "hybrid_prompt",
    "encoder_output_size": 768,
    "drop_p": 0.1,
    "f_pass": 10,
    "kappa_neg": 0.03,
    "kappa_pos": 0.05,
    "T_mult": 1,
    "rewarm_epoch_num": 2,
    "decay_rate": 0.9,
    "decay_steps": 800,
    "num_of_relation": 80,
    "rel_index": "data/fewrel/rel_index.npy",
    "relation_file": "data/fewrel/relation_name.txt",
    "rel_cluster_label": "data/fewrel/CFRLdata_10_100_10_5/rel_cluster_label_0.npy",
    "training_file": "data/fewrel/CFRLdata_10_100_10_5/train_0.txt",
    "valid_file": "data/fewrel/CFRLdata_10_100_10_5/valid_0.txt",
    "test_file": "data/fewrel/CFRLdata_10_100_10_5/test_0.txt",
    "retain_prev": true
}
----------------------------------------
set seed: 100
Shuffle index: [7 0 6 2 5 1 4 3]
round: 0, current_acc: [0.928, 0.68, 0.592, 0.777, 0.65, 0.682, 0.622, 0.714], history_acc: [0.928, 0.546, 0.5993333333333334, 0.60275, 0.5634, 0.5348333333333334, 0.5028571428571429, 0.48275]
set seed: 200
Shuffle index: [7 6 5 2 1 0 3 4]
round: 1, current_acc: [0.953, 0.688, 0.781, 0.832, 0.802, 0.773, 0.831, 0.828], history_acc: [0.953, 0.497, 0.6913333333333334, 0.677, 0.641, 0.6108333333333333, 0.629, 0.589875]
set seed: 300
Shuffle index: [7 3 2 5 0 6 4 1]
round: 2, current_acc: [0.96, 0.803, 0.703, 0.795, 0.858, 0.687, 0.761, 0.772], history_acc: [0.96, 0.4855, 0.6296666666666667, 0.62675, 0.6594, 0.6118333333333333, 0.5711428571428572, 0.5825]
set seed: 400
Shuffle index: [7 3 1 6 0 5 2 4]
round: 3, current_acc: [0.953, 0.705, 0.726, 0.721, 0.849, 0.753, 0.794, 0.681], history_acc: [0.953, 0.537, 0.6556666666666666, 0.64125, 0.639, 0.6191666666666666, 0.6202857142857143, 0.56375]
set seed: 500
Shuffle index: [7 0 2 1 5 4 3 6]
round: 4, current_acc: [0.948, 0.813, 0.603, 0.756, 0.719, 0.767, 0.623, 0.769], history_acc: [0.948, 0.6605, 0.707, 0.65925, 0.6338, 0.5835, 0.564, 0.547625]
set seed: 600
Shuffle index: [7 1 3 6 4 0 2 5]
round: 5, current_acc: [0.965, 0.799, 0.726, 0.793, 0.672, 0.75, 0.823, 0.85], history_acc: [0.965, 0.4405, 0.6893333333333334, 0.625, 0.5738, 0.5633333333333334, 0.5645714285714286, 0.576875]
>>>>>>>>>>>>>>>current_acc<<<<<<<<<<<<<<<


[0.965, 0.799, 0.726, 0.793, 0.672, 0.75, 0.823, 0.85]


----------------------------------------


>>>>>>>>>>>>>>>history_acc<<<<<<<<<<<<<<<


[0.965, 0.4405, 0.6893333333333334, 0.625, 0.5738, 0.5633333333333334, 0.5645714285714286, 0.576875]


----------------------------------------


>>>>>>>>>>>>>>>all_current_acc<<<<<<<<<<<<<<<


[0.928, 0.68, 0.592, 0.777, 0.65, 0.682, 0.622, 0.714]
[0.953, 0.688, 0.781, 0.832, 0.802, 0.773, 0.831, 0.828]
[0.96, 0.803, 0.703, 0.795, 0.858, 0.687, 0.761, 0.772]
[0.953, 0.705, 0.726, 0.721, 0.849, 0.753, 0.794, 0.681]
[0.948, 0.813, 0.603, 0.756, 0.719, 0.767, 0.623, 0.769]
[0.965, 0.799, 0.726, 0.793, 0.672, 0.75, 0.823, 0.85]


----------------------------------------


>>>>>>>>>>>>>>>all_current_acc_mean<<<<<<<<<<<<<<<


[0.9511666666666666, 0.7480000000000001, 0.6885, 0.779, 0.7583333333333333, 0.7353333333333335, 0.7423333333333334, 0.769]


----------------------------------------


>>>>>>>>>>>>>>>all_current_acc_std<<<<<<<<<<<<<<<


all_current_acc_std:  [0.011710631447060756, 0.05762522595761918, 0.06855836929215864, 0.03453983207834109, 0.08245941762804024, 0.036808815369268374, 0.08766159681157738, 0.058906705900092546]


----------------------------------------


>>>>>>>>>>>>>>>all_history_acc<<<<<<<<<<<<<<<


[0.928, 0.546, 0.5993333333333334, 0.60275, 0.5634, 0.5348333333333334, 0.5028571428571429, 0.48275]
[0.953, 0.497, 0.6913333333333334, 0.677, 0.641, 0.6108333333333333, 0.629, 0.589875]
[0.96, 0.4855, 0.6296666666666667, 0.62675, 0.6594, 0.6118333333333333, 0.5711428571428572, 0.5825]
[0.953, 0.537, 0.6556666666666666, 0.64125, 0.639, 0.6191666666666666, 0.6202857142857143, 0.56375]
[0.948, 0.6605, 0.707, 0.65925, 0.6338, 0.5835, 0.564, 0.547625]
[0.965, 0.4405, 0.6893333333333334, 0.625, 0.5738, 0.5633333333333334, 0.5645714285714286, 0.576875]


----------------------------------------


>>>>>>>>>>>>>>>all_history_acc_mean<<<<<<<<<<<<<<<


all_history_acc:  [0.9511666666666666, 0.52775, 0.6620555555555555, 0.6386666666666666, 0.6184, 0.5872499999999999, 0.5753095238095238, 0.5572291666666667]


----------------------------------------


>>>>>>>>>>>>>>>all_history_acc_std<<<<<<<<<<<<<<<


all_history_acc_std:  [0.011710631447060756, 0.06878029635489125, 0.037958757671328176, 0.02421632828394007, 0.036211048037857185, 0.03031161463006351, 0.04166422441822099, 0.035991276190287504]


----------------------------------------


