True
config: 
{
    "batch_size": 8,
    "gradient_accumulation_steps": 4,
    "total_round": 6,
    "drop_out": 0.5,
    "num_workers": 2,
    "step1_epochs": 10,
    "step2_epochs": 10,
    "step3_epochs": 10,
    "num_protos": 1,
    "device": "cuda",
    "seed": 100,
    "max_grad_norm": 10,
    "task_length": 8,
    "kl_temp": 2,
    "temp": 0.1,
    "bert_path": "./bert-base-uncased",
    "max_length": 256,
    "vocab_size": 30522,
    "marker_size": 4,
    "use_marker": true,
    "template": "[E1] [MASK] [E2]",
    "pattern": "hybrid_prompt",
    "encoder_output_size": 768,
    "drop_p": 0.1,
    "f_pass": 10,
    "kappa_neg": 0.03,
    "kappa_pos": 0.05,
    "T_mult": 1,
    "rewarm_epoch_num": 2,
    "decay_rate": 0.9,
    "decay_steps": 800,
    "num_of_relation": 80,
    "rel_index": "data/fewrel/rel_index.npy",
    "relation_file": "data/fewrel/relation_name.txt",
    "rel_cluster_label": "data/fewrel/CFRLdata_10_100_10_5/rel_cluster_label_0.npy",
    "training_file": "data/fewrel/CFRLdata_10_100_10_5/train_0.txt",
    "valid_file": "data/fewrel/CFRLdata_10_100_10_5/valid_0.txt",
    "test_file": "data/fewrel/CFRLdata_10_100_10_5/test_0.txt",
    "retain_prev": true
}
----------------------------------------
set seed: 100
Shuffle index: [7 0 6 2 5 1 4 3]
round: 0, current_acc: [0.928, 0.68, 0.592, 0.777, 0.65, 0.682, 0.622, 0.714], history_acc: [0.928, 0.546, 0.5993333333333334, 0.60275, 0.5634, 0.5348333333333334, 0.5028571428571429, 0.48275]
set seed: 200
Shuffle index: [7 6 5 2 1 0 3 4]
round: 1, current_acc: [0.953, 0.688, 0.781, 0.832, 0.802, 0.773, 0.831, 0.828], history_acc: [0.953, 0.497, 0.6913333333333334, 0.677, 0.641, 0.6108333333333333, 0.629, 0.589875]
set seed: 300
Shuffle index: [7 3 2 5 0 6 4 1]
round: 2, current_acc: [0.96, 0.803, 0.703, 0.795, 0.858, 0.687, 0.761, 0.772], history_acc: [0.96, 0.4855, 0.6296666666666667, 0.62675, 0.6594, 0.6118333333333333, 0.5711428571428572, 0.5825]
set seed: 400
Shuffle index: [7 3 1 6 0 5 2 4]
