config: 
{
    "batch_size": 8,
    "gradient_accumulation_steps": 4,
    "total_round": 6,
    "drop_out": 0.5,
    "num_workers": 2,
    "step1_epochs": 10,
    "step2_epochs": 10,
    "step3_epochs": 10,
    "num_protos": 2,
    "device": "cuda",
    "seed": 100,
    "max_grad_norm": 10,
    "task_length": 8,
    "kl_temp": 2,
    "temp": 0.1,
    "bert_path": "./bert-base-uncased",
    "max_length": 256,
    "vocab_size": 30522,
    "marker_size": 4,
    "use_marker": true,
    "template": "[E1] [MASK] [E2]",
    "pattern": "hybridprompt",
    "encoder_output_size": 768,
    "drop_p": 0.1,
    "f_pass": 10,
    "kappa_neg": 0.03,
    "kappa_pos": 0.05,
    "T_mult": 1,
    "rewarm_epoch_num": 2,
    "decay_rate": 0.9,
    "decay_steps": 800,
    "num_of_relation": 80,
    "rel_index": "data/fewrel/rel_index.npy",
    "relation_file": "data/fewrel/relation_name.txt",
    "rel_cluster_label": "data/fewrel/CFRLdata_10_100_10_5/rel_cluster_label_0.npy",
    "training_file": "data/fewrel/CFRLdata_10_100_10_5/train_0.txt",
    "valid_file": "data/fewrel/CFRLdata_10_100_10_5/valid_0.txt",
    "test_file": "data/fewrel/CFRLdata_10_100_10_5/test_0.txt",
    "retain_prev": false,
    "use_entity_marker": true,
    "use_unused": true,
    "prompt_length": 1
}
----------------------------------------
set seed: 100
Shuffle index: [7 0 6 2 5 1 4 3]
round: 0, current_acc: [0.947, 0.784, 0.779, 0.875, 0.82, 0.813, 0.631, 0.78], history_acc: [0.947, 0.854, 0.83, 0.79825, 0.787, 0.7401666666666666, 0.6972857142857143, 0.683875]
set seed: 200
Shuffle index: [7 6 5 2 1 0 3 4]
round: 1, current_acc: [0.943, 0.7, 0.787, 0.797, 0.783, 0.683, 0.849, 0.721], history_acc: [0.943, 0.8145, 0.768, 0.745, 0.729, 0.7053333333333334, 0.7045714285714286, 0.67175]
set seed: 300
Shuffle index: [7 3 2 5 0 6 4 1]
round: 2, current_acc: [0.95, 0.8, 0.795, 0.749, 0.853, 0.682, 0.758, 0.761], history_acc: [0.95, 0.87, 0.8086666666666666, 0.767, 0.7628, 0.7316666666666667, 0.7087142857142857, 0.6925]
set seed: 400
Shuffle index: [7 3 1 6 0 5 2 4]
round: 3, current_acc: [0.957, 0.815, 0.785, 0.751, 0.864, 0.702, 0.781, 0.631], history_acc: [0.957, 0.8765, 0.7943333333333333, 0.73875, 0.742, 0.7133333333333334, 0.707, 0.681375]
set seed: 500
Shuffle index: [7 0 2 1 5 4 3 6]
round: 4, current_acc: [0.948, 0.864, 0.743, 0.841, 0.836, 0.749, 0.749, 0.723], history_acc: [0.948, 0.888, 0.815, 0.791, 0.7802, 0.7466666666666667, 0.7158571428571429, 0.691875]
set seed: 600
Shuffle index: [7 1 3 6 4 0 2 5]
round: 5, current_acc: [0.96, 0.821, 0.782, 0.761, 0.642, 0.724, 0.789, 0.831], history_acc: [0.96, 0.8765, 0.8186666666666667, 0.76725, 0.7154, 0.683, 0.6835714285714286, 0.683]
>>>>>>>>>>>>>>>current_acc<<<<<<<<<<<<<<<


[0.96, 0.821, 0.782, 0.761, 0.642, 0.724, 0.789, 0.831]


----------------------------------------


>>>>>>>>>>>>>>>history_acc<<<<<<<<<<<<<<<


[0.96, 0.8765, 0.8186666666666667, 0.76725, 0.7154, 0.683, 0.6835714285714286, 0.683]


----------------------------------------


>>>>>>>>>>>>>>>all_current_acc<<<<<<<<<<<<<<<


[0.947, 0.784, 0.779, 0.875, 0.82, 0.813, 0.631, 0.78]
[0.943, 0.7, 0.787, 0.797, 0.783, 0.683, 0.849, 0.721]
[0.95, 0.8, 0.795, 0.749, 0.853, 0.682, 0.758, 0.761]
[0.957, 0.815, 0.785, 0.751, 0.864, 0.702, 0.781, 0.631]
[0.948, 0.864, 0.743, 0.841, 0.836, 0.749, 0.749, 0.723]
[0.96, 0.821, 0.782, 0.761, 0.642, 0.724, 0.789, 0.831]


----------------------------------------


>>>>>>>>>>>>>>>all_current_acc_mean<<<<<<<<<<<<<<<


[0.9508333333333332, 0.7973333333333333, 0.7785000000000001, 0.7956666666666666, 0.7996666666666666, 0.7254999999999999, 0.7595000000000001, 0.7411666666666665]


----------------------------------------


>>>>>>>>>>>>>>>all_current_acc_std<<<<<<<<<<<<<<<


all_current_acc_std:  [0.005871304984602851, 0.049958871973743456, 0.01663079472945697, 0.04782839695782783, 0.07511472706615008, 0.04557320118958799, 0.06578690345856587, 0.061704717989974005]


----------------------------------------


>>>>>>>>>>>>>>>all_history_acc<<<<<<<<<<<<<<<


[0.947, 0.854, 0.83, 0.79825, 0.787, 0.7401666666666666, 0.6972857142857143, 0.683875]
[0.943, 0.8145, 0.768, 0.745, 0.729, 0.7053333333333334, 0.7045714285714286, 0.67175]
[0.95, 0.87, 0.8086666666666666, 0.767, 0.7628, 0.7316666666666667, 0.7087142857142857, 0.6925]
[0.957, 0.8765, 0.7943333333333333, 0.73875, 0.742, 0.7133333333333334, 0.707, 0.681375]
[0.948, 0.888, 0.815, 0.791, 0.7802, 0.7466666666666667, 0.7158571428571429, 0.691875]
[0.96, 0.8765, 0.8186666666666667, 0.76725, 0.7154, 0.683, 0.6835714285714286, 0.683]


----------------------------------------


>>>>>>>>>>>>>>>all_history_acc_mean<<<<<<<<<<<<<<<


all_history_acc:  [0.9508333333333332, 0.86325, 0.8057777777777778, 0.767875, 0.7527333333333334, 0.7200277777777777, 0.7028333333333333, 0.6840625]


----------------------------------------


>>>>>>>>>>>>>>>all_history_acc_std<<<<<<<<<<<<<<<


all_history_acc_std:  [0.005871304984602851, 0.02405332617331748, 0.0200182015940925, 0.021718247895874725, 0.026147700132558935, 0.02191828609704915, 0.010217504210434622, 0.006978669136494932]


----------------------------------------


