config: 
{
    "batch_size": 8,
    "gradient_accumulation_steps": 4,
    "total_round": 6,
    "drop_out": 0.5,
    "num_workers": 2,
    "step1_epochs": 10,
    "step2_epochs": 10,
    "step3_epochs": 10,
    "num_protos": 1,
    "device": "cuda",
    "seed": 100,
    "max_grad_norm": 10,
    "task_length": 8,
    "kl_temp": 2,
    "temp": 0.1,
    "bert_path": "./bert-base-uncased",
    "max_length": 256,
    "vocab_size": 30522,
    "marker_size": 4,
    "use_marker": true,
    "template": "[E1] [MASK] [E2]",
    "pattern": "hybridprompt",
    "encoder_output_size": 768,
    "drop_p": 0.1,
    "f_pass": 10,
    "kappa_neg": 0.03,
    "kappa_pos": 0.05,
    "T_mult": 1,
    "rewarm_epoch_num": 2,
    "decay_rate": 0.9,
    "decay_steps": 800,
    "num_of_relation": 80,
    "rel_index": "data/fewrel/rel_index.npy",
    "relation_file": "data/fewrel/relation_name.txt",
    "rel_cluster_label": "data/fewrel/CFRLdata_10_100_10_5/rel_cluster_label_0.npy",
    "training_file": "data/fewrel/CFRLdata_10_100_10_5/train_0.txt",
    "valid_file": "data/fewrel/CFRLdata_10_100_10_5/valid_0.txt",
    "test_file": "data/fewrel/CFRLdata_10_100_10_5/test_0.txt",
    "retain_prev": false,
    "use_entity_marker": true,
    "use_unused": false,
    "prompt_length": 3
}
----------------------------------------
set seed: 100
Shuffle index: [7 0 6 2 5 1 4 3]
round: 0, current_acc: [0.945, 0.644, 0.627, 0.784, 0.671, 0.722, 0.555, 0.689], history_acc: [0.945, 0.7815, 0.715, 0.67875, 0.6526, 0.6288333333333334, 0.5871428571428572, 0.57275]
set seed: 200
Shuffle index: [7 6 5 2 1 0 3 4]
round: 1, current_acc: [0.946, 0.581, 0.669, 0.705, 0.73, 0.694, 0.768, 0.728], history_acc: [0.946, 0.7465, 0.6856666666666666, 0.66, 0.6298, 0.6043333333333333, 0.5988571428571429, 0.588875]
set seed: 300
Shuffle index: [7 3 2 5 0 6 4 1]
round: 2, current_acc: [0.95, 0.725, 0.656, 0.684, 0.804, 0.534, 0.647, 0.699], history_acc: [0.95, 0.828, 0.7146666666666667, 0.675, 0.657, 0.6226666666666667, 0.5858571428571429, 0.5845]
set seed: 400
Shuffle index: [7 3 1 6 0 5 2 4]
round: 3, current_acc: [0.946, 0.707, 0.766, 0.77, 0.83, 0.705, 0.781, 0.652], history_acc: [0.946, 0.814, 0.7546666666666667, 0.6915, 0.6914, 0.6651666666666667, 0.649, 0.62075]
set seed: 500
Shuffle index: [7 0 2 1 5 4 3 6]
round: 4, current_acc: [0.967, 0.824, 0.68, 0.774, 0.78, 0.698, 0.684, 0.655], history_acc: [0.967, 0.8675, 0.7906666666666666, 0.74525, 0.7084, 0.6835, 0.642, 0.606125]
set seed: 600
Shuffle index: [7 1 3 6 4 0 2 5]
round: 5, current_acc: [0.948, 0.746, 0.726, 0.723, 0.561, 0.608, 0.638, 0.782], history_acc: [0.948, 0.825, 0.7403333333333333, 0.694, 0.6174, 0.5678333333333333, 0.5585714285714286, 0.566375]
>>>>>>>>>>>>>>>current_acc<<<<<<<<<<<<<<<


[0.948, 0.746, 0.726, 0.723, 0.561, 0.608, 0.638, 0.782]


----------------------------------------


>>>>>>>>>>>>>>>history_acc<<<<<<<<<<<<<<<


[0.948, 0.825, 0.7403333333333333, 0.694, 0.6174, 0.5678333333333333, 0.5585714285714286, 0.566375]


----------------------------------------


>>>>>>>>>>>>>>>all_current_acc<<<<<<<<<<<<<<<


[0.945, 0.644, 0.627, 0.784, 0.671, 0.722, 0.555, 0.689]
[0.946, 0.581, 0.669, 0.705, 0.73, 0.694, 0.768, 0.728]
[0.95, 0.725, 0.656, 0.684, 0.804, 0.534, 0.647, 0.699]
[0.946, 0.707, 0.766, 0.77, 0.83, 0.705, 0.781, 0.652]
[0.967, 0.824, 0.68, 0.774, 0.78, 0.698, 0.684, 0.655]
[0.948, 0.746, 0.726, 0.723, 0.561, 0.608, 0.638, 0.782]


----------------------------------------


>>>>>>>>>>>>>>>all_current_acc_mean<<<<<<<<<<<<<<<


[0.9503333333333334, 0.7045, 0.6873333333333335, 0.7400000000000001, 0.7293333333333334, 0.6601666666666667, 0.6788333333333334, 0.7008333333333333]


----------------------------------------


>>>>>>>>>>>>>>>all_current_acc_std<<<<<<<<<<<<<<<


all_current_acc_std:  [0.007630348761506405, 0.0767479641423797, 0.04599879225467652, 0.03795172372018606, 0.09130108919880904, 0.06714267561610042, 0.07792179127532654, 0.04463711709129771]


----------------------------------------


>>>>>>>>>>>>>>>all_history_acc<<<<<<<<<<<<<<<


[0.945, 0.7815, 0.715, 0.67875, 0.6526, 0.6288333333333334, 0.5871428571428572, 0.57275]
[0.946, 0.7465, 0.6856666666666666, 0.66, 0.6298, 0.6043333333333333, 0.5988571428571429, 0.588875]
[0.95, 0.828, 0.7146666666666667, 0.675, 0.657, 0.6226666666666667, 0.5858571428571429, 0.5845]
[0.946, 0.814, 0.7546666666666667, 0.6915, 0.6914, 0.6651666666666667, 0.649, 0.62075]
[0.967, 0.8675, 0.7906666666666666, 0.74525, 0.7084, 0.6835, 0.642, 0.606125]
[0.948, 0.825, 0.7403333333333333, 0.694, 0.6174, 0.5678333333333333, 0.5585714285714286, 0.566375]


----------------------------------------


>>>>>>>>>>>>>>>all_history_acc_mean<<<<<<<<<<<<<<<


all_history_acc:  [0.9503333333333334, 0.8104166666666667, 0.7334999999999999, 0.69075, 0.6594333333333333, 0.6287222222222222, 0.6035714285714285, 0.5898958333333333]


----------------------------------------


>>>>>>>>>>>>>>>all_history_acc_std<<<<<<<<<<<<<<<


all_history_acc_std:  [0.007630348761506405, 0.03811104024936723, 0.03353536000060787, 0.02682970990028279, 0.03193001026550973, 0.03800824309554281, 0.03207134902949092, 0.018675883606197135]


----------------------------------------


