config: 
{
    "batch_size": 8,
    "gradient_accumulation_steps": 4,
    "total_round": 6,
    "drop_out": 0.5,
    "num_workers": 2,
    "step1_epochs": 10,
    "step2_epochs": 10,
    "step3_epochs": 10,
    "num_protos": 1,
    "device": "cuda",
    "seed": 100,
    "max_grad_norm": 10,
    "task_length": 8,
    "kl_temp": 2,
    "temp": 0.1,
    "bert_path": "./bert-base-uncased",
    "max_length": 256,
    "vocab_size": 30522,
    "marker_size": 4,
    "use_marker": true,
    "template": "[E1] [MASK] [E2]",
    "pattern": "hybridprompt",
    "encoder_output_size": 768,
    "drop_p": 0.1,
    "f_pass": 10,
    "kappa_neg": 0.03,
    "kappa_pos": 0.05,
    "T_mult": 1,
    "rewarm_epoch_num": 2,
    "decay_rate": 0.9,
    "decay_steps": 800,
    "num_of_relation": 80,
    "rel_index": "data/fewrel/rel_index.npy",
    "relation_file": "data/fewrel/relation_name.txt",
    "rel_cluster_label": "data/fewrel/CFRLdata_10_100_10_5/rel_cluster_label_0.npy",
    "training_file": "data/fewrel/CFRLdata_10_100_10_5/train_0.txt",
    "valid_file": "data/fewrel/CFRLdata_10_100_10_5/valid_0.txt",
    "test_file": "data/fewrel/CFRLdata_10_100_10_5/test_0.txt",
    "retain_prev": false,
    "use_entity_marker": true,
    "use_unused": false,
    "prompt_length": 1
}
----------------------------------------
set seed: 100
Shuffle index: [7 0 6 2 5 1 4 3]
round: 0, current_acc: [0.96, 0.741, 0.791, 0.877, 0.783, 0.817, 0.666, 0.804], history_acc: [0.96, 0.834, 0.816, 0.8, 0.7816, 0.7208333333333333, 0.6651428571428571, 0.648375]
set seed: 200
Shuffle index: [7 6 5 2 1 0 3 4]
round: 1, current_acc: [0.936, 0.639, 0.723, 0.829, 0.767, 0.774, 0.848, 0.718], history_acc: [0.936, 0.783, 0.7233333333333334, 0.70175, 0.6826, 0.6553333333333333, 0.6532857142857142, 0.622125]
set seed: 300
Shuffle index: [7 3 2 5 0 6 4 1]
round: 2, current_acc: [0.953, 0.812, 0.769, 0.759, 0.892, 0.658, 0.762, 0.787], history_acc: [0.953, 0.872, 0.7983333333333333, 0.7585, 0.7486, 0.7075, 0.6724285714285714, 0.649875]
set seed: 400
Shuffle index: [7 3 1 6 0 5 2 4]
round: 3, current_acc: [0.947, 0.794, 0.806, 0.779, 0.88, 0.777, 0.794, 0.688], history_acc: [0.947, 0.865, 0.8083333333333333, 0.74525, 0.7398, 0.6963333333333334, 0.6995714285714286, 0.6565]
set seed: 500
Shuffle index: [7 0 2 1 5 4 3 6]
round: 4, current_acc: [0.953, 0.83, 0.67, 0.813, 0.836, 0.78, 0.764, 0.746], history_acc: [0.953, 0.878, 0.7986666666666666, 0.78125, 0.7532, 0.7096666666666667, 0.679, 0.662]
set seed: 600
Shuffle index: [7 1 3 6 4 0 2 5]
round: 5, current_acc: [0.95, 0.789, 0.782, 0.804, 0.656, 0.735, 0.754, 0.861], history_acc: [0.95, 0.8525, 0.805, 0.71825, 0.673, 0.6451666666666667, 0.6482857142857142, 0.6485]
>>>>>>>>>>>>>>>current_acc<<<<<<<<<<<<<<<


[0.95, 0.789, 0.782, 0.804, 0.656, 0.735, 0.754, 0.861]


----------------------------------------


>>>>>>>>>>>>>>>history_acc<<<<<<<<<<<<<<<


[0.95, 0.8525, 0.805, 0.71825, 0.673, 0.6451666666666667, 0.6482857142857142, 0.6485]


----------------------------------------


>>>>>>>>>>>>>>>all_current_acc<<<<<<<<<<<<<<<


[0.96, 0.741, 0.791, 0.877, 0.783, 0.817, 0.666, 0.804]
[0.936, 0.639, 0.723, 0.829, 0.767, 0.774, 0.848, 0.718]
[0.953, 0.812, 0.769, 0.759, 0.892, 0.658, 0.762, 0.787]
[0.947, 0.794, 0.806, 0.779, 0.88, 0.777, 0.794, 0.688]
[0.953, 0.83, 0.67, 0.813, 0.836, 0.78, 0.764, 0.746]
[0.95, 0.789, 0.782, 0.804, 0.656, 0.735, 0.754, 0.861]


----------------------------------------


>>>>>>>>>>>>>>>all_current_acc_mean<<<<<<<<<<<<<<<


[0.9498333333333333, 0.7675000000000001, 0.7568333333333334, 0.8101666666666666, 0.8023333333333333, 0.7568333333333334, 0.7646666666666665, 0.7673333333333333]


----------------------------------------


>>>>>>>>>>>>>>>all_current_acc_std<<<<<<<<<<<<<<<


all_current_acc_std:  [0.007335227028221768, 0.06359441799403466, 0.04663838428686064, 0.03754293838023632, 0.07983455113893705, 0.05017109614996355, 0.05425454410052262, 0.05728195372211239]


----------------------------------------


>>>>>>>>>>>>>>>all_history_acc<<<<<<<<<<<<<<<


[0.96, 0.834, 0.816, 0.8, 0.7816, 0.7208333333333333, 0.6651428571428571, 0.648375]
[0.936, 0.783, 0.7233333333333334, 0.70175, 0.6826, 0.6553333333333333, 0.6532857142857142, 0.622125]
[0.953, 0.872, 0.7983333333333333, 0.7585, 0.7486, 0.7075, 0.6724285714285714, 0.649875]
[0.947, 0.865, 0.8083333333333333, 0.74525, 0.7398, 0.6963333333333334, 0.6995714285714286, 0.6565]
[0.953, 0.878, 0.7986666666666666, 0.78125, 0.7532, 0.7096666666666667, 0.679, 0.662]
[0.95, 0.8525, 0.805, 0.71825, 0.673, 0.6451666666666667, 0.6482857142857142, 0.6485]


----------------------------------------


>>>>>>>>>>>>>>>all_history_acc_mean<<<<<<<<<<<<<<<


all_history_acc:  [0.9498333333333333, 0.8474166666666667, 0.791611111111111, 0.7508333333333334, 0.7298, 0.689138888888889, 0.6696190476190477, 0.6478958333333333]


----------------------------------------


>>>>>>>>>>>>>>>all_history_acc_std<<<<<<<<<<<<<<<


all_history_acc_std:  [0.007335227028221768, 0.032156410281967446, 0.031119492918525705, 0.033919840146373864, 0.039026315907773466, 0.028551677752264158, 0.017004734568126238, 0.012527348554484915]


----------------------------------------


