config: 
{
    "batch_size": 8,
    "gradient_accumulation_steps": 4,
    "total_round": 6,
    "drop_out": 0.5,
    "num_workers": 2,
    "step1_epochs": 10,
    "step2_epochs": 10,
    "step3_epochs": 10,
    "num_protos": 1,
    "device": "cuda",
    "seed": 100,
    "max_grad_norm": 10,
    "task_length": 8,
    "kl_temp": 2,
    "temp": 0.1,
    "bert_path": "./bert-base-uncased",
    "max_length": 256,
    "vocab_size": 30522,
    "marker_size": 4,
    "use_marker": true,
    "template": "[E1] [MASK] [E2]",
    "pattern": "hybridprompt",
    "encoder_output_size": 768,
    "drop_p": 0.1,
    "f_pass": 10,
    "kappa_neg": 0.03,
    "kappa_pos": 0.05,
    "T_mult": 1,
    "rewarm_epoch_num": 2,
    "decay_rate": 0.9,
    "decay_steps": 800,
    "num_of_relation": 80,
    "rel_index": "data/fewrel/rel_index.npy",
    "relation_file": "data/fewrel/relation_name.txt",
    "rel_cluster_label": "data/fewrel/CFRLdata_10_100_10_5/rel_cluster_label_0.npy",
    "training_file": "data/fewrel/CFRLdata_10_100_10_5/train_0.txt",
    "valid_file": "data/fewrel/CFRLdata_10_100_10_5/valid_0.txt",
    "test_file": "data/fewrel/CFRLdata_10_100_10_5/test_0.txt",
    "retain_prev": false,
    "use_entity_marker": true,
    "use_unused": true,
    "prompt_length": 1
}
----------------------------------------
set seed: 100
Shuffle index: [7 0 6 2 5 1 4 3]
round: 0, current_acc: [0.949, 0.784, 0.767, 0.853, 0.827, 0.833, 0.671, 0.814], history_acc: [0.949, 0.8555, 0.81, 0.797, 0.7758, 0.7111666666666666, 0.6654285714285715, 0.642875]
set seed: 200
Shuffle index: [7 6 5 2 1 0 3 4]
round: 1, current_acc: [0.946, 0.699, 0.757, 0.843, 0.846, 0.771, 0.862, 0.77], history_acc: [0.946, 0.8105, 0.7596666666666667, 0.73625, 0.7108, 0.6923333333333334, 0.688, 0.66325]
set seed: 300
Shuffle index: [7 3 2 5 0 6 4 1]
round: 2, current_acc: [0.953, 0.776, 0.736, 0.8, 0.872, 0.695, 0.719, 0.789], history_acc: [0.953, 0.8605, 0.779, 0.7445, 0.7366, 0.7003333333333334, 0.671, 0.652125]
set seed: 400
Shuffle index: [7 3 1 6 0 5 2 4]
round: 3, current_acc: [0.954, 0.755, 0.804, 0.786, 0.875, 0.776, 0.789, 0.704], history_acc: [0.954, 0.8455, 0.796, 0.72175, 0.711, 0.6773333333333333, 0.6767142857142857, 0.641625]
set seed: 500
Shuffle index: [7 0 2 1 5 4 3 6]
round: 4, current_acc: [0.95, 0.869, 0.7, 0.769, 0.839, 0.708, 0.717, 0.726], history_acc: [0.95, 0.886, 0.813, 0.75675, 0.7412, 0.7093333333333334, 0.6761428571428572, 0.643625]
set seed: 600
Shuffle index: [7 1 3 6 4 0 2 5]
round: 5, current_acc: [0.961, 0.818, 0.799, 0.762, 0.674, 0.786, 0.78, 0.859], history_acc: [0.961, 0.8765, 0.8126666666666666, 0.74075, 0.6736, 0.6605, 0.6627142857142857, 0.662875]
>>>>>>>>>>>>>>>current_acc<<<<<<<<<<<<<<<


[0.961, 0.818, 0.799, 0.762, 0.674, 0.786, 0.78, 0.859]


----------------------------------------


>>>>>>>>>>>>>>>history_acc<<<<<<<<<<<<<<<


[0.961, 0.8765, 0.8126666666666666, 0.74075, 0.6736, 0.6605, 0.6627142857142857, 0.662875]


----------------------------------------


>>>>>>>>>>>>>>>all_current_acc<<<<<<<<<<<<<<<


[0.949, 0.784, 0.767, 0.853, 0.827, 0.833, 0.671, 0.814]
[0.946, 0.699, 0.757, 0.843, 0.846, 0.771, 0.862, 0.77]
[0.953, 0.776, 0.736, 0.8, 0.872, 0.695, 0.719, 0.789]
[0.954, 0.755, 0.804, 0.786, 0.875, 0.776, 0.789, 0.704]
[0.95, 0.869, 0.7, 0.769, 0.839, 0.708, 0.717, 0.726]
[0.961, 0.818, 0.799, 0.762, 0.674, 0.786, 0.78, 0.859]


----------------------------------------


>>>>>>>>>>>>>>>all_current_acc_mean<<<<<<<<<<<<<<<


[0.9521666666666667, 0.7835, 0.7605000000000001, 0.8021666666666668, 0.8221666666666668, 0.7615000000000002, 0.7563333333333334, 0.777]


----------------------------------------


>>>>>>>>>>>>>>>all_current_acc_std<<<<<<<<<<<<<<<


all_current_acc_std:  [0.004740487551109302, 0.05245553672714953, 0.03579920855735969, 0.034715110382784145, 0.06843833396244793, 0.04707706447942566, 0.06193455327108519, 0.051987177906351746]


----------------------------------------


>>>>>>>>>>>>>>>all_history_acc<<<<<<<<<<<<<<<


[0.949, 0.8555, 0.81, 0.797, 0.7758, 0.7111666666666666, 0.6654285714285715, 0.642875]
[0.946, 0.8105, 0.7596666666666667, 0.73625, 0.7108, 0.6923333333333334, 0.688, 0.66325]
[0.953, 0.8605, 0.779, 0.7445, 0.7366, 0.7003333333333334, 0.671, 0.652125]
[0.954, 0.8455, 0.796, 0.72175, 0.711, 0.6773333333333333, 0.6767142857142857, 0.641625]
[0.95, 0.886, 0.813, 0.75675, 0.7412, 0.7093333333333334, 0.6761428571428572, 0.643625]
[0.961, 0.8765, 0.8126666666666666, 0.74075, 0.6736, 0.6605, 0.6627142857142857, 0.662875]


----------------------------------------


>>>>>>>>>>>>>>>all_history_acc_mean<<<<<<<<<<<<<<<


all_history_acc:  [0.9521666666666667, 0.85575, 0.7950555555555555, 0.7495000000000002, 0.7248333333333333, 0.6918333333333333, 0.6733333333333333, 0.6510625]


----------------------------------------


>>>>>>>>>>>>>>>all_history_acc_std<<<<<<<<<<<<<<<


all_history_acc_std:  [0.004740487551109302, 0.02422421309351451, 0.019860081558396782, 0.023650229033422364, 0.031667736824022595, 0.0180025718327297, 0.008317944975580185, 0.00913434167943518]


----------------------------------------


