config: 
{
    "batch_size": 8,
    "gradient_accumulation_steps": 4,
    "total_round": 6,
    "drop_out": 0.5,
    "num_workers": 2,
    "step1_epochs": 10,
    "step2_epochs": 10,
    "step3_epochs": 10,
    "num_protos": 1,
    "device": "cuda",
    "seed": 100,
    "max_grad_norm": 10,
    "task_length": 8,
    "kl_temp": 2,
    "temp": 0.1,
    "bert_path": "./bert-base-uncased",
    "max_length": 256,
    "vocab_size": 30522,
    "marker_size": 4,
    "use_marker": true,
    "template": "[E1] [MASK] [E2]",
    "pattern": "softprompt",
    "encoder_output_size": 768,
    "drop_p": 0.1,
    "f_pass": 10,
    "kappa_neg": 0.03,
    "kappa_pos": 0.05,
    "T_mult": 1,
    "rewarm_epoch_num": 2,
    "decay_rate": 0.9,
    "decay_steps": 800,
    "num_of_relation": 80,
    "rel_index": "data/fewrel/rel_index.npy",
    "relation_file": "data/fewrel/relation_name.txt",
    "rel_cluster_label": "data/fewrel/CFRLdata_10_100_10_5/rel_cluster_label_0.npy",
    "training_file": "data/fewrel/CFRLdata_10_100_10_5/train_0.txt",
    "valid_file": "data/fewrel/CFRLdata_10_100_10_5/valid_0.txt",
    "test_file": "data/fewrel/CFRLdata_10_100_10_5/test_0.txt",
    "retain_prev": false,
    "use_entity_marker": true,
    "use_unused": true,
    "prompt_length": 1
}
----------------------------------------
set seed: 100
Shuffle index: [7 0 6 2 5 1 4 3]
round: 0, current_acc: [0.914, 0.634, 0.601, 0.732, 0.657, 0.688, 0.593, 0.7], history_acc: [0.914, 0.763, 0.687, 0.67175, 0.638, 0.588, 0.5464285714285714, 0.535375]
set seed: 200
Shuffle index: [7 6 5 2 1 0 3 4]
round: 1, current_acc: [0.926, 0.577, 0.646, 0.671, 0.621, 0.635, 0.777, 0.667], history_acc: [0.926, 0.7295, 0.6486666666666666, 0.63425, 0.581, 0.558, 0.5601428571428572, 0.53925]
set seed: 300
Shuffle index: [7 3 2 5 0 6 4 1]
round: 2, current_acc: [0.918, 0.694, 0.609, 0.686, 0.756, 0.541, 0.605, 0.671], history_acc: [0.918, 0.77, 0.6633333333333333, 0.6225, 0.622, 0.5836666666666667, 0.547, 0.53825]
set seed: 400
Shuffle index: [7 3 1 6 0 5 2 4]
round: 3, current_acc: [0.912, 0.672, 0.661, 0.706, 0.734, 0.59, 0.69, 0.544], history_acc: [0.912, 0.763, 0.688, 0.62625, 0.6214, 0.5855, 0.5704285714285714, 0.52975]
set seed: 500
Shuffle index: [7 0 2 1 5 4 3 6]
round: 4, current_acc: [0.914, 0.735, 0.552, 0.629, 0.767, 0.636, 0.585, 0.546], history_acc: [0.914, 0.81, 0.6996666666666667, 0.6605, 0.6402, 0.5936666666666667, 0.556, 0.53]
set seed: 600
Shuffle index: [7 1 3 6 4 0 2 5]
round: 5, current_acc: [0.912, 0.652, 0.606, 0.642, 0.583, 0.586, 0.621, 0.75], history_acc: [0.912, 0.754, 0.6716666666666666, 0.613, 0.5718, 0.5378333333333334, 0.5202857142857142, 0.535875]
>>>>>>>>>>>>>>>current_acc<<<<<<<<<<<<<<<


[0.912, 0.652, 0.606, 0.642, 0.583, 0.586, 0.621, 0.75]


----------------------------------------


>>>>>>>>>>>>>>>history_acc<<<<<<<<<<<<<<<


[0.912, 0.754, 0.6716666666666666, 0.613, 0.5718, 0.5378333333333334, 0.5202857142857142, 0.535875]


----------------------------------------


>>>>>>>>>>>>>>>all_current_acc<<<<<<<<<<<<<<<


[0.914, 0.634, 0.601, 0.732, 0.657, 0.688, 0.593, 0.7]
[0.926, 0.577, 0.646, 0.671, 0.621, 0.635, 0.777, 0.667]
[0.918, 0.694, 0.609, 0.686, 0.756, 0.541, 0.605, 0.671]
[0.912, 0.672, 0.661, 0.706, 0.734, 0.59, 0.69, 0.544]
[0.914, 0.735, 0.552, 0.629, 0.767, 0.636, 0.585, 0.546]
[0.912, 0.652, 0.606, 0.642, 0.583, 0.586, 0.621, 0.75]


----------------------------------------


>>>>>>>>>>>>>>>all_current_acc_mean<<<<<<<<<<<<<<<


[0.9159999999999999, 0.6606666666666666, 0.6124999999999999, 0.6776666666666666, 0.6863333333333332, 0.6126666666666666, 0.6451666666666667, 0.6463333333333333]


----------------------------------------


>>>>>>>>>>>>>>>all_current_acc_std<<<<<<<<<<<<<<<


all_current_acc_std:  [0.00489897948556636, 0.04924654528210302, 0.034932076949417135, 0.03537733109712425, 0.07004680974573757, 0.04668928023528406, 0.06822613542884837, 0.07659561925390307]


----------------------------------------


>>>>>>>>>>>>>>>all_history_acc<<<<<<<<<<<<<<<


[0.914, 0.763, 0.687, 0.67175, 0.638, 0.588, 0.5464285714285714, 0.535375]
[0.926, 0.7295, 0.6486666666666666, 0.63425, 0.581, 0.558, 0.5601428571428572, 0.53925]
[0.918, 0.77, 0.6633333333333333, 0.6225, 0.622, 0.5836666666666667, 0.547, 0.53825]
[0.912, 0.763, 0.688, 0.62625, 0.6214, 0.5855, 0.5704285714285714, 0.52975]
[0.914, 0.81, 0.6996666666666667, 0.6605, 0.6402, 0.5936666666666667, 0.556, 0.53]
[0.912, 0.754, 0.6716666666666666, 0.613, 0.5718, 0.5378333333333334, 0.5202857142857142, 0.535875]


----------------------------------------


>>>>>>>>>>>>>>>all_history_acc_mean<<<<<<<<<<<<<<<


all_history_acc:  [0.9159999999999999, 0.7649166666666667, 0.6763888888888889, 0.6380416666666667, 0.6123999999999999, 0.5744444444444444, 0.550047619047619, 0.53475]


----------------------------------------


>>>>>>>>>>>>>>>all_history_acc_std<<<<<<<<<<<<<<<


all_history_acc_std:  [0.00489897948556636, 0.023941624608386315, 0.017080871548006756, 0.021066074952133067, 0.026569656878978835, 0.019880119109363208, 0.015603868931248531, 0.003690500191934226]


----------------------------------------


