True
config: 
{
    "batch_size": 8,
    "gradient_accumulation_steps": 4,
    "total_round": 6,
    "drop_out": 0.5,
    "num_workers": 2,
    "step1_epochs": 10,
    "step2_epochs": 10,
    "step3_epochs": 10,
    "num_protos": 1,
    "device": "cuda",
    "seed": 100,
    "max_grad_norm": 10,
    "task_length": 8,
    "kl_temp": 2,
    "temp": 0.1,
    "bert_path": "./bert-base-uncased",
    "max_length": 256,
    "vocab_size": 30522,
    "marker_size": 4,
    "use_marker": true,
    "template": "[E1] [MASK] [E2]",
    "pattern": "soft_prompt",
    "encoder_output_size": 768,
    "drop_p": 0.1,
    "f_pass": 10,
    "kappa_neg": 0.03,
    "kappa_pos": 0.05,
    "T_mult": 1,
    "rewarm_epoch_num": 2,
    "decay_rate": 0.9,
    "decay_steps": 800,
    "num_of_relation": 80,
    "rel_index": "data/fewrel/rel_index.npy",
    "relation_file": "data/fewrel/relation_name.txt",
    "rel_cluster_label": "data/fewrel/CFRLdata_10_100_10_5/rel_cluster_label_0.npy",
    "training_file": "data/fewrel/CFRLdata_10_100_10_5/train_0.txt",
    "valid_file": "data/fewrel/CFRLdata_10_100_10_5/valid_0.txt",
    "test_file": "data/fewrel/CFRLdata_10_100_10_5/test_0.txt",
    "retain_prev": true
}
----------------------------------------
set seed: 100
Shuffle index: [7 0 6 2 5 1 4 3]
round: 0, current_acc: [0.933, 0.667, 0.662, 0.816, 0.684, 0.728, 0.612, 0.757], history_acc: [0.933, 0.771, 0.69, 0.6635, 0.627, 0.5891666666666666, 0.5394285714285715, 0.531625]
set seed: 200
Shuffle index: [7 6 5 2 1 0 3 4]
round: 1, current_acc: [0.938, 0.6, 0.661, 0.733, 0.661, 0.684, 0.785, 0.719], history_acc: [0.938, 0.751, 0.6853333333333333, 0.658, 0.6054, 0.5576666666666666, 0.5582857142857143, 0.528125]
set seed: 300
Shuffle index: [7 3 2 5 0 6 4 1]
round: 2, current_acc: [0.939, 0.745, 0.712, 0.708, 0.822, 0.615, 0.685, 0.743], history_acc: [0.939, 0.798, 0.7043333333333334, 0.65175, 0.655, 0.5961666666666666, 0.5674285714285714, 0.53825]
set seed: 400
Shuffle index: [7 3 1 6 0 5 2 4]
round: 3, current_acc: [0.911, 0.562, 0.645, 0.641, 0.713, 0.631, 0.59, 0.497], history_acc: [0.911, 0.6785, 0.6226666666666667, 0.57925, 0.578, 0.5271666666666667, 0.508, 0.466875]
set seed: 500
Shuffle index: [7 0 2 1 5 4 3 6]
round: 4, current_acc: [0.927, 0.761, 0.606, 0.649, 0.789, 0.688, 0.641, 0.655], history_acc: [0.927, 0.8225, 0.7176666666666667, 0.664, 0.6204, 0.5891666666666666, 0.5508571428571428, 0.508375]
set seed: 600
Shuffle index: [7 1 3 6 4 0 2 5]
round: 5, current_acc: [0.928, 0.673, 0.613, 0.624, 0.514, 0.606, 0.677, 0.765], history_acc: [0.928, 0.774, 0.6716666666666666, 0.6215, 0.5424, 0.5078333333333334, 0.49914285714285717, 0.515375]
>>>>>>>>>>>>>>>current_acc<<<<<<<<<<<<<<<


[0.928, 0.673, 0.613, 0.624, 0.514, 0.606, 0.677, 0.765]


----------------------------------------


>>>>>>>>>>>>>>>history_acc<<<<<<<<<<<<<<<


[0.928, 0.774, 0.6716666666666666, 0.6215, 0.5424, 0.5078333333333334, 0.49914285714285717, 0.515375]


----------------------------------------


>>>>>>>>>>>>>>>all_current_acc<<<<<<<<<<<<<<<


[0.933, 0.667, 0.662, 0.816, 0.684, 0.728, 0.612, 0.757]
[0.938, 0.6, 0.661, 0.733, 0.661, 0.684, 0.785, 0.719]
[0.939, 0.745, 0.712, 0.708, 0.822, 0.615, 0.685, 0.743]
[0.911, 0.562, 0.645, 0.641, 0.713, 0.631, 0.59, 0.497]
[0.927, 0.761, 0.606, 0.649, 0.789, 0.688, 0.641, 0.655]
[0.928, 0.673, 0.613, 0.624, 0.514, 0.606, 0.677, 0.765]


----------------------------------------


>>>>>>>>>>>>>>>all_current_acc_mean<<<<<<<<<<<<<<<


[0.9293333333333332, 0.668, 0.6498333333333334, 0.6951666666666666, 0.6971666666666668, 0.6586666666666666, 0.6649999999999999, 0.6893333333333332]


----------------------------------------


>>>>>>>>>>>>>>>all_current_acc_std<<<<<<<<<<<<<<<


all_current_acc_std:  [0.009357112565078771, 0.07125540915139938, 0.03521087268949118, 0.06624051294755764, 0.09941397733160508, 0.044263102266133836, 0.06318491381123612, 0.0933053529487397]


----------------------------------------


>>>>>>>>>>>>>>>all_history_acc<<<<<<<<<<<<<<<


[0.933, 0.771, 0.69, 0.6635, 0.627, 0.5891666666666666, 0.5394285714285715, 0.531625]
[0.938, 0.751, 0.6853333333333333, 0.658, 0.6054, 0.5576666666666666, 0.5582857142857143, 0.528125]
[0.939, 0.798, 0.7043333333333334, 0.65175, 0.655, 0.5961666666666666, 0.5674285714285714, 0.53825]
[0.911, 0.6785, 0.6226666666666667, 0.57925, 0.578, 0.5271666666666667, 0.508, 0.466875]
[0.927, 0.8225, 0.7176666666666667, 0.664, 0.6204, 0.5891666666666666, 0.5508571428571428, 0.508375]
[0.928, 0.774, 0.6716666666666666, 0.6215, 0.5424, 0.5078333333333334, 0.49914285714285717, 0.515375]


----------------------------------------


>>>>>>>>>>>>>>>all_history_acc_mean<<<<<<<<<<<<<<<


all_history_acc:  [0.9293333333333332, 0.7658333333333335, 0.6819444444444445, 0.6396666666666667, 0.6047000000000001, 0.5611944444444443, 0.5371904761904762, 0.5147708333333333]


----------------------------------------


>>>>>>>>>>>>>>>all_history_acc_std<<<<<<<<<<<<<<<


all_history_acc_std:  [0.009357112565078771, 0.04506723372424312, 0.030202659109488193, 0.030611703462709947, 0.03621357940515317, 0.033679097906601764, 0.02533391513832449, 0.023625376613694207]


----------------------------------------


