config: 
{
    "batch_size": 8,
    "gradient_accumulation_steps": 4,
    "total_round": 6,
    "drop_out": 0.5,
    "num_workers": 2,
    "step1_epochs": 10,
    "step2_epochs": 10,
    "step3_epochs": 10,
    "num_protos": 1,
    "device": "cuda",
    "seed": 100,
    "max_grad_norm": 10,
    "task_length": 8,
    "kl_temp": 2,
    "temp": 0.1,
    "bert_path": "./bert-base-uncased",
    "max_length": 256,
    "vocab_size": 30522,
    "marker_size": 4,
    "use_marker": true,
    "template": "[E1] [MASK] [E2]",
    "pattern": "softprompt",
    "encoder_output_size": 768,
    "drop_p": 0.1,
    "f_pass": 10,
    "kappa_neg": 0.03,
    "kappa_pos": 0.05,
    "T_mult": 1,
    "rewarm_epoch_num": 2,
    "decay_rate": 0.9,
    "decay_steps": 800,
    "num_of_relation": 80,
    "rel_index": "data/fewrel/rel_index.npy",
    "relation_file": "data/fewrel/relation_name.txt",
    "rel_cluster_label": "data/fewrel/CFRLdata_10_100_10_5/rel_cluster_label_0.npy",
    "training_file": "data/fewrel/CFRLdata_10_100_10_5/train_0.txt",
    "valid_file": "data/fewrel/CFRLdata_10_100_10_5/valid_0.txt",
    "test_file": "data/fewrel/CFRLdata_10_100_10_5/test_0.txt",
    "retain_prev": false,
    "use_entity_marker": true,
    "use_unused": false,
    "prompt_length": 1
}
----------------------------------------
set seed: 100
Shuffle index: [7 0 6 2 5 1 4 3]
round: 0, current_acc: [0.925, 0.635, 0.609, 0.774, 0.655, 0.718, 0.554, 0.715], history_acc: [0.925, 0.7605, 0.695, 0.67375, 0.6346, 0.625, 0.5831428571428572, 0.566625]
set seed: 200
Shuffle index: [7 6 5 2 1 0 3 4]
round: 1, current_acc: [0.926, 0.527, 0.605, 0.698, 0.649, 0.636, 0.825, 0.663], history_acc: [0.926, 0.7215, 0.6543333333333333, 0.62225, 0.582, 0.559, 0.578, 0.55775]
set seed: 300
Shuffle index: [7 3 2 5 0 6 4 1]
round: 2, current_acc: [0.924, 0.712, 0.644, 0.642, 0.81, 0.539, 0.58, 0.635], history_acc: [0.924, 0.7755, 0.6893333333333334, 0.63825, 0.6414, 0.5911666666666666, 0.5497142857142857, 0.53125]
set seed: 400
Shuffle index: [7 3 1 6 0 5 2 4]
round: 3, current_acc: [0.929, 0.622, 0.673, 0.707, 0.808, 0.661, 0.674, 0.575], history_acc: [0.929, 0.747, 0.6943333333333334, 0.65525, 0.6592, 0.6055, 0.5948571428571429, 0.540375]
set seed: 500
Shuffle index: [7 0 2 1 5 4 3 6]
round: 4, current_acc: [0.922, 0.775, 0.591, 0.637, 0.745, 0.584, 0.619, 0.587], history_acc: [0.922, 0.82, 0.7233333333333334, 0.681, 0.6406, 0.6106666666666667, 0.5657142857142857, 0.538375]
set seed: 600
Shuffle index: [7 1 3 6 4 0 2 5]
round: 5, current_acc: [0.918, 0.695, 0.67, 0.664, 0.569, 0.64, 0.643, 0.795], history_acc: [0.918, 0.7745, 0.695, 0.63175, 0.5722, 0.5296666666666666, 0.5177142857142857, 0.52975]
>>>>>>>>>>>>>>>current_acc<<<<<<<<<<<<<<<


[0.918, 0.695, 0.67, 0.664, 0.569, 0.64, 0.643, 0.795]


----------------------------------------


>>>>>>>>>>>>>>>history_acc<<<<<<<<<<<<<<<


[0.918, 0.7745, 0.695, 0.63175, 0.5722, 0.5296666666666666, 0.5177142857142857, 0.52975]


----------------------------------------


>>>>>>>>>>>>>>>all_current_acc<<<<<<<<<<<<<<<


[0.925, 0.635, 0.609, 0.774, 0.655, 0.718, 0.554, 0.715]
[0.926, 0.527, 0.605, 0.698, 0.649, 0.636, 0.825, 0.663]
[0.924, 0.712, 0.644, 0.642, 0.81, 0.539, 0.58, 0.635]
[0.929, 0.622, 0.673, 0.707, 0.808, 0.661, 0.674, 0.575]
[0.922, 0.775, 0.591, 0.637, 0.745, 0.584, 0.619, 0.587]
[0.918, 0.695, 0.67, 0.664, 0.569, 0.64, 0.643, 0.795]


----------------------------------------


>>>>>>>>>>>>>>>all_current_acc_mean<<<<<<<<<<<<<<<


[0.9239999999999999, 0.6609999999999999, 0.632, 0.6869999999999999, 0.706, 0.6296666666666667, 0.6491666666666666, 0.6616666666666666]


----------------------------------------


>>>>>>>>>>>>>>>all_current_acc_std<<<<<<<<<<<<<<<


all_current_acc_std:  [0.003415650255319869, 0.07842831121476478, 0.032166234884839544, 0.046804558182581606, 0.08884443332777432, 0.05662351298022952, 0.08786621775302622, 0.0757422529958602]


----------------------------------------


>>>>>>>>>>>>>>>all_history_acc<<<<<<<<<<<<<<<


[0.925, 0.7605, 0.695, 0.67375, 0.6346, 0.625, 0.5831428571428572, 0.566625]
[0.926, 0.7215, 0.6543333333333333, 0.62225, 0.582, 0.559, 0.578, 0.55775]
[0.924, 0.7755, 0.6893333333333334, 0.63825, 0.6414, 0.5911666666666666, 0.5497142857142857, 0.53125]
[0.929, 0.747, 0.6943333333333334, 0.65525, 0.6592, 0.6055, 0.5948571428571429, 0.540375]
[0.922, 0.82, 0.7233333333333334, 0.681, 0.6406, 0.6106666666666667, 0.5657142857142857, 0.538375]
[0.918, 0.7745, 0.695, 0.63175, 0.5722, 0.5296666666666666, 0.5177142857142857, 0.52975]


----------------------------------------


>>>>>>>>>>>>>>>all_history_acc_mean<<<<<<<<<<<<<<<


all_history_acc:  [0.9239999999999999, 0.7664999999999998, 0.6918888888888889, 0.6503749999999999, 0.6216666666666667, 0.5868333333333333, 0.5648571428571428, 0.5440208333333333]


----------------------------------------


>>>>>>>>>>>>>>>all_history_acc_std<<<<<<<<<<<<<<<


all_history_acc_std:  [0.003415650255319869, 0.030134421071813074, 0.020128905571495274, 0.021575328309591652, 0.0325174141380003, 0.03274819757550704, 0.025362675452768182, 0.013609780618078384]


----------------------------------------


