config: 
{
    "batch_size": 8,
    "gradient_accumulation_steps": 4,
    "total_round": 6,
    "drop_out": 0.5,
    "num_workers": 2,
    "step1_epochs": 10,
    "step2_epochs": 10,
    "step3_epochs": 10,
    "num_protos": 1,
    "device": "cuda",
    "seed": 100,
    "max_grad_norm": 10,
    "task_length": 8,
    "kl_temp": 2,
    "temp": 0.1,
    "bert_path": "./bert-base-uncased",
    "max_length": 256,
    "vocab_size": 30522,
    "marker_size": 4,
    "pattern": "entity_marker",
    "template": "[E1] [MASK] [E2]",
    "encoder_output_size": 768,
    "drop_p": 0.1,
    "f_pass": 10,
    "kappa_neg": 0.03,
    "kappa_pos": 0.05,
    "T_mult": 1,
    "rewarm_epoch_num": 2,
    "decay_rate": 0.9,
    "decay_steps": 800,
    "num_of_relation": 41,
    "rel_index": "data/tacred/rel_index.npy",
    "relation_file": "data/tacred/relation_name.txt",
    "rel_cluster_label": "data/tacred/CFRLdata_10_100_10_5/rel_cluster_label_0.npy",
    "training_file": "data/tacred/CFRLdata_10_100_10_5/train_0.txt",
    "valid_file": "data/tacred/CFRLdata_10_100_10_5/valid_0.txt",
    "test_file": "data/tacred/CFRLdata_10_100_10_5/test_0.txt",
    "retain_prev": false,
    "use_entity_marker": true,
    "use_unused": false,
    "prompt_length": 1
}
----------------------------------------
set seed: 100
Shuffle index: [7 0 6 2 5 1 4 3]
round: 0, current_acc: [0.8861003861003861, 0.8356164383561644, 0.3157894736842105, 0.5074626865671642, 0.2653061224489796, 0.7045454545454546, 0.5800865800865801, 0.8260869565217391], history_acc: [0.8861003861003861, 0.8602442333785617, 0.7473560517038778, 0.6577946768060836, 0.5369175627240144, 0.590092879256966, 0.5585048754062839, 0.553722902921772]
set seed: 200
Shuffle index: [7 6 5 2 1 0 3 4]
round: 1, current_acc: [0.8764478764478765, 0.7056277056277056, 0.7671232876712328, 0.6268115942028986, 0.5364431486880467, 0.39473684210526316, 0.6467661691542289, 0.8409090909090909], history_acc: [0.8764478764478765, 0.8090787716955942, 0.7055785123966942, 0.6471061093247589, 0.5998739760554506, 0.5720164609053497, 0.4931650893796004, 0.49151743638077283]
set seed: 300
Shuffle index: [7 3 2 5 0 6 4 1]
round: 2, current_acc: [0.88996138996139, 0.5797101449275363, 0.3059360730593607, 0.6681818181818182, 0.6616915422885572, 0.43722943722943725, 0.543859649122807, 0.45481049562682213], history_acc: [0.88996138996139, 0.7153652392947103, 0.667324777887463, 0.6601784266017843, 0.6492329149232915, 0.6234234234234234, 0.5705452501405284, 0.5098963242224317]
set seed: 400
Shuffle index: [7 3 1 6 0 5 2 4]
round: 3, current_acc: [0.8687258687258688, 0.18421052631578946, 0.6818181818181818, 0.7065217391304348, 0.5671641791044776, 0.4337899543378995, 0.6064139941690962, 0.5411255411255411], history_acc: [0.8687258687258688, 0.6930379746835443, 0.6643192488262911, 0.6560283687943262, 0.6297968397291196, 0.5872093023255814, 0.5335801163405606, 0.5127238454288408]
set seed: 500
Shuffle index: [7 0 2 1 5 4 3 6]
round: 4, current_acc: [0.8803088803088803, 0.6517412935323383, 0.5108225108225108, 0.37900874635568516, 0.7065217391304348, 0.8227272727272728, 0.6529680365296804, 0.4298245614035088], history_acc: [0.8803088803088803, 0.8122392211404729, 0.708421052631579, 0.5870069605568445, 0.5430210325047801, 0.5449972051425377, 0.5278884462151394, 0.48350612629594725]
set seed: 600
Shuffle index: [7 1 3 6 4 0 2 5]
round: 5, current_acc: [0.8938223938223938, 0.7717391304347826, 0.3157894736842105, 0.7045454545454546, 0.5541125541125541, 0.6073059360730594, 0.5335276967930029, 0.6119402985074627], history_acc: [0.8938223938223938, 0.8198992443324937, 0.7544052863436124, 0.6799645390070922, 0.6328182487122884, 0.5931558935361216, 0.566892243623113, 0.5032987747408105]
>>>>>>>>>>>>>>>current_acc<<<<<<<<<<<<<<<


[0.8938223938223938, 0.7717391304347826, 0.3157894736842105, 0.7045454545454546, 0.5541125541125541, 0.6073059360730594, 0.5335276967930029, 0.6119402985074627]


----------------------------------------


>>>>>>>>>>>>>>>history_acc<<<<<<<<<<<<<<<


[0.8938223938223938, 0.8198992443324937, 0.7544052863436124, 0.6799645390070922, 0.6328182487122884, 0.5931558935361216, 0.566892243623113, 0.5032987747408105]


----------------------------------------


>>>>>>>>>>>>>>>all_current_acc<<<<<<<<<<<<<<<


[0.8861003861003861, 0.8356164383561644, 0.3157894736842105, 0.5074626865671642, 0.2653061224489796, 0.7045454545454546, 0.5800865800865801, 0.8260869565217391]
[0.8764478764478765, 0.7056277056277056, 0.7671232876712328, 0.6268115942028986, 0.5364431486880467, 0.39473684210526316, 0.6467661691542289, 0.8409090909090909]
[0.88996138996139, 0.5797101449275363, 0.3059360730593607, 0.6681818181818182, 0.6616915422885572, 0.43722943722943725, 0.543859649122807, 0.45481049562682213]
[0.8687258687258688, 0.18421052631578946, 0.6818181818181818, 0.7065217391304348, 0.5671641791044776, 0.4337899543378995, 0.6064139941690962, 0.5411255411255411]
[0.8803088803088803, 0.6517412935323383, 0.5108225108225108, 0.37900874635568516, 0.7065217391304348, 0.8227272727272728, 0.6529680365296804, 0.4298245614035088]
[0.8938223938223938, 0.7717391304347826, 0.3157894736842105, 0.7045454545454546, 0.5541125541125541, 0.6073059360730594, 0.5335276967930029, 0.6119402985074627]


----------------------------------------


>>>>>>>>>>>>>>>all_current_acc_mean<<<<<<<<<<<<<<<


[0.8825611325611326, 0.6214408731990527, 0.48287983345661784, 0.5987553398305759, 0.548539880962175, 0.5667224828363978, 0.5939370209758993, 0.6174494906823608]


----------------------------------------


>>>>>>>>>>>>>>>all_current_acc_std<<<<<<<<<<<<<<<


all_current_acc_std:  [0.008445562901162587, 0.21188759086794878, 0.18632367533064798, 0.11904848338582914, 0.14053894954292553, 0.15821883962077551, 0.04615213770310478, 0.16379562385246516]


----------------------------------------


>>>>>>>>>>>>>>>all_history_acc<<<<<<<<<<<<<<<


[0.8861003861003861, 0.8602442333785617, 0.7473560517038778, 0.6577946768060836, 0.5369175627240144, 0.590092879256966, 0.5585048754062839, 0.553722902921772]
[0.8764478764478765, 0.8090787716955942, 0.7055785123966942, 0.6471061093247589, 0.5998739760554506, 0.5720164609053497, 0.4931650893796004, 0.49151743638077283]
[0.88996138996139, 0.7153652392947103, 0.667324777887463, 0.6601784266017843, 0.6492329149232915, 0.6234234234234234, 0.5705452501405284, 0.5098963242224317]
[0.8687258687258688, 0.6930379746835443, 0.6643192488262911, 0.6560283687943262, 0.6297968397291196, 0.5872093023255814, 0.5335801163405606, 0.5127238454288408]
[0.8803088803088803, 0.8122392211404729, 0.708421052631579, 0.5870069605568445, 0.5430210325047801, 0.5449972051425377, 0.5278884462151394, 0.48350612629594725]
[0.8938223938223938, 0.8198992443324937, 0.7544052863436124, 0.6799645390070922, 0.6328182487122884, 0.5931558935361216, 0.566892243623113, 0.5032987747408105]


----------------------------------------


>>>>>>>>>>>>>>>all_history_acc_mean<<<<<<<<<<<<<<<


all_history_acc:  [0.8825611325611326, 0.7849774474208963, 0.7079008216315863, 0.648013180181815, 0.5986100957748242, 0.5851491940983299, 0.5417626701842043, 0.5091109016650959]


----------------------------------------


>>>>>>>>>>>>>>>all_history_acc_std<<<<<<<<<<<<<<<


all_history_acc_std:  [0.008445562901162587, 0.05987128593002538, 0.034810948930840704, 0.02901547025988824, 0.043975732942976895, 0.023602114429985402, 0.026961104527540625, 0.02237117292841566]


----------------------------------------


