config: 
{
    "batch_size": 8,
    "gradient_accumulation_steps": 4,
    "total_round": 6,
    "drop_out": 0.5,
    "num_workers": 2,
    "step1_epochs": 10,
    "step2_epochs": 10,
    "step3_epochs": 10,
    "num_protos": 1,
    "device": "cuda",
    "seed": 100,
    "max_grad_norm": 10,
    "task_length": 8,
    "kl_temp": 2,
    "temp": 0.1,
    "bert_path": "./bert-base-uncased",
    "max_length": 256,
    "vocab_size": 30522,
    "marker_size": 4,
    "pattern": "entity_marker",
    "template": "[E1] [MASK] [E2]",
    "encoder_output_size": 768,
    "drop_p": 0.1,
    "f_pass": 10,
    "kappa_neg": 0.03,
    "kappa_pos": 0.05,
    "T_mult": 1,
    "rewarm_epoch_num": 2,
    "decay_rate": 0.9,
    "decay_steps": 800,
    "num_of_relation": 41,
    "rel_index": "data/tacred/rel_index.npy",
    "relation_file": "data/tacred/relation_name.txt",
    "rel_cluster_label": "data/tacred/CFRLdata_10_100_10_5/rel_cluster_label_0.npy",
    "training_file": "data/tacred/CFRLdata_10_100_10_5/train_0.txt",
    "valid_file": "data/tacred/CFRLdata_10_100_10_5/valid_0.txt",
    "test_file": "data/tacred/CFRLdata_10_100_10_5/test_0.txt",
    "retain_prev": false,
    "use_entity_marker": true,
    "use_unused": true,
    "prompt_length": 1
}
----------------------------------------
set seed: 100
Shuffle index: [7 0 6 2 5 1 4 3]
round: 0, current_acc: [0.8745173745173745, 0.8401826484018264, 0.2982456140350877, 0.5522388059701493, 0.478134110787172, 0.7272727272727273, 0.48917748917748916, 0.8369565217391305], history_acc: [0.8745173745173745, 0.8493894165535957, 0.7497062279670975, 0.6644486692015209, 0.5469534050179211, 0.5343653250773994, 0.5243770314192849, 0.5113100848256362]
set seed: 200
Shuffle index: [7 6 5 2 1 0 3 4]
round: 1, current_acc: [0.88996138996139, 0.6017316017316018, 0.5662100456621004, 0.6702898550724637, 0.3819241982507289, 0.6666666666666666, 0.5771144278606966, 0.7863636363636364], history_acc: [0.88996138996139, 0.7757009345794392, 0.6838842975206612, 0.6254019292604501, 0.5526149968494014, 0.5596707818930041, 0.4868559411146162, 0.49717247879359094]
set seed: 300
Shuffle index: [7 3 2 5 0 6 4 1]
round: 2, current_acc: [0.8725868725868726, 0.5760869565217391, 0.4337899543378995, 0.7272727272727273, 0.6268656716417911, 0.42424242424242425, 0.4824561403508772, 0.5014577259475219], history_acc: [0.8725868725868726, 0.7493702770780857, 0.6495557749259625, 0.6561232765612328, 0.6143654114365411, 0.5441441441441441, 0.5126475548060708, 0.49010367577756836]
set seed: 400
Shuffle index: [7 3 1 6 0 5 2 4]
round: 3, current_acc: [0.8764478764478765, 0.34210526315789475, 0.7454545454545455, 0.7789855072463768, 0.5671641791044776, 0.5753424657534246, 0.4314868804664723, 0.5541125541125541], history_acc: [0.8764478764478765, 0.745253164556962, 0.6678403755868545, 0.6719858156028369, 0.6155003762227238, 0.599483204134367, 0.5177154944473823, 0.4849198868991517]
set seed: 500
Shuffle index: [7 0 2 1 5 4 3 6]
round: 4, current_acc: [0.8725868725868726, 0.6517412935323383, 0.39826839826839827, 0.3323615160349854, 0.8043478260869565, 0.7909090909090909, 0.7579908675799086, 0.543859649122807], history_acc: [0.8725868725868726, 0.8136300417246175, 0.708421052631579, 0.605568445475638, 0.5710643722115998, 0.5612073784237004, 0.5602589641434262, 0.4943449575871819]
set seed: 600
Shuffle index: [7 1 3 6 4 0 2 5]
round: 5, current_acc: [0.8783783783783784, 0.6666666666666666, 0.2894736842105263, 0.7090909090909091, 0.43722943722943725, 0.6894977168949772, 0.44314868804664725, 0.6865671641791045], history_acc: [0.8783783783783784, 0.7481108312342569, 0.6916299559471366, 0.6365248226950354, 0.5967623252391464, 0.5760456273764258, 0.5268089536699636, 0.47690857681432614]
>>>>>>>>>>>>>>>current_acc<<<<<<<<<<<<<<<


[0.8783783783783784, 0.6666666666666666, 0.2894736842105263, 0.7090909090909091, 0.43722943722943725, 0.6894977168949772, 0.44314868804664725, 0.6865671641791045]


----------------------------------------


>>>>>>>>>>>>>>>history_acc<<<<<<<<<<<<<<<


[0.8783783783783784, 0.7481108312342569, 0.6916299559471366, 0.6365248226950354, 0.5967623252391464, 0.5760456273764258, 0.5268089536699636, 0.47690857681432614]


----------------------------------------


>>>>>>>>>>>>>>>all_current_acc<<<<<<<<<<<<<<<


[0.8745173745173745, 0.8401826484018264, 0.2982456140350877, 0.5522388059701493, 0.478134110787172, 0.7272727272727273, 0.48917748917748916, 0.8369565217391305]
[0.88996138996139, 0.6017316017316018, 0.5662100456621004, 0.6702898550724637, 0.3819241982507289, 0.6666666666666666, 0.5771144278606966, 0.7863636363636364]
[0.8725868725868726, 0.5760869565217391, 0.4337899543378995, 0.7272727272727273, 0.6268656716417911, 0.42424242424242425, 0.4824561403508772, 0.5014577259475219]
[0.8764478764478765, 0.34210526315789475, 0.7454545454545455, 0.7789855072463768, 0.5671641791044776, 0.5753424657534246, 0.4314868804664723, 0.5541125541125541]
[0.8725868725868726, 0.6517412935323383, 0.39826839826839827, 0.3323615160349854, 0.8043478260869565, 0.7909090909090909, 0.7579908675799086, 0.543859649122807]
[0.8783783783783784, 0.6666666666666666, 0.2894736842105263, 0.7090909090909091, 0.43722943722943725, 0.6894977168949772, 0.44314868804664725, 0.6865671641791045]


----------------------------------------


>>>>>>>>>>>>>>>all_current_acc_mean<<<<<<<<<<<<<<<


[0.8774131274131274, 0.6130857383353445, 0.4552403736614263, 0.628373220114602, 0.5492775705167606, 0.6456551819565518, 0.5302290822470151, 0.6515528752441258]


----------------------------------------


>>>>>>>>>>>>>>>all_current_acc_std<<<<<<<<<<<<<<<


all_current_acc_std:  [0.005976246982305879, 0.14768571279989678, 0.15935830172104054, 0.14953087814912358, 0.13965672601291926, 0.11838585182037685, 0.11208194266462672, 0.12740712620957778]


----------------------------------------


>>>>>>>>>>>>>>>all_history_acc<<<<<<<<<<<<<<<


[0.8745173745173745, 0.8493894165535957, 0.7497062279670975, 0.6644486692015209, 0.5469534050179211, 0.5343653250773994, 0.5243770314192849, 0.5113100848256362]
[0.88996138996139, 0.7757009345794392, 0.6838842975206612, 0.6254019292604501, 0.5526149968494014, 0.5596707818930041, 0.4868559411146162, 0.49717247879359094]
[0.8725868725868726, 0.7493702770780857, 0.6495557749259625, 0.6561232765612328, 0.6143654114365411, 0.5441441441441441, 0.5126475548060708, 0.49010367577756836]
[0.8764478764478765, 0.745253164556962, 0.6678403755868545, 0.6719858156028369, 0.6155003762227238, 0.599483204134367, 0.5177154944473823, 0.4849198868991517]
[0.8725868725868726, 0.8136300417246175, 0.708421052631579, 0.605568445475638, 0.5710643722115998, 0.5612073784237004, 0.5602589641434262, 0.4943449575871819]
[0.8783783783783784, 0.7481108312342569, 0.6916299559471366, 0.6365248226950354, 0.5967623252391464, 0.5760456273764258, 0.5268089536699636, 0.47690857681432614]


----------------------------------------


>>>>>>>>>>>>>>>all_history_acc_mean<<<<<<<<<<<<<<<


all_history_acc:  [0.8774131274131274, 0.7802424442878261, 0.6918396140965486, 0.6433421597994523, 0.5828768144962223, 0.5624860768415068, 0.5214439899334574, 0.49245994344957583]


----------------------------------------


>>>>>>>>>>>>>>>all_history_acc_std<<<<<<<<<<<<<<<


all_history_acc_std:  [0.005976246982305879, 0.03900094380971407, 0.03175611916661515, 0.02318218480286669, 0.02767200352386038, 0.02117157279930259, 0.021724026107080543, 0.010687520385280588]


----------------------------------------


