False
config: 
{
    "batch_size": 8,
    "gradient_accumulation_steps": 4,
    "total_round": 6,
    "drop_out": 0.5,
    "num_workers": 2,
    "step1_epochs": 10,
    "step2_epochs": 10,
    "step3_epochs": 10,
    "num_protos": 1,
    "device": "cuda",
    "seed": 100,
    "max_grad_norm": 10,
    "task_length": 8,
    "kl_temp": 2,
    "temp": 0.1,
    "bert_path": "./bert-base-uncased",
    "max_length": 256,
    "vocab_size": 30522,
    "marker_size": 4,
    "pattern": "hard_prompt",
    "template": "[E1] [MASK] [E2]",
    "encoder_output_size": 768,
    "drop_p": 0.1,
    "f_pass": 10,
    "kappa_neg": 0.03,
    "kappa_pos": 0.05,
    "T_mult": 1,
    "rewarm_epoch_num": 2,
    "decay_rate": 0.9,
    "decay_steps": 800,
    "num_of_relation": 41,
    "rel_index": "data/tacred/rel_index.npy",
    "relation_file": "data/tacred/relation_name.txt",
    "rel_cluster_label": "data/tacred/CFRLdata_10_100_10_5/rel_cluster_label_0.npy",
    "training_file": "data/tacred/CFRLdata_10_100_10_5/train_0.txt",
    "valid_file": "data/tacred/CFRLdata_10_100_10_5/valid_0.txt",
    "test_file": "data/tacred/CFRLdata_10_100_10_5/test_0.txt",
    "retain_prev": false,
    "use_marker": true
}
----------------------------------------
set seed: 100
Shuffle index: [7 0 6 2 5 1 4 3]
round: 0, current_acc: [0.8822393822393823, 0.8082191780821918, 0.35964912280701755, 0.5970149253731343, 0.6209912536443148, 0.8363636363636363, 0.6190476190476191, 0.8623188405797102], history_acc: [0.8822393822393823, 0.8236092265943012, 0.7555816686251469, 0.6425855513307985, 0.582078853046595, 0.5956656346749226, 0.5487540628385699, 0.5273327049952875]
set seed: 200
Shuffle index: [7 6 5 2 1 0 3 4]
round: 1, current_acc: [0.8667953667953668, 0.5584415584415584, 0.6164383561643836, 0.7355072463768116, 0.4839650145772595, 0.32456140350877194, 0.6517412935323383, 0.8909090909090909], history_acc: [0.8667953667953668, 0.7730307076101469, 0.6818181818181818, 0.6655948553054662, 0.6093257718966604, 0.5320399764844209, 0.5042060988433228, 0.48350612629594725]
set seed: 300
Shuffle index: [7 3 2 5 0 6 4 1]
round: 2, current_acc: [0.8783783783783784, 0.5797101449275363, 0.639269406392694, 0.7863636363636364, 0.5074626865671642, 0.47619047619047616, 0.7456140350877193, 0.5918367346938775], history_acc: [0.8783783783783784, 0.7204030226700252, 0.6890424481737414, 0.6926196269261963, 0.6485355648535565, 0.6114114114114114, 0.5615514333895447, 0.5377002827521207]
set seed: 400
Shuffle index: [7 3 1 6 0 5 2 4]
round: 3, current_acc: [0.861003861003861, 0.23684210526315788, 0.7954545454545454, 0.7318840579710145, 0.6169154228855721, 0.7397260273972602, 0.5335276967930029, 0.5887445887445888], history_acc: [0.861003861003861, 0.740506329113924, 0.7593896713615024, 0.7109929078014184, 0.6350639578630549, 0.6149870801033591, 0.5457429931253305, 0.5452403393025448]
set seed: 500
Shuffle index: [7 0 2 1 5 4 3 6]
round: 4, current_acc: [0.8783783783783784, 0.6119402985074627, 0.6406926406926406, 0.39067055393586003, 0.7391304347826086, 0.8045454545454546, 0.634703196347032, 0.868421052631579], history_acc: [0.8783783783783784, 0.7983310152990264, 0.7705263157894737, 0.6218097447795824, 0.615678776290631, 0.5785354946897708, 0.5667330677290837, 0.5329877474081055]
set seed: 600
Shuffle index: [7 1 3 6 4 0 2 5]
round: 5, current_acc: [0.8803088803088803, 0.605072463768116, 0.21929824561403508, 0.8045454545454546, 0.5151515151515151, 0.634703196347032, 0.5539358600583091, 0.7164179104477612], history_acc: [0.8803088803088803, 0.7317380352644837, 0.6530837004405287, 0.6622340425531915, 0.6166298749080206, 0.5836501901140685, 0.5382613222280063, 0.5391140433553252]
>>>>>>>>>>>>>>>current_acc<<<<<<<<<<<<<<<


[0.8803088803088803, 0.605072463768116, 0.21929824561403508, 0.8045454545454546, 0.5151515151515151, 0.634703196347032, 0.5539358600583091, 0.7164179104477612]


----------------------------------------


>>>>>>>>>>>>>>>history_acc<<<<<<<<<<<<<<<


[0.8803088803088803, 0.7317380352644837, 0.6530837004405287, 0.6622340425531915, 0.6166298749080206, 0.5836501901140685, 0.5382613222280063, 0.5391140433553252]


----------------------------------------


>>>>>>>>>>>>>>>all_current_acc<<<<<<<<<<<<<<<


[0.8822393822393823, 0.8082191780821918, 0.35964912280701755, 0.5970149253731343, 0.6209912536443148, 0.8363636363636363, 0.6190476190476191, 0.8623188405797102]
[0.8667953667953668, 0.5584415584415584, 0.6164383561643836, 0.7355072463768116, 0.4839650145772595, 0.32456140350877194, 0.6517412935323383, 0.8909090909090909]
[0.8783783783783784, 0.5797101449275363, 0.639269406392694, 0.7863636363636364, 0.5074626865671642, 0.47619047619047616, 0.7456140350877193, 0.5918367346938775]
[0.861003861003861, 0.23684210526315788, 0.7954545454545454, 0.7318840579710145, 0.6169154228855721, 0.7397260273972602, 0.5335276967930029, 0.5887445887445888]
[0.8783783783783784, 0.6119402985074627, 0.6406926406926406, 0.39067055393586003, 0.7391304347826086, 0.8045454545454546, 0.634703196347032, 0.868421052631579]
[0.8803088803088803, 0.605072463768116, 0.21929824561403508, 0.8045454545454546, 0.5151515151515151, 0.634703196347032, 0.5539358600583091, 0.7164179104477612]


----------------------------------------


>>>>>>>>>>>>>>>all_current_acc_mean<<<<<<<<<<<<<<<


[0.8745173745173744, 0.5667042914983372, 0.5451337195208861, 0.6743309790943185, 0.5806027212680724, 0.6360150323921052, 0.6230949501443367, 0.7531080363344347]


----------------------------------------


>>>>>>>>>>>>>>>all_current_acc_std<<<<<<<<<<<<<<<


all_current_acc_std:  [0.007802030664724689, 0.1687672659334479, 0.19421259559887624, 0.14317997267002794, 0.08855605871521623, 0.1834152889905586, 0.06926752972858836, 0.12818161796670396]


----------------------------------------


>>>>>>>>>>>>>>>all_history_acc<<<<<<<<<<<<<<<


[0.8822393822393823, 0.8236092265943012, 0.7555816686251469, 0.6425855513307985, 0.582078853046595, 0.5956656346749226, 0.5487540628385699, 0.5273327049952875]
[0.8667953667953668, 0.7730307076101469, 0.6818181818181818, 0.6655948553054662, 0.6093257718966604, 0.5320399764844209, 0.5042060988433228, 0.48350612629594725]
[0.8783783783783784, 0.7204030226700252, 0.6890424481737414, 0.6926196269261963, 0.6485355648535565, 0.6114114114114114, 0.5615514333895447, 0.5377002827521207]
[0.861003861003861, 0.740506329113924, 0.7593896713615024, 0.7109929078014184, 0.6350639578630549, 0.6149870801033591, 0.5457429931253305, 0.5452403393025448]
[0.8783783783783784, 0.7983310152990264, 0.7705263157894737, 0.6218097447795824, 0.615678776290631, 0.5785354946897708, 0.5667330677290837, 0.5329877474081055]
[0.8803088803088803, 0.7317380352644837, 0.6530837004405287, 0.6622340425531915, 0.6166298749080206, 0.5836501901140685, 0.5382613222280063, 0.5391140433553252]


----------------------------------------


>>>>>>>>>>>>>>>all_history_acc_mean<<<<<<<<<<<<<<<


all_history_acc:  [0.8745173745173744, 0.7646030560919845, 0.7182403310347625, 0.6659727881161089, 0.6178854664764196, 0.5860482979129923, 0.544208163025643, 0.5276468740182217]


----------------------------------------


>>>>>>>>>>>>>>>all_history_acc_std<<<<<<<<<<<<<<<


all_history_acc_std:  [0.007802030664724689, 0.03720379348776483, 0.04517732420077031, 0.02957567550042901, 0.0208020713120241, 0.027544889798912935, 0.02027605863112723, 0.020490348381252337]


----------------------------------------


