config: 
{
    "batch_size": 8,
    "gradient_accumulation_steps": 4,
    "total_round": 6,
    "drop_out": 0.5,
    "num_workers": 2,
    "step1_epochs": 10,
    "step2_epochs": 10,
    "step3_epochs": 10,
    "num_protos": 1,
    "device": "cuda",
    "seed": 100,
    "max_grad_norm": 10,
    "task_length": 8,
    "kl_temp": 2,
    "temp": 0.1,
    "bert_path": "./bert-base-uncased",
    "max_length": 256,
    "vocab_size": 30522,
    "marker_size": 4,
    "pattern": "hardprompt",
    "template": "[E1] [MASK] [E2]",
    "encoder_output_size": 768,
    "drop_p": 0.1,
    "f_pass": 10,
    "kappa_neg": 0.03,
    "kappa_pos": 0.05,
    "T_mult": 1,
    "rewarm_epoch_num": 2,
    "decay_rate": 0.9,
    "decay_steps": 800,
    "num_of_relation": 41,
    "rel_index": "data/tacred/rel_index.npy",
    "relation_file": "data/tacred/relation_name.txt",
    "rel_cluster_label": "data/tacred/CFRLdata_10_100_10_5/rel_cluster_label_0.npy",
    "training_file": "data/tacred/CFRLdata_10_100_10_5/train_0.txt",
    "valid_file": "data/tacred/CFRLdata_10_100_10_5/valid_0.txt",
    "test_file": "data/tacred/CFRLdata_10_100_10_5/test_0.txt",
    "retain_prev": false,
    "use_entity_marker": true,
    "use_unused": false,
    "prompt_length": 1
}
----------------------------------------
set seed: 100
Shuffle index: [7 0 6 2 5 1 4 3]
round: 0, current_acc: [0.888030888030888, 0.8447488584474886, 0.3333333333333333, 0.6119402985074627, 0.5189504373177842, 0.8090909090909091, 0.5194805194805194, 0.8985507246376812], history_acc: [0.888030888030888, 0.8616010854816825, 0.6862514688601645, 0.6045627376425855, 0.5512544802867384, 0.5597523219814241, 0.5308775731310943, 0.532516493873704]
set seed: 200
Shuffle index: [7 6 5 2 1 0 3 4]
round: 1, current_acc: [0.8822393822393823, 0.5887445887445888, 0.6529680365296804, 0.7210144927536232, 0.4577259475218659, 0.34210526315789475, 0.5970149253731343, 0.8318181818181818], history_acc: [0.8822393822393823, 0.7930574098798397, 0.7066115702479339, 0.6422829581993569, 0.5664776307498425, 0.5390946502057613, 0.4868559411146162, 0.49811498586239394]
set seed: 300
Shuffle index: [7 3 2 5 0 6 4 1]
round: 2, current_acc: [0.8822393822393823, 0.6666666666666666, 0.6894977168949772, 0.7227272727272728, 0.5920398009950248, 0.5281385281385281, 0.42105263157894735, 0.4868804664723032], history_acc: [0.8822393822393823, 0.7858942065491183, 0.736426456071076, 0.7258718572587186, 0.6813110181311018, 0.6336336336336337, 0.5351320966835301, 0.5042412818096136]
set seed: 400
Shuffle index: [7 3 1 6 0 5 2 4]
round: 3, current_acc: [0.8706563706563707, 0.23684210526315788, 0.7, 0.7246376811594203, 0.4975124378109453, 0.7214611872146118, 0.5626822157434402, 0.658008658008658], history_acc: [0.8706563706563707, 0.7420886075949367, 0.6936619718309859, 0.7154255319148937, 0.7027840481565086, 0.6621447028423773, 0.5822316234796404, 0.5508953817153629]
set seed: 500
Shuffle index: [7 0 2 1 5 4 3 6]
round: 4, current_acc: [0.8764478764478765, 0.6766169154228856, 0.6406926406926406, 0.4139941690962099, 0.8514492753623188, 0.8363636363636363, 0.7397260273972602, 0.5], history_acc: [0.8764478764478765, 0.8164116828929068, 0.7452631578947368, 0.6411446249033256, 0.6182281708094327, 0.6025712688652879, 0.602589641434263, 0.55937794533459]
set seed: 600
Shuffle index: [7 1 3 6 4 0 2 5]
round: 5, current_acc: [0.8803088803088803, 0.6739130434782609, 0.2807017543859649, 0.8272727272727273, 0.48917748917748916, 0.639269406392694, 0.5568513119533528, 0.6716417910447762], history_acc: [0.8803088803088803, 0.7972292191435768, 0.7422907488986784, 0.6897163120567376, 0.6254598969830758, 0.6083650190114068, 0.5601249349297241, 0.5320452403393026]
>>>>>>>>>>>>>>>current_acc<<<<<<<<<<<<<<<


[0.8803088803088803, 0.6739130434782609, 0.2807017543859649, 0.8272727272727273, 0.48917748917748916, 0.639269406392694, 0.5568513119533528, 0.6716417910447762]


----------------------------------------


>>>>>>>>>>>>>>>history_acc<<<<<<<<<<<<<<<


[0.8803088803088803, 0.7972292191435768, 0.7422907488986784, 0.6897163120567376, 0.6254598969830758, 0.6083650190114068, 0.5601249349297241, 0.5320452403393026]


----------------------------------------


>>>>>>>>>>>>>>>all_current_acc<<<<<<<<<<<<<<<


[0.888030888030888, 0.8447488584474886, 0.3333333333333333, 0.6119402985074627, 0.5189504373177842, 0.8090909090909091, 0.5194805194805194, 0.8985507246376812]
[0.8822393822393823, 0.5887445887445888, 0.6529680365296804, 0.7210144927536232, 0.4577259475218659, 0.34210526315789475, 0.5970149253731343, 0.8318181818181818]
[0.8822393822393823, 0.6666666666666666, 0.6894977168949772, 0.7227272727272728, 0.5920398009950248, 0.5281385281385281, 0.42105263157894735, 0.4868804664723032]
[0.8706563706563707, 0.23684210526315788, 0.7, 0.7246376811594203, 0.4975124378109453, 0.7214611872146118, 0.5626822157434402, 0.658008658008658]
[0.8764478764478765, 0.6766169154228856, 0.6406926406926406, 0.4139941690962099, 0.8514492753623188, 0.8363636363636363, 0.7397260273972602, 0.5]
[0.8803088803088803, 0.6739130434782609, 0.2807017543859649, 0.8272727272727273, 0.48917748917748916, 0.639269406392694, 0.5568513119533528, 0.6716417910447762]


----------------------------------------


>>>>>>>>>>>>>>>all_current_acc_mean<<<<<<<<<<<<<<<


[0.8799871299871299, 0.6145886963371747, 0.549532246972766, 0.6702644402527861, 0.567809231364238, 0.6460714883930457, 0.5661346052544424, 0.6744833036636001]


----------------------------------------


>>>>>>>>>>>>>>>all_current_acc_std<<<<<<<<<<<<<<<


all_current_acc_std:  [0.005393518215649993, 0.1854782549286412, 0.17332621527982425, 0.13039179775373433, 0.13333472682454567, 0.17069463832136725, 0.09522872233472614, 0.15323142027061568]


----------------------------------------


>>>>>>>>>>>>>>>all_history_acc<<<<<<<<<<<<<<<


[0.888030888030888, 0.8616010854816825, 0.6862514688601645, 0.6045627376425855, 0.5512544802867384, 0.5597523219814241, 0.5308775731310943, 0.532516493873704]
[0.8822393822393823, 0.7930574098798397, 0.7066115702479339, 0.6422829581993569, 0.5664776307498425, 0.5390946502057613, 0.4868559411146162, 0.49811498586239394]
[0.8822393822393823, 0.7858942065491183, 0.736426456071076, 0.7258718572587186, 0.6813110181311018, 0.6336336336336337, 0.5351320966835301, 0.5042412818096136]
[0.8706563706563707, 0.7420886075949367, 0.6936619718309859, 0.7154255319148937, 0.7027840481565086, 0.6621447028423773, 0.5822316234796404, 0.5508953817153629]
[0.8764478764478765, 0.8164116828929068, 0.7452631578947368, 0.6411446249033256, 0.6182281708094327, 0.6025712688652879, 0.602589641434263, 0.55937794533459]
[0.8803088803088803, 0.7972292191435768, 0.7422907488986784, 0.6897163120567376, 0.6254598969830758, 0.6083650190114068, 0.5601249349297241, 0.5320452403393026]


----------------------------------------


>>>>>>>>>>>>>>>all_history_acc_mean<<<<<<<<<<<<<<<


all_history_acc:  [0.8799871299871299, 0.7993803685903433, 0.718417562300596, 0.669834003662603, 0.6242525408527833, 0.6009269327566485, 0.5496353017954781, 0.5295318881558279]


----------------------------------------


>>>>>>>>>>>>>>>all_history_acc_std<<<<<<<<<<<<<<<


all_history_acc_std:  [0.005393518215649993, 0.03575451713350103, 0.023811109350653226, 0.04369708876398519, 0.05496555784574993, 0.04162121326687691, 0.037594676369294346, 0.022319824206856763]


----------------------------------------


