config: 
{
    "batch_size": 8,
    "gradient_accumulation_steps": 4,
    "total_round": 6,
    "drop_out": 0.5,
    "num_workers": 2,
    "step1_epochs": 10,
    "step2_epochs": 10,
    "step3_epochs": 10,
    "num_protos": 1,
    "device": "cuda",
    "seed": 100,
    "max_grad_norm": 10,
    "task_length": 8,
    "kl_temp": 2,
    "temp": 0.1,
    "bert_path": "./bert-base-uncased",
    "max_length": 256,
    "vocab_size": 30522,
    "marker_size": 4,
    "pattern": "hardprompt",
    "template": "[E1] [MASK] [E2]",
    "encoder_output_size": 768,
    "drop_p": 0.1,
    "f_pass": 10,
    "kappa_neg": 0.03,
    "kappa_pos": 0.05,
    "T_mult": 1,
    "rewarm_epoch_num": 2,
    "decay_rate": 0.9,
    "decay_steps": 800,
    "num_of_relation": 41,
    "rel_index": "data/tacred/rel_index.npy",
    "relation_file": "data/tacred/relation_name.txt",
    "rel_cluster_label": "data/tacred/CFRLdata_10_100_10_5/rel_cluster_label_0.npy",
    "training_file": "data/tacred/CFRLdata_10_100_10_5/train_0.txt",
    "valid_file": "data/tacred/CFRLdata_10_100_10_5/valid_0.txt",
    "test_file": "data/tacred/CFRLdata_10_100_10_5/test_0.txt",
    "retain_prev": false,
    "use_entity_marker": true,
    "use_unused": true,
    "prompt_length": 1
}
----------------------------------------
set seed: 100
Shuffle index: [7 0 6 2 5 1 4 3]
round: 0, current_acc: [0.8706563706563707, 0.8538812785388128, 0.3333333333333333, 0.5024875621890548, 0.5393586005830904, 0.8272727272727273, 0.7056277056277056, 0.7318840579710145], history_acc: [0.8706563706563707, 0.8534599728629579, 0.7649823736780259, 0.596958174904943, 0.5455197132616487, 0.5702786377708978, 0.5704225352112676, 0.5056550424128181]
set seed: 200
Shuffle index: [7 6 5 2 1 0 3 4]
round: 1, current_acc: [0.8783783783783784, 0.5281385281385281, 0.7214611872146118, 0.6413043478260869, 0.5072886297376094, 0.543859649122807, 0.6069651741293532, 0.8227272727272728], history_acc: [0.8783783783783784, 0.7650200267022697, 0.6962809917355371, 0.6342443729903537, 0.5519848771266541, 0.5196942974720753, 0.48948475289169296, 0.5075400565504241]
set seed: 300
Shuffle index: [7 3 2 5 0 6 4 1]
round: 2, current_acc: [0.8745173745173745, 0.7355072463768116, 0.634703196347032, 0.7818181818181819, 0.6865671641791045, 0.5064935064935064, 0.8070175438596491, 0.5335276967930029], history_acc: [0.8745173745173745, 0.8148614609571788, 0.7472852912142152, 0.7688564476885644, 0.6889818688981869, 0.6372372372372372, 0.5632377740303541, 0.5042412818096136]
set seed: 400
Shuffle index: [7 3 1 6 0 5 2 4]
round: 3, current_acc: [0.8822393822393823, 0.2719298245614035, 0.7090909090909091, 0.8478260869565217, 0.681592039800995, 0.776255707762557, 0.5714285714285714, 0.5800865800865801], history_acc: [0.8822393822393823, 0.75, 0.6960093896713615, 0.700354609929078, 0.6681715575620768, 0.6324289405684754, 0.5727128503437334, 0.5527803958529689]
set seed: 500
Shuffle index: [7 0 2 1 5 4 3 6]
round: 4, current_acc: [0.8783783783783784, 0.6567164179104478, 0.4675324675324675, 0.4606413994169096, 0.8369565217391305, 0.7954545454545454, 0.8036529680365296, 0.4298245614035088], history_acc: [0.8783783783783784, 0.8011126564673157, 0.7126315789473684, 0.6125290023201856, 0.6073932441045252, 0.5550586920067077, 0.5537848605577689, 0.5051837888784166]
set seed: 600
Shuffle index: [7 1 3 6 4 0 2 5]
round: 5, current_acc: [0.888030888030888, 0.6666666666666666, 0.32456140350877194, 0.8409090909090909, 0.5974025974025974, 0.7077625570776256, 0.5801749271137027, 0.6616915422885572], history_acc: [0.888030888030888, 0.7795969773299748, 0.6960352422907489, 0.6702127659574468, 0.6504782928623988, 0.6368821292775665, 0.5736595523165018, 0.5268614514608859]
>>>>>>>>>>>>>>>current_acc<<<<<<<<<<<<<<<


[0.888030888030888, 0.6666666666666666, 0.32456140350877194, 0.8409090909090909, 0.5974025974025974, 0.7077625570776256, 0.5801749271137027, 0.6616915422885572]


----------------------------------------


>>>>>>>>>>>>>>>history_acc<<<<<<<<<<<<<<<


[0.888030888030888, 0.7795969773299748, 0.6960352422907489, 0.6702127659574468, 0.6504782928623988, 0.6368821292775665, 0.5736595523165018, 0.5268614514608859]


----------------------------------------


>>>>>>>>>>>>>>>all_current_acc<<<<<<<<<<<<<<<


[0.8706563706563707, 0.8538812785388128, 0.3333333333333333, 0.5024875621890548, 0.5393586005830904, 0.8272727272727273, 0.7056277056277056, 0.7318840579710145]
[0.8783783783783784, 0.5281385281385281, 0.7214611872146118, 0.6413043478260869, 0.5072886297376094, 0.543859649122807, 0.6069651741293532, 0.8227272727272728]
[0.8745173745173745, 0.7355072463768116, 0.634703196347032, 0.7818181818181819, 0.6865671641791045, 0.5064935064935064, 0.8070175438596491, 0.5335276967930029]
[0.8822393822393823, 0.2719298245614035, 0.7090909090909091, 0.8478260869565217, 0.681592039800995, 0.776255707762557, 0.5714285714285714, 0.5800865800865801]
[0.8783783783783784, 0.6567164179104478, 0.4675324675324675, 0.4606413994169096, 0.8369565217391305, 0.7954545454545454, 0.8036529680365296, 0.4298245614035088]
[0.888030888030888, 0.6666666666666666, 0.32456140350877194, 0.8409090909090909, 0.5974025974025974, 0.7077625570776256, 0.5801749271137027, 0.6616915422885572]


----------------------------------------


>>>>>>>>>>>>>>>all_current_acc_mean<<<<<<<<<<<<<<<


[0.8787001287001287, 0.6188066603654451, 0.5317804161711877, 0.679164444852641, 0.6415275922404212, 0.6928497821972948, 0.6791444816992519, 0.6266236185449894]


----------------------------------------


>>>>>>>>>>>>>>>all_current_acc_std<<<<<<<<<<<<<<<


all_current_acc_std:  [0.00550747836828303, 0.18309882678668668, 0.16555948945022347, 0.15574888921978633, 0.10972071102220576, 0.1242999906996501, 0.09929987147314176, 0.1293113671560473]


----------------------------------------


>>>>>>>>>>>>>>>all_history_acc<<<<<<<<<<<<<<<


[0.8706563706563707, 0.8534599728629579, 0.7649823736780259, 0.596958174904943, 0.5455197132616487, 0.5702786377708978, 0.5704225352112676, 0.5056550424128181]
[0.8783783783783784, 0.7650200267022697, 0.6962809917355371, 0.6342443729903537, 0.5519848771266541, 0.5196942974720753, 0.48948475289169296, 0.5075400565504241]
[0.8745173745173745, 0.8148614609571788, 0.7472852912142152, 0.7688564476885644, 0.6889818688981869, 0.6372372372372372, 0.5632377740303541, 0.5042412818096136]
[0.8822393822393823, 0.75, 0.6960093896713615, 0.700354609929078, 0.6681715575620768, 0.6324289405684754, 0.5727128503437334, 0.5527803958529689]
[0.8783783783783784, 0.8011126564673157, 0.7126315789473684, 0.6125290023201856, 0.6073932441045252, 0.5550586920067077, 0.5537848605577689, 0.5051837888784166]
[0.888030888030888, 0.7795969773299748, 0.6960352422907489, 0.6702127659574468, 0.6504782928623988, 0.6368821292775665, 0.5736595523165018, 0.5268614514608859]


----------------------------------------


>>>>>>>>>>>>>>>all_history_acc_mean<<<<<<<<<<<<<<<


all_history_acc:  [0.8787001287001287, 0.7940085157199496, 0.7188708112562096, 0.6638592289650953, 0.618754925635915, 0.5919299890554933, 0.5538837208918864, 0.5170436694941878]


----------------------------------------


>>>>>>>>>>>>>>>all_history_acc_std<<<<<<<<<<<<<<<


all_history_acc_std:  [0.00550747836828303, 0.03416763645961664, 0.027468147106851103, 0.05828704701713371, 0.05527344542624441, 0.04611557115740369, 0.02959134774026879, 0.017786136164711194]


----------------------------------------


