config: 
{
    "batch_size": 8,
    "gradient_accumulation_steps": 4,
    "total_round": 6,
    "drop_out": 0.5,
    "num_workers": 2,
    "step1_epochs": 10,
    "step2_epochs": 10,
    "step3_epochs": 10,
    "num_protos": 1,
    "device": "cuda",
    "seed": 100,
    "max_grad_norm": 10,
    "task_length": 8,
    "kl_temp": 2,
    "temp": 0.1,
    "bert_path": "./bert-base-uncased",
    "max_length": 256,
    "vocab_size": 30522,
    "marker_size": 4,
    "pattern": "hybridprompt",
    "template": "[E1] [MASK] [E2]",
    "encoder_output_size": 768,
    "drop_p": 0.1,
    "f_pass": 10,
    "kappa_neg": 0.03,
    "kappa_pos": 0.05,
    "T_mult": 1,
    "rewarm_epoch_num": 2,
    "decay_rate": 0.9,
    "decay_steps": 800,
    "num_of_relation": 41,
    "rel_index": "data/tacred/rel_index.npy",
    "relation_file": "data/tacred/relation_name.txt",
    "rel_cluster_label": "data/tacred/CFRLdata_10_100_10_5/rel_cluster_label_0.npy",
    "training_file": "data/tacred/CFRLdata_10_100_10_5/train_0.txt",
    "valid_file": "data/tacred/CFRLdata_10_100_10_5/valid_0.txt",
    "test_file": "data/tacred/CFRLdata_10_100_10_5/test_0.txt",
    "retain_prev": false,
    "use_entity_marker": true,
    "use_unused": false,
    "prompt_length": 3
}
----------------------------------------
set seed: 100
Shuffle index: [7 0 6 2 5 1 4 3]
round: 0, current_acc: [0.8803088803088803, 0.6986301369863014, 0.47368421052631576, 0.5024875621890548, 0.5160349854227405, 0.8090909090909091, 0.6017316017316018, 0.7463768115942029], history_acc: [0.8803088803088803, 0.8113975576662144, 0.7485311398354877, 0.6254752851711026, 0.5591397849462365, 0.5628482972136223, 0.5677139761646804, 0.5226201696512723]
set seed: 200
Shuffle index: [7 6 5 2 1 0 3 4]
round: 1, current_acc: [0.8706563706563707, 0.5627705627705628, 0.7990867579908676, 0.6847826086956522, 0.5422740524781341, 0.5087719298245614, 0.5671641791044776, 0.8818181818181818], history_acc: [0.8706563706563707, 0.7850467289719626, 0.7789256198347108, 0.6454983922829582, 0.5860113421550095, 0.5326278659611993, 0.47003154574132494, 0.501885014137606]
set seed: 300
Shuffle index: [7 3 2 5 0 6 4 1]
round: 2, current_acc: [0.8783783783783784, 0.8007246376811594, 0.3287671232876712, 0.7727272727272727, 0.4527363184079602, 0.5367965367965368, 0.7719298245614035, 0.42565597667638483], history_acc: [0.8783783783783784, 0.8060453400503779, 0.6623889437314906, 0.7169505271695052, 0.6157601115760112, 0.5957957957957958, 0.5323215289488477, 0.47455230914231855]
set seed: 400
Shuffle index: [7 3 1 6 0 5 2 4]
round: 3, current_acc: [0.8841698841698842, 0.4473684210526316, 0.3181818181818182, 0.5543478260869565, 0.582089552238806, 0.5981735159817352, 0.4110787172011662, 0.5670995670995671], history_acc: [0.8841698841698842, 0.7373417721518988, 0.5551643192488263, 0.6196808510638298, 0.6049661399548533, 0.5917312661498708, 0.5388683236382866, 0.5179076343072573]
set seed: 500
Shuffle index: [7 0 2 1 5 4 3 6]
round: 4, current_acc: [0.8745173745173745, 0.6169154228855721, 0.35064935064935066, 0.5597667638483965, 0.8152173913043478, 0.75, 0.7442922374429224, 0.5087719298245614], history_acc: [0.8745173745173745, 0.7941585535465925, 0.7136842105263158, 0.6434648105181748, 0.6042065009560229, 0.5796534376746786, 0.5647410358565738, 0.4934024505183789]
set seed: 600
Shuffle index: [7 1 3 6 4 0 2 5]
round: 5, current_acc: [0.8861003861003861, 0.822463768115942, 0.2894736842105263, 0.7090909090909091, 0.6796536796536796, 0.684931506849315, 0.5539358600583091, 0.7711442786069652], history_acc: [0.8861003861003861, 0.8350125944584383, 0.7533039647577092, 0.6382978723404256, 0.6122148638704931, 0.5811153358681875, 0.5419052576782926, 0.4877474081055608]
>>>>>>>>>>>>>>>current_acc<<<<<<<<<<<<<<<


[0.8861003861003861, 0.822463768115942, 0.2894736842105263, 0.7090909090909091, 0.6796536796536796, 0.684931506849315, 0.5539358600583091, 0.7711442786069652]


----------------------------------------


>>>>>>>>>>>>>>>history_acc<<<<<<<<<<<<<<<


[0.8861003861003861, 0.8350125944584383, 0.7533039647577092, 0.6382978723404256, 0.6122148638704931, 0.5811153358681875, 0.5419052576782926, 0.4877474081055608]


----------------------------------------


>>>>>>>>>>>>>>>all_current_acc<<<<<<<<<<<<<<<


[0.8803088803088803, 0.6986301369863014, 0.47368421052631576, 0.5024875621890548, 0.5160349854227405, 0.8090909090909091, 0.6017316017316018, 0.7463768115942029]
[0.8706563706563707, 0.5627705627705628, 0.7990867579908676, 0.6847826086956522, 0.5422740524781341, 0.5087719298245614, 0.5671641791044776, 0.8818181818181818]
[0.8783783783783784, 0.8007246376811594, 0.3287671232876712, 0.7727272727272727, 0.4527363184079602, 0.5367965367965368, 0.7719298245614035, 0.42565597667638483]
[0.8841698841698842, 0.4473684210526316, 0.3181818181818182, 0.5543478260869565, 0.582089552238806, 0.5981735159817352, 0.4110787172011662, 0.5670995670995671]
[0.8745173745173745, 0.6169154228855721, 0.35064935064935066, 0.5597667638483965, 0.8152173913043478, 0.75, 0.7442922374429224, 0.5087719298245614]
[0.8861003861003861, 0.822463768115942, 0.2894736842105263, 0.7090909090909091, 0.6796536796536796, 0.684931506849315, 0.5539358600583091, 0.7711442786069652]


----------------------------------------


>>>>>>>>>>>>>>>all_current_acc_mean<<<<<<<<<<<<<<<


[0.8790218790218791, 0.6581454915820281, 0.42664049080775834, 0.6305338237730403, 0.598000996584278, 0.6479607330905096, 0.6083554033499801, 0.6501444576033105]


----------------------------------------


>>>>>>>>>>>>>>>all_current_acc_std<<<<<<<<<<<<<<<


all_current_acc_std:  [0.005306442246612165, 0.1317773276468071, 0.17647530490871818, 0.09707492927644017, 0.11904413947467, 0.1095076498099552, 0.12169331906512566, 0.16065079139100838]


----------------------------------------


>>>>>>>>>>>>>>>all_history_acc<<<<<<<<<<<<<<<


[0.8803088803088803, 0.8113975576662144, 0.7485311398354877, 0.6254752851711026, 0.5591397849462365, 0.5628482972136223, 0.5677139761646804, 0.5226201696512723]
[0.8706563706563707, 0.7850467289719626, 0.7789256198347108, 0.6454983922829582, 0.5860113421550095, 0.5326278659611993, 0.47003154574132494, 0.501885014137606]
[0.8783783783783784, 0.8060453400503779, 0.6623889437314906, 0.7169505271695052, 0.6157601115760112, 0.5957957957957958, 0.5323215289488477, 0.47455230914231855]
[0.8841698841698842, 0.7373417721518988, 0.5551643192488263, 0.6196808510638298, 0.6049661399548533, 0.5917312661498708, 0.5388683236382866, 0.5179076343072573]
[0.8745173745173745, 0.7941585535465925, 0.7136842105263158, 0.6434648105181748, 0.6042065009560229, 0.5796534376746786, 0.5647410358565738, 0.4934024505183789]
[0.8861003861003861, 0.8350125944584383, 0.7533039647577092, 0.6382978723404256, 0.6122148638704931, 0.5811153358681875, 0.5419052576782926, 0.4877474081055608]


----------------------------------------


>>>>>>>>>>>>>>>all_history_acc_mean<<<<<<<<<<<<<<<


all_history_acc:  [0.8790218790218791, 0.7948337578075808, 0.7019996996557567, 0.6482279564243326, 0.5970497905764377, 0.5739619997772257, 0.5359302780046677, 0.4996858309770656]


----------------------------------------


>>>>>>>>>>>>>>>all_history_acc_std<<<<<<<<<<<<<<<


all_history_acc_std:  [0.005306442246612165, 0.030044323384006588, 0.07525630478200712, 0.03210440689553683, 0.01937764399720277, 0.021244799997359308, 0.03224970727163539, 0.016716035933927766]


----------------------------------------


