config: 
{
    "batch_size": 8,
    "gradient_accumulation_steps": 4,
    "total_round": 6,
    "drop_out": 0.5,
    "num_workers": 2,
    "step1_epochs": 10,
    "step2_epochs": 10,
    "step3_epochs": 10,
    "num_protos": 1,
    "device": "cuda",
    "seed": 100,
    "max_grad_norm": 10,
    "task_length": 8,
    "kl_temp": 2,
    "temp": 0.1,
    "bert_path": "./bert-base-uncased",
    "max_length": 256,
    "vocab_size": 30522,
    "marker_size": 4,
    "pattern": "hybridprompt",
    "template": "[E1] [MASK] [E2]",
    "encoder_output_size": 768,
    "drop_p": 0.1,
    "f_pass": 10,
    "kappa_neg": 0.03,
    "kappa_pos": 0.05,
    "T_mult": 1,
    "rewarm_epoch_num": 2,
    "decay_rate": 0.9,
    "decay_steps": 800,
    "num_of_relation": 41,
    "rel_index": "data/tacred/rel_index.npy",
    "relation_file": "data/tacred/relation_name.txt",
    "rel_cluster_label": "data/tacred/CFRLdata_10_100_10_5/rel_cluster_label_0.npy",
    "training_file": "data/tacred/CFRLdata_10_100_10_5/train_0.txt",
    "valid_file": "data/tacred/CFRLdata_10_100_10_5/valid_0.txt",
    "test_file": "data/tacred/CFRLdata_10_100_10_5/test_0.txt",
    "retain_prev": false,
    "use_entity_marker": true,
    "use_unused": true,
    "prompt_length": 3
}
----------------------------------------
set seed: 100
Shuffle index: [7 0 6 2 5 1 4 3]
round: 0, current_acc: [0.8841698841698842, 0.7990867579908676, 0.2719298245614035, 0.7263681592039801, 0.4489795918367347, 0.8681818181818182, 0.6363636363636364, 0.8297101449275363], history_acc: [0.8841698841698842, 0.8561736770691994, 0.790834312573443, 0.6568441064638784, 0.5448028673835126, 0.561609907120743, 0.5633802816901409, 0.5518378887841658]
set seed: 200
Shuffle index: [7 6 5 2 1 0 3 4]
round: 1, current_acc: [0.8706563706563707, 0.6060606060606061, 0.7123287671232876, 0.7137681159420289, 0.5539358600583091, 0.7807017543859649, 0.6417910447761194, 0.8363636363636363], history_acc: [0.8706563706563707, 0.7890520694259012, 0.6590909090909091, 0.6278135048231511, 0.5778197857592943, 0.5420340975896532, 0.5162986330178759, 0.5117813383600377]
set seed: 300
Shuffle index: [7 3 2 5 0 6 4 1]
round: 2, current_acc: [0.8783783783783784, 0.7572463768115942, 0.3013698630136986, 0.7, 0.6716417910447762, 0.5194805194805194, 0.5701754385964912, 0.4839650145772595], history_acc: [0.8783783783783784, 0.7594458438287154, 0.7018756169792695, 0.699918896999189, 0.6429567642956764, 0.6144144144144145, 0.5401911186059584, 0.4943449575871819]
set seed: 400
Shuffle index: [7 3 1 6 0 5 2 4]
round: 3, current_acc: [0.8861003861003861, 0.45614035087719296, 0.6227272727272727, 0.7862318840579711, 0.6019900497512438, 0.6529680365296804, 0.4489795918367347, 0.8138528138528138], history_acc: [0.8861003861003861, 0.7262658227848101, 0.6936619718309859, 0.7526595744680851, 0.708051166290444, 0.6421188630490956, 0.58011634056055, 0.55937794533459]
set seed: 500
Shuffle index: [7 0 2 1 5 4 3 6]
round: 4, current_acc: [0.888030888030888, 0.7114427860696517, 0.5238095238095238, 0.5072886297376094, 0.5905797101449275, 0.8318181818181818, 0.771689497716895, 0.5877192982456141], history_acc: [0.888030888030888, 0.8233657858136301, 0.7621052631578947, 0.6558391337973705, 0.5615041427660931, 0.5936277249860257, 0.5612549800796812, 0.5334590009425071]
set seed: 600
Shuffle index: [7 1 3 6 4 0 2 5]
round: 5, current_acc: [0.8725868725868726, 0.6594202898550725, 0.30701754385964913, 0.8090909090909091, 0.4329004329004329, 0.5159817351598174, 0.5276967930029155, 0.5174129353233831], history_acc: [0.8725868725868726, 0.7657430730478589, 0.6861233480176211, 0.6604609929078015, 0.58719646799117, 0.5614702154626109, 0.510671525247267, 0.4759660697455231]
>>>>>>>>>>>>>>>current_acc<<<<<<<<<<<<<<<


[0.8725868725868726, 0.6594202898550725, 0.30701754385964913, 0.8090909090909091, 0.4329004329004329, 0.5159817351598174, 0.5276967930029155, 0.5174129353233831]


----------------------------------------


>>>>>>>>>>>>>>>history_acc<<<<<<<<<<<<<<<


[0.8725868725868726, 0.7657430730478589, 0.6861233480176211, 0.6604609929078015, 0.58719646799117, 0.5614702154626109, 0.510671525247267, 0.4759660697455231]


----------------------------------------


>>>>>>>>>>>>>>>all_current_acc<<<<<<<<<<<<<<<


[0.8841698841698842, 0.7990867579908676, 0.2719298245614035, 0.7263681592039801, 0.4489795918367347, 0.8681818181818182, 0.6363636363636364, 0.8297101449275363]
[0.8706563706563707, 0.6060606060606061, 0.7123287671232876, 0.7137681159420289, 0.5539358600583091, 0.7807017543859649, 0.6417910447761194, 0.8363636363636363]
[0.8783783783783784, 0.7572463768115942, 0.3013698630136986, 0.7, 0.6716417910447762, 0.5194805194805194, 0.5701754385964912, 0.4839650145772595]
[0.8861003861003861, 0.45614035087719296, 0.6227272727272727, 0.7862318840579711, 0.6019900497512438, 0.6529680365296804, 0.4489795918367347, 0.8138528138528138]
[0.888030888030888, 0.7114427860696517, 0.5238095238095238, 0.5072886297376094, 0.5905797101449275, 0.8318181818181818, 0.771689497716895, 0.5877192982456141]
[0.8725868725868726, 0.6594202898550725, 0.30701754385964913, 0.8090909090909091, 0.4329004329004329, 0.5159817351598174, 0.5276967930029155, 0.5174129353233831]


----------------------------------------


>>>>>>>>>>>>>>>all_current_acc_mean<<<<<<<<<<<<<<<


[0.8799871299871299, 0.6648995279441642, 0.45653046584913914, 0.7071246163387498, 0.5500045726227373, 0.6948553409259971, 0.5994493337154654, 0.678170640548374]


----------------------------------------


>>>>>>>>>>>>>>>all_current_acc_std<<<<<<<<<<<<<<<


all_current_acc_std:  [0.006633052808265206, 0.11237798039683017, 0.17228220282876985, 0.09751471375424146, 0.08473421763224129, 0.14181980075288492, 0.10121651017001353, 0.15173398198685]


----------------------------------------


>>>>>>>>>>>>>>>all_history_acc<<<<<<<<<<<<<<<


[0.8841698841698842, 0.8561736770691994, 0.790834312573443, 0.6568441064638784, 0.5448028673835126, 0.561609907120743, 0.5633802816901409, 0.5518378887841658]
[0.8706563706563707, 0.7890520694259012, 0.6590909090909091, 0.6278135048231511, 0.5778197857592943, 0.5420340975896532, 0.5162986330178759, 0.5117813383600377]
[0.8783783783783784, 0.7594458438287154, 0.7018756169792695, 0.699918896999189, 0.6429567642956764, 0.6144144144144145, 0.5401911186059584, 0.4943449575871819]
[0.8861003861003861, 0.7262658227848101, 0.6936619718309859, 0.7526595744680851, 0.708051166290444, 0.6421188630490956, 0.58011634056055, 0.55937794533459]
[0.888030888030888, 0.8233657858136301, 0.7621052631578947, 0.6558391337973705, 0.5615041427660931, 0.5936277249860257, 0.5612549800796812, 0.5334590009425071]
[0.8725868725868726, 0.7657430730478589, 0.6861233480176211, 0.6604609929078015, 0.58719646799117, 0.5614702154626109, 0.510671525247267, 0.4759660697455231]


----------------------------------------


>>>>>>>>>>>>>>>all_history_acc_mean<<<<<<<<<<<<<<<


all_history_acc:  [0.8799871299871299, 0.786674378661686, 0.7156152369416873, 0.675589368243246, 0.6037218657476983, 0.5858792037704238, 0.5453188132002456, 0.5211278667923344]


----------------------------------------


>>>>>>>>>>>>>>>all_history_acc_std<<<<<<<<<<<<<<<


all_history_acc_std:  [0.006633052808265206, 0.042838400877164576, 0.04574335294791215, 0.04038275234695953, 0.0557102193445935, 0.03450697492148231, 0.025363834625236018, 0.0300069451971306]


----------------------------------------


