True
config: 
{
    "batch_size": 8,
    "gradient_accumulation_steps": 4,
    "total_round": 6,
    "drop_out": 0.5,
    "num_workers": 2,
    "step1_epochs": 10,
    "step2_epochs": 10,
    "step3_epochs": 10,
    "num_protos": 1,
    "device": "cuda",
    "seed": 100,
    "max_grad_norm": 10,
    "task_length": 8,
    "kl_temp": 2,
    "temp": 0.1,
    "bert_path": "./bert-base-uncased",
    "max_length": 256,
    "vocab_size": 30522,
    "marker_size": 4,
    "pattern": "hybrid_prompt",
    "template": "[E1] [MASK] [E2]",
    "encoder_output_size": 768,
    "drop_p": 0.1,
    "f_pass": 10,
    "kappa_neg": 0.03,
    "kappa_pos": 0.05,
    "T_mult": 1,
    "rewarm_epoch_num": 2,
    "decay_rate": 0.9,
    "decay_steps": 800,
    "num_of_relation": 41,
    "rel_index": "data/tacred/rel_index.npy",
    "relation_file": "data/tacred/relation_name.txt",
    "rel_cluster_label": "data/tacred/CFRLdata_10_100_10_5/rel_cluster_label_0.npy",
    "training_file": "data/tacred/CFRLdata_10_100_10_5/train_0.txt",
    "valid_file": "data/tacred/CFRLdata_10_100_10_5/valid_0.txt",
    "test_file": "data/tacred/CFRLdata_10_100_10_5/test_0.txt",
    "retain_prev": true,
    "use_marker": true
}
----------------------------------------
set seed: 100
Shuffle index: [7 0 6 2 5 1 4 3]
round: 0, current_acc: [0.8745173745173745, 0.8082191780821918, 0.7280701754385965, 0.8606965174129353, 0.6822157434402333, 0.8772727272727273, 0.8874458874458875, 0.9057971014492754], history_acc: [0.8745173745173745, 0.4084124830393487, 0.5099882491186839, 0.5171102661596958, 0.44587813620071687, 0.5195046439628483, 0.4978331527627302, 0.4622997172478794]
set seed: 200
Shuffle index: [7 6 5 2 1 0 3 4]
round: 1, current_acc: [0.8648648648648649, 0.8181818181818182, 0.8082191780821918, 0.8913043478260869, 0.6618075801749271, 0.7280701754385965, 0.7213930348258707, 0.8272727272727273], history_acc: [0.8648648648648649, 0.5100133511348465, 0.5227272727272727, 0.5418006430868167, 0.5066162570888468, 0.36919459141681366, 0.35068349106203994, 0.38548539114043356]
set seed: 300
Shuffle index: [7 3 2 5 0 6 4 1]
round: 2, current_acc: [0.8725868725868726, 0.677536231884058, 0.680365296803653, 0.8136363636363636, 0.6169154228855721, 0.7142857142857143, 0.9210526315789473, 0.5830903790087464], history_acc: [0.8725868725868726, 0.4672544080604534, 0.5429417571569596, 0.5555555555555556, 0.5090655509065551, 0.48768768768768767, 0.40978077571669475, 0.3784165881244109]
set seed: 400
Shuffle index: [7 3 1 6 0 5 2 4]
round: 3, current_acc: [0.8822393822393823, 0.7982456140350878, 0.8090909090909091, 0.9057971014492754, 0.6069651741293532, 0.7351598173515982, 0.5947521865889213, 0.7748917748917749], history_acc: [0.8822393822393823, 0.31170886075949367, 0.5610328638497653, 0.7296099290780141, 0.580887885628292, 0.5471576227390181, 0.4843997884717081, 0.4528746465598492]
set seed: 500
Shuffle index: [7 0 2 1 5 4 3 6]
round: 4, current_acc: [0.8706563706563707, 0.8159203980099502, 0.8571428571428571, 0.6676384839650146, 0.8804347826086957, 0.8454545454545455, 0.776255707762557, 0.868421052631579], history_acc: [0.8706563706563707, 0.41863699582753827, 0.4768421052631579, 0.534416086620263, 0.5003186743148502, 0.5377305757406372, 0.5139442231075697, 0.4410933081998115]
set seed: 600
Shuffle index: [7 1 3 6 4 0 2 5]
round: 5, current_acc: [0.8687258687258688, 0.7753623188405797, 0.8245614035087719, 0.8772727272727273, 0.8701298701298701, 0.726027397260274, 0.6676384839650146, 0.7512437810945274], history_acc: [0.8687258687258688, 0.5239294710327456, 0.5055066079295154, 0.5390070921985816, 0.5533480500367918, 0.5659062103929025, 0.4648620510150963, 0.39726672950047126]
>>>>>>>>>>>>>>>current_acc<<<<<<<<<<<<<<<


[0.8687258687258688, 0.7753623188405797, 0.8245614035087719, 0.8772727272727273, 0.8701298701298701, 0.726027397260274, 0.6676384839650146, 0.7512437810945274]


----------------------------------------


>>>>>>>>>>>>>>>history_acc<<<<<<<<<<<<<<<


[0.8687258687258688, 0.5239294710327456, 0.5055066079295154, 0.5390070921985816, 0.5533480500367918, 0.5659062103929025, 0.4648620510150963, 0.39726672950047126]


----------------------------------------


>>>>>>>>>>>>>>>all_current_acc<<<<<<<<<<<<<<<


[0.8745173745173745, 0.8082191780821918, 0.7280701754385965, 0.8606965174129353, 0.6822157434402333, 0.8772727272727273, 0.8874458874458875, 0.9057971014492754]
[0.8648648648648649, 0.8181818181818182, 0.8082191780821918, 0.8913043478260869, 0.6618075801749271, 0.7280701754385965, 0.7213930348258707, 0.8272727272727273]
[0.8725868725868726, 0.677536231884058, 0.680365296803653, 0.8136363636363636, 0.6169154228855721, 0.7142857142857143, 0.9210526315789473, 0.5830903790087464]
[0.8822393822393823, 0.7982456140350878, 0.8090909090909091, 0.9057971014492754, 0.6069651741293532, 0.7351598173515982, 0.5947521865889213, 0.7748917748917749]
[0.8706563706563707, 0.8159203980099502, 0.8571428571428571, 0.6676384839650146, 0.8804347826086957, 0.8454545454545455, 0.776255707762557, 0.868421052631579]
[0.8687258687258688, 0.7753623188405797, 0.8245614035087719, 0.8772727272727273, 0.8701298701298701, 0.726027397260274, 0.6676384839650146, 0.7512437810945274]


----------------------------------------


>>>>>>>>>>>>>>>all_current_acc_mean<<<<<<<<<<<<<<<


[0.8722651222651222, 0.7822442598389476, 0.7845749700111632, 0.8360575902604005, 0.7197447622281086, 0.7710450628439093, 0.7614229886945331, 0.7851194693914384]


----------------------------------------


>>>>>>>>>>>>>>>all_current_acc_std<<<<<<<<<<<<<<<


all_current_acc_std:  [0.005393518215649993, 0.04893441584699567, 0.06065962516450417, 0.08071480106029774, 0.11291236732183765, 0.06481241322369963, 0.11529707300467129, 0.1043608029487389]


----------------------------------------


>>>>>>>>>>>>>>>all_history_acc<<<<<<<<<<<<<<<


[0.8745173745173745, 0.4084124830393487, 0.5099882491186839, 0.5171102661596958, 0.44587813620071687, 0.5195046439628483, 0.4978331527627302, 0.4622997172478794]
[0.8648648648648649, 0.5100133511348465, 0.5227272727272727, 0.5418006430868167, 0.5066162570888468, 0.36919459141681366, 0.35068349106203994, 0.38548539114043356]
[0.8725868725868726, 0.4672544080604534, 0.5429417571569596, 0.5555555555555556, 0.5090655509065551, 0.48768768768768767, 0.40978077571669475, 0.3784165881244109]
[0.8822393822393823, 0.31170886075949367, 0.5610328638497653, 0.7296099290780141, 0.580887885628292, 0.5471576227390181, 0.4843997884717081, 0.4528746465598492]
[0.8706563706563707, 0.41863699582753827, 0.4768421052631579, 0.534416086620263, 0.5003186743148502, 0.5377305757406372, 0.5139442231075697, 0.4410933081998115]
[0.8687258687258688, 0.5239294710327456, 0.5055066079295154, 0.5390070921985816, 0.5533480500367918, 0.5659062103929025, 0.4648620510150963, 0.39726672950047126]


----------------------------------------


>>>>>>>>>>>>>>>all_history_acc_mean<<<<<<<<<<<<<<<


all_history_acc:  [0.8722651222651222, 0.4399925949757377, 0.5198398093408924, 0.5695832621164877, 0.5160190923626755, 0.5045302219899845, 0.4535839136893065, 0.4195727301288093]


----------------------------------------


>>>>>>>>>>>>>>>all_history_acc_std<<<<<<<<<<<<<<<


all_history_acc_std:  [0.005393518215649993, 0.07141614366668811, 0.027049958826038514, 0.0724594510907482, 0.042631039804607695, 0.06520481566316698, 0.056547013633063546, 0.03354370461251338]


----------------------------------------


