True
config: 
{
    "batch_size": 8,
    "gradient_accumulation_steps": 4,
    "total_round": 6,
    "drop_out": 0.5,
    "num_workers": 2,
    "step1_epochs": 10,
    "step2_epochs": 10,
    "step3_epochs": 10,
    "num_protos": 1,
    "device": "cuda",
    "seed": 100,
    "max_grad_norm": 10,
    "task_length": 8,
    "kl_temp": 2,
    "temp": 0.1,
    "bert_path": "./bert-base-uncased",
    "max_length": 256,
    "vocab_size": 30522,
    "marker_size": 4,
    "pattern": "hybrid_prompt",
    "template": "[E1] [MASK] [E2]",
    "encoder_output_size": 768,
    "drop_p": 0.1,
    "f_pass": 10,
    "kappa_neg": 0.03,
    "kappa_pos": 0.05,
    "T_mult": 1,
    "rewarm_epoch_num": 2,
    "decay_rate": 0.9,
    "decay_steps": 800,
    "num_of_relation": 41,
    "rel_index": "data/tacred/rel_index.npy",
    "relation_file": "data/tacred/relation_name.txt",
    "rel_cluster_label": "data/tacred/CFRLdata_10_100_10_5/rel_cluster_label_0.npy",
    "training_file": "data/tacred/CFRLdata_10_100_10_5/train_0.txt",
    "valid_file": "data/tacred/CFRLdata_10_100_10_5/valid_0.txt",
    "test_file": "data/tacred/CFRLdata_10_100_10_5/test_0.txt",
    "retain_prev": true,
    "use_marker": true
}
----------------------------------------
set seed: 100
Shuffle index: [7 0 6 2 5 1 4 3]
round: 0, current_acc: [0.8745173745173745, 0.8082191780821918, 0.7280701754385965, 0.8606965174129353, 0.6822157434402333, 0.8772727272727273, 0.8874458874458875, 0.9057971014492754], history_acc: [0.8745173745173745, 0.4084124830393487, 0.5099882491186839, 0.5171102661596958, 0.44587813620071687, 0.5195046439628483, 0.4978331527627302, 0.4622997172478794]
set seed: 200
Shuffle index: [7 6 5 2 1 0 3 4]
round: 1, current_acc: [0.8648648648648649, 0.8181818181818182, 0.8082191780821918, 0.8913043478260869, 0.6618075801749271, 0.7280701754385965, 0.7213930348258707, 0.8272727272727273], history_acc: [0.8648648648648649, 0.5100133511348465, 0.5227272727272727, 0.5418006430868167, 0.5066162570888468, 0.36919459141681366, 0.35068349106203994, 0.38548539114043356]
set seed: 300
Shuffle index: [7 3 2 5 0 6 4 1]
round: 2, current_acc: [0.8725868725868726, 0.677536231884058, 0.680365296803653, 0.8136363636363636, 0.6169154228855721, 0.7142857142857143, 0.9210526315789473, 0.5830903790087464], history_acc: [0.8725868725868726, 0.4672544080604534, 0.5429417571569596, 0.5555555555555556, 0.5090655509065551, 0.48768768768768767, 0.40978077571669475, 0.3784165881244109]
set seed: 400
Shuffle index: [7 3 1 6 0 5 2 4]
round: 3, current_acc: [0.8822393822393823, 0.7982456140350878, 0.8090909090909091, 0.9057971014492754, 0.6069651741293532, 0.7351598173515982, 0.5947521865889213, 0.7748917748917749], history_acc: [0.8822393822393823, 0.31170886075949367, 0.5610328638497653, 0.7296099290780141, 0.580887885628292, 0.5471576227390181, 0.4843997884717081, 0.4528746465598492]
set seed: 500
Shuffle index: [7 0 2 1 5 4 3 6]
