config: 
{
    "batch_size": 8,
    "gradient_accumulation_steps": 4,
    "total_round": 6,
    "drop_out": 0.5,
    "num_workers": 2,
    "step1_epochs": 10,
    "step2_epochs": 10,
    "step3_epochs": 10,
    "num_protos": 1,
    "device": "cuda",
    "seed": 100,
    "max_grad_norm": 10,
    "task_length": 8,
    "kl_temp": 2,
    "temp": 0.1,
    "bert_path": "./bert-base-uncased",
    "max_length": 256,
    "vocab_size": 30522,
    "marker_size": 4,
    "pattern": "hybridprompt",
    "template": "[E1] [MASK] [E2]",
    "encoder_output_size": 768,
    "drop_p": 0.1,
    "f_pass": 10,
    "kappa_neg": 0.03,
    "kappa_pos": 0.05,
    "T_mult": 1,
    "rewarm_epoch_num": 2,
    "decay_rate": 0.9,
    "decay_steps": 800,
    "num_of_relation": 41,
    "rel_index": "data/tacred/rel_index.npy",
    "relation_file": "data/tacred/relation_name.txt",
    "rel_cluster_label": "data/tacred/CFRLdata_10_100_10_5/rel_cluster_label_0.npy",
    "training_file": "data/tacred/CFRLdata_10_100_10_5/train_0.txt",
    "valid_file": "data/tacred/CFRLdata_10_100_10_5/valid_0.txt",
    "test_file": "data/tacred/CFRLdata_10_100_10_5/test_0.txt",
    "retain_prev": false,
    "use_entity_marker": true,
    "use_unused": false,
    "prompt_length": 1
}
----------------------------------------
set seed: 100
Shuffle index: [7 0 6 2 5 1 4 3]
round: 0, current_acc: [0.8822393822393823, 0.863013698630137, 0.2982456140350877, 0.5920398009950248, 0.5306122448979592, 0.740909090909091, 0.6753246753246753, 0.7934782608695652], history_acc: [0.8822393822393823, 0.8616010854816825, 0.7779083431257344, 0.6406844106463878, 0.5469534050179211, 0.5597523219814241, 0.5666305525460456, 0.5523091423185674]
set seed: 200
Shuffle index: [7 6 5 2 1 0 3 4]
round: 1, current_acc: [0.8803088803088803, 0.6017316017316018, 0.6712328767123288, 0.7355072463768116, 0.5189504373177842, 0.7192982456140351, 0.6069651741293532, 0.9045454545454545], history_acc: [0.8803088803088803, 0.794392523364486, 0.7582644628099173, 0.682475884244373, 0.5860113421550095, 0.5496766607877719, 0.46109358569926395, 0.4655984919886899]
set seed: 300
Shuffle index: [7 3 2 5 0 6 4 1]
round: 2, current_acc: [0.8725868725868726, 0.6739130434782609, 0.680365296803653, 0.8090909090909091, 0.6517412935323383, 0.48917748917748916, 0.7368421052631579, 0.43731778425655976], history_acc: [0.8725868725868726, 0.7783375314861462, 0.7354392892398816, 0.7518248175182481, 0.6750348675034867, 0.6354354354354355, 0.5503091624508151, 0.49858623939679547]
set seed: 400
Shuffle index: [7 3 1 6 0 5 2 4]
round: 3, current_acc: [0.8822393822393823, 0.2894736842105263, 0.6545454545454545, 0.6992753623188406, 0.6965174129353234, 0.6986301369863014, 0.4868804664723032, 0.645021645021645], history_acc: [0.8822393822393823, 0.7341772151898734, 0.7124413145539906, 0.7145390070921985, 0.6772009029345373, 0.6337209302325582, 0.5452141723955579, 0.5282752120640904]
set seed: 500
Shuffle index: [7 0 2 1 5 4 3 6]
round: 4, current_acc: [0.8918918918918919, 0.6169154228855721, 0.6666666666666666, 0.5393586005830904, 0.7210144927536232, 0.85, 0.6940639269406392, 0.7192982456140351], history_acc: [0.8918918918918919, 0.8108484005563282, 0.7505263157894737, 0.6310904872389791, 0.5971956660293181, 0.5930687534935718, 0.5796812749003984, 0.5358152686145146]
set seed: 600
Shuffle index: [7 1 3 6 4 0 2 5]
round: 5, current_acc: [0.8803088803088803, 0.6485507246376812, 0.2807017543859649, 0.7545454545454545, 0.47619047619047616, 0.7397260273972602, 0.6239067055393586, 0.6019900497512438], history_acc: [0.8803088803088803, 0.7997481108312342, 0.7522026431718062, 0.650709219858156, 0.623252391464312, 0.6305449936628644, 0.5809474232170745, 0.5381715362865221]
>>>>>>>>>>>>>>>current_acc<<<<<<<<<<<<<<<


[0.8803088803088803, 0.6485507246376812, 0.2807017543859649, 0.7545454545454545, 0.47619047619047616, 0.7397260273972602, 0.6239067055393586, 0.6019900497512438]


----------------------------------------


>>>>>>>>>>>>>>>history_acc<<<<<<<<<<<<<<<


[0.8803088803088803, 0.7997481108312342, 0.7522026431718062, 0.650709219858156, 0.623252391464312, 0.6305449936628644, 0.5809474232170745, 0.5381715362865221]


----------------------------------------


>>>>>>>>>>>>>>>all_current_acc<<<<<<<<<<<<<<<


[0.8822393822393823, 0.863013698630137, 0.2982456140350877, 0.5920398009950248, 0.5306122448979592, 0.740909090909091, 0.6753246753246753, 0.7934782608695652]
[0.8803088803088803, 0.6017316017316018, 0.6712328767123288, 0.7355072463768116, 0.5189504373177842, 0.7192982456140351, 0.6069651741293532, 0.9045454545454545]
[0.8725868725868726, 0.6739130434782609, 0.680365296803653, 0.8090909090909091, 0.6517412935323383, 0.48917748917748916, 0.7368421052631579, 0.43731778425655976]
[0.8822393822393823, 0.2894736842105263, 0.6545454545454545, 0.6992753623188406, 0.6965174129353234, 0.6986301369863014, 0.4868804664723032, 0.645021645021645]
[0.8918918918918919, 0.6169154228855721, 0.6666666666666666, 0.5393586005830904, 0.7210144927536232, 0.85, 0.6940639269406392, 0.7192982456140351]
[0.8803088803088803, 0.6485507246376812, 0.2807017543859649, 0.7545454545454545, 0.47619047619047616, 0.7397260273972602, 0.6239067055393586, 0.6019900497512438]


----------------------------------------


>>>>>>>>>>>>>>>all_current_acc_mean<<<<<<<<<<<<<<<


[0.8815958815958815, 0.6155996959289632, 0.5419596105248592, 0.6883028956516886, 0.599171059604584, 0.7062901650140295, 0.6373305089449146, 0.683608573343084]


----------------------------------------


>>>>>>>>>>>>>>>all_current_acc_std<<<<<<<<<<<<<<<


all_current_acc_std:  [0.005646695229982049, 0.16943638738547753, 0.17876768581493951, 0.09378828371913786, 0.09429178774287945, 0.10827029739985435, 0.07989812527475043, 0.14774296014749363]


----------------------------------------


>>>>>>>>>>>>>>>all_history_acc<<<<<<<<<<<<<<<


[0.8822393822393823, 0.8616010854816825, 0.7779083431257344, 0.6406844106463878, 0.5469534050179211, 0.5597523219814241, 0.5666305525460456, 0.5523091423185674]
[0.8803088803088803, 0.794392523364486, 0.7582644628099173, 0.682475884244373, 0.5860113421550095, 0.5496766607877719, 0.46109358569926395, 0.4655984919886899]
[0.8725868725868726, 0.7783375314861462, 0.7354392892398816, 0.7518248175182481, 0.6750348675034867, 0.6354354354354355, 0.5503091624508151, 0.49858623939679547]
[0.8822393822393823, 0.7341772151898734, 0.7124413145539906, 0.7145390070921985, 0.6772009029345373, 0.6337209302325582, 0.5452141723955579, 0.5282752120640904]
[0.8918918918918919, 0.8108484005563282, 0.7505263157894737, 0.6310904872389791, 0.5971956660293181, 0.5930687534935718, 0.5796812749003984, 0.5358152686145146]
[0.8803088803088803, 0.7997481108312342, 0.7522026431718062, 0.650709219858156, 0.623252391464312, 0.6305449936628644, 0.5809474232170745, 0.5381715362865221]


----------------------------------------


>>>>>>>>>>>>>>>all_history_acc_mean<<<<<<<<<<<<<<<


all_history_acc:  [0.8815958815958815, 0.7965174778182917, 0.7477970614484674, 0.6785539710997237, 0.617608095850764, 0.600366515932271, 0.5473126952015258, 0.5197926484448633]


----------------------------------------


>>>>>>>>>>>>>>>all_history_acc_std<<<<<<<<<<<<<<<


all_history_acc_std:  [0.005646695229982049, 0.038019781139385554, 0.020190167274830917, 0.04309125439849268, 0.047060426233303386, 0.0354149640877731, 0.04082343475278971, 0.02918476347200207]


----------------------------------------


