config: 
{
    "batch_size": 8,
    "gradient_accumulation_steps": 4,
    "total_round": 6,
    "drop_out": 0.5,
    "num_workers": 2,
    "step1_epochs": 10,
    "step2_epochs": 10,
    "step3_epochs": 10,
    "num_protos": 1,
    "device": "cuda",
    "seed": 100,
    "max_grad_norm": 10,
    "task_length": 8,
    "kl_temp": 2,
    "temp": 0.1,
    "bert_path": "./bert-base-uncased",
    "max_length": 256,
    "vocab_size": 30522,
    "marker_size": 4,
    "pattern": "hybridprompt",
    "template": "[E1] [MASK] [E2]",
    "encoder_output_size": 768,
    "drop_p": 0.1,
    "f_pass": 10,
    "kappa_neg": 0.03,
    "kappa_pos": 0.05,
    "T_mult": 1,
    "rewarm_epoch_num": 2,
    "decay_rate": 0.9,
    "decay_steps": 800,
    "num_of_relation": 41,
    "rel_index": "data/tacred/rel_index.npy",
    "relation_file": "data/tacred/relation_name.txt",
    "rel_cluster_label": "data/tacred/CFRLdata_10_100_10_5/rel_cluster_label_0.npy",
    "training_file": "data/tacred/CFRLdata_10_100_10_5/train_0.txt",
    "valid_file": "data/tacred/CFRLdata_10_100_10_5/valid_0.txt",
    "test_file": "data/tacred/CFRLdata_10_100_10_5/test_0.txt",
    "retain_prev": false,
    "use_entity_marker": true,
    "use_unused": true,
    "prompt_length": 1
}
----------------------------------------
set seed: 100
Shuffle index: [7 0 6 2 5 1 4 3]
round: 0, current_acc: [0.8861003861003861, 0.8904109589041096, 0.3684210526315789, 0.6716417910447762, 0.5597667638483965, 0.8090909090909091, 0.7532467532467533, 0.8442028985507246], history_acc: [0.8861003861003861, 0.8521031207598372, 0.7579318448883666, 0.5998098859315589, 0.5390681003584229, 0.5529411764705883, 0.5303358613217768, 0.5405278039585297]
set seed: 200
Shuffle index: [7 6 5 2 1 0 3 4]
round: 1, current_acc: [0.8783783783783784, 0.5411255411255411, 0.7625570776255708, 0.75, 0.6559766763848397, 0.6929824561403509, 0.6865671641791045, 0.8318181818181818], history_acc: [0.8783783783783784, 0.7770360480640854, 0.7303719008264463, 0.6254019292604501, 0.6023944549464398, 0.5461493239271017, 0.48580441640378547, 0.47455230914231855]
set seed: 300
Shuffle index: [7 3 2 5 0 6 4 1]
round: 2, current_acc: [0.8938223938223938, 0.6666666666666666, 0.6666666666666666, 0.7772727272727272, 0.5870646766169154, 0.6536796536796536, 0.5, 0.5481049562682215], history_acc: [0.8938223938223938, 0.7984886649874056, 0.7492596248766041, 0.7631792376317924, 0.6785216178521618, 0.6660660660660661, 0.5896571107363687, 0.5490103675777568]
set seed: 400
Shuffle index: [7 3 1 6 0 5 2 4]
round: 3, current_acc: [0.8706563706563707, 0.5175438596491229, 0.6590909090909091, 0.8115942028985508, 0.5174129353233831, 0.776255707762557, 0.577259475218659, 0.8008658008658008], history_acc: [0.8706563706563707, 0.75, 0.6666666666666666, 0.7553191489361702, 0.6516177577125658, 0.6324289405684754, 0.5764145954521417, 0.5688030160226202]
set seed: 500
Shuffle index: [7 0 2 1 5 4 3 6]
round: 4, current_acc: [0.8706563706563707, 0.6567164179104478, 0.6320346320346321, 0.39941690962099125, 0.8115942028985508, 0.7363636363636363, 0.7945205479452054, 0.7543859649122807], history_acc: [0.8706563706563707, 0.8136300417246175, 0.76, 0.645784996133024, 0.6469088591459529, 0.6210173281162661, 0.5851593625498008, 0.5409990574929312]
set seed: 600
Shuffle index: [7 1 3 6 4 0 2 5]
round: 5, current_acc: [0.8938223938223938, 0.7789855072463768, 0.4298245614035088, 0.8, 0.7056277056277056, 0.7442922374429224, 0.5626822157434402, 0.6119402985074627], history_acc: [0.8938223938223938, 0.8148614609571788, 0.710352422907489, 0.6657801418439716, 0.6475349521707138, 0.6229404309252218, 0.5726184279021344, 0.5457115928369463]
>>>>>>>>>>>>>>>current_acc<<<<<<<<<<<<<<<


[0.8938223938223938, 0.7789855072463768, 0.4298245614035088, 0.8, 0.7056277056277056, 0.7442922374429224, 0.5626822157434402, 0.6119402985074627]


----------------------------------------


>>>>>>>>>>>>>>>history_acc<<<<<<<<<<<<<<<


[0.8938223938223938, 0.8148614609571788, 0.710352422907489, 0.6657801418439716, 0.6475349521707138, 0.6229404309252218, 0.5726184279021344, 0.5457115928369463]


----------------------------------------


>>>>>>>>>>>>>>>all_current_acc<<<<<<<<<<<<<<<


[0.8861003861003861, 0.8904109589041096, 0.3684210526315789, 0.6716417910447762, 0.5597667638483965, 0.8090909090909091, 0.7532467532467533, 0.8442028985507246]
[0.8783783783783784, 0.5411255411255411, 0.7625570776255708, 0.75, 0.6559766763848397, 0.6929824561403509, 0.6865671641791045, 0.8318181818181818]
[0.8938223938223938, 0.6666666666666666, 0.6666666666666666, 0.7772727272727272, 0.5870646766169154, 0.6536796536796536, 0.5, 0.5481049562682215]
[0.8706563706563707, 0.5175438596491229, 0.6590909090909091, 0.8115942028985508, 0.5174129353233831, 0.776255707762557, 0.577259475218659, 0.8008658008658008]
[0.8706563706563707, 0.6567164179104478, 0.6320346320346321, 0.39941690962099125, 0.8115942028985508, 0.7363636363636363, 0.7945205479452054, 0.7543859649122807]
[0.8938223938223938, 0.7789855072463768, 0.4298245614035088, 0.8, 0.7056277056277056, 0.7442922374429224, 0.5626822157434402, 0.6119402985074627]


----------------------------------------


>>>>>>>>>>>>>>>all_current_acc_mean<<<<<<<<<<<<<<<


[0.8822393822393821, 0.6752414919170442, 0.5864324832421444, 0.7016542718061743, 0.6395738267832985, 0.7354441000800049, 0.6457126927221938, 0.7318863501537787]


----------------------------------------


>>>>>>>>>>>>>>>all_current_acc_std<<<<<<<<<<<<<<<


all_current_acc_std:  [0.00971664663484007, 0.12931425399312615, 0.1395655310940113, 0.14263140318458362, 0.09855019003198967, 0.05108325032419626, 0.10660560624818159, 0.11256733640542921]


----------------------------------------


>>>>>>>>>>>>>>>all_history_acc<<<<<<<<<<<<<<<


[0.8861003861003861, 0.8521031207598372, 0.7579318448883666, 0.5998098859315589, 0.5390681003584229, 0.5529411764705883, 0.5303358613217768, 0.5405278039585297]
[0.8783783783783784, 0.7770360480640854, 0.7303719008264463, 0.6254019292604501, 0.6023944549464398, 0.5461493239271017, 0.48580441640378547, 0.47455230914231855]
[0.8938223938223938, 0.7984886649874056, 0.7492596248766041, 0.7631792376317924, 0.6785216178521618, 0.6660660660660661, 0.5896571107363687, 0.5490103675777568]
[0.8706563706563707, 0.75, 0.6666666666666666, 0.7553191489361702, 0.6516177577125658, 0.6324289405684754, 0.5764145954521417, 0.5688030160226202]
[0.8706563706563707, 0.8136300417246175, 0.76, 0.645784996133024, 0.6469088591459529, 0.6210173281162661, 0.5851593625498008, 0.5409990574929312]
[0.8938223938223938, 0.8148614609571788, 0.710352422907489, 0.6657801418439716, 0.6475349521707138, 0.6229404309252218, 0.5726184279021344, 0.5457115928369463]


----------------------------------------


>>>>>>>>>>>>>>>all_history_acc_mean<<<<<<<<<<<<<<<


all_history_acc:  [0.8822393822393821, 0.8010198894155208, 0.729097076694262, 0.6758792232894946, 0.6276742903643762, 0.6069238776789532, 0.5566649623943346, 0.5366006911718504]


----------------------------------------


>>>>>>>>>>>>>>>all_history_acc_std<<<<<<<<<<<<<<<


all_history_acc_std:  [0.00971664663484007, 0.032001985427018646, 0.03277068352766185, 0.06228181856646094, 0.0454849459547367, 0.043226420194180395, 0.03710213898020098, 0.029322255134571165]


----------------------------------------


