config: 
{
    "batch_size": 8,
    "gradient_accumulation_steps": 4,
    "total_round": 6,
    "drop_out": 0.5,
    "num_workers": 2,
    "step1_epochs": 10,
    "step2_epochs": 10,
    "step3_epochs": 10,
    "num_protos": 2,
    "device": "cuda",
    "seed": 100,
    "max_grad_norm": 10,
    "task_length": 8,
    "kl_temp": 2,
    "temp": 0.1,
    "bert_path": "./bert-base-uncased",
    "max_length": 256,
    "vocab_size": 30522,
    "marker_size": 4,
    "pattern": "hybridprompt",
    "template": "[E1] [MASK] [E2]",
    "encoder_output_size": 768,
    "drop_p": 0.1,
    "f_pass": 10,
    "kappa_neg": 0.03,
    "kappa_pos": 0.05,
    "T_mult": 1,
    "rewarm_epoch_num": 2,
    "decay_rate": 0.9,
    "decay_steps": 800,
    "num_of_relation": 41,
    "rel_index": "data/tacred/rel_index.npy",
    "relation_file": "data/tacred/relation_name.txt",
    "rel_cluster_label": "data/tacred/CFRLdata_10_100_10_5/rel_cluster_label_0.npy",
    "training_file": "data/tacred/CFRLdata_10_100_10_5/train_0.txt",
    "valid_file": "data/tacred/CFRLdata_10_100_10_5/valid_0.txt",
    "test_file": "data/tacred/CFRLdata_10_100_10_5/test_0.txt",
    "retain_prev": false,
    "use_entity_marker": true,
    "use_unused": true,
    "prompt_length": 1
}
----------------------------------------
set seed: 100
Shuffle index: [7 0 6 2 5 1 4 3]
round: 0, current_acc: [0.8822393822393823, 0.9223744292237442, 0.3684210526315789, 0.6069651741293532, 0.5364431486880467, 0.8318181818181818, 0.5887445887445888, 0.8586956521739131], history_acc: [0.8822393822393823, 0.8602442333785617, 0.7250293772032902, 0.6511406844106464, 0.5620071684587814, 0.5851393188854489, 0.5666305525460456, 0.55937794533459]
set seed: 200
Shuffle index: [7 6 5 2 1 0 3 4]
round: 1, current_acc: [0.8764478764478765, 0.658008658008658, 0.7625570776255708, 0.7644927536231884, 0.49271137026239065, 0.6929824561403509, 0.6965174129353234, 0.8681818181818182], history_acc: [0.8764478764478765, 0.807743658210948, 0.6973140495867769, 0.6446945337620579, 0.5841209829867675, 0.5308641975308642, 0.5047318611987381, 0.5004712535344015]
set seed: 300
Shuffle index: [7 3 2 5 0 6 4 1]
round: 2, current_acc: [0.8725868725868726, 0.8695652173913043, 0.684931506849315, 0.8136363636363636, 0.47761194029850745, 0.6926406926406926, 0.7456140350877193, 0.597667638483965], history_acc: [0.8725868725868726, 0.8501259445843828, 0.7749259624876604, 0.748580697485807, 0.6889818688981869, 0.633033033033033, 0.6014614952220348, 0.5711592836946278]
set seed: 400
Shuffle index: [7 3 1 6 0 5 2 4]
round: 3, current_acc: [0.8783783783783784, 0.5263157894736842, 0.8727272727272727, 0.9130434782608695, 0.5522388059701493, 0.730593607305936, 0.5306122448979592, 0.5627705627705628], history_acc: [0.8783783783783784, 0.634493670886076, 0.7230046948356808, 0.7606382978723404, 0.6839729119638827, 0.6395348837209303, 0.5621364357482813, 0.5499528746465598]
set seed: 500
Shuffle index: [7 0 2 1 5 4 3 6]
round: 4, current_acc: [0.8745173745173745, 0.6666666666666666, 0.6883116883116883, 0.47230320699708456, 0.8804347826086957, 0.7727272727272727, 0.8264840182648402, 0.5087719298245614], history_acc: [0.8745173745173745, 0.8219749652294854, 0.78, 0.6225831399845321, 0.6080305927342257, 0.6204583566238122, 0.6060756972111554, 0.5424128180961357]
set seed: 600
Shuffle index: [7 1 3 6 4 0 2 5]
round: 5, current_acc: [0.8706563706563707, 0.9456521739130435, 0.43859649122807015, 0.740909090909091, 0.6103896103896104, 0.6255707762557078, 0.5481049562682215, 0.7164179104477612], history_acc: [0.8706563706563707, 0.8387909319899244, 0.7411894273127754, 0.7225177304964538, 0.6688741721854304, 0.6489226869455006, 0.6028110359187923, 0.53440150801131]
>>>>>>>>>>>>>>>current_acc<<<<<<<<<<<<<<<


[0.8706563706563707, 0.9456521739130435, 0.43859649122807015, 0.740909090909091, 0.6103896103896104, 0.6255707762557078, 0.5481049562682215, 0.7164179104477612]


----------------------------------------


>>>>>>>>>>>>>>>history_acc<<<<<<<<<<<<<<<


[0.8706563706563707, 0.8387909319899244, 0.7411894273127754, 0.7225177304964538, 0.6688741721854304, 0.6489226869455006, 0.6028110359187923, 0.53440150801131]


----------------------------------------


>>>>>>>>>>>>>>>all_current_acc<<<<<<<<<<<<<<<


[0.8822393822393823, 0.9223744292237442, 0.3684210526315789, 0.6069651741293532, 0.5364431486880467, 0.8318181818181818, 0.5887445887445888, 0.8586956521739131]
[0.8764478764478765, 0.658008658008658, 0.7625570776255708, 0.7644927536231884, 0.49271137026239065, 0.6929824561403509, 0.6965174129353234, 0.8681818181818182]
[0.8725868725868726, 0.8695652173913043, 0.684931506849315, 0.8136363636363636, 0.47761194029850745, 0.6926406926406926, 0.7456140350877193, 0.597667638483965]
[0.8783783783783784, 0.5263157894736842, 0.8727272727272727, 0.9130434782608695, 0.5522388059701493, 0.730593607305936, 0.5306122448979592, 0.5627705627705628]
[0.8745173745173745, 0.6666666666666666, 0.6883116883116883, 0.47230320699708456, 0.8804347826086957, 0.7727272727272727, 0.8264840182648402, 0.5087719298245614]
[0.8706563706563707, 0.9456521739130435, 0.43859649122807015, 0.740909090909091, 0.6103896103896104, 0.6255707762557078, 0.5481049562682215, 0.7164179104477612]


----------------------------------------


>>>>>>>>>>>>>>>all_current_acc_mean<<<<<<<<<<<<<<<


[0.875804375804376, 0.7647638224461835, 0.6359241815622493, 0.7185583445926583, 0.5916382763695668, 0.7243888311480235, 0.6560128760331086, 0.6854175853137637]


----------------------------------------


>>>>>>>>>>>>>>>all_current_acc_std<<<<<<<<<<<<<<<


all_current_acc_std:  [0.003807001147425743, 0.15621684340588904, 0.17689634653577485, 0.1429268176395237, 0.13610191830678492, 0.0654159540038413, 0.10849259226570396, 0.1404368816346613]


----------------------------------------


>>>>>>>>>>>>>>>all_history_acc<<<<<<<<<<<<<<<


[0.8822393822393823, 0.8602442333785617, 0.7250293772032902, 0.6511406844106464, 0.5620071684587814, 0.5851393188854489, 0.5666305525460456, 0.55937794533459]
[0.8764478764478765, 0.807743658210948, 0.6973140495867769, 0.6446945337620579, 0.5841209829867675, 0.5308641975308642, 0.5047318611987381, 0.5004712535344015]
[0.8725868725868726, 0.8501259445843828, 0.7749259624876604, 0.748580697485807, 0.6889818688981869, 0.633033033033033, 0.6014614952220348, 0.5711592836946278]
[0.8783783783783784, 0.634493670886076, 0.7230046948356808, 0.7606382978723404, 0.6839729119638827, 0.6395348837209303, 0.5621364357482813, 0.5499528746465598]
[0.8745173745173745, 0.8219749652294854, 0.78, 0.6225831399845321, 0.6080305927342257, 0.6204583566238122, 0.6060756972111554, 0.5424128180961357]
[0.8706563706563707, 0.8387909319899244, 0.7411894273127754, 0.7225177304964538, 0.6688741721854304, 0.6489226869455006, 0.6028110359187923, 0.53440150801131]


----------------------------------------


>>>>>>>>>>>>>>>all_history_acc_mean<<<<<<<<<<<<<<<


all_history_acc:  [0.875804375804376, 0.8022289007132297, 0.7402439185710307, 0.6916925140019728, 0.6326646162045458, 0.6096587461232649, 0.5739745129741746, 0.5429626138862708]


----------------------------------------


>>>>>>>>>>>>>>>all_history_acc_std<<<<<<<<<<<<<<<


all_history_acc_std:  [0.003807001147425743, 0.07697631097319178, 0.02931419145122923, 0.05411307160695921, 0.0501183606896111, 0.040634576249997355, 0.035604737348927606, 0.022332672455776803]


----------------------------------------


