True
config: 
{
    "batch_size": 8,
    "gradient_accumulation_steps": 4,
    "total_round": 6,
    "drop_out": 0.5,
    "num_workers": 2,
    "step1_epochs": 10,
    "step2_epochs": 10,
    "step3_epochs": 10,
    "num_protos": 1,
    "device": "cuda",
    "seed": 100,
    "max_grad_norm": 10,
    "task_length": 8,
    "kl_temp": 2,
    "temp": 0.1,
    "bert_path": "./bert-base-uncased",
    "max_length": 256,
    "vocab_size": 30522,
    "marker_size": 4,
    "pattern": "hybrid_prompt",
    "template": "[E1] [MASK] [E2]",
    "encoder_output_size": 768,
    "drop_p": 0.1,
    "f_pass": 10,
    "kappa_neg": 0.03,
    "kappa_pos": 0.05,
    "T_mult": 1,
    "rewarm_epoch_num": 2,
    "decay_rate": 0.9,
    "decay_steps": 800,
    "num_of_relation": 41,
    "rel_index": "data/tacred/rel_index.npy",
    "relation_file": "data/tacred/relation_name.txt",
    "rel_cluster_label": "data/tacred/CFRLdata_10_100_10_5/rel_cluster_label_0.npy",
    "training_file": "data/tacred/CFRLdata_10_100_10_5/train_0.txt",
    "valid_file": "data/tacred/CFRLdata_10_100_10_5/valid_0.txt",
    "test_file": "data/tacred/CFRLdata_10_100_10_5/test_0.txt",
    "retain_prev": true,
    "use_marker": true
}
----------------------------------------
set seed: 100
Shuffle index: [7 0 6 2 5 1 4 3]
round: 0, current_acc: [0.8745173745173745, 0.8767123287671232, 0.3684210526315789, 0.7661691542288557, 0.4839650145772595, 0.8318181818181818, 0.6623376623376623, 0.8260869565217391], history_acc: [0.8745173745173745, 0.8466757123473542, 0.7109283196239718, 0.6625475285171103, 0.5505376344086022, 0.5684210526315789, 0.5482123510292525, 0.5197926484448633]
set seed: 200
Shuffle index: [7 6 5 2 1 0 3 4]
round: 1, current_acc: [0.8648648648648649, 0.6017316017316018, 0.817351598173516, 0.7427536231884058, 0.6268221574344023, 0.5789473684210527, 0.6218905472636815, 0.8363636363636363], history_acc: [0.8648648648648649, 0.787716955941255, 0.7479338842975206, 0.6969453376205788, 0.6137366099558916, 0.5343915343915344, 0.4952681388012618, 0.5113100848256362]
set seed: 300
Shuffle index: [7 3 2 5 0 6 4 1]
round: 2, current_acc: [0.8725868725868726, 0.9166666666666666, 0.7031963470319634, 0.8181818181818182, 0.6318407960199005, 0.6277056277056277, 0.9122807017543859, 0.6209912536443148], history_acc: [0.8725868725868726, 0.8526448362720404, 0.7245804540967423, 0.6934306569343066, 0.6443514644351465, 0.5951951951951951, 0.4957841483979764, 0.46277097078228085]
set seed: 400
Shuffle index: [7 3 1 6 0 5 2 4]
round: 3, current_acc: [0.8822393822393823, 0.3684210526315789, 0.7636363636363637, 0.7572463768115942, 0.6119402985074627, 0.776255707762557, 0.5889212827988338, 0.7012987012987013], history_acc: [0.8822393822393823, 0.7674050632911392, 0.7370892018779343, 0.7322695035460993, 0.6583897667419112, 0.6440568475452196, 0.5700687466948704, 0.556550424128181]
set seed: 500
Shuffle index: [7 0 2 1 5 4 3 6]
round: 4, current_acc: [0.8706563706563707, 0.7611940298507462, 0.7272727272727273, 0.5247813411078717, 0.7898550724637681, 0.8454545454545455, 0.7534246575342466, 0.6403508771929824], history_acc: [0.8706563706563707, 0.8456189151599444, 0.791578947368421, 0.6782675947409126, 0.5793499043977055, 0.5930687534935718, 0.575199203187251, 0.4934024505183789]
set seed: 600
Shuffle index: [7 1 3 6 4 0 2 5]
round: 5, current_acc: [0.8687258687258688, 0.7789855072463768, 0.2807017543859649, 0.85, 0.645021645021645, 0.7945205479452054, 0.6705539358600583, 0.6268656716417911], history_acc: [0.8687258687258688, 0.756926952141058, 0.7147577092511013, 0.6870567375886525, 0.6571008094186902, 0.6128010139416984, 0.5205622071837585, 0.4783223374175306]
>>>>>>>>>>>>>>>current_acc<<<<<<<<<<<<<<<


[0.8687258687258688, 0.7789855072463768, 0.2807017543859649, 0.85, 0.645021645021645, 0.7945205479452054, 0.6705539358600583, 0.6268656716417911]


----------------------------------------


>>>>>>>>>>>>>>>history_acc<<<<<<<<<<<<<<<


[0.8687258687258688, 0.756926952141058, 0.7147577092511013, 0.6870567375886525, 0.6571008094186902, 0.6128010139416984, 0.5205622071837585, 0.4783223374175306]


----------------------------------------


>>>>>>>>>>>>>>>all_current_acc<<<<<<<<<<<<<<<


[0.8745173745173745, 0.8767123287671232, 0.3684210526315789, 0.7661691542288557, 0.4839650145772595, 0.8318181818181818, 0.6623376623376623, 0.8260869565217391]
[0.8648648648648649, 0.6017316017316018, 0.817351598173516, 0.7427536231884058, 0.6268221574344023, 0.5789473684210527, 0.6218905472636815, 0.8363636363636363]
[0.8725868725868726, 0.9166666666666666, 0.7031963470319634, 0.8181818181818182, 0.6318407960199005, 0.6277056277056277, 0.9122807017543859, 0.6209912536443148]
[0.8822393822393823, 0.3684210526315789, 0.7636363636363637, 0.7572463768115942, 0.6119402985074627, 0.776255707762557, 0.5889212827988338, 0.7012987012987013]
[0.8706563706563707, 0.7611940298507462, 0.7272727272727273, 0.5247813411078717, 0.7898550724637681, 0.8454545454545455, 0.7534246575342466, 0.6403508771929824]
[0.8687258687258688, 0.7789855072463768, 0.2807017543859649, 0.85, 0.645021645021645, 0.7945205479452054, 0.6705539358600583, 0.6268656716417911]


----------------------------------------


>>>>>>>>>>>>>>>all_current_acc_mean<<<<<<<<<<<<<<<


[0.8722651222651222, 0.7172851978156823, 0.6100966405220191, 0.7431887189197576, 0.6315741640040731, 0.742450329851195, 0.7015681312581448, 0.7086595161105276]


----------------------------------------


>>>>>>>>>>>>>>>all_current_acc_std<<<<<<<<<<<<<<<


all_current_acc_std:  [0.005393518215649993, 0.18527624388198868, 0.20649250813624154, 0.10445118863715777, 0.08891033222340804, 0.10193965343300268, 0.1069482947888673, 0.09054810422590422]


----------------------------------------


>>>>>>>>>>>>>>>all_history_acc<<<<<<<<<<<<<<<


[0.8745173745173745, 0.8466757123473542, 0.7109283196239718, 0.6625475285171103, 0.5505376344086022, 0.5684210526315789, 0.5482123510292525, 0.5197926484448633]
[0.8648648648648649, 0.787716955941255, 0.7479338842975206, 0.6969453376205788, 0.6137366099558916, 0.5343915343915344, 0.4952681388012618, 0.5113100848256362]
[0.8725868725868726, 0.8526448362720404, 0.7245804540967423, 0.6934306569343066, 0.6443514644351465, 0.5951951951951951, 0.4957841483979764, 0.46277097078228085]
[0.8822393822393823, 0.7674050632911392, 0.7370892018779343, 0.7322695035460993, 0.6583897667419112, 0.6440568475452196, 0.5700687466948704, 0.556550424128181]
[0.8706563706563707, 0.8456189151599444, 0.791578947368421, 0.6782675947409126, 0.5793499043977055, 0.5930687534935718, 0.575199203187251, 0.4934024505183789]
[0.8687258687258688, 0.756926952141058, 0.7147577092511013, 0.6870567375886525, 0.6571008094186902, 0.6128010139416984, 0.5205622071837585, 0.4783223374175306]


----------------------------------------


>>>>>>>>>>>>>>>all_history_acc_mean<<<<<<<<<<<<<<<


all_history_acc:  [0.8722651222651222, 0.8094980725254652, 0.7378114194192819, 0.6917528931579433, 0.6172443648929912, 0.591322399533133, 0.5341824658823952, 0.5036914860194784]


----------------------------------------


>>>>>>>>>>>>>>>all_history_acc_std<<<<<<<<<<<<<<<


all_history_acc_std:  [0.005393518215649993, 0.039913440847416985, 0.02715132288256254, 0.02132382299394988, 0.04064963608277442, 0.034219624676791176, 0.03250974892692659, 0.03037352009235945]


----------------------------------------


