config: 
{
    "batch_size": 8,
    "gradient_accumulation_steps": 4,
    "total_round": 6,
    "drop_out": 0.5,
    "num_workers": 2,
    "step1_epochs": 10,
    "step2_epochs": 10,
    "step3_epochs": 10,
    "num_protos": 3,
    "device": "cuda",
    "seed": 100,
    "max_grad_norm": 10,
    "task_length": 8,
    "kl_temp": 2,
    "temp": 0.1,
    "bert_path": "./bert-base-uncased",
    "max_length": 256,
    "vocab_size": 30522,
    "marker_size": 4,
    "pattern": "hybridprompt",
    "template": "[E1] [MASK] [E2]",
    "encoder_output_size": 768,
    "drop_p": 0.1,
    "f_pass": 10,
    "kappa_neg": 0.03,
    "kappa_pos": 0.05,
    "T_mult": 1,
    "rewarm_epoch_num": 2,
    "decay_rate": 0.9,
    "decay_steps": 800,
    "num_of_relation": 41,
    "rel_index": "data/tacred/rel_index.npy",
    "relation_file": "data/tacred/relation_name.txt",
    "rel_cluster_label": "data/tacred/CFRLdata_10_100_10_5/rel_cluster_label_0.npy",
    "training_file": "data/tacred/CFRLdata_10_100_10_5/train_0.txt",
    "valid_file": "data/tacred/CFRLdata_10_100_10_5/valid_0.txt",
    "test_file": "data/tacred/CFRLdata_10_100_10_5/test_0.txt",
    "retain_prev": false,
    "use_entity_marker": true,
    "use_unused": true,
    "prompt_length": 1
}
----------------------------------------
set seed: 100
Shuffle index: [7 0 6 2 5 1 4 3]
round: 0, current_acc: [0.8822393822393823, 0.8858447488584474, 0.5, 0.6567164179104478, 0.6705539358600583, 0.8136363636363636, 0.6017316017316018, 0.8659420289855072], history_acc: [0.8822393822393823, 0.8561736770691994, 0.7250293772032902, 0.655893536121673, 0.6043010752688172, 0.6185758513931888, 0.6045503791982665, 0.5918944392082941]
set seed: 200
Shuffle index: [7 6 5 2 1 0 3 4]
round: 1, current_acc: [0.8455598455598455, 0.8831168831168831, 0.7945205479452054, 0.7934782608695652, 0.446064139941691, 0.543859649122807, 0.6218905472636815, 0.8909090909090909], history_acc: [0.8455598455598455, 0.7690253671562083, 0.6818181818181818, 0.6430868167202572, 0.575299306868305, 0.5355673133450911, 0.5252365930599369, 0.5273327049952875]
set seed: 300
Shuffle index: [7 3 2 5 0 6 4 1]
round: 2, current_acc: [0.8822393822393823, 0.75, 0.6894977168949772, 0.8181818181818182, 0.4427860696517413, 0.7272727272727273, 0.5, 0.5918367346938775], history_acc: [0.8822393822393823, 0.7758186397984886, 0.7759131293188549, 0.7599351175993512, 0.6750348675034867, 0.6762762762762763, 0.6295671725688589, 0.6116870876531574]
set seed: 400
Shuffle index: [7 3 1 6 0 5 2 4]
round: 3, current_acc: [0.8803088803088803, 0.4649122807017544, 0.85, 0.8188405797101449, 0.48258706467661694, 0.6940639269406392, 0.5160349854227405, 0.658008658008658], history_acc: [0.8803088803088803, 0.7056962025316456, 0.7183098591549296, 0.7313829787234043, 0.6410835214446953, 0.6175710594315246, 0.5515600211528292, 0.556550424128181]
set seed: 500
Shuffle index: [7 0 2 1 5 4 3 6]
round: 4, current_acc: [0.8687258687258688, 0.736318407960199, 0.6666666666666666, 0.5102040816326531, 0.9057971014492754, 0.8590909090909091, 0.6986301369863014, 0.6491228070175439], history_acc: [0.8687258687258688, 0.8247566063977747, 0.7589473684210526, 0.662799690641918, 0.65710643722116, 0.6198993851313583, 0.6075697211155379, 0.5438265786993403]
set seed: 600
Shuffle index: [7 1 3 6 4 0 2 5]
round: 5, current_acc: [0.8861003861003861, 0.9239130434782609, 0.5614035087719298, 0.8227272727272728, 0.70995670995671, 0.8036529680365296, 0.5685131195335277, 0.6417910447761194], history_acc: [0.8861003861003861, 0.8576826196473551, 0.7169603524229075, 0.724290780141844, 0.6740250183958794, 0.6089987325728771, 0.5793857365955232, 0.5607917059377945]
>>>>>>>>>>>>>>>current_acc<<<<<<<<<<<<<<<


[0.8861003861003861, 0.9239130434782609, 0.5614035087719298, 0.8227272727272728, 0.70995670995671, 0.8036529680365296, 0.5685131195335277, 0.6417910447761194]


----------------------------------------


>>>>>>>>>>>>>>>history_acc<<<<<<<<<<<<<<<


[0.8861003861003861, 0.8576826196473551, 0.7169603524229075, 0.724290780141844, 0.6740250183958794, 0.6089987325728771, 0.5793857365955232, 0.5607917059377945]


----------------------------------------


>>>>>>>>>>>>>>>all_current_acc<<<<<<<<<<<<<<<


[0.8822393822393823, 0.8858447488584474, 0.5, 0.6567164179104478, 0.6705539358600583, 0.8136363636363636, 0.6017316017316018, 0.8659420289855072]
[0.8455598455598455, 0.8831168831168831, 0.7945205479452054, 0.7934782608695652, 0.446064139941691, 0.543859649122807, 0.6218905472636815, 0.8909090909090909]
[0.8822393822393823, 0.75, 0.6894977168949772, 0.8181818181818182, 0.4427860696517413, 0.7272727272727273, 0.5, 0.5918367346938775]
[0.8803088803088803, 0.4649122807017544, 0.85, 0.8188405797101449, 0.48258706467661694, 0.6940639269406392, 0.5160349854227405, 0.658008658008658]
[0.8687258687258688, 0.736318407960199, 0.6666666666666666, 0.5102040816326531, 0.9057971014492754, 0.8590909090909091, 0.6986301369863014, 0.6491228070175439]
[0.8861003861003861, 0.9239130434782609, 0.5614035087719298, 0.8227272727272728, 0.70995670995671, 0.8036529680365296, 0.5685131195335277, 0.6417910447761194]


----------------------------------------


>>>>>>>>>>>>>>>all_current_acc_mean<<<<<<<<<<<<<<<


[0.8741956241956242, 0.7740175606859241, 0.6770147400464631, 0.7366914051719836, 0.6096241702560155, 0.740262757349996, 0.5844667318229756, 0.7162683940651328]


----------------------------------------


>>>>>>>>>>>>>>>all_current_acc_std<<<<<<<<<<<<<<<


all_current_acc_std:  [0.01389499541936242, 0.15514551308510696, 0.12158302881524598, 0.116696613837846, 0.16942191985032437, 0.10360130974913175, 0.06683805205982353, 0.11678642194247729]


----------------------------------------


>>>>>>>>>>>>>>>all_history_acc<<<<<<<<<<<<<<<


[0.8822393822393823, 0.8561736770691994, 0.7250293772032902, 0.655893536121673, 0.6043010752688172, 0.6185758513931888, 0.6045503791982665, 0.5918944392082941]
[0.8455598455598455, 0.7690253671562083, 0.6818181818181818, 0.6430868167202572, 0.575299306868305, 0.5355673133450911, 0.5252365930599369, 0.5273327049952875]
[0.8822393822393823, 0.7758186397984886, 0.7759131293188549, 0.7599351175993512, 0.6750348675034867, 0.6762762762762763, 0.6295671725688589, 0.6116870876531574]
[0.8803088803088803, 0.7056962025316456, 0.7183098591549296, 0.7313829787234043, 0.6410835214446953, 0.6175710594315246, 0.5515600211528292, 0.556550424128181]
[0.8687258687258688, 0.8247566063977747, 0.7589473684210526, 0.662799690641918, 0.65710643722116, 0.6198993851313583, 0.6075697211155379, 0.5438265786993403]
[0.8861003861003861, 0.8576826196473551, 0.7169603524229075, 0.724290780141844, 0.6740250183958794, 0.6089987325728771, 0.5793857365955232, 0.5607917059377945]


----------------------------------------


>>>>>>>>>>>>>>>all_history_acc_mean<<<<<<<<<<<<<<<


all_history_acc:  [0.8741956241956242, 0.7981921854334453, 0.729496378056536, 0.6962314866580747, 0.6378083711170572, 0.6128147696917193, 0.5829782706151587, 0.5653471567703424]


----------------------------------------


>>>>>>>>>>>>>>>all_history_acc_std<<<<<<<<<<<<<<<


all_history_acc_std:  [0.01389499541936242, 0.054026874920579344, 0.03054322147435155, 0.04406490501043554, 0.03676665501662825, 0.04105910089875718, 0.03553105477029002, 0.02845615299836443]


----------------------------------------


