False
config: 
{
    "batch_size": 8,
    "gradient_accumulation_steps": 4,
    "total_round": 6,
    "drop_out": 0.5,
    "num_workers": 2,
    "step1_epochs": 10,
    "step2_epochs": 10,
    "step3_epochs": 10,
    "num_protos": 1,
    "device": "cuda",
    "seed": 100,
    "max_grad_norm": 10,
    "task_length": 8,
    "kl_temp": 2,
    "temp": 0.1,
    "bert_path": "./bert-base-uncased",
    "max_length": 256,
    "vocab_size": 30522,
    "marker_size": 4,
    "pattern": "hybrid_prompt",
    "template": "[E1] [MASK] [E2]",
    "encoder_output_size": 768,
    "drop_p": 0.1,
    "f_pass": 10,
    "kappa_neg": 0.03,
    "kappa_pos": 0.05,
    "T_mult": 1,
    "rewarm_epoch_num": 2,
    "decay_rate": 0.9,
    "decay_steps": 800,
    "num_of_relation": 41,
    "rel_index": "data/tacred/rel_index.npy",
    "relation_file": "data/tacred/relation_name.txt",
    "rel_cluster_label": "data/tacred/CFRLdata_10_100_10_5/rel_cluster_label_0.npy",
    "training_file": "data/tacred/CFRLdata_10_100_10_5/train_0.txt",
    "valid_file": "data/tacred/CFRLdata_10_100_10_5/valid_0.txt",
    "test_file": "data/tacred/CFRLdata_10_100_10_5/test_0.txt",
    "retain_prev": false,
    "use_marker": true
}
----------------------------------------
set seed: 100
Shuffle index: [7 0 6 2 5 1 4 3]
round: 0, current_acc: [0.8745173745173745, 0.8447488584474886, 0.3684210526315789, 0.7562189054726368, 0.6501457725947521, 0.8227272727272728, 0.5670995670995671, 0.75], history_acc: [0.8745173745173745, 0.864314789687924, 0.7520564042303173, 0.6777566539923955, 0.6121863799283154, 0.6130030959752322, 0.6088840736728061, 0.5763430725730443]
set seed: 200
Shuffle index: [7 6 5 2 1 0 3 4]
round: 1, current_acc: [0.8648648648648649, 0.48484848484848486, 0.726027397260274, 0.6340579710144928, 0.5830903790087464, 0.2807017543859649, 0.6567164179104478, 0.8045454545454546], history_acc: [0.8648648648648649, 0.753004005340454, 0.7262396694214877, 0.6631832797427653, 0.610586011342155, 0.5496766607877719, 0.5157728706624606, 0.5245051837888784]
set seed: 300
Shuffle index: [7 3 2 5 0 6 4 1]
round: 2, current_acc: [0.8725868725868726, 0.8405797101449275, 0.6986301369863014, 0.7318181818181818, 0.681592039800995, 0.46320346320346323, 0.5526315789473685, 0.5510204081632653], history_acc: [0.8725868725868726, 0.8551637279596978, 0.7245804540967423, 0.7015409570154095, 0.6715481171548117, 0.6096096096096096, 0.5744800449690838, 0.5386427898209236]
set seed: 400
Shuffle index: [7 3 1 6 0 5 2 4]
round: 3, current_acc: [0.8822393822393823, 0.2894736842105263, 0.6227272727272727, 0.7934782608695652, 0.417910447761194, 0.7168949771689498, 0.6209912536443148, 0.5757575757575758], history_acc: [0.8822393822393823, 0.7626582278481012, 0.6654929577464789, 0.7180851063829787, 0.6448457486832204, 0.6304909560723514, 0.5875198307773665, 0.5838831291234684]
set seed: 500
Shuffle index: [7 0 2 1 5 4 3 6]
round: 4, current_acc: [0.8706563706563707, 0.4975124378109453, 0.7142857142857143, 0.4606413994169096, 0.8514492753623188, 0.8181818181818182, 0.680365296803653, 0.8157894736842105], history_acc: [0.8706563706563707, 0.7691237830319889, 0.7736842105263158, 0.6488785769528229, 0.6003824091778203, 0.6014533258803801, 0.5527888446215139, 0.525918944392083]
set seed: 600
Shuffle index: [7 1 3 6 4 0 2 5]
round: 5, current_acc: [0.8687258687258688, 0.8659420289855072, 0.2631578947368421, 0.8090909090909091, 0.7402597402597403, 0.5753424657534246, 0.5510204081632653, 0.7313432835820896], history_acc: [0.8687258687258688, 0.818639798488665, 0.762114537444934, 0.6604609929078015, 0.6482707873436351, 0.5937896070975919, 0.5491931285788652, 0.5207351555136663]
>>>>>>>>>>>>>>>current_acc<<<<<<<<<<<<<<<


[0.8687258687258688, 0.8659420289855072, 0.2631578947368421, 0.8090909090909091, 0.7402597402597403, 0.5753424657534246, 0.5510204081632653, 0.7313432835820896]


----------------------------------------


>>>>>>>>>>>>>>>history_acc<<<<<<<<<<<<<<<


[0.8687258687258688, 0.818639798488665, 0.762114537444934, 0.6604609929078015, 0.6482707873436351, 0.5937896070975919, 0.5491931285788652, 0.5207351555136663]


----------------------------------------


>>>>>>>>>>>>>>>all_current_acc<<<<<<<<<<<<<<<


[0.8745173745173745, 0.8447488584474886, 0.3684210526315789, 0.7562189054726368, 0.6501457725947521, 0.8227272727272728, 0.5670995670995671, 0.75]
[0.8648648648648649, 0.48484848484848486, 0.726027397260274, 0.6340579710144928, 0.5830903790087464, 0.2807017543859649, 0.6567164179104478, 0.8045454545454546]
[0.8725868725868726, 0.8405797101449275, 0.6986301369863014, 0.7318181818181818, 0.681592039800995, 0.46320346320346323, 0.5526315789473685, 0.5510204081632653]
[0.8822393822393823, 0.2894736842105263, 0.6227272727272727, 0.7934782608695652, 0.417910447761194, 0.7168949771689498, 0.6209912536443148, 0.5757575757575758]
[0.8706563706563707, 0.4975124378109453, 0.7142857142857143, 0.4606413994169096, 0.8514492753623188, 0.8181818181818182, 0.680365296803653, 0.8157894736842105]
[0.8687258687258688, 0.8659420289855072, 0.2631578947368421, 0.8090909090909091, 0.7402597402597403, 0.5753424657534246, 0.5510204081632653, 0.7313432835820896]


----------------------------------------


>>>>>>>>>>>>>>>all_current_acc_mean<<<<<<<<<<<<<<<


[0.8722651222651222, 0.6371842007413134, 0.5655415781046639, 0.697550937947116, 0.6540746091312911, 0.6128419585701489, 0.6048040870947694, 0.704742699288766]


----------------------------------------


>>>>>>>>>>>>>>>all_current_acc_std<<<<<<<<<<<<<<<


all_current_acc_std:  [0.005393518215649993, 0.2237557967070357, 0.18218839969604342, 0.12001171967660994, 0.13414516545292893, 0.1962814052223345, 0.05115775669136171, 0.104335592595961]


----------------------------------------


>>>>>>>>>>>>>>>all_history_acc<<<<<<<<<<<<<<<


[0.8745173745173745, 0.864314789687924, 0.7520564042303173, 0.6777566539923955, 0.6121863799283154, 0.6130030959752322, 0.6088840736728061, 0.5763430725730443]
[0.8648648648648649, 0.753004005340454, 0.7262396694214877, 0.6631832797427653, 0.610586011342155, 0.5496766607877719, 0.5157728706624606, 0.5245051837888784]
[0.8725868725868726, 0.8551637279596978, 0.7245804540967423, 0.7015409570154095, 0.6715481171548117, 0.6096096096096096, 0.5744800449690838, 0.5386427898209236]
[0.8822393822393823, 0.7626582278481012, 0.6654929577464789, 0.7180851063829787, 0.6448457486832204, 0.6304909560723514, 0.5875198307773665, 0.5838831291234684]
[0.8706563706563707, 0.7691237830319889, 0.7736842105263158, 0.6488785769528229, 0.6003824091778203, 0.6014533258803801, 0.5527888446215139, 0.525918944392083]
[0.8687258687258688, 0.818639798488665, 0.762114537444934, 0.6604609929078015, 0.6482707873436351, 0.5937896070975919, 0.5491931285788652, 0.5207351555136663]


----------------------------------------


>>>>>>>>>>>>>>>all_history_acc_mean<<<<<<<<<<<<<<<


all_history_acc:  [0.8722651222651222, 0.8038173887261384, 0.734028038911046, 0.678317594499029, 0.6313032422716596, 0.5996705425704896, 0.5647731322136826, 0.5450047125353441]


----------------------------------------


>>>>>>>>>>>>>>>all_history_acc_std<<<<<<<<<<<<<<<


all_history_acc_std:  [0.005393518215649993, 0.04471354872655653, 0.035434113063360445, 0.024275006625040688, 0.02530383048240956, 0.025045265209199873, 0.029846264148240247, 0.025519948959426764]


----------------------------------------


