config: 
{
    "batch_size": 8,
    "gradient_accumulation_steps": 4,
    "total_round": 6,
    "drop_out": 0.5,
    "num_workers": 2,
    "step1_epochs": 10,
    "step2_epochs": 10,
    "step3_epochs": 10,
    "num_protos": 1,
    "device": "cuda",
    "seed": 100,
    "max_grad_norm": 10,
    "task_length": 8,
    "kl_temp": 2,
    "temp": 0.1,
    "bert_path": "./bert-base-uncased",
    "max_length": 256,
    "vocab_size": 30522,
    "marker_size": 4,
    "pattern": "softprompt",
    "template": "[E1] [MASK] [E2]",
    "encoder_output_size": 768,
    "drop_p": 0.1,
    "f_pass": 10,
    "kappa_neg": 0.03,
    "kappa_pos": 0.05,
    "T_mult": 1,
    "rewarm_epoch_num": 2,
    "decay_rate": 0.9,
    "decay_steps": 800,
    "num_of_relation": 41,
    "rel_index": "data/tacred/rel_index.npy",
    "relation_file": "data/tacred/relation_name.txt",
    "rel_cluster_label": "data/tacred/CFRLdata_10_100_10_5/rel_cluster_label_0.npy",
    "training_file": "data/tacred/CFRLdata_10_100_10_5/train_0.txt",
    "valid_file": "data/tacred/CFRLdata_10_100_10_5/valid_0.txt",
    "test_file": "data/tacred/CFRLdata_10_100_10_5/test_0.txt",
    "retain_prev": false,
    "use_entity_marker": true,
    "use_unused": false,
    "prompt_length": 1
}
----------------------------------------
set seed: 100
Shuffle index: [7 0 6 2 5 1 4 3]
round: 0, current_acc: [0.8648648648648649, 0.5159817351598174, 0.24561403508771928, 0.527363184079602, 0.5102040816326531, 0.5272727272727272, 0.5887445887445888, 0.8007246376811594], history_acc: [0.8648648648648649, 0.7408412483039348, 0.690951821386604, 0.5998098859315589, 0.5519713261648745, 0.5219814241486068, 0.5173347778981582, 0.5164938737040528]
set seed: 200
Shuffle index: [7 6 5 2 1 0 3 4]
round: 1, current_acc: [0.8841698841698842, 0.48917748917748916, 0.2557077625570776, 0.6739130434782609, 0.45481049562682213, 0.6403508771929824, 0.6069651741293532, 0.7772727272727272], history_acc: [0.8841698841698842, 0.7543391188251002, 0.6704545454545454, 0.569935691318328, 0.49968494013862635, 0.48206937095825986, 0.41692954784437436, 0.45098963242224316]
set seed: 300
Shuffle index: [7 3 2 5 0 6 4 1]
round: 2, current_acc: [0.8011583011583011, 0.5036231884057971, 0.365296803652968, 0.25, 0.5174129353233831, 0.4069264069264069, 0.5964912280701754, 0.565597667638484], history_acc: [0.8011583011583011, 0.610831234256927, 0.5409674234945706, 0.48580697485806973, 0.4246861924686193, 0.44084084084084085, 0.4238336143901068, 0.3784165881244109]
set seed: 400
Shuffle index: [7 3 1 6 0 5 2 4]
round: 3, current_acc: [0.8745173745173745, 0.16666666666666666, 0.6227272727272727, 0.6304347826086957, 0.5522388059701493, 0.319634703196347, 0.46647230320699706, 0.5194805194805194], history_acc: [0.8745173745173745, 0.7183544303797469, 0.6983568075117371, 0.6773049645390071, 0.6087283671933785, 0.5697674418604651, 0.523532522474881, 0.4538171536286522]
set seed: 500
Shuffle index: [7 0 2 1 5 4 3 6]
round: 4, current_acc: [0.8764478764478765, 0.7313432835820896, 0.4675324675324675, 0.26822157434402333, 0.7355072463768116, 0.7909090909090909, 0.4018264840182648, 0.7543859649122807], history_acc: [0.8764478764478765, 0.8289290681502086, 0.6884210526315789, 0.5560711523588554, 0.5544933078393881, 0.5544997205142538, 0.5074701195219123, 0.4632422243166824]
set seed: 600
Shuffle index: [7 1 3 6 4 0 2 5]
round: 5, current_acc: [0.8667953667953668, 0.8188405797101449, 0.19298245614035087, 0.5818181818181818, 0.5151515151515151, 0.6438356164383562, 0.5276967930029155, 0.5472636815920398], history_acc: [0.8667953667953668, 0.8073047858942065, 0.7224669603524229, 0.6063829787234043, 0.6114790286975718, 0.5868187579214195, 0.540864133263925, 0.5032987747408105]
>>>>>>>>>>>>>>>current_acc<<<<<<<<<<<<<<<


[0.8667953667953668, 0.8188405797101449, 0.19298245614035087, 0.5818181818181818, 0.5151515151515151, 0.6438356164383562, 0.5276967930029155, 0.5472636815920398]


----------------------------------------


>>>>>>>>>>>>>>>history_acc<<<<<<<<<<<<<<<


[0.8667953667953668, 0.8073047858942065, 0.7224669603524229, 0.6063829787234043, 0.6114790286975718, 0.5868187579214195, 0.540864133263925, 0.5032987747408105]


----------------------------------------


>>>>>>>>>>>>>>>all_current_acc<<<<<<<<<<<<<<<


[0.8648648648648649, 0.5159817351598174, 0.24561403508771928, 0.527363184079602, 0.5102040816326531, 0.5272727272727272, 0.5887445887445888, 0.8007246376811594]
[0.8841698841698842, 0.48917748917748916, 0.2557077625570776, 0.6739130434782609, 0.45481049562682213, 0.6403508771929824, 0.6069651741293532, 0.7772727272727272]
[0.8011583011583011, 0.5036231884057971, 0.365296803652968, 0.25, 0.5174129353233831, 0.4069264069264069, 0.5964912280701754, 0.565597667638484]
[0.8745173745173745, 0.16666666666666666, 0.6227272727272727, 0.6304347826086957, 0.5522388059701493, 0.319634703196347, 0.46647230320699706, 0.5194805194805194]
[0.8764478764478765, 0.7313432835820896, 0.4675324675324675, 0.26822157434402333, 0.7355072463768116, 0.7909090909090909, 0.4018264840182648, 0.7543859649122807]
[0.8667953667953668, 0.8188405797101449, 0.19298245614035087, 0.5818181818181818, 0.5151515151515151, 0.6438356164383562, 0.5276967930029155, 0.5472636815920398]


----------------------------------------


>>>>>>>>>>>>>>>all_current_acc_mean<<<<<<<<<<<<<<<


[0.8613256113256114, 0.5376054904503341, 0.3583101329496427, 0.48862512772146066, 0.5475541800135557, 0.5548215703226518, 0.5313660951953826, 0.6607875330962018]


----------------------------------------


>>>>>>>>>>>>>>>all_current_acc_std<<<<<<<<<<<<<<<


all_current_acc_std:  [0.02764994295835758, 0.2074410654703886, 0.14857975038681917, 0.16839776829899944, 0.08879109287162706, 0.15754410001347652, 0.07555789620188702, 0.11820061166196326]


----------------------------------------


>>>>>>>>>>>>>>>all_history_acc<<<<<<<<<<<<<<<


[0.8648648648648649, 0.7408412483039348, 0.690951821386604, 0.5998098859315589, 0.5519713261648745, 0.5219814241486068, 0.5173347778981582, 0.5164938737040528]
[0.8841698841698842, 0.7543391188251002, 0.6704545454545454, 0.569935691318328, 0.49968494013862635, 0.48206937095825986, 0.41692954784437436, 0.45098963242224316]
[0.8011583011583011, 0.610831234256927, 0.5409674234945706, 0.48580697485806973, 0.4246861924686193, 0.44084084084084085, 0.4238336143901068, 0.3784165881244109]
[0.8745173745173745, 0.7183544303797469, 0.6983568075117371, 0.6773049645390071, 0.6087283671933785, 0.5697674418604651, 0.523532522474881, 0.4538171536286522]
[0.8764478764478765, 0.8289290681502086, 0.6884210526315789, 0.5560711523588554, 0.5544933078393881, 0.5544997205142538, 0.5074701195219123, 0.4632422243166824]
[0.8667953667953668, 0.8073047858942065, 0.7224669603524229, 0.6063829787234043, 0.6114790286975718, 0.5868187579214195, 0.540864133263925, 0.5032987747408105]


----------------------------------------


>>>>>>>>>>>>>>>all_history_acc_mean<<<<<<<<<<<<<<<


all_history_acc:  [0.8613256113256114, 0.7434333143016874, 0.6686031018052433, 0.5825519412882039, 0.5418405270837431, 0.5259962593739743, 0.48832745256555965, 0.461043041156142]


----------------------------------------


>>>>>>>>>>>>>>>all_history_acc_std<<<<<<<<<<<<<<<


all_history_acc_std:  [0.02764994295835758, 0.07038821662623146, 0.05912290718516333, 0.057827157531315065, 0.06466382507789001, 0.051030833450835845, 0.04909935903935373, 0.04443270844011229]


----------------------------------------


