config: 
{
    "batch_size": 8,
    "gradient_accumulation_steps": 4,
    "total_round": 6,
    "drop_out": 0.5,
    "num_workers": 2,
    "step1_epochs": 10,
    "step2_epochs": 10,
    "step3_epochs": 10,
    "num_protos": 1,
    "device": "cuda",
    "seed": 100,
    "max_grad_norm": 10,
    "task_length": 8,
    "kl_temp": 2,
    "temp": 0.1,
    "bert_path": "./bert-base-uncased",
    "max_length": 256,
    "vocab_size": 30522,
    "marker_size": 4,
    "pattern": "softprompt",
    "template": "[E1] [MASK] [E2]",
    "encoder_output_size": 768,
    "drop_p": 0.1,
    "f_pass": 10,
    "kappa_neg": 0.03,
    "kappa_pos": 0.05,
    "T_mult": 1,
    "rewarm_epoch_num": 2,
    "decay_rate": 0.9,
    "decay_steps": 800,
    "num_of_relation": 41,
    "rel_index": "data/tacred/rel_index.npy",
    "relation_file": "data/tacred/relation_name.txt",
    "rel_cluster_label": "data/tacred/CFRLdata_10_100_10_5/rel_cluster_label_0.npy",
    "training_file": "data/tacred/CFRLdata_10_100_10_5/train_0.txt",
    "valid_file": "data/tacred/CFRLdata_10_100_10_5/valid_0.txt",
    "test_file": "data/tacred/CFRLdata_10_100_10_5/test_0.txt",
    "retain_prev": false,
    "use_entity_marker": true,
    "use_unused": true,
    "prompt_length": 1
}
----------------------------------------
set seed: 100
Shuffle index: [7 0 6 2 5 1 4 3]
round: 0, current_acc: [0.8397683397683398, 0.4931506849315068, 0.41228070175438597, 0.48258706467661694, 0.40233236151603496, 0.6590909090909091, 0.5021645021645021, 0.7463768115942029], history_acc: [0.8397683397683398, 0.7001356852103121, 0.6051703877790834, 0.5513307984790875, 0.4652329749103943, 0.46439628482972134, 0.45557963163596965, 0.45193213949104616]
set seed: 200
Shuffle index: [7 6 5 2 1 0 3 4]
round: 1, current_acc: [0.7934362934362934, 0.5108225108225108, 0.2602739726027397, 0.5072463768115942, 0.3294460641399417, 0.3508771929824561, 0.4427860696517413, 0.4818181818181818], history_acc: [0.7934362934362934, 0.6021361815754339, 0.48760330578512395, 0.4509646302250804, 0.39004410838059234, 0.34156378600823045, 0.3243953732912723, 0.3242224316682375]
set seed: 300
Shuffle index: [7 3 2 5 0 6 4 1]
round: 2, current_acc: [0.8281853281853282, 0.6739130434782609, 0.3059360730593607, 0.6272727272727273, 0.43283582089552236, 0.2987012987012987, 0.6754385964912281, 0.5801749271137027], history_acc: [0.8281853281853282, 0.716624685138539, 0.5597235932872655, 0.583941605839416, 0.5536959553695955, 0.4804804804804805, 0.4761101742551995, 0.4203581526861451]
set seed: 400
Shuffle index: [7 3 1 6 0 5 2 4]
round: 3, current_acc: [0.7992277992277992, 0.17543859649122806, 0.43636363636363634, 0.717391304347826, 0.48756218905472637, 0.3059360730593607, 0.42565597667638483, 0.5281385281385281], history_acc: [0.7992277992277992, 0.5933544303797469, 0.5223004694835681, 0.549645390070922, 0.5357411587659895, 0.479328165374677, 0.4378635642517187, 0.4189443920829406]
set seed: 500
Shuffle index: [7 0 2 1 5 4 3 6]
round: 4, current_acc: [0.8301158301158301, 0.48756218905472637, 0.5411255411255411, 0.40816326530612246, 0.7463768115942029, 0.6772727272727272, 0.3333333333333333, 0.4473684210526316], history_acc: [0.8301158301158301, 0.6995827538247567, 0.6178947368421053, 0.5127610208816705, 0.5239005736137667, 0.5321408608160983, 0.4770916334661355, 0.3996229971724788]
set seed: 600
Shuffle index: [7 1 3 6 4 0 2 5]
round: 5, current_acc: [0.8513513513513513, 0.48188405797101447, 0.3157894736842105, 0.41818181818181815, 0.5324675324675324, 0.4840182648401826, 0.5306122448979592, 0.6218905472636815], history_acc: [0.8513513513513513, 0.6586901763224181, 0.6310572687224669, 0.5301418439716312, 0.48491537895511405, 0.42902408111533585, 0.3935450286309214, 0.3868991517436381]
>>>>>>>>>>>>>>>current_acc<<<<<<<<<<<<<<<


[0.8513513513513513, 0.48188405797101447, 0.3157894736842105, 0.41818181818181815, 0.5324675324675324, 0.4840182648401826, 0.5306122448979592, 0.6218905472636815]


----------------------------------------


>>>>>>>>>>>>>>>history_acc<<<<<<<<<<<<<<<


[0.8513513513513513, 0.6586901763224181, 0.6310572687224669, 0.5301418439716312, 0.48491537895511405, 0.42902408111533585, 0.3935450286309214, 0.3868991517436381]


----------------------------------------


>>>>>>>>>>>>>>>all_current_acc<<<<<<<<<<<<<<<


[0.8397683397683398, 0.4931506849315068, 0.41228070175438597, 0.48258706467661694, 0.40233236151603496, 0.6590909090909091, 0.5021645021645021, 0.7463768115942029]
[0.7934362934362934, 0.5108225108225108, 0.2602739726027397, 0.5072463768115942, 0.3294460641399417, 0.3508771929824561, 0.4427860696517413, 0.4818181818181818]
[0.8281853281853282, 0.6739130434782609, 0.3059360730593607, 0.6272727272727273, 0.43283582089552236, 0.2987012987012987, 0.6754385964912281, 0.5801749271137027]
[0.7992277992277992, 0.17543859649122806, 0.43636363636363634, 0.717391304347826, 0.48756218905472637, 0.3059360730593607, 0.42565597667638483, 0.5281385281385281]
[0.8301158301158301, 0.48756218905472637, 0.5411255411255411, 0.40816326530612246, 0.7463768115942029, 0.6772727272727272, 0.3333333333333333, 0.4473684210526316]
[0.8513513513513513, 0.48188405797101447, 0.3157894736842105, 0.41818181818181815, 0.5324675324675324, 0.4840182648401826, 0.5306122448979592, 0.6218905472636815]


----------------------------------------


>>>>>>>>>>>>>>>all_current_acc_mean<<<<<<<<<<<<<<<


[0.8236808236808238, 0.47046184712487465, 0.3786282330983124, 0.5268070927661175, 0.48850346327799343, 0.4626494109911557, 0.48499845386919155, 0.5676279028301547]


----------------------------------------


>>>>>>>>>>>>>>>all_current_acc_std<<<<<<<<<<<<<<<


all_current_acc_std:  [0.020812048428309183, 0.14775980669199162, 0.09496651282271333, 0.11152692200151974, 0.13181805045625897, 0.15760718073209354, 0.10563179984885505, 0.09868983118396414]


----------------------------------------


>>>>>>>>>>>>>>>all_history_acc<<<<<<<<<<<<<<<


[0.8397683397683398, 0.7001356852103121, 0.6051703877790834, 0.5513307984790875, 0.4652329749103943, 0.46439628482972134, 0.45557963163596965, 0.45193213949104616]
[0.7934362934362934, 0.6021361815754339, 0.48760330578512395, 0.4509646302250804, 0.39004410838059234, 0.34156378600823045, 0.3243953732912723, 0.3242224316682375]
[0.8281853281853282, 0.716624685138539, 0.5597235932872655, 0.583941605839416, 0.5536959553695955, 0.4804804804804805, 0.4761101742551995, 0.4203581526861451]
[0.7992277992277992, 0.5933544303797469, 0.5223004694835681, 0.549645390070922, 0.5357411587659895, 0.479328165374677, 0.4378635642517187, 0.4189443920829406]
[0.8301158301158301, 0.6995827538247567, 0.6178947368421053, 0.5127610208816705, 0.5239005736137667, 0.5321408608160983, 0.4770916334661355, 0.3996229971724788]
[0.8513513513513513, 0.6586901763224181, 0.6310572687224669, 0.5301418439716312, 0.48491537895511405, 0.42902408111533585, 0.3935450286309214, 0.3868991517436381]


----------------------------------------


>>>>>>>>>>>>>>>all_history_acc_mean<<<<<<<<<<<<<<<


all_history_acc:  [0.8236808236808238, 0.6617539854085345, 0.5706249603166023, 0.5297975482446345, 0.49225502499924206, 0.4544889431040906, 0.42743090092186947, 0.40032987747408105]


----------------------------------------


>>>>>>>>>>>>>>>all_history_acc_std<<<<<<<<<<<<<<<


all_history_acc_std:  [0.020812048428309183, 0.04857491272347047, 0.05232363004915103, 0.041420983875451144, 0.05461777118141152, 0.05890822385124131, 0.05400867802044575, 0.03954670822343653]


----------------------------------------


