False
config: 
{
    "batch_size": 8,
    "gradient_accumulation_steps": 4,
    "total_round": 6,
    "drop_out": 0.5,
    "num_workers": 2,
    "step1_epochs": 10,
    "step2_epochs": 10,
    "step3_epochs": 10,
    "num_protos": 1,
    "device": "cuda",
    "seed": 100,
    "max_grad_norm": 10,
    "task_length": 8,
    "kl_temp": 2,
    "temp": 0.1,
    "bert_path": "./bert-base-uncased",
    "max_length": 256,
    "vocab_size": 30522,
    "marker_size": 4,
    "pattern": "soft_prompt",
    "template": "[E1] [MASK] [E2]",
    "encoder_output_size": 768,
    "drop_p": 0.1,
    "f_pass": 10,
    "kappa_neg": 0.03,
    "kappa_pos": 0.05,
    "T_mult": 1,
    "rewarm_epoch_num": 2,
    "decay_rate": 0.9,
    "decay_steps": 800,
    "num_of_relation": 41,
    "rel_index": "data/tacred/rel_index.npy",
    "relation_file": "data/tacred/relation_name.txt",
    "rel_cluster_label": "data/tacred/CFRLdata_10_100_10_5/rel_cluster_label_0.npy",
    "training_file": "data/tacred/CFRLdata_10_100_10_5/train_0.txt",
    "valid_file": "data/tacred/CFRLdata_10_100_10_5/valid_0.txt",
    "test_file": "data/tacred/CFRLdata_10_100_10_5/test_0.txt",
    "retain_prev": false,
    "use_marker": true
}
----------------------------------------
set seed: 100
Shuffle index: [7 0 6 2 5 1 4 3]
round: 0, current_acc: [0.888030888030888, 0.4794520547945205, 0.30701754385964913, 0.5373134328358209, 0.5539358600583091, 0.8, 0.6060606060606061, 0.7391304347826086], history_acc: [0.888030888030888, 0.7109905020352781, 0.6415981198589894, 0.5807984790874525, 0.5390681003584229, 0.5801857585139318, 0.5520043336944745, 0.5226201696512723]
set seed: 200
Shuffle index: [7 6 5 2 1 0 3 4]
round: 1, current_acc: [0.8725868725868726, 0.48917748917748916, 0.5068493150684932, 0.644927536231884, 0.5539358600583091, 0.43859649122807015, 0.6268656716417911, 0.7636363636363637], history_acc: [0.8725868725868726, 0.7489986648865153, 0.637396694214876, 0.6342443729903537, 0.5286704473850031, 0.4732510288065844, 0.44952681388012616, 0.413760603204524]
set seed: 300
Shuffle index: [7 3 2 5 0 6 4 1]
round: 2, current_acc: [0.8745173745173745, 0.7681159420289855, 0.3561643835616438, 0.5772727272727273, 0.40298507462686567, 0.42424242424242425, 0.8771929824561403, 0.4868804664723032], history_acc: [0.8745173745173745, 0.7707808564231738, 0.6949654491609082, 0.6666666666666666, 0.5683403068340307, 0.5513513513513514, 0.4749859471613266, 0.39066918001885015]
set seed: 400
Shuffle index: [7 3 1 6 0 5 2 4]
round: 3, current_acc: [0.8648648648648649, 0.20175438596491227, 0.6363636363636364, 0.5869565217391305, 0.5771144278606966, 0.410958904109589, 0.5393586005830904, 0.5108225108225108], history_acc: [0.8648648648648649, 0.7215189873417721, 0.6830985915492958, 0.6604609929078015, 0.563581640331076, 0.5180878552971576, 0.506081438392385, 0.4825636192271442]
set seed: 500
Shuffle index: [7 0 2 1 5 4 3 6]
round: 4, current_acc: [0.8822393822393823, 0.6069651741293532, 0.5151515151515151, 0.49271137026239065, 0.8115942028985508, 0.7181818181818181, 0.4794520547945205, 0.7456140350877193], history_acc: [0.8822393822393823, 0.7955493741307371, 0.7010526315789474, 0.6519721577726219, 0.5940089228808159, 0.5908328675237563, 0.523406374501992, 0.46748350612629597]
set seed: 600
Shuffle index: [7 1 3 6 4 0 2 5]
round: 5, current_acc: [0.8687258687258688, 0.782608695652174, 0.17543859649122806, 0.35, 0.6190476190476191, 0.2694063926940639, 0.40233236151603496, 0.4527363184079602], history_acc: [0.8687258687258688, 0.7619647355163728, 0.6398678414096917, 0.5212765957446809, 0.5268579838116262, 0.4797211660329531, 0.4398750650702759, 0.42082940622054665]
>>>>>>>>>>>>>>>current_acc<<<<<<<<<<<<<<<


[0.8687258687258688, 0.782608695652174, 0.17543859649122806, 0.35, 0.6190476190476191, 0.2694063926940639, 0.40233236151603496, 0.4527363184079602]


----------------------------------------


>>>>>>>>>>>>>>>history_acc<<<<<<<<<<<<<<<


[0.8687258687258688, 0.7619647355163728, 0.6398678414096917, 0.5212765957446809, 0.5268579838116262, 0.4797211660329531, 0.4398750650702759, 0.42082940622054665]


----------------------------------------


>>>>>>>>>>>>>>>all_current_acc<<<<<<<<<<<<<<<


[0.888030888030888, 0.4794520547945205, 0.30701754385964913, 0.5373134328358209, 0.5539358600583091, 0.8, 0.6060606060606061, 0.7391304347826086]
[0.8725868725868726, 0.48917748917748916, 0.5068493150684932, 0.644927536231884, 0.5539358600583091, 0.43859649122807015, 0.6268656716417911, 0.7636363636363637]
[0.8745173745173745, 0.7681159420289855, 0.3561643835616438, 0.5772727272727273, 0.40298507462686567, 0.42424242424242425, 0.8771929824561403, 0.4868804664723032]
[0.8648648648648649, 0.20175438596491227, 0.6363636363636364, 0.5869565217391305, 0.5771144278606966, 0.410958904109589, 0.5393586005830904, 0.5108225108225108]
[0.8822393822393823, 0.6069651741293532, 0.5151515151515151, 0.49271137026239065, 0.8115942028985508, 0.7181818181818181, 0.4794520547945205, 0.7456140350877193]
[0.8687258687258688, 0.782608695652174, 0.17543859649122806, 0.35, 0.6190476190476191, 0.2694063926940639, 0.40233236151603496, 0.4527363184079602]


----------------------------------------


>>>>>>>>>>>>>>>all_current_acc_mean<<<<<<<<<<<<<<<


[0.8751608751608752, 0.5546789569579057, 0.4161641650826943, 0.5315302647236588, 0.5864355074250583, 0.5102310050759943, 0.5885437128420306, 0.6164700215349109]


----------------------------------------


>>>>>>>>>>>>>>>all_current_acc_std<<<<<<<<<<<<<<<


all_current_acc_std:  [0.007854926393651016, 0.19779890578760645, 0.15273716920179467, 0.09355655388013398, 0.12083969129099838, 0.1860047466499322, 0.14949283561939977, 0.13425427386298328]


----------------------------------------


>>>>>>>>>>>>>>>all_history_acc<<<<<<<<<<<<<<<


[0.888030888030888, 0.7109905020352781, 0.6415981198589894, 0.5807984790874525, 0.5390681003584229, 0.5801857585139318, 0.5520043336944745, 0.5226201696512723]
[0.8725868725868726, 0.7489986648865153, 0.637396694214876, 0.6342443729903537, 0.5286704473850031, 0.4732510288065844, 0.44952681388012616, 0.413760603204524]
[0.8745173745173745, 0.7707808564231738, 0.6949654491609082, 0.6666666666666666, 0.5683403068340307, 0.5513513513513514, 0.4749859471613266, 0.39066918001885015]
[0.8648648648648649, 0.7215189873417721, 0.6830985915492958, 0.6604609929078015, 0.563581640331076, 0.5180878552971576, 0.506081438392385, 0.4825636192271442]
[0.8822393822393823, 0.7955493741307371, 0.7010526315789474, 0.6519721577726219, 0.5940089228808159, 0.5908328675237563, 0.523406374501992, 0.46748350612629597]
[0.8687258687258688, 0.7619647355163728, 0.6398678414096917, 0.5212765957446809, 0.5268579838116262, 0.4797211660329531, 0.4398750650702759, 0.42082940622054665]


----------------------------------------


>>>>>>>>>>>>>>>all_history_acc_mean<<<<<<<<<<<<<<<


all_history_acc:  [0.8751608751608752, 0.7516338533889749, 0.6663298879621181, 0.6192365441949296, 0.5534212336001624, 0.5322383379209558, 0.4909799954500968, 0.4496544140747722]


----------------------------------------


>>>>>>>>>>>>>>>all_history_acc_std<<<<<<<<<<<<<<<


all_history_acc_std:  [0.007854926393651016, 0.028773944224727767, 0.02725155552474483, 0.05215292155511994, 0.024143298668884663, 0.0457080836421716, 0.03997787564721143, 0.04531997051927806]


----------------------------------------


