config: 
{
    "batch_size": 8,
    "gradient_accumulation_steps": 4,
    "total_round": 6,
    "drop_out": 0.5,
    "num_workers": 2,
    "step1_epochs": 10,
    "step2_epochs": 10,
    "step3_epochs": 10,
    "num_protos": 1,
    "device": "cuda",
    "seed": 100,
    "max_grad_norm": 10,
    "task_length": 8,
    "kl_temp": 2,
    "temp": 0.1,
    "bert_path": "./bert-base-uncased",
    "max_length": 256,
    "vocab_size": 30522,
    "marker_size": 4,
    "template": "[E1] [MASK] [E2]",
    "pattern": "entity_marker",
    "encoder_output_size": 768,
    "drop_p": 0.1,
    "f_pass": 10,
    "kappa_neg": 0.03,
    "kappa_pos": 0.05,
    "T_mult": 1,
    "rewarm_epoch_num": 2,
    "decay_rate": 0.9,
    "decay_steps": 800,
    "num_of_relation": 80,
    "rel_index": "data/fewrel/rel_index.npy",
    "relation_file": "data/fewrel/relation_name.txt",
    "rel_cluster_label": "data/fewrel/CFRLdata_10_100_10_5/rel_cluster_label_0.npy",
    "training_file": "data/fewrel/CFRLdata_10_100_10_5/train_0.txt",
    "valid_file": "data/fewrel/CFRLdata_10_100_10_5/valid_0.txt",
    "test_file": "data/fewrel/CFRLdata_10_100_10_5/test_0.txt"
}
----------------------------------------
set seed: 100
Shuffle index: [7 0 6 2 5 1 4 3]
round: 0, current_acc: [0.954, 0.764, 0.7, 0.847, 0.732, 0.784, 0.651, 0.77], history_acc: [0.954, 0.8285, 0.7696666666666667, 0.756, 0.7202, 0.6916666666666667, 0.6461428571428571, 0.62875]
set seed: 200
Shuffle index: [7 6 5 2 1 0 3 4]
round: 1, current_acc: [0.949, 0.648, 0.728, 0.79, 0.761, 0.724, 0.849, 0.754], history_acc: [0.949, 0.7855, 0.7366666666666667, 0.70925, 0.6772, 0.6506666666666666, 0.641, 0.620625]
set seed: 300
Shuffle index: [7 3 2 5 0 6 4 1]
round: 2, current_acc: [0.949, 0.763, 0.696, 0.682, 0.893, 0.655, 0.644, 0.755], history_acc: [0.949, 0.842, 0.7516666666666667, 0.70925, 0.7184, 0.6808333333333333, 0.6531428571428571, 0.634]
set seed: 400
Shuffle index: [7 3 1 6 0 5 2 4]
round: 3, current_acc: [0.942, 0.716, 0.776, 0.751, 0.851, 0.685, 0.733, 0.646], history_acc: [0.942, 0.807, 0.7713333333333333, 0.72775, 0.712, 0.6925, 0.6762857142857143, 0.634]
set seed: 500
Shuffle index: [7 0 2 1 5 4 3 6]
round: 4, current_acc: [0.949, 0.809, 0.69, 0.726, 0.822, 0.767, 0.725, 0.7], history_acc: [0.949, 0.864, 0.79, 0.75125, 0.739, 0.7086666666666667, 0.6725714285714286, 0.651625]
set seed: 600
Shuffle index: [7 1 3 6 4 0 2 5]
round: 5, current_acc: [0.955, 0.797, 0.745, 0.744, 0.689, 0.709, 0.742, 0.849], history_acc: [0.955, 0.8625, 0.7986666666666666, 0.73425, 0.6812, 0.6553333333333333, 0.6324285714285715, 0.6405]
>>>>>>>>>>>>>>>current_acc<<<<<<<<<<<<<<<


[0.955, 0.797, 0.745, 0.744, 0.689, 0.709, 0.742, 0.849]


----------------------------------------


>>>>>>>>>>>>>>>history_acc<<<<<<<<<<<<<<<


[0.955, 0.8625, 0.7986666666666666, 0.73425, 0.6812, 0.6553333333333333, 0.6324285714285715, 0.6405]


----------------------------------------


>>>>>>>>>>>>>>>all_current_acc<<<<<<<<<<<<<<<


[0.954, 0.764, 0.7, 0.847, 0.732, 0.784, 0.651, 0.77]
[0.949, 0.648, 0.728, 0.79, 0.761, 0.724, 0.849, 0.754]
[0.949, 0.763, 0.696, 0.682, 0.893, 0.655, 0.644, 0.755]
[0.942, 0.716, 0.776, 0.751, 0.851, 0.685, 0.733, 0.646]
[0.949, 0.809, 0.69, 0.726, 0.822, 0.767, 0.725, 0.7]
[0.955, 0.797, 0.745, 0.744, 0.689, 0.709, 0.742, 0.849]


----------------------------------------


>>>>>>>>>>>>>>>all_current_acc_mean<<<<<<<<<<<<<<<


[0.9496666666666665, 0.7494999999999999, 0.7224999999999998, 0.7566666666666667, 0.7913333333333333, 0.7206666666666667, 0.7240000000000001, 0.7456666666666667]


----------------------------------------


>>>>>>>>>>>>>>>all_current_acc_std<<<<<<<<<<<<<<<


all_current_acc_std:  [0.004229525846816511, 0.05418102373832867, 0.03072322682705494, 0.051606416483051996, 0.07041464494139145, 0.04451466674654046, 0.0680196050169851, 0.06251044357189889]


----------------------------------------


>>>>>>>>>>>>>>>all_history_acc<<<<<<<<<<<<<<<


[0.954, 0.8285, 0.7696666666666667, 0.756, 0.7202, 0.6916666666666667, 0.6461428571428571, 0.62875]
[0.949, 0.7855, 0.7366666666666667, 0.70925, 0.6772, 0.6506666666666666, 0.641, 0.620625]
[0.949, 0.842, 0.7516666666666667, 0.70925, 0.7184, 0.6808333333333333, 0.6531428571428571, 0.634]
[0.942, 0.807, 0.7713333333333333, 0.72775, 0.712, 0.6925, 0.6762857142857143, 0.634]
[0.949, 0.864, 0.79, 0.75125, 0.739, 0.7086666666666667, 0.6725714285714286, 0.651625]
[0.955, 0.8625, 0.7986666666666666, 0.73425, 0.6812, 0.6553333333333333, 0.6324285714285715, 0.6405]


----------------------------------------


>>>>>>>>>>>>>>>all_history_acc_mean<<<<<<<<<<<<<<<


all_history_acc:  [0.9496666666666665, 0.8315833333333332, 0.7696666666666667, 0.7312916666666668, 0.7079999999999999, 0.6799444444444444, 0.6535952380952381, 0.6349166666666667]


----------------------------------------


>>>>>>>>>>>>>>>all_history_acc_std<<<<<<<<<<<<<<<


all_history_acc_std:  [0.004229525846816511, 0.02843914067306223, 0.021095900953432552, 0.018265642078929355, 0.021988178642170418, 0.020751320053206682, 0.016007102306883604, 0.009611642968585314]


----------------------------------------


