config: 
{
    "batch_size": 8,
    "gradient_accumulation_steps": 4,
    "total_round": 6,
    "drop_out": 0.5,
    "num_workers": 2,
    "step1_epochs": 10,
    "step2_epochs": 10,
    "step3_epochs": 10,
    "num_protos": 1,
    "device": "cuda",
    "seed": 100,
    "max_grad_norm": 10,
    "task_length": 8,
    "kl_temp": 2,
    "temp": 0.1,
    "bert_path": "./bert-base-uncased",
    "max_length": 256,
    "vocab_size": 30522,
    "marker_size": 4,
    "template": "[E1] [MASK] [E2]",
    "pattern": "entity_marker",
    "encoder_output_size": 768,
    "drop_p": 0.1,
    "f_pass": 10,
    "kappa_neg": 0.03,
    "kappa_pos": 0.05,
    "T_mult": 1,
    "rewarm_epoch_num": 2,
    "decay_rate": 0.9,
    "decay_steps": 800,
    "num_of_relation": 80,
    "rel_index": "data/fewrel/rel_index.npy",
    "relation_file": "data/fewrel/relation_name.txt",
    "rel_cluster_label": "data/fewrel/CFRLdata_10_100_10_10/rel_cluster_label_0.npy",
    "training_file": "data/fewrel/CFRLdata_10_100_10_10/train_0.txt",
    "valid_file": "data/fewrel/CFRLdata_10_100_10_10/valid_0.txt",
    "test_file": "data/fewrel/CFRLdata_10_100_10_10/test_0.txt"
}
----------------------------------------
set seed: 100
Shuffle index: [7 0 6 2 5 1 4 3]
round: 0, current_acc: [0.957, 0.864, 0.669, 0.833, 0.824, 0.692, 0.926, 0.903], history_acc: [0.957, 0.888, 0.7266666666666667, 0.72425, 0.7084, 0.6633333333333333, 0.6672857142857143, 0.656875]
set seed: 200
Shuffle index: [7 6 5 2 1 0 3 4]
round: 1, current_acc: [0.966, 0.893, 0.845, 0.912, 0.805, 0.731, 0.856, 0.644], history_acc: [0.966, 0.916, 0.8593333333333333, 0.83025, 0.7888, 0.7248333333333333, 0.727, 0.677125]
set seed: 300
Shuffle index: [7 3 2 5 0 6 4 1]
round: 2, current_acc: [0.96, 0.915, 0.836, 0.636, 0.843, 0.901, 0.717, 0.792], history_acc: [0.96, 0.894, 0.8573333333333333, 0.78975, 0.753, 0.7473333333333333, 0.6941428571428572, 0.675875]
set seed: 400
Shuffle index: [7 3 1 6 0 5 2 4]
round: 3, current_acc: [0.952, 0.615, 0.684, 0.889, 0.862, 0.854, 0.813, 0.916], history_acc: [0.952, 0.7685, 0.7116666666666667, 0.69725, 0.688, 0.685, 0.6614285714285715, 0.65825]
set seed: 500
Shuffle index: [7 0 2 1 5 4 3 6]
round: 4, current_acc: [0.954, 0.778, 0.928, 0.829, 0.919, 0.631, 0.797, 0.701], history_acc: [0.954, 0.8475, 0.874, 0.81375, 0.81, 0.732, 0.719, 0.675375]
set seed: 600
Shuffle index: [7 1 3 6 4 0 2 5]
round: 5, current_acc: [0.948, 0.895, 0.717, 0.642, 0.914, 0.856, 0.825, 0.885], history_acc: [0.948, 0.913, 0.7616666666666667, 0.6945, 0.7006, 0.6911666666666667, 0.6712857142857143, 0.666375]
>>>>>>>>>>>>>>>current_acc<<<<<<<<<<<<<<<


[0.948, 0.895, 0.717, 0.642, 0.914, 0.856, 0.825, 0.885]


----------------------------------------


>>>>>>>>>>>>>>>history_acc<<<<<<<<<<<<<<<


[0.948, 0.913, 0.7616666666666667, 0.6945, 0.7006, 0.6911666666666667, 0.6712857142857143, 0.666375]


----------------------------------------


>>>>>>>>>>>>>>>all_current_acc<<<<<<<<<<<<<<<


[0.957, 0.864, 0.669, 0.833, 0.824, 0.692, 0.926, 0.903]
[0.966, 0.893, 0.845, 0.912, 0.805, 0.731, 0.856, 0.644]
[0.96, 0.915, 0.836, 0.636, 0.843, 0.901, 0.717, 0.792]
[0.952, 0.615, 0.684, 0.889, 0.862, 0.854, 0.813, 0.916]
[0.954, 0.778, 0.928, 0.829, 0.919, 0.631, 0.797, 0.701]
[0.948, 0.895, 0.717, 0.642, 0.914, 0.856, 0.825, 0.885]


----------------------------------------


>>>>>>>>>>>>>>>all_current_acc_mean<<<<<<<<<<<<<<<


[0.9561666666666667, 0.8266666666666665, 0.7798333333333334, 0.7901666666666668, 0.8611666666666666, 0.7775, 0.8223333333333334, 0.8068333333333334]


----------------------------------------


>>>>>>>>>>>>>>>all_current_acc_std<<<<<<<<<<<<<<<


all_current_acc_std:  [0.0057855183192366, 0.1044328598776373, 0.09554303858587615, 0.11081127600063492, 0.0428229559413588, 0.09848984719248986, 0.06286405084695776, 0.1042519650760705]


----------------------------------------


>>>>>>>>>>>>>>>all_history_acc<<<<<<<<<<<<<<<


[0.957, 0.888, 0.7266666666666667, 0.72425, 0.7084, 0.6633333333333333, 0.6672857142857143, 0.656875]
[0.966, 0.916, 0.8593333333333333, 0.83025, 0.7888, 0.7248333333333333, 0.727, 0.677125]
[0.96, 0.894, 0.8573333333333333, 0.78975, 0.753, 0.7473333333333333, 0.6941428571428572, 0.675875]
[0.952, 0.7685, 0.7116666666666667, 0.69725, 0.688, 0.685, 0.6614285714285715, 0.65825]
[0.954, 0.8475, 0.874, 0.81375, 0.81, 0.732, 0.719, 0.675375]
[0.948, 0.913, 0.7616666666666667, 0.6945, 0.7006, 0.6911666666666667, 0.6712857142857143, 0.666375]


----------------------------------------


>>>>>>>>>>>>>>>all_history_acc_mean<<<<<<<<<<<<<<<


all_history_acc:  [0.9561666666666667, 0.8711666666666668, 0.7984444444444444, 0.7582916666666666, 0.7414666666666667, 0.7072777777777778, 0.6900238095238095, 0.6683125]


----------------------------------------


>>>>>>>>>>>>>>>all_history_acc_std<<<<<<<<<<<<<<<


all_history_acc_std:  [0.0057855183192366, 0.05109685791600978, 0.06698138676408173, 0.05507200148189842, 0.045993574430445064, 0.029469800403166425, 0.02552661898183914, 0.00837212326215199]


----------------------------------------


