config: 
{
    "batch_size": 8,
    "gradient_accumulation_steps": 4,
    "total_round": 6,
    "drop_out": 0.5,
    "num_workers": 2,
    "step1_epochs": 5,
    "step2_epochs": 15,
    "step3_epochs": 20,
    "num_protos": 1,
    "device": "cuda",
    "seed": 100,
    "max_grad_norm": 10,
    "task_length": 8,
    "kl_temp": 2,
    "temp": 0.1,
    "bert_path": "./bert-base-uncased",
    "max_length": 256,
    "vocab_size": 30522,
    "marker_size": 4,
    "template": "[E1] [MASK] [E2]",
    "pattern": "entity_marker",
    "encoder_output_size": 768,
    "drop_p": 0.1,
    "f_pass": 10,
    "kappa_neg": 0.03,
    "kappa_pos": 0.05,
    "T_mult": 1,
    "rewarm_epoch_num": 2,
    "decay_rate": 0.9,
    "decay_steps": 800,
    "num_of_relation": 80,
    "rel_index": "data/fewrel/rel_index.npy",
    "relation_file": "data/fewrel/relation_name.txt",
    "rel_cluster_label": "data/fewrel/CFRLdata_10_100_10_10/rel_cluster_label_0.npy",
    "training_file": "data/fewrel/CFRLdata_10_100_10_10/train_0.txt",
    "valid_file": "data/fewrel/CFRLdata_10_100_10_10/valid_0.txt",
    "test_file": "data/fewrel/CFRLdata_10_100_10_10/test_0.txt"
}
----------------------------------------
set seed: 100
Shuffle index: [7 0 6 2 5 1 4 3]
round: 0, current_acc: [0.955, 0.877, 0.71, 0.871, 0.821, 0.728, 0.912, 0.91], history_acc: [0.955, 0.8825, 0.7673333333333333, 0.74075, 0.7056, 0.6731666666666667, 0.6714285714285714, 0.663875]
set seed: 200
Shuffle index: [7 6 5 2 1 0 3 4]
round: 1, current_acc: [0.945, 0.893, 0.888, 0.915, 0.827, 0.699, 0.883, 0.671], history_acc: [0.945, 0.909, 0.8743333333333333, 0.84925, 0.7886, 0.7263333333333334, 0.7215714285714285, 0.671125]
set seed: 300
Shuffle index: [7 3 2 5 0 6 4 1]
round: 2, current_acc: [0.951, 0.922, 0.88, 0.666, 0.859, 0.917, 0.677, 0.779], history_acc: [0.951, 0.902, 0.86, 0.79275, 0.7488, 0.7395, 0.6825714285714286, 0.665125]
set seed: 400
Shuffle index: [7 3 1 6 0 5 2 4]
round: 3, current_acc: [0.959, 0.712, 0.675, 0.913, 0.896, 0.869, 0.839, 0.909], history_acc: [0.959, 0.776, 0.7083333333333334, 0.68825, 0.681, 0.6813333333333333, 0.6615714285714286, 0.66475]
set seed: 500
Shuffle index: [7 0 2 1 5 4 3 6]
round: 4, current_acc: [0.949, 0.793, 0.911, 0.818, 0.915, 0.637, 0.807, 0.724], history_acc: [0.949, 0.8565, 0.8613333333333333, 0.8095, 0.801, 0.7308333333333333, 0.7171428571428572, 0.665875]
set seed: 600
Shuffle index: [7 1 3 6 4 0 2 5]
round: 5, current_acc: [0.956, 0.934, 0.735, 0.672, 0.93, 0.844, 0.826, 0.877], history_acc: [0.956, 0.915, 0.7853333333333333, 0.711, 0.7136, 0.7063333333333334, 0.6825714285714286, 0.668625]
>>>>>>>>>>>>>>>current_acc<<<<<<<<<<<<<<<
[0.956, 0.934, 0.735, 0.672, 0.93, 0.844, 0.826, 0.877]
----------------------------------------
>>>>>>>>>>>>>>>history_acc<<<<<<<<<<<<<<<
[0.956, 0.915, 0.7853333333333333, 0.711, 0.7136, 0.7063333333333334, 0.6825714285714286, 0.668625]
----------------------------------------
>>>>>>>>>>>>>>>all_current_acc<<<<<<<<<<<<<<<
[[0.955, 0.877, 0.71, 0.871, 0.821, 0.728, 0.912, 0.91], [0.945, 0.893, 0.888, 0.915, 0.827, 0.699, 0.883, 0.671], [0.951, 0.922, 0.88, 0.666, 0.859, 0.917, 0.677, 0.779], [0.959, 0.712, 0.675, 0.913, 0.896, 0.869, 0.839, 0.909], [0.949, 0.793, 0.911, 0.818, 0.915, 0.637, 0.807, 0.724], [0.956, 0.934, 0.735, 0.672, 0.93, 0.844, 0.826, 0.877]]
----------------------------------------
>>>>>>>>>>>>>>>all_current_acc_mean<<<<<<<<<<<<<<<
all_current_acc:  [0.9525, 0.8551666666666667, 0.7998333333333334, 0.8091666666666666, 0.8746666666666666, 0.7823333333333333, 0.824, 0.8116666666666666]
----------------------------------------
>>>>>>>>>>>>>>>all_current_acc_std<<<<<<<<<<<<<<<
all_current_acc_std:  [0.004681523968396051, 0.07847593403217464, 0.09523202659236488, 0.1042391747643637, 0.04191525842564844, 0.10038868904856209, 0.07455646629680529, 0.09305135977273818]
----------------------------------------
>>>>>>>>>>>>>>>all_history_acc<<<<<<<<<<<<<<<
all_history_acc:  [[0.955, 0.8825, 0.7673333333333333, 0.74075, 0.7056, 0.6731666666666667, 0.6714285714285714, 0.663875], [0.945, 0.909, 0.8743333333333333, 0.84925, 0.7886, 0.7263333333333334, 0.7215714285714285, 0.671125], [0.951, 0.902, 0.86, 0.79275, 0.7488, 0.7395, 0.6825714285714286, 0.665125], [0.959, 0.776, 0.7083333333333334, 0.68825, 0.681, 0.6813333333333333, 0.6615714285714286, 0.66475], [0.949, 0.8565, 0.8613333333333333, 0.8095, 0.801, 0.7308333333333333, 0.7171428571428572, 0.665875], [0.956, 0.915, 0.7853333333333333, 0.711, 0.7136, 0.7063333333333334, 0.6825714285714286, 0.668625]]
----------------------------------------
>>>>>>>>>>>>>>>all_history_acc_mean<<<<<<<<<<<<<<<
all_history_acc:  [0.9525, 0.8735, 0.8094444444444444, 0.76525, 0.7397666666666667, 0.7095833333333333, 0.6894761904761904, 0.6665624999999998]
----------------------------------------
>>>>>>>>>>>>>>>all_history_acc_std<<<<<<<<<<<<<<<
all_history_acc_std:  [0.004681523968396051, 0.04773363593945049, 0.060603956192420615, 0.05663130023817804, 0.043820454381740745, 0.025039736938033637, 0.02234312913405671, 0.002520488957193298]
----------------------------------------
