config: 
{
    "batch_size": 8,
    "gradient_accumulation_steps": 4,
    "total_round": 6,
    "drop_out": 0.5,
    "num_workers": 2,
    "step1_epochs": 10,
    "step2_epochs": 10,
    "step3_epochs": 10,
    "num_protos": 1,
    "device": "cuda",
    "seed": 100,
    "max_grad_norm": 10,
    "task_length": 8,
    "kl_temp": 2,
    "temp": 0.1,
    "bert_path": "./bert-base-uncased",
    "max_length": 256,
    "vocab_size": 30522,
    "marker_size": 4,
    "template": "[E1] [MASK] [E2]",
    "pattern": "prompt",
    "encoder_output_size": 768,
    "drop_p": 0.1,
    "f_pass": 10,
    "kappa_neg": 0.03,
    "kappa_pos": 0.05,
    "T_mult": 1,
    "rewarm_epoch_num": 2,
    "decay_rate": 0.9,
    "decay_steps": 800,
    "num_of_relation": 80,
    "rel_index": "data/fewrel/rel_index.npy",
    "relation_file": "data/fewrel/relation_name.txt",
    "rel_cluster_label": "data/fewrel/CFRLdata_10_100_10_5/rel_cluster_label_0.npy",
    "training_file": "data/fewrel/CFRLdata_10_100_10_5/train_0.txt",
    "valid_file": "data/fewrel/CFRLdata_10_100_10_5/valid_0.txt",
    "test_file": "data/fewrel/CFRLdata_10_100_10_5/test_0.txt"
}
----------------------------------------
set seed: 100
Shuffle index: [7 0 6 2 5 1 4 3]
round: 0, current_acc: [0.928, 0.573, 0.612, 0.768, 0.626, 0.694, 0.582, 0.669], history_acc: [0.928, 0.731, 0.665, 0.667, 0.6454, 0.6221666666666666, 0.579, 0.56525]
set seed: 200
Shuffle index: [7 6 5 2 1 0 3 4]
round: 1, current_acc: [0.953, 0.635, 0.746, 0.772, 0.769, 0.724, 0.836, 0.743], history_acc: [0.953, 0.7865, 0.7486666666666667, 0.71025, 0.688, 0.643, 0.6451428571428571, 0.622625]
set seed: 300
Shuffle index: [7 3 2 5 0 6 4 1]
round: 2, current_acc: [0.96, 0.796, 0.7, 0.735, 0.882, 0.682, 0.714, 0.749], history_acc: [0.96, 0.8655, 0.7693333333333333, 0.7265, 0.7306, 0.6843333333333333, 0.6515714285714286, 0.651]
set seed: 400
Shuffle index: [7 3 1 6 0 5 2 4]
round: 3, current_acc: [0.953, 0.698, 0.793, 0.776, 0.864, 0.713, 0.792, 0.644], history_acc: [0.953, 0.8085, 0.7806666666666666, 0.7225, 0.7142, 0.6825, 0.6671428571428571, 0.628]
set seed: 500
Shuffle index: [7 0 2 1 5 4 3 6]
round: 4, current_acc: [0.948, 0.807, 0.644, 0.717, 0.81, 0.754, 0.717, 0.743], history_acc: [0.948, 0.8675, 0.7676666666666667, 0.74725, 0.7224, 0.6896666666666667, 0.6614285714285715, 0.625875]
set seed: 600
Shuffle index: [7 1 3 6 4 0 2 5]
round: 5, current_acc: [0.965, 0.806, 0.826, 0.764, 0.679, 0.742, 0.782, 0.83], history_acc: [0.965, 0.873, 0.815, 0.75375, 0.6814, 0.6528333333333334, 0.6441428571428571, 0.645625]
>>>>>>>>>>>>>>>current_acc<<<<<<<<<<<<<<<


[0.965, 0.806, 0.826, 0.764, 0.679, 0.742, 0.782, 0.83]


----------------------------------------


>>>>>>>>>>>>>>>history_acc<<<<<<<<<<<<<<<


[0.965, 0.873, 0.815, 0.75375, 0.6814, 0.6528333333333334, 0.6441428571428571, 0.645625]


----------------------------------------


>>>>>>>>>>>>>>>all_current_acc<<<<<<<<<<<<<<<


[0.928, 0.573, 0.612, 0.768, 0.626, 0.694, 0.582, 0.669]
[0.953, 0.635, 0.746, 0.772, 0.769, 0.724, 0.836, 0.743]
[0.96, 0.796, 0.7, 0.735, 0.882, 0.682, 0.714, 0.749]
[0.953, 0.698, 0.793, 0.776, 0.864, 0.713, 0.792, 0.644]
[0.948, 0.807, 0.644, 0.717, 0.81, 0.754, 0.717, 0.743]
[0.965, 0.806, 0.826, 0.764, 0.679, 0.742, 0.782, 0.83]


----------------------------------------


>>>>>>>>>>>>>>>all_current_acc_mean<<<<<<<<<<<<<<<


[0.9511666666666666, 0.7191666666666666, 0.7201666666666666, 0.7553333333333333, 0.7716666666666666, 0.7181666666666667, 0.7371666666666666, 0.7296666666666667]


----------------------------------------


>>>>>>>>>>>>>>>all_current_acc_std<<<<<<<<<<<<<<<


all_current_acc_std:  [0.011710631447060756, 0.0913371349573777, 0.07646440711570028, 0.021692292538031944, 0.09307822277823935, 0.02518211446421624, 0.08145022338145483, 0.06029833238895489]


----------------------------------------


>>>>>>>>>>>>>>>all_history_acc<<<<<<<<<<<<<<<


[0.928, 0.731, 0.665, 0.667, 0.6454, 0.6221666666666666, 0.579, 0.56525]
[0.953, 0.7865, 0.7486666666666667, 0.71025, 0.688, 0.643, 0.6451428571428571, 0.622625]
[0.96, 0.8655, 0.7693333333333333, 0.7265, 0.7306, 0.6843333333333333, 0.6515714285714286, 0.651]
[0.953, 0.8085, 0.7806666666666666, 0.7225, 0.7142, 0.6825, 0.6671428571428571, 0.628]
[0.948, 0.8675, 0.7676666666666667, 0.74725, 0.7224, 0.6896666666666667, 0.6614285714285715, 0.625875]
[0.965, 0.873, 0.815, 0.75375, 0.6814, 0.6528333333333334, 0.6441428571428571, 0.645625]


----------------------------------------


>>>>>>>>>>>>>>>all_history_acc_mean<<<<<<<<<<<<<<<


all_history_acc:  [0.9511666666666666, 0.8220000000000001, 0.7577222222222222, 0.7212083333333333, 0.6970000000000001, 0.6624166666666667, 0.6414047619047619, 0.6230625]


----------------------------------------


>>>>>>>>>>>>>>>all_history_acc_std<<<<<<<<<<<<<<<


all_history_acc_std:  [0.011710631447060756, 0.0521008637164491, 0.04604402750776478, 0.028359087559761537, 0.029031247533189718, 0.02488357148058995, 0.02910494927950158, 0.027881702295890515]


----------------------------------------


