True
config: 
{
    "batch_size": 8,
    "gradient_accumulation_steps": 4,
    "total_round": 6,
    "drop_out": 0.5,
    "num_workers": 2,
    "step1_epochs": 10,
    "step2_epochs": 10,
    "step3_epochs": 10,
    "num_protos": 1,
    "device": "cuda",
    "seed": 100,
    "max_grad_norm": 10,
    "task_length": 8,
    "kl_temp": 2,
    "temp": 0.1,
    "bert_path": "./bert-base-uncased",
    "max_length": 256,
    "vocab_size": 30522,
    "marker_size": 4,
    "use_marker": true,
    "template": "[E1] [MASK] [E2]",
    "pattern": "hybrid_prompt",
    "encoder_output_size": 768,
    "drop_p": 0.1,
    "f_pass": 10,
    "kappa_neg": 0.03,
    "kappa_pos": 0.05,
    "T_mult": 1,
    "rewarm_epoch_num": 2,
    "decay_rate": 0.9,
    "decay_steps": 800,
    "num_of_relation": 80,
    "rel_index": "data/fewrel/rel_index.npy",
    "relation_file": "data/fewrel/relation_name.txt",
    "rel_cluster_label": "data/fewrel/CFRLdata_10_100_10_5/rel_cluster_label_0.npy",
    "training_file": "data/fewrel/CFRLdata_10_100_10_5/train_0.txt",
    "valid_file": "data/fewrel/CFRLdata_10_100_10_5/valid_0.txt",
    "test_file": "data/fewrel/CFRLdata_10_100_10_5/test_0.txt",
    "retain_prev": true
}
----------------------------------------
set seed: 100
Shuffle index: [7 0 6 2 5 1 4 3]
round: 0, current_acc: [0.928, 0.656, 0.656, 0.811, 0.649, 0.696, 0.557, 0.717], history_acc: [0.928, 0.7625, 0.6873333333333334, 0.68275, 0.6484, 0.6021666666666666, 0.559, 0.543375]
set seed: 200
Shuffle index: [7 6 5 2 1 0 3 4]
round: 1, current_acc: [0.953, 0.732, 0.786, 0.816, 0.819, 0.774, 0.875, 0.821], history_acc: [0.953, 0.834, 0.77, 0.73725, 0.7068, 0.6651666666666667, 0.6597142857142857, 0.634125]
set seed: 300
Shuffle index: [7 3 2 5 0 6 4 1]
round: 2, current_acc: [0.96, 0.86, 0.782, 0.783, 0.901, 0.758, 0.788, 0.819], history_acc: [0.96, 0.8845, 0.7956666666666666, 0.736, 0.7252, 0.6653333333333333, 0.6441428571428571, 0.635625]
set seed: 400
Shuffle index: [7 3 1 6 0 5 2 4]
round: 3, current_acc: [0.953, 0.82, 0.828, 0.784, 0.885, 0.828, 0.858, 0.741], history_acc: [0.953, 0.867, 0.8143333333333334, 0.7465, 0.7212, 0.6931666666666667, 0.6737142857142857, 0.622375]
set seed: 500
Shuffle index: [7 0 2 1 5 4 3 6]
round: 4, current_acc: [0.948, 0.852, 0.707, 0.764, 0.838, 0.813, 0.753, 0.795], history_acc: [0.948, 0.883, 0.7826666666666666, 0.76025, 0.729, 0.6928333333333333, 0.6632857142857143, 0.623625]
set seed: 600
Shuffle index: [7 1 3 6 4 0 2 5]
round: 5, current_acc: [0.965, 0.831, 0.825, 0.803, 0.652, 0.788, 0.838, 0.899], history_acc: [0.965, 0.881, 0.833, 0.77225, 0.6894, 0.6513333333333333, 0.6387142857142857, 0.633125]
>>>>>>>>>>>>>>>current_acc<<<<<<<<<<<<<<<


[0.965, 0.831, 0.825, 0.803, 0.652, 0.788, 0.838, 0.899]


----------------------------------------


>>>>>>>>>>>>>>>history_acc<<<<<<<<<<<<<<<


[0.965, 0.881, 0.833, 0.77225, 0.6894, 0.6513333333333333, 0.6387142857142857, 0.633125]


----------------------------------------


>>>>>>>>>>>>>>>all_current_acc<<<<<<<<<<<<<<<


[0.928, 0.656, 0.656, 0.811, 0.649, 0.696, 0.557, 0.717]
[0.953, 0.732, 0.786, 0.816, 0.819, 0.774, 0.875, 0.821]
[0.96, 0.86, 0.782, 0.783, 0.901, 0.758, 0.788, 0.819]
[0.953, 0.82, 0.828, 0.784, 0.885, 0.828, 0.858, 0.741]
[0.948, 0.852, 0.707, 0.764, 0.838, 0.813, 0.753, 0.795]
[0.965, 0.831, 0.825, 0.803, 0.652, 0.788, 0.838, 0.899]


----------------------------------------


>>>>>>>>>>>>>>>all_current_acc_mean<<<<<<<<<<<<<<<


[0.9511666666666666, 0.7918333333333333, 0.7639999999999999, 0.7935, 0.7906666666666666, 0.7761666666666667, 0.7781666666666666, 0.7986666666666666]


----------------------------------------


>>>>>>>>>>>>>>>all_current_acc_std<<<<<<<<<<<<<<<


all_current_acc_std:  [0.011710631447060756, 0.07373921766754933, 0.06263385665915838, 0.018136059844041826, 0.10280510147307324, 0.04270993899420706, 0.10721849446599943, 0.05914295299432461]


----------------------------------------


>>>>>>>>>>>>>>>all_history_acc<<<<<<<<<<<<<<<


[0.928, 0.7625, 0.6873333333333334, 0.68275, 0.6484, 0.6021666666666666, 0.559, 0.543375]
[0.953, 0.834, 0.77, 0.73725, 0.7068, 0.6651666666666667, 0.6597142857142857, 0.634125]
[0.96, 0.8845, 0.7956666666666666, 0.736, 0.7252, 0.6653333333333333, 0.6441428571428571, 0.635625]
[0.953, 0.867, 0.8143333333333334, 0.7465, 0.7212, 0.6931666666666667, 0.6737142857142857, 0.622375]
[0.948, 0.883, 0.7826666666666666, 0.76025, 0.729, 0.6928333333333333, 0.6632857142857143, 0.623625]
[0.965, 0.881, 0.833, 0.77225, 0.6894, 0.6513333333333333, 0.6387142857142857, 0.633125]


----------------------------------------


>>>>>>>>>>>>>>>all_history_acc_mean<<<<<<<<<<<<<<<


all_history_acc:  [0.9511666666666666, 0.852, 0.7805, 0.7391666666666666, 0.7033333333333335, 0.6616666666666666, 0.6397619047619048, 0.6153750000000001]


----------------------------------------


>>>>>>>>>>>>>>>all_history_acc_std<<<<<<<<<<<<<<<


all_history_acc_std:  [0.011710631447060756, 0.04362243306679108, 0.04641469674654864, 0.02825282680055613, 0.027928400519105192, 0.03064945168985719, 0.03796271592567519, 0.032603041780381974]


----------------------------------------


