config: 
{
    "batch_size": 8,
    "gradient_accumulation_steps": 4,
    "total_round": 6,
    "drop_out": 0.5,
    "num_workers": 2,
    "step1_epochs": 5,
    "step2_epochs": 10,
    "step3_epochs": 10,
    "num_protos": 1,
    "device": "cuda",
    "seed": 100,
    "max_grad_norm": 10,
    "task_length": 8,
    "kl_temp": 2,
    "temp": 0.1,
    "bert_path": "./bert-base-uncased",
    "max_length": 256,
    "vocab_size": 30522,
    "marker_size": 4,
    "template": "[E1] [MASK] [E2]",
    "pattern": "prompt",
    "encoder_output_size": 768,
    "drop_p": 0.1,
    "f_pass": 10,
    "kappa_neg": 0.03,
    "kappa_pos": 0.05,
    "T_mult": 1,
    "rewarm_epoch_num": 2,
    "decay_rate": 0.9,
    "decay_steps": 800,
    "num_of_relation": 80,
    "rel_index": "data/fewrel/rel_index.npy",
    "relation_file": "data/fewrel/relation_name.txt",
    "rel_cluster_label": "data/fewrel/CFRLdata_10_100_10_10/rel_cluster_label_0.npy",
    "training_file": "data/fewrel/CFRLdata_10_100_10_10/train_0.txt",
    "valid_file": "data/fewrel/CFRLdata_10_100_10_10/valid_0.txt",
    "test_file": "data/fewrel/CFRLdata_10_100_10_10/test_0.txt"
}
----------------------------------------
set seed: 100
Shuffle index: [7 0 6 2 5 1 4 3]
round: 0, current_acc: [0.964, 0.898, 0.642, 0.802, 0.789, 0.71, 0.902, 0.868], history_acc: [0.964, 0.9115, 0.7446666666666667, 0.72375, 0.6946, 0.6731666666666667, 0.6711428571428572, 0.657125]
set seed: 200
Shuffle index: [7 6 5 2 1 0 3 4]
round: 1, current_acc: [0.964, 0.924, 0.877, 0.894, 0.809, 0.697, 0.795, 0.654], history_acc: [0.964, 0.933, 0.8836666666666667, 0.85325, 0.8016, 0.7225, 0.7102857142857143, 0.660375]
set seed: 300
Shuffle index: [7 3 2 5 0 6 4 1]
round: 2, current_acc: [0.961, 0.888, 0.883, 0.685, 0.831, 0.918, 0.702, 0.793], history_acc: [0.961, 0.901, 0.8773333333333333, 0.8085, 0.751, 0.7566666666666667, 0.685, 0.66925]
set seed: 400
Shuffle index: [7 3 1 6 0 5 2 4]
round: 3, current_acc: [0.962, 0.595, 0.699, 0.858, 0.837, 0.862, 0.804, 0.911], history_acc: [0.962, 0.7625, 0.704, 0.69275, 0.6722, 0.6613333333333333, 0.6512857142857142, 0.653]
set seed: 500
Shuffle index: [7 0 2 1 5 4 3 6]
round: 4, current_acc: [0.946, 0.806, 0.919, 0.79, 0.896, 0.68, 0.835, 0.646], history_acc: [0.946, 0.87, 0.8663333333333333, 0.802, 0.7864, 0.7323333333333333, 0.7217142857142858, 0.677125]
set seed: 600
Shuffle index: [7 1 3 6 4 0 2 5]
round: 5, current_acc: [0.958, 0.901, 0.64, 0.682, 0.923, 0.857, 0.791, 0.879], history_acc: [0.958, 0.913, 0.7663333333333333, 0.71575, 0.7242, 0.7125, 0.6852857142857143, 0.67575]
>>>>>>>>>>>>>>>current_acc<<<<<<<<<<<<<<<
[0.958, 0.901, 0.64, 0.682, 0.923, 0.857, 0.791, 0.879]
----------------------------------------
>>>>>>>>>>>>>>>history_acc<<<<<<<<<<<<<<<
[0.958, 0.913, 0.7663333333333333, 0.71575, 0.7242, 0.7125, 0.6852857142857143, 0.67575]
----------------------------------------
>>>>>>>>>>>>>>>all_current_acc<<<<<<<<<<<<<<<
[[0.964, 0.898, 0.642, 0.802, 0.789, 0.71, 0.902, 0.868], [0.964, 0.924, 0.877, 0.894, 0.809, 0.697, 0.795, 0.654], [0.961, 0.888, 0.883, 0.685, 0.831, 0.918, 0.702, 0.793], [0.962, 0.595, 0.699, 0.858, 0.837, 0.862, 0.804, 0.911], [0.946, 0.806, 0.919, 0.79, 0.896, 0.68, 0.835, 0.646], [0.958, 0.901, 0.64, 0.682, 0.923, 0.857, 0.791, 0.879]]
----------------------------------------
>>>>>>>>>>>>>>>all_current_acc_mean<<<<<<<<<<<<<<<
all_current_acc:  [0.9591666666666666, 0.8353333333333333, 0.7766666666666665, 0.7851666666666667, 0.8475, 0.7873333333333333, 0.8048333333333334, 0.7918333333333333]
----------------------------------------
>>>>>>>>>>>>>>>all_current_acc_std<<<<<<<<<<<<<<<
all_current_acc_std:  [0.006229410530343591, 0.11364809232401965, 0.1186573030013558, 0.07972121563437314, 0.04715135204848319, 0.09413052403740009, 0.05946263999820019, 0.10635383814836627]
----------------------------------------
>>>>>>>>>>>>>>>all_history_acc<<<<<<<<<<<<<<<
all_history_acc:  [[0.964, 0.9115, 0.7446666666666667, 0.72375, 0.6946, 0.6731666666666667, 0.6711428571428572, 0.657125], [0.964, 0.933, 0.8836666666666667, 0.85325, 0.8016, 0.7225, 0.7102857142857143, 0.660375], [0.961, 0.901, 0.8773333333333333, 0.8085, 0.751, 0.7566666666666667, 0.685, 0.66925], [0.962, 0.7625, 0.704, 0.69275, 0.6722, 0.6613333333333333, 0.6512857142857142, 0.653], [0.946, 0.87, 0.8663333333333333, 0.802, 0.7864, 0.7323333333333333, 0.7217142857142858, 0.677125], [0.958, 0.913, 0.7663333333333333, 0.71575, 0.7242, 0.7125, 0.6852857142857143, 0.67575]]
----------------------------------------
>>>>>>>>>>>>>>>all_history_acc_mean<<<<<<<<<<<<<<<
all_history_acc:  [0.9591666666666666, 0.8818333333333334, 0.8070555555555554, 0.766, 0.7383333333333333, 0.7097500000000001, 0.687452380952381, 0.6654374999999999]
----------------------------------------
>>>>>>>>>>>>>>>all_history_acc_std<<<<<<<<<<<<<<<
all_history_acc_std:  [0.006229410530343591, 0.05659407114609172, 0.07128955475582627, 0.05829594039610877, 0.04647489166803463, 0.033075215908704325, 0.023380819027842017, 0.009191467397356441]
----------------------------------------
