config: 
{
    "batch_size": 8,
    "gradient_accumulation_steps": 4,
    "total_round": 6,
    "drop_out": 0.5,
    "num_workers": 2,
    "step1_epochs": 5,
    "step2_epochs": 10,
    "step3_epochs": 10,
    "num_protos": 1,
    "device": "cuda",
    "seed": 100,
    "max_grad_norm": 10,
    "task_length": 8,
    "kl_temp": 2,
    "temp": 0.1,
    "bert_path": "./bert-base-uncased",
    "max_length": 256,
    "vocab_size": 30522,
    "marker_size": 4,
    "template": "[E1] [MASK] [E2]",
    "pattern": "prompt",
    "encoder_output_size": 768,
    "drop_p": 0.1,
    "f_pass": 10,
    "kappa_neg": 0.03,
    "kappa_pos": 0.05,
    "T_mult": 1,
    "rewarm_epoch_num": 2,
    "decay_rate": 0.9,
    "decay_steps": 800,
    "num_of_relation": 80,
    "rel_index": "data/fewrel/rel_index.npy",
    "relation_file": "data/fewrel/relation_name.txt",
    "rel_cluster_label": "data/fewrel/CFRLdata_10_100_10_5/rel_cluster_label_0.npy",
    "training_file": "data/fewrel/CFRLdata_10_100_10_5/train_0.txt",
    "valid_file": "data/fewrel/CFRLdata_10_100_10_5/valid_0.txt",
    "test_file": "data/fewrel/CFRLdata_10_100_10_5/test_0.txt"
}
----------------------------------------
set seed: 100
Shuffle index: [7 0 6 2 5 1 4 3]
round: 0, current_acc: [0.946, 0.717, 0.788, 0.843, 0.788, 0.779, 0.655, 0.807], history_acc: [0.946, 0.8295, 0.8076666666666666, 0.7865, 0.7632, 0.7125, 0.6621428571428571, 0.63675]
set seed: 200
Shuffle index: [7 6 5 2 1 0 3 4]
round: 1, current_acc: [0.948, 0.648, 0.732, 0.78, 0.79, 0.732, 0.874, 0.764], history_acc: [0.948, 0.78, 0.7366666666666667, 0.7115, 0.709, 0.6731666666666667, 0.6742857142857143, 0.647125]
set seed: 300
Shuffle index: [7 3 2 5 0 6 4 1]
round: 2, current_acc: [0.953, 0.787, 0.66, 0.788, 0.879, 0.685, 0.742, 0.753], history_acc: [0.953, 0.86, 0.75, 0.71975, 0.7178, 0.6708333333333333, 0.6505714285714286, 0.64725]
set seed: 400
Shuffle index: [7 3 1 6 0 5 2 4]
round: 3, current_acc: [0.956, 0.75, 0.782, 0.742, 0.883, 0.708, 0.719, 0.625], history_acc: [0.956, 0.8485, 0.7876666666666666, 0.732, 0.718, 0.6931666666666667, 0.672, 0.638125]
set seed: 500
Shuffle index: [7 0 2 1 5 4 3 6]
round: 4, current_acc: [0.95, 0.842, 0.639, 0.708, 0.812, 0.751, 0.737, 0.689], history_acc: [0.95, 0.889, 0.795, 0.7555, 0.75, 0.7161666666666666, 0.683, 0.653375]
set seed: 600
Shuffle index: [7 1 3 6 4 0 2 5]
round: 5, current_acc: [0.95, 0.782, 0.741, 0.754, 0.679, 0.681, 0.709, 0.862], history_acc: [0.95, 0.8565, 0.799, 0.75275, 0.6926, 0.6543333333333333, 0.6354285714285715, 0.63175]
>>>>>>>>>>>>>>>current_acc<<<<<<<<<<<<<<<
[0.95, 0.782, 0.741, 0.754, 0.679, 0.681, 0.709, 0.862]
----------------------------------------
>>>>>>>>>>>>>>>history_acc<<<<<<<<<<<<<<<
[0.95, 0.8565, 0.799, 0.75275, 0.6926, 0.6543333333333333, 0.6354285714285715, 0.63175]
----------------------------------------
>>>>>>>>>>>>>>>all_current_acc<<<<<<<<<<<<<<<
[[0.946, 0.717, 0.788, 0.843, 0.788, 0.779, 0.655, 0.807], [0.948, 0.648, 0.732, 0.78, 0.79, 0.732, 0.874, 0.764], [0.953, 0.787, 0.66, 0.788, 0.879, 0.685, 0.742, 0.753], [0.956, 0.75, 0.782, 0.742, 0.883, 0.708, 0.719, 0.625], [0.95, 0.842, 0.639, 0.708, 0.812, 0.751, 0.737, 0.689], [0.95, 0.782, 0.741, 0.754, 0.679, 0.681, 0.709, 0.862]]
----------------------------------------
>>>>>>>>>>>>>>>all_current_acc_mean<<<<<<<<<<<<<<<
all_current_acc:  [0.9505, 0.7543333333333333, 0.7236666666666666, 0.7691666666666667, 0.8051666666666667, 0.7226666666666667, 0.7393333333333333, 0.75]
----------------------------------------
>>>>>>>>>>>>>>>all_current_acc_std<<<<<<<<<<<<<<<
all_current_acc_std:  [0.003253203549323859, 0.06087875016967925, 0.056470247820324726, 0.04209678002993684, 0.06831158190396575, 0.03519785346990478, 0.0665749368923638, 0.07675067860720626]
----------------------------------------
>>>>>>>>>>>>>>>all_history_acc<<<<<<<<<<<<<<<
all_history_acc:  [[0.946, 0.8295, 0.8076666666666666, 0.7865, 0.7632, 0.7125, 0.6621428571428571, 0.63675], [0.948, 0.78, 0.7366666666666667, 0.7115, 0.709, 0.6731666666666667, 0.6742857142857143, 0.647125], [0.953, 0.86, 0.75, 0.71975, 0.7178, 0.6708333333333333, 0.6505714285714286, 0.64725], [0.956, 0.8485, 0.7876666666666666, 0.732, 0.718, 0.6931666666666667, 0.672, 0.638125], [0.95, 0.889, 0.795, 0.7555, 0.75, 0.7161666666666666, 0.683, 0.653375], [0.95, 0.8565, 0.799, 0.75275, 0.6926, 0.6543333333333333, 0.6354285714285715, 0.63175]]
----------------------------------------
>>>>>>>>>>>>>>>all_history_acc_mean<<<<<<<<<<<<<<<
all_history_acc:  [0.9505, 0.8439166666666665, 0.7793333333333333, 0.743, 0.7251, 0.6866944444444445, 0.6629047619047618, 0.6423958333333334]
----------------------------------------
>>>>>>>>>>>>>>>all_history_acc_std<<<<<<<<<<<<<<<
all_history_acc_std:  [0.003253203549323859, 0.03357506101591212, 0.026411277052720405, 0.02515742103899628, 0.024120461576567456, 0.022576703960684674, 0.015935812291147412, 0.007415291305059342]
----------------------------------------
