config: 
{
    "batch_size": 8,
    "gradient_accumulation_steps": 4,
    "total_round": 6,
    "drop_out": 0.5,
    "num_workers": 2,
    "step1_epochs": 10,
    "step2_epochs": 10,
    "step3_epochs": 10,
    "num_protos": 1,
    "device": "cuda",
    "seed": 100,
    "max_grad_norm": 10,
    "task_length": 8,
    "kl_temp": 2,
    "temp": 0.1,
    "bert_path": "./bert-base-uncased",
    "max_length": 256,
    "vocab_size": 30522,
    "marker_size": 4,
    "template": "[E1] [MASK] [E2]",
    "pattern": "prompt",
    "encoder_output_size": 768,
    "drop_p": 0.1,
    "f_pass": 10,
    "kappa_neg": 0.03,
    "kappa_pos": 0.05,
    "T_mult": 1,
    "rewarm_epoch_num": 2,
    "decay_rate": 0.9,
    "decay_steps": 800,
    "num_of_relation": 80,
    "rel_index": "data/fewrel/rel_index.npy",
    "relation_file": "data/fewrel/relation_name.txt",
    "rel_cluster_label": "data/fewrel/CFRLdata_10_100_10_10/rel_cluster_label_0.npy",
    "training_file": "data/fewrel/CFRLdata_10_100_10_10/train_0.txt",
    "valid_file": "data/fewrel/CFRLdata_10_100_10_10/valid_0.txt",
    "test_file": "data/fewrel/CFRLdata_10_100_10_10/test_0.txt"
}
----------------------------------------
set seed: 100
Shuffle index: [7 0 6 2 5 1 4 3]
round: 0, current_acc: [0.96, 0.896, 0.631, 0.771, 0.8, 0.716, 0.926, 0.901], history_acc: [0.96, 0.913, 0.7496666666666667, 0.71575, 0.671, 0.6586666666666666, 0.6672857142857143, 0.66775]
set seed: 200
Shuffle index: [7 6 5 2 1 0 3 4]
round: 1, current_acc: [0.964, 0.905, 0.882, 0.9, 0.8, 0.705, 0.851, 0.635], history_acc: [0.964, 0.9205, 0.8843333333333333, 0.86225, 0.7998, 0.7311666666666666, 0.7004285714285714, 0.649]
set seed: 300
Shuffle index: [7 3 2 5 0 6 4 1]
round: 2, current_acc: [0.961, 0.898, 0.903, 0.704, 0.857, 0.914, 0.712, 0.792], history_acc: [0.961, 0.904, 0.8813333333333333, 0.81325, 0.772, 0.7598333333333334, 0.7055714285714285, 0.679375]
set seed: 400
Shuffle index: [7 3 1 6 0 5 2 4]
round: 3, current_acc: [0.964, 0.617, 0.699, 0.865, 0.853, 0.884, 0.813, 0.926], history_acc: [0.964, 0.7725, 0.722, 0.69825, 0.685, 0.6936666666666667, 0.677, 0.680125]
set seed: 500
Shuffle index: [7 0 2 1 5 4 3 6]
round: 4, current_acc: [0.955, 0.827, 0.914, 0.792, 0.897, 0.681, 0.872, 0.628], history_acc: [0.955, 0.873, 0.873, 0.806, 0.7854, 0.7188333333333333, 0.7191428571428572, 0.662125]
set seed: 600
Shuffle index: [7 1 3 6 4 0 2 5]
round: 5, current_acc: [0.966, 0.887, 0.653, 0.659, 0.924, 0.88, 0.805, 0.836], history_acc: [0.966, 0.905, 0.7636666666666667, 0.70575, 0.7216, 0.718, 0.6927142857142857, 0.667]
>>>>>>>>>>>>>>>current_acc<<<<<<<<<<<<<<<


[0.966, 0.887, 0.653, 0.659, 0.924, 0.88, 0.805, 0.836]


----------------------------------------


>>>>>>>>>>>>>>>history_acc<<<<<<<<<<<<<<<


[0.966, 0.905, 0.7636666666666667, 0.70575, 0.7216, 0.718, 0.6927142857142857, 0.667]


----------------------------------------


>>>>>>>>>>>>>>>all_current_acc<<<<<<<<<<<<<<<


[0.96, 0.896, 0.631, 0.771, 0.8, 0.716, 0.926, 0.901]
[0.964, 0.905, 0.882, 0.9, 0.8, 0.705, 0.851, 0.635]
[0.961, 0.898, 0.903, 0.704, 0.857, 0.914, 0.712, 0.792]
[0.964, 0.617, 0.699, 0.865, 0.853, 0.884, 0.813, 0.926]
[0.955, 0.827, 0.914, 0.792, 0.897, 0.681, 0.872, 0.628]
[0.966, 0.887, 0.653, 0.659, 0.924, 0.88, 0.805, 0.836]


----------------------------------------


>>>>>>>>>>>>>>>all_current_acc_mean<<<<<<<<<<<<<<<


[0.9616666666666666, 0.8383333333333335, 0.7803333333333334, 0.7818333333333333, 0.8551666666666667, 0.7966666666666667, 0.8298333333333332, 0.7863333333333334]


----------------------------------------


>>>>>>>>>>>>>>>all_current_acc_std<<<<<<<<<<<<<<<


all_current_acc_std:  [0.0035901098714230056, 0.1023192172674431, 0.12136675363907898, 0.0839114943788328, 0.0457945290279187, 0.09714879767083529, 0.06615491079445444, 0.11770396009575135]


----------------------------------------


>>>>>>>>>>>>>>>all_history_acc<<<<<<<<<<<<<<<


[0.96, 0.913, 0.7496666666666667, 0.71575, 0.671, 0.6586666666666666, 0.6672857142857143, 0.66775]
[0.964, 0.9205, 0.8843333333333333, 0.86225, 0.7998, 0.7311666666666666, 0.7004285714285714, 0.649]
[0.961, 0.904, 0.8813333333333333, 0.81325, 0.772, 0.7598333333333334, 0.7055714285714285, 0.679375]
[0.964, 0.7725, 0.722, 0.69825, 0.685, 0.6936666666666667, 0.677, 0.680125]
[0.955, 0.873, 0.873, 0.806, 0.7854, 0.7188333333333333, 0.7191428571428572, 0.662125]
[0.966, 0.905, 0.7636666666666667, 0.70575, 0.7216, 0.718, 0.6927142857142857, 0.667]


----------------------------------------


>>>>>>>>>>>>>>>all_history_acc_mean<<<<<<<<<<<<<<<


all_history_acc:  [0.9616666666666666, 0.8813333333333334, 0.8123333333333332, 0.7668750000000001, 0.7391333333333333, 0.713361111111111, 0.6936904761904762, 0.6675625]


----------------------------------------


>>>>>>>>>>>>>>>all_history_acc_std<<<<<<<<<<<<<<<


all_history_acc_std:  [0.0035901098714230056, 0.05086720183204718, 0.06841187897715705, 0.0630307051496861, 0.04963408327170171, 0.03137813237523906, 0.017373922257313535, 0.01058171329464183]


----------------------------------------


