config: 
{
    "batch_size": 8,
    "gradient_accumulation_steps": 4,
    "total_round": 6,
    "drop_out": 0.5,
    "num_workers": 2,
    "step1_epochs": 10,
    "step2_epochs": 10,
    "step3_epochs": 10,
    "num_protos": 1,
    "device": "cuda",
    "seed": 100,
    "max_grad_norm": 10,
    "task_length": 8,
    "kl_temp": 2,
    "temp": 0.1,
    "bert_path": "./bert-base-uncased",
    "max_length": 256,
    "vocab_size": 30522,
    "marker_size": 4,
    "template": "[E1] [MASK] [E2]",
    "pattern": "prompt",
    "encoder_output_size": 768,
    "drop_p": 0.1,
    "f_pass": 10,
    "kappa_neg": 0.03,
    "kappa_pos": 0.05,
    "T_mult": 1,
    "rewarm_epoch_num": 2,
    "decay_rate": 0.9,
    "decay_steps": 800,
    "num_of_relation": 80,
    "rel_index": "data/fewrel/rel_index.npy",
    "relation_file": "data/fewrel/relation_name.txt",
    "rel_cluster_label": "data/fewrel/CFRLdata_10_100_10_5/rel_cluster_label_0.npy",
    "training_file": "data/fewrel/CFRLdata_10_100_10_5/train_0.txt",
    "valid_file": "data/fewrel/CFRLdata_10_100_10_5/valid_0.txt",
    "test_file": "data/fewrel/CFRLdata_10_100_10_5/test_0.txt"
}
----------------------------------------
set seed: 100
Shuffle index: [7 0 6 2 5 1 4 3]
round: 0, current_acc: [0.951, 0.747, 0.795, 0.87, 0.813, 0.773, 0.667, 0.784], history_acc: [0.951, 0.836, 0.8103333333333333, 0.76725, 0.7432, 0.685, 0.6507142857142857, 0.626375]
set seed: 200
Shuffle index: [7 6 5 2 1 0 3 4]
round: 1, current_acc: [0.96, 0.696, 0.679, 0.764, 0.782, 0.777, 0.869, 0.782], history_acc: [0.96, 0.8135, 0.7333333333333333, 0.70725, 0.7052, 0.6611666666666667, 0.6588571428571428, 0.633125]
set seed: 300
Shuffle index: [7 3 2 5 0 6 4 1]
round: 2, current_acc: [0.947, 0.788, 0.667, 0.782, 0.863, 0.651, 0.758, 0.77], history_acc: [0.947, 0.861, 0.7723333333333333, 0.746, 0.7284, 0.697, 0.668, 0.649375]
set seed: 400
Shuffle index: [7 3 1 6 0 5 2 4]
round: 3, current_acc: [0.952, 0.761, 0.843, 0.767, 0.862, 0.775, 0.77, 0.632], history_acc: [0.952, 0.8525, 0.8193333333333334, 0.762, 0.7494, 0.7121666666666666, 0.6877142857142857, 0.63625]
set seed: 500
Shuffle index: [7 0 2 1 5 4 3 6]
round: 4, current_acc: [0.952, 0.821, 0.664, 0.789, 0.811, 0.786, 0.807, 0.724], history_acc: [0.952, 0.875, 0.783, 0.7615, 0.7452, 0.6998333333333333, 0.6768571428571428, 0.65125]
set seed: 600
Shuffle index: [7 1 3 6 4 0 2 5]
round: 5, current_acc: [0.959, 0.794, 0.814, 0.766, 0.679, 0.696, 0.77, 0.859], history_acc: [0.959, 0.8675, 0.8256666666666667, 0.74025, 0.669, 0.6356666666666667, 0.6245714285714286, 0.6345]
>>>>>>>>>>>>>>>current_acc<<<<<<<<<<<<<<<


[0.959, 0.794, 0.814, 0.766, 0.679, 0.696, 0.77, 0.859]


----------------------------------------


>>>>>>>>>>>>>>>history_acc<<<<<<<<<<<<<<<


[0.959, 0.8675, 0.8256666666666667, 0.74025, 0.669, 0.6356666666666667, 0.6245714285714286, 0.6345]


----------------------------------------


>>>>>>>>>>>>>>>all_current_acc<<<<<<<<<<<<<<<


[0.951, 0.747, 0.795, 0.87, 0.813, 0.773, 0.667, 0.784]
[0.96, 0.696, 0.679, 0.764, 0.782, 0.777, 0.869, 0.782]
[0.947, 0.788, 0.667, 0.782, 0.863, 0.651, 0.758, 0.77]
[0.952, 0.761, 0.843, 0.767, 0.862, 0.775, 0.77, 0.632]
[0.952, 0.821, 0.664, 0.789, 0.811, 0.786, 0.807, 0.724]
[0.959, 0.794, 0.814, 0.766, 0.679, 0.696, 0.77, 0.859]


----------------------------------------


>>>>>>>>>>>>>>>all_current_acc_mean<<<<<<<<<<<<<<<


[0.9535, 0.7678333333333333, 0.7436666666666666, 0.7896666666666666, 0.8016666666666667, 0.743, 0.7735, 0.7585000000000001]


----------------------------------------


>>>>>>>>>>>>>>>all_current_acc_std<<<<<<<<<<<<<<<


all_current_acc_std:  [0.0045734742446707525, 0.039914143970388366, 0.07511694586147356, 0.03707050339855424, 0.061982972572222496, 0.05099346363342399, 0.060345532836601344, 0.06907423542826949]


----------------------------------------


>>>>>>>>>>>>>>>all_history_acc<<<<<<<<<<<<<<<


[0.951, 0.836, 0.8103333333333333, 0.76725, 0.7432, 0.685, 0.6507142857142857, 0.626375]
[0.96, 0.8135, 0.7333333333333333, 0.70725, 0.7052, 0.6611666666666667, 0.6588571428571428, 0.633125]
[0.947, 0.861, 0.7723333333333333, 0.746, 0.7284, 0.697, 0.668, 0.649375]
[0.952, 0.8525, 0.8193333333333334, 0.762, 0.7494, 0.7121666666666666, 0.6877142857142857, 0.63625]
[0.952, 0.875, 0.783, 0.7615, 0.7452, 0.6998333333333333, 0.6768571428571428, 0.65125]
[0.959, 0.8675, 0.8256666666666667, 0.74025, 0.669, 0.6356666666666667, 0.6245714285714286, 0.6345]


----------------------------------------


>>>>>>>>>>>>>>>all_history_acc_mean<<<<<<<<<<<<<<<


all_history_acc:  [0.9535, 0.8509166666666665, 0.7906666666666666, 0.7473749999999999, 0.7234000000000002, 0.6818055555555556, 0.6611190476190476, 0.6384791666666667]


----------------------------------------


>>>>>>>>>>>>>>>all_history_acc_std<<<<<<<<<<<<<<<


all_history_acc_std:  [0.0045734742446707525, 0.02074330547965349, 0.03192583999300974, 0.020294062144709534, 0.02845721935350205, 0.02595712573732323, 0.020213220006682485, 0.008923697578482938]


----------------------------------------


