config: 
{
    "batch_size": 8,
    "gradient_accumulation_steps": 4,
    "total_round": 6,
    "drop_out": 0.5,
    "num_workers": 2,
    "step1_epochs": 10,
    "step2_epochs": 10,
    "step3_epochs": 10,
    "num_protos": 1,
    "device": "cuda",
    "seed": 100,
    "max_grad_norm": 10,
    "task_length": 8,
    "kl_temp": 2,
    "temp": 0.1,
    "bert_path": "./bert-base-uncased",
    "max_length": 256,
    "vocab_size": 30522,
    "marker_size": 4,
    "pattern": "entity_marker",
    "template": "[E1] [MASK] [E2]",
    "encoder_output_size": 768,
    "drop_p": 0.1,
    "f_pass": 10,
    "kappa_neg": 0.03,
    "kappa_pos": 0.05,
    "T_mult": 1,
    "rewarm_epoch_num": 2,
    "decay_rate": 0.9,
    "decay_steps": 800,
    "num_of_relation": 41,
    "rel_index": "data/tacred/rel_index.npy",
    "relation_file": "data/tacred/relation_name.txt",
    "rel_cluster_label": "data/tacred/CFRLdata_10_100_10_10/rel_cluster_label_0.npy",
    "training_file": "data/tacred/CFRLdata_10_100_10_10/train_0.txt",
    "valid_file": "data/tacred/CFRLdata_10_100_10_10/valid_0.txt",
    "test_file": "data/tacred/CFRLdata_10_100_10_10/test_0.txt",
    "retain_prev": false,
    "use_entity_marker": true,
    "use_unused": true,
    "prompt_length": 1
}
----------------------------------------
set seed: 100
Shuffle index: [7 0 6 2 5 1 4 3]
round: 0, current_acc: [0.8745173745173745, 0.635593220338983, 0.632768361581921, 0.8153153153153153, 0.7782426778242678, 0.6379928315412187, 0.8120805369127517, 0.9184782608695652], history_acc: [0.8745173745173745, 0.7236238532110092, 0.6482364156339371, 0.6144767899291896, 0.5655629139072847, 0.5382895472330911, 0.5505675954592363, 0.5150801131008482]
set seed: 200
Shuffle index: [7 6 5 2 1 0 3 4]
round: 1, current_acc: [0.8571428571428571, 0.825503355704698, 0.6836158192090396, 0.7119565217391305, 0.8619246861924686, 0.632768361581921, 0.8918918918918919, 0.6702508960573477], history_acc: [0.8571428571428571, 0.815592203898051, 0.703232125367287, 0.6763485477178424, 0.6198060941828255, 0.566933991363356, 0.5453065653825285, 0.5094250706880301]
set seed: 300
Shuffle index: [7 3 2 5 0 6 4 1]
round: 2, current_acc: [0.859073359073359, 0.5271739130434783, 0.4887005649717514, 0.34050179211469533, 0.8333333333333334, 0.7046979865771812, 0.903954802259887, 0.9121338912133892], history_acc: [0.859073359073359, 0.6894586894586895, 0.6202651515151515, 0.5955056179775281, 0.6056518946692357, 0.5750293083235639, 0.5751460435475305, 0.529688972667295]
set seed: 400
Shuffle index: [7 3 1 6 0 5 2 4]
round: 3, current_acc: [0.8706563706563707, 0.6949152542372882, 0.43010752688172044, 0.6521739130434783, 0.8378378378378378, 0.6045197740112994, 0.9246861924686193, 0.7986577181208053], history_acc: [0.8706563706563707, 0.7913669064748201, 0.6837782340862423, 0.6252158894645942, 0.6398550724637682, 0.5599769319492502, 0.5250886974151039, 0.5103675777568332]
set seed: 500
Shuffle index: [7 0 2 1 5 4 3 6]
round: 4, current_acc: [0.8706563706563707, 0.7882882882882883, 0.6040268456375839, 0.891213389121339, 0.842391304347826, 0.5555555555555556, 0.652542372881356, 0.8757062146892656], history_acc: [0.8706563706563707, 0.7972972972972973, 0.749156355455568, 0.6914893617021277, 0.6692073170731707, 0.5989943431803897, 0.5809768637532133, 0.5273327049952875]
set seed: 600
Shuffle index: [7 1 3 6 4 0 2 5]
round: 5, current_acc: [0.8513513513513513, 0.625, 0.4689265536723164, 0.3906810035842294, 0.8657718120805369, 0.5084745762711864, 0.9414225941422594, 0.8738738738738738], history_acc: [0.8513513513513513, 0.7621082621082621, 0.6814562002275313, 0.6036269430051814, 0.5983167559296098, 0.5201685731487056, 0.5105263157894737, 0.5202639019792649]
>>>>>>>>>>>>>>>current_acc<<<<<<<<<<<<<<<


[0.8513513513513513, 0.625, 0.4689265536723164, 0.3906810035842294, 0.8657718120805369, 0.5084745762711864, 0.9414225941422594, 0.8738738738738738]


----------------------------------------


>>>>>>>>>>>>>>>history_acc<<<<<<<<<<<<<<<


[0.8513513513513513, 0.7621082621082621, 0.6814562002275313, 0.6036269430051814, 0.5983167559296098, 0.5201685731487056, 0.5105263157894737, 0.5202639019792649]


----------------------------------------


>>>>>>>>>>>>>>>all_current_acc<<<<<<<<<<<<<<<


[0.8745173745173745, 0.635593220338983, 0.632768361581921, 0.8153153153153153, 0.7782426778242678, 0.6379928315412187, 0.8120805369127517, 0.9184782608695652]
[0.8571428571428571, 0.825503355704698, 0.6836158192090396, 0.7119565217391305, 0.8619246861924686, 0.632768361581921, 0.8918918918918919, 0.6702508960573477]
[0.859073359073359, 0.5271739130434783, 0.4887005649717514, 0.34050179211469533, 0.8333333333333334, 0.7046979865771812, 0.903954802259887, 0.9121338912133892]
[0.8706563706563707, 0.6949152542372882, 0.43010752688172044, 0.6521739130434783, 0.8378378378378378, 0.6045197740112994, 0.9246861924686193, 0.7986577181208053]
[0.8706563706563707, 0.7882882882882883, 0.6040268456375839, 0.891213389121339, 0.842391304347826, 0.5555555555555556, 0.652542372881356, 0.8757062146892656]
[0.8513513513513513, 0.625, 0.4689265536723164, 0.3906810035842294, 0.8657718120805369, 0.5084745762711864, 0.9414225941422594, 0.8738738738738738]


----------------------------------------


>>>>>>>>>>>>>>>all_current_acc_mean<<<<<<<<<<<<<<<


[0.8638996138996138, 0.682745671935456, 0.5513576119923888, 0.6336403224863646, 0.8365836086027117, 0.607334847589727, 0.8544297317594608, 0.8415168091373747]


----------------------------------------


>>>>>>>>>>>>>>>all_current_acc_std<<<<<<<<<<<<<<<


all_current_acc_std:  [0.008470042844973127, 0.10118266267724248, 0.09337769162039548, 0.2044447917936663, 0.0287043909240874, 0.06262152108159888, 0.09908904615355774, 0.08592113349841282]


----------------------------------------


>>>>>>>>>>>>>>>all_history_acc<<<<<<<<<<<<<<<


[0.8745173745173745, 0.7236238532110092, 0.6482364156339371, 0.6144767899291896, 0.5655629139072847, 0.5382895472330911, 0.5505675954592363, 0.5150801131008482]
[0.8571428571428571, 0.815592203898051, 0.703232125367287, 0.6763485477178424, 0.6198060941828255, 0.566933991363356, 0.5453065653825285, 0.5094250706880301]
[0.859073359073359, 0.6894586894586895, 0.6202651515151515, 0.5955056179775281, 0.6056518946692357, 0.5750293083235639, 0.5751460435475305, 0.529688972667295]
[0.8706563706563707, 0.7913669064748201, 0.6837782340862423, 0.6252158894645942, 0.6398550724637682, 0.5599769319492502, 0.5250886974151039, 0.5103675777568332]
[0.8706563706563707, 0.7972972972972973, 0.749156355455568, 0.6914893617021277, 0.6692073170731707, 0.5989943431803897, 0.5809768637532133, 0.5273327049952875]
[0.8513513513513513, 0.7621082621082621, 0.6814562002275313, 0.6036269430051814, 0.5983167559296098, 0.5201685731487056, 0.5105263157894737, 0.5202639019792649]


----------------------------------------


>>>>>>>>>>>>>>>all_history_acc_mean<<<<<<<<<<<<<<<


all_history_acc:  [0.8638996138996138, 0.7632412020746883, 0.6810207470476195, 0.6344438582994105, 0.616400008037649, 0.5598987825330594, 0.5479353468911811, 0.5186930568645931]


----------------------------------------


>>>>>>>>>>>>>>>all_history_acc_std<<<<<<<<<<<<<<<


all_history_acc_std:  [0.008470042844973127, 0.04417046017722842, 0.04063999382580288, 0.03642320805351636, 0.03260186458123099, 0.025338852024829814, 0.025057959726945505, 0.007813276855448265]


----------------------------------------


