config: 
{
    "batch_size": 8,
    "gradient_accumulation_steps": 4,
    "total_round": 6,
    "drop_out": 0.5,
    "num_workers": 2,
    "step1_epochs": 10,
    "step2_epochs": 10,
    "step3_epochs": 10,
    "num_protos": 1,
    "device": "cuda",
    "seed": 100,
    "max_grad_norm": 10,
    "task_length": 8,
    "kl_temp": 2,
    "temp": 0.1,
    "bert_path": "./bert-base-uncased",
    "max_length": 256,
    "vocab_size": 30522,
    "marker_size": 4,
    "pattern": "hardprompt",
    "template": "[E1] [MASK] [E2]",
    "encoder_output_size": 768,
    "drop_p": 0.1,
    "f_pass": 10,
    "kappa_neg": 0.03,
    "kappa_pos": 0.05,
    "T_mult": 1,
    "rewarm_epoch_num": 2,
    "decay_rate": 0.9,
    "decay_steps": 800,
    "num_of_relation": 41,
    "rel_index": "data/tacred/rel_index.npy",
    "relation_file": "data/tacred/relation_name.txt",
    "rel_cluster_label": "data/tacred/CFRLdata_10_100_10_10/rel_cluster_label_0.npy",
    "training_file": "data/tacred/CFRLdata_10_100_10_10/train_0.txt",
    "valid_file": "data/tacred/CFRLdata_10_100_10_10/valid_0.txt",
    "test_file": "data/tacred/CFRLdata_10_100_10_10/test_0.txt",
    "retain_prev": false,
    "use_entity_marker": true,
    "use_unused": true,
    "prompt_length": 1
}
----------------------------------------
set seed: 100
Shuffle index: [7 0 6 2 5 1 4 3]
round: 0, current_acc: [0.8861003861003861, 0.5254237288135594, 0.8870056497175142, 0.8378378378378378, 0.7782426778242678, 0.6989247311827957, 0.8657718120805369, 0.907608695652174], history_acc: [0.8861003861003861, 0.7213302752293578, 0.646329837940896, 0.5940204563335956, 0.5827814569536424, 0.5528228060368922, 0.542827657378741, 0.5179076343072573]
set seed: 200
Shuffle index: [7 6 5 2 1 0 3 4]
round: 1, current_acc: [0.8764478764478765, 0.825503355704698, 0.6129943502824858, 0.7065217391304348, 0.7196652719665272, 0.615819209039548, 0.8558558558558559, 0.7240143369175627], history_acc: [0.8764478764478765, 0.8605697151424287, 0.7375122428991185, 0.6771784232365146, 0.6301939058171745, 0.5743368291178285, 0.5637547476939773, 0.5155513666352498]
set seed: 300
Shuffle index: [7 3 2 5 0 6 4 1]
round: 2, current_acc: [0.8783783783783784, 0.6684782608695652, 0.6751412429378532, 0.4767025089605735, 0.8153153153153153, 0.8926174496644296, 0.9265536723163842, 0.9497907949790795], history_acc: [0.8783783783783784, 0.7891737891737892, 0.7111742424242424, 0.6359550561797753, 0.6191393705844573, 0.61957796014068, 0.5454062665958577, 0.5362865221489161]
set seed: 400
Shuffle index: [7 3 1 6 0 5 2 4]
round: 3, current_acc: [0.8976833976833977, 0.6384180790960452, 0.45161290322580644, 0.7608695652173914, 0.8423423423423423, 0.5084745762711864, 0.9665271966527197, 0.8523489932885906], history_acc: [0.8976833976833977, 0.8201438848920863, 0.6930184804928131, 0.6614853195164075, 0.6043478260869565, 0.5899653979238755, 0.5762797769893563, 0.5438265786993403]
set seed: 500
Shuffle index: [7 0 2 1 5 4 3 6]
round: 4, current_acc: [0.8841698841698842, 0.6846846846846847, 0.8926174496644296, 0.8535564853556485, 0.8913043478260869, 0.5555555555555556, 0.556497175141243, 0.903954802259887], history_acc: [0.8841698841698842, 0.7878378378378378, 0.7997750281214848, 0.7526595744680851, 0.6897865853658537, 0.6473915776241358, 0.6159383033419024, 0.6032045240339302]
set seed: 600
Shuffle index: [7 1 3 6 4 0 2 5]
round: 5, current_acc: [0.8822393822393823, 0.6521739130434783, 0.8813559322033898, 0.4767025089605735, 0.8791946308724832, 0.6666666666666666, 0.8870292887029289, 0.8333333333333334], history_acc: [0.8822393822393823, 0.7578347578347578, 0.7428896473265074, 0.6459412780656304, 0.6694720734506503, 0.6062612883804936, 0.5847368421052631, 0.5607917059377945]
>>>>>>>>>>>>>>>current_acc<<<<<<<<<<<<<<<


[0.8822393822393823, 0.6521739130434783, 0.8813559322033898, 0.4767025089605735, 0.8791946308724832, 0.6666666666666666, 0.8870292887029289, 0.8333333333333334]


----------------------------------------


>>>>>>>>>>>>>>>history_acc<<<<<<<<<<<<<<<


[0.8822393822393823, 0.7578347578347578, 0.7428896473265074, 0.6459412780656304, 0.6694720734506503, 0.6062612883804936, 0.5847368421052631, 0.5607917059377945]


----------------------------------------


>>>>>>>>>>>>>>>all_current_acc<<<<<<<<<<<<<<<


[0.8861003861003861, 0.5254237288135594, 0.8870056497175142, 0.8378378378378378, 0.7782426778242678, 0.6989247311827957, 0.8657718120805369, 0.907608695652174]
[0.8764478764478765, 0.825503355704698, 0.6129943502824858, 0.7065217391304348, 0.7196652719665272, 0.615819209039548, 0.8558558558558559, 0.7240143369175627]
[0.8783783783783784, 0.6684782608695652, 0.6751412429378532, 0.4767025089605735, 0.8153153153153153, 0.8926174496644296, 0.9265536723163842, 0.9497907949790795]
[0.8976833976833977, 0.6384180790960452, 0.45161290322580644, 0.7608695652173914, 0.8423423423423423, 0.5084745762711864, 0.9665271966527197, 0.8523489932885906]
[0.8841698841698842, 0.6846846846846847, 0.8926174496644296, 0.8535564853556485, 0.8913043478260869, 0.5555555555555556, 0.556497175141243, 0.903954802259887]
[0.8822393822393823, 0.6521739130434783, 0.8813559322033898, 0.4767025089605735, 0.8791946308724832, 0.6666666666666666, 0.8870292887029289, 0.8333333333333334]


----------------------------------------


>>>>>>>>>>>>>>>all_current_acc_mean<<<<<<<<<<<<<<<


[0.8841698841698843, 0.6657803370353385, 0.7334545880052464, 0.6853651075770766, 0.8210107643578372, 0.656343031396697, 0.8430391667916114, 0.8618418260717711]


----------------------------------------


>>>>>>>>>>>>>>>all_current_acc_std<<<<<<<<<<<<<<<


all_current_acc_std:  [0.006870706725888861, 0.08804345636371837, 0.16739743280817695, 0.1553302714311517, 0.05903959492336036, 0.12343065179530556, 0.13350808379842227, 0.0724596382425986]


----------------------------------------


>>>>>>>>>>>>>>>all_history_acc<<<<<<<<<<<<<<<


[0.8861003861003861, 0.7213302752293578, 0.646329837940896, 0.5940204563335956, 0.5827814569536424, 0.5528228060368922, 0.542827657378741, 0.5179076343072573]
[0.8764478764478765, 0.8605697151424287, 0.7375122428991185, 0.6771784232365146, 0.6301939058171745, 0.5743368291178285, 0.5637547476939773, 0.5155513666352498]
[0.8783783783783784, 0.7891737891737892, 0.7111742424242424, 0.6359550561797753, 0.6191393705844573, 0.61957796014068, 0.5454062665958577, 0.5362865221489161]
[0.8976833976833977, 0.8201438848920863, 0.6930184804928131, 0.6614853195164075, 0.6043478260869565, 0.5899653979238755, 0.5762797769893563, 0.5438265786993403]
[0.8841698841698842, 0.7878378378378378, 0.7997750281214848, 0.7526595744680851, 0.6897865853658537, 0.6473915776241358, 0.6159383033419024, 0.6032045240339302]
[0.8822393822393823, 0.7578347578347578, 0.7428896473265074, 0.6459412780656304, 0.6694720734506503, 0.6062612883804936, 0.5847368421052631, 0.5607917059377945]


----------------------------------------


>>>>>>>>>>>>>>>all_history_acc_mean<<<<<<<<<<<<<<<


all_history_acc:  [0.8841698841698843, 0.7894817100183763, 0.721783246534177, 0.6612066846333348, 0.6326202030431224, 0.5983926432039842, 0.5714905990175163, 0.5462613886270814]


----------------------------------------


>>>>>>>>>>>>>>>all_history_acc_std<<<<<<<<<<<<<<<


all_history_acc_std:  [0.006870706725888861, 0.04405038444366829, 0.04727363443855495, 0.0483105781737843, 0.036735321996076105, 0.030653818464498186, 0.02495261381854621, 0.02973807292154258]


----------------------------------------


