config: 
{
    "batch_size": 8,
    "gradient_accumulation_steps": 4,
    "total_round": 6,
    "drop_out": 0.5,
    "num_workers": 2,
    "step1_epochs": 10,
    "step2_epochs": 10,
    "step3_epochs": 10,
    "num_protos": 1,
    "device": "cuda",
    "seed": 100,
    "max_grad_norm": 10,
    "task_length": 8,
    "kl_temp": 2,
    "temp": 0.1,
    "bert_path": "./bert-base-uncased",
    "max_length": 256,
    "vocab_size": 30522,
    "marker_size": 4,
    "pattern": "hybridprompt",
    "template": "[E1] [MASK] [E2]",
    "encoder_output_size": 768,
    "drop_p": 0.1,
    "f_pass": 10,
    "kappa_neg": 0.03,
    "kappa_pos": 0.05,
    "T_mult": 1,
    "rewarm_epoch_num": 2,
    "decay_rate": 0.9,
    "decay_steps": 800,
    "num_of_relation": 41,
    "rel_index": "data/tacred/rel_index.npy",
    "relation_file": "data/tacred/relation_name.txt",
    "rel_cluster_label": "data/tacred/CFRLdata_10_100_10_10/rel_cluster_label_0.npy",
    "training_file": "data/tacred/CFRLdata_10_100_10_10/train_0.txt",
    "valid_file": "data/tacred/CFRLdata_10_100_10_10/valid_0.txt",
    "test_file": "data/tacred/CFRLdata_10_100_10_10/test_0.txt",
    "retain_prev": false,
    "use_entity_marker": true,
    "use_unused": true,
    "prompt_length": 3
}
----------------------------------------
set seed: 100
Shuffle index: [7 0 6 2 5 1 4 3]
round: 0, current_acc: [0.8783783783783784, 0.5056497175141242, 0.8757062146892656, 0.8873873873873874, 0.7238493723849372, 0.6164874551971327, 0.8322147651006712, 0.8641304347826086], history_acc: [0.8783783783783784, 0.7224770642201835, 0.6596758817921831, 0.6026750590086546, 0.5576158940397351, 0.4946897708216881, 0.4850361197110423, 0.48114985862393966]
set seed: 200
Shuffle index: [7 6 5 2 1 0 3 4]
round: 1, current_acc: [0.8764478764478765, 0.8053691275167785, 0.4745762711864407, 0.6793478260869565, 0.6861924686192469, 0.7909604519774012, 0.8333333333333334, 0.6164874551971327], history_acc: [0.8764478764478765, 0.8605697151424287, 0.7257590597453477, 0.6813278008298755, 0.6246537396121884, 0.5885256014805675, 0.5648399348887683, 0.4882186616399623]
set seed: 300
Shuffle index: [7 3 2 5 0 6 4 1]
round: 2, current_acc: [0.8803088803088803, 0.6467391304347826, 0.6666666666666666, 0.5878136200716846, 0.8693693693693694, 0.825503355704698, 0.8757062146892656, 0.9330543933054394], history_acc: [0.8803088803088803, 0.7264957264957265, 0.7083333333333334, 0.6644194756554307, 0.6165703275529865, 0.6037514654161782, 0.5878916622411047, 0.5230914231856739]
set seed: 400
Shuffle index: [7 3 1 6 0 5 2 4]
round: 3, current_acc: [0.8667953667953668, 0.576271186440678, 0.33691756272401435, 0.6195652173913043, 0.7657657657657657, 0.3333333333333333, 0.803347280334728, 0.7718120805369127], history_acc: [0.8667953667953668, 0.7597122302158273, 0.6190965092402464, 0.5716753022452504, 0.5717391304347826, 0.5190311418685121, 0.4931576279776989, 0.5249764373232799]
set seed: 500
Shuffle index: [7 0 2 1 5 4 3 6]
round: 4, current_acc: [0.859073359073359, 0.8108108108108109, 0.8389261744966443, 0.7531380753138075, 0.9021739130434783, 0.5376344086021505, 0.7005649717514124, 0.655367231638418], history_acc: [0.859073359073359, 0.8243243243243243, 0.8177727784026997, 0.7579787234042553, 0.7088414634146342, 0.6348208673790069, 0.6179948586118252, 0.5428840716305372]
set seed: 600
Shuffle index: [7 1 3 6 4 0 2 5]
round: 5, current_acc: [0.8745173745173745, 0.6521739130434783, 0.9491525423728814, 0.43010752688172044, 0.912751677852349, 0.652542372881356, 0.8410041841004184, 0.8828828828828829], history_acc: [0.8745173745173745, 0.6794871794871795, 0.7406143344709898, 0.6355785837651122, 0.6679418515684774, 0.6646598434677905, 0.6394736842105263, 0.5702167766258247]
>>>>>>>>>>>>>>>current_acc<<<<<<<<<<<<<<<


[0.8745173745173745, 0.6521739130434783, 0.9491525423728814, 0.43010752688172044, 0.912751677852349, 0.652542372881356, 0.8410041841004184, 0.8828828828828829]


----------------------------------------


>>>>>>>>>>>>>>>history_acc<<<<<<<<<<<<<<<


[0.8745173745173745, 0.6794871794871795, 0.7406143344709898, 0.6355785837651122, 0.6679418515684774, 0.6646598434677905, 0.6394736842105263, 0.5702167766258247]


----------------------------------------


>>>>>>>>>>>>>>>all_current_acc<<<<<<<<<<<<<<<


[0.8783783783783784, 0.5056497175141242, 0.8757062146892656, 0.8873873873873874, 0.7238493723849372, 0.6164874551971327, 0.8322147651006712, 0.8641304347826086]
[0.8764478764478765, 0.8053691275167785, 0.4745762711864407, 0.6793478260869565, 0.6861924686192469, 0.7909604519774012, 0.8333333333333334, 0.6164874551971327]
[0.8803088803088803, 0.6467391304347826, 0.6666666666666666, 0.5878136200716846, 0.8693693693693694, 0.825503355704698, 0.8757062146892656, 0.9330543933054394]
[0.8667953667953668, 0.576271186440678, 0.33691756272401435, 0.6195652173913043, 0.7657657657657657, 0.3333333333333333, 0.803347280334728, 0.7718120805369127]
[0.859073359073359, 0.8108108108108109, 0.8389261744966443, 0.7531380753138075, 0.9021739130434783, 0.5376344086021505, 0.7005649717514124, 0.655367231638418]
[0.8745173745173745, 0.6521739130434783, 0.9491525423728814, 0.43010752688172044, 0.912751677852349, 0.652542372881356, 0.8410041841004184, 0.8828828828828829]


----------------------------------------


>>>>>>>>>>>>>>>all_current_acc_mean<<<<<<<<<<<<<<<


[0.8725868725868725, 0.6661689809601087, 0.6903242386893188, 0.6595599421888102, 0.8100170945058579, 0.6260768962826787, 0.814361791551638, 0.787289079723899]


----------------------------------------


>>>>>>>>>>>>>>>all_current_acc_std<<<<<<<<<<<<<<<


all_current_acc_std:  [0.007393259519353982, 0.11159403221654565, 0.2219024740554265, 0.14168585895874056, 0.08877458415988021, 0.1639465084326099, 0.05510994926345144, 0.11769055622003492]


----------------------------------------


>>>>>>>>>>>>>>>all_history_acc<<<<<<<<<<<<<<<


[0.8783783783783784, 0.7224770642201835, 0.6596758817921831, 0.6026750590086546, 0.5576158940397351, 0.4946897708216881, 0.4850361197110423, 0.48114985862393966]
[0.8764478764478765, 0.8605697151424287, 0.7257590597453477, 0.6813278008298755, 0.6246537396121884, 0.5885256014805675, 0.5648399348887683, 0.4882186616399623]
[0.8803088803088803, 0.7264957264957265, 0.7083333333333334, 0.6644194756554307, 0.6165703275529865, 0.6037514654161782, 0.5878916622411047, 0.5230914231856739]
[0.8667953667953668, 0.7597122302158273, 0.6190965092402464, 0.5716753022452504, 0.5717391304347826, 0.5190311418685121, 0.4931576279776989, 0.5249764373232799]
[0.859073359073359, 0.8243243243243243, 0.8177727784026997, 0.7579787234042553, 0.7088414634146342, 0.6348208673790069, 0.6179948586118252, 0.5428840716305372]
[0.8745173745173745, 0.6794871794871795, 0.7406143344709898, 0.6355785837651122, 0.6679418515684774, 0.6646598434677905, 0.6394736842105263, 0.5702167766258247]


----------------------------------------


>>>>>>>>>>>>>>>all_history_acc_mean<<<<<<<<<<<<<<<


all_history_acc:  [0.8725868725868725, 0.7621777066476118, 0.7118753161641332, 0.6522758241514298, 0.6245604011038007, 0.5842464484056239, 0.5647323146068276, 0.521756204838203]


----------------------------------------


>>>>>>>>>>>>>>>all_history_acc_std<<<<<<<<<<<<<<<


all_history_acc_std:  [0.007393259519353982, 0.062231203316229736, 0.06268731347328108, 0.05972166887884202, 0.05215481977923478, 0.060133570083804086, 0.05835802877641937, 0.03049756447958236]


----------------------------------------


