config: 
{
    "batch_size": 8,
    "gradient_accumulation_steps": 4,
    "total_round": 6,
    "drop_out": 0.5,
    "num_workers": 2,
    "step1_epochs": 10,
    "step2_epochs": 10,
    "step3_epochs": 10,
    "num_protos": 3,
    "device": "cuda",
    "seed": 100,
    "max_grad_norm": 10,
    "task_length": 8,
    "kl_temp": 2,
    "temp": 0.1,
    "bert_path": "./bert-base-uncased",
    "max_length": 256,
    "vocab_size": 30522,
    "marker_size": 4,
    "pattern": "hybridprompt",
    "template": "[E1] [MASK] [E2]",
    "encoder_output_size": 768,
    "drop_p": 0.1,
    "f_pass": 10,
    "kappa_neg": 0.03,
    "kappa_pos": 0.05,
    "T_mult": 1,
    "rewarm_epoch_num": 2,
    "decay_rate": 0.9,
    "decay_steps": 800,
    "num_of_relation": 41,
    "rel_index": "data/tacred/rel_index.npy",
    "relation_file": "data/tacred/relation_name.txt",
    "rel_cluster_label": "data/tacred/CFRLdata_10_100_10_10/rel_cluster_label_0.npy",
    "training_file": "data/tacred/CFRLdata_10_100_10_10/train_0.txt",
    "valid_file": "data/tacred/CFRLdata_10_100_10_10/valid_0.txt",
    "test_file": "data/tacred/CFRLdata_10_100_10_10/test_0.txt",
    "retain_prev": false,
    "use_entity_marker": true,
    "use_unused": true,
    "prompt_length": 1
}
----------------------------------------
set seed: 100
Shuffle index: [7 0 6 2 5 1 4 3]
round: 0, current_acc: [0.8783783783783784, 0.559322033898305, 0.5932203389830508, 0.8738738738738738, 0.8451882845188284, 0.6487455197132617, 0.7785234899328859, 0.8586956521739131], history_acc: [0.8783783783783784, 0.7029816513761468, 0.6739752144899904, 0.5830055074744296, 0.5602649006622517, 0.5371716042481833, 0.5675954592363261, 0.53440150801131]
set seed: 200
Shuffle index: [7 6 5 2 1 0 3 4]
round: 1, current_acc: [0.8918918918918919, 0.8859060402684564, 0.6214689265536724, 0.9021739130434783, 0.8786610878661087, 0.6214689265536724, 0.8423423423423423, 0.6415770609318996], history_acc: [0.8918918918918919, 0.8545727136431784, 0.761998041136141, 0.6224066390041494, 0.628808864265928, 0.5768044417026527, 0.5876288659793815, 0.5367577756833176]
set seed: 300
Shuffle index: [7 3 2 5 0 6 4 1]
round: 2, current_acc: [0.8783783783783784, 0.8478260869565217, 0.6892655367231638, 0.6523297491039427, 0.8468468468468469, 0.7718120805369127, 0.9491525423728814, 0.895397489539749], history_acc: [0.8783783783783784, 0.688034188034188, 0.759469696969697, 0.6464419475655431, 0.6319845857418112, 0.6295427901524033, 0.5878916622411047, 0.5786993402450519]
set seed: 400
Shuffle index: [7 3 1 6 0 5 2 4]
round: 3, current_acc: [0.8918918918918919, 0.672316384180791, 0.6487455197132617, 0.8913043478260869, 0.8153153153153153, 0.5169491525423728, 0.9121338912133892, 0.7449664429530202], history_acc: [0.8918918918918919, 0.7697841726618705, 0.6632443531827515, 0.6701208981001727, 0.6456521739130435, 0.6061130334486736, 0.6051697921946275, 0.6003770028275212]
set seed: 500
Shuffle index: [7 0 2 1 5 4 3 6]
round: 4, current_acc: [0.8146718146718147, 0.8603603603603603, 0.8657718120805369, 0.6903765690376569, 0.9184782608695652, 0.5949820788530465, 0.5310734463276836, 0.6666666666666666], history_acc: [0.8146718146718147, 0.8202702702702702, 0.8020247469066367, 0.7544326241134752, 0.6989329268292683, 0.6367064739157763, 0.5984575835475578, 0.5768143261074458]
set seed: 600
Shuffle index: [7 1 3 6 4 0 2 5]
round: 5, current_acc: [0.862934362934363, 0.8913043478260869, 0.8192090395480226, 0.7168458781362007, 0.87248322147651, 0.6694915254237288, 0.8117154811715481, 0.8243243243243243], history_acc: [0.862934362934363, 0.7350427350427351, 0.7770193401592719, 0.6666666666666666, 0.6824789594491201, 0.6411800120409392, 0.6263157894736842, 0.6036757775683318]
>>>>>>>>>>>>>>>current_acc<<<<<<<<<<<<<<<


[0.862934362934363, 0.8913043478260869, 0.8192090395480226, 0.7168458781362007, 0.87248322147651, 0.6694915254237288, 0.8117154811715481, 0.8243243243243243]


----------------------------------------


>>>>>>>>>>>>>>>history_acc<<<<<<<<<<<<<<<


[0.862934362934363, 0.7350427350427351, 0.7770193401592719, 0.6666666666666666, 0.6824789594491201, 0.6411800120409392, 0.6263157894736842, 0.6036757775683318]


----------------------------------------


>>>>>>>>>>>>>>>all_current_acc<<<<<<<<<<<<<<<


[0.8783783783783784, 0.559322033898305, 0.5932203389830508, 0.8738738738738738, 0.8451882845188284, 0.6487455197132617, 0.7785234899328859, 0.8586956521739131]
[0.8918918918918919, 0.8859060402684564, 0.6214689265536724, 0.9021739130434783, 0.8786610878661087, 0.6214689265536724, 0.8423423423423423, 0.6415770609318996]
[0.8783783783783784, 0.8478260869565217, 0.6892655367231638, 0.6523297491039427, 0.8468468468468469, 0.7718120805369127, 0.9491525423728814, 0.895397489539749]
[0.8918918918918919, 0.672316384180791, 0.6487455197132617, 0.8913043478260869, 0.8153153153153153, 0.5169491525423728, 0.9121338912133892, 0.7449664429530202]
[0.8146718146718147, 0.8603603603603603, 0.8657718120805369, 0.6903765690376569, 0.9184782608695652, 0.5949820788530465, 0.5310734463276836, 0.6666666666666666]
[0.862934362934363, 0.8913043478260869, 0.8192090395480226, 0.7168458781362007, 0.87248322147651, 0.6694915254237288, 0.8117154811715481, 0.8243243243243243]


----------------------------------------


>>>>>>>>>>>>>>>all_current_acc_mean<<<<<<<<<<<<<<<


[0.8696911196911197, 0.7861725422484204, 0.7062801956002848, 0.7878173885035399, 0.8628288361488624, 0.6372415472704992, 0.8041568655601218, 0.7719379394315955]


----------------------------------------


>>>>>>>>>>>>>>>all_current_acc_std<<<<<<<<<<<<<<<


all_current_acc_std:  [0.026487302575313194, 0.1256508634877106, 0.10146076384871833, 0.1033450959496498, 0.032313241682267194, 0.07722966761666622, 0.13504917096875613, 0.0951463396479073]


----------------------------------------


>>>>>>>>>>>>>>>all_history_acc<<<<<<<<<<<<<<<


[0.8783783783783784, 0.7029816513761468, 0.6739752144899904, 0.5830055074744296, 0.5602649006622517, 0.5371716042481833, 0.5675954592363261, 0.53440150801131]
[0.8918918918918919, 0.8545727136431784, 0.761998041136141, 0.6224066390041494, 0.628808864265928, 0.5768044417026527, 0.5876288659793815, 0.5367577756833176]
[0.8783783783783784, 0.688034188034188, 0.759469696969697, 0.6464419475655431, 0.6319845857418112, 0.6295427901524033, 0.5878916622411047, 0.5786993402450519]
[0.8918918918918919, 0.7697841726618705, 0.6632443531827515, 0.6701208981001727, 0.6456521739130435, 0.6061130334486736, 0.6051697921946275, 0.6003770028275212]
[0.8146718146718147, 0.8202702702702702, 0.8020247469066367, 0.7544326241134752, 0.6989329268292683, 0.6367064739157763, 0.5984575835475578, 0.5768143261074458]
[0.862934362934363, 0.7350427350427351, 0.7770193401592719, 0.6666666666666666, 0.6824789594491201, 0.6411800120409392, 0.6263157894736842, 0.6036757775683318]


----------------------------------------


>>>>>>>>>>>>>>>all_history_acc_mean<<<<<<<<<<<<<<<


all_history_acc:  [0.8696911196911197, 0.7617809551713982, 0.7396218988074148, 0.6571790471540727, 0.6413537351435704, 0.6045863925847714, 0.5955098587787803, 0.5717876217404964]


----------------------------------------


>>>>>>>>>>>>>>>all_history_acc_std<<<<<<<<<<<<<<<


all_history_acc_std:  [0.026487302575313194, 0.060147371952653586, 0.05217011843556512, 0.052506958786513395, 0.04443286656782144, 0.03722126520950459, 0.018029463981202545, 0.02748350540803115]


----------------------------------------


