config: 
{
    "batch_size": 8,
    "gradient_accumulation_steps": 4,
    "total_round": 6,
    "drop_out": 0.5,
    "num_workers": 2,
    "step1_epochs": 10,
    "step2_epochs": 10,
    "step3_epochs": 10,
    "num_protos": 2,
    "device": "cuda",
    "seed": 100,
    "max_grad_norm": 10,
    "task_length": 8,
    "kl_temp": 2,
    "temp": 0.1,
    "bert_path": "./bert-base-uncased",
    "max_length": 256,
    "vocab_size": 30522,
    "marker_size": 4,
    "pattern": "hybridprompt",
    "template": "[E1] [MASK] [E2]",
    "encoder_output_size": 768,
    "drop_p": 0.1,
    "f_pass": 10,
    "kappa_neg": 0.03,
    "kappa_pos": 0.05,
    "T_mult": 1,
    "rewarm_epoch_num": 2,
    "decay_rate": 0.9,
    "decay_steps": 800,
    "num_of_relation": 41,
    "rel_index": "data/tacred/rel_index.npy",
    "relation_file": "data/tacred/relation_name.txt",
    "rel_cluster_label": "data/tacred/CFRLdata_10_100_10_10/rel_cluster_label_0.npy",
    "training_file": "data/tacred/CFRLdata_10_100_10_10/train_0.txt",
    "valid_file": "data/tacred/CFRLdata_10_100_10_10/valid_0.txt",
    "test_file": "data/tacred/CFRLdata_10_100_10_10/test_0.txt",
    "retain_prev": false,
    "use_entity_marker": true,
    "use_unused": true,
    "prompt_length": 1
}
----------------------------------------
set seed: 100
Shuffle index: [7 0 6 2 5 1 4 3]
round: 0, current_acc: [0.8861003861003861, 0.559322033898305, 0.5254237288135594, 0.8108108108108109, 0.7531380753138075, 0.7347670250896058, 0.8322147651006712, 0.8641304347826086], history_acc: [0.8861003861003861, 0.7293577981651376, 0.6587225929456625, 0.6105428796223447, 0.6125827814569537, 0.5645612073784237, 0.5557275541795665, 0.5174363807728558]
set seed: 200
Shuffle index: [7 6 5 2 1 0 3 4]
round: 1, current_acc: [0.8648648648648649, 0.8791946308724832, 0.672316384180791, 0.9130434782608695, 0.9414225941422594, 0.711864406779661, 0.9054054054054054, 0.7598566308243727], history_acc: [0.8648648648648649, 0.881559220389805, 0.7590597453476984, 0.6431535269709544, 0.6696675900277008, 0.5996298581122764, 0.6044492674986435, 0.5141376060320453]
set seed: 300
Shuffle index: [7 3 2 5 0 6 4 1]
round: 2, current_acc: [0.8783783783783784, 0.7391304347826086, 0.5480225988700564, 0.6774193548387096, 0.8018018018018018, 0.8389261744966443, 0.768361581920904, 0.8410041841004184], history_acc: [0.8783783783783784, 0.8091168091168092, 0.7017045454545454, 0.6202247191011236, 0.6403339755940912, 0.6207502930832356, 0.5778013807753585, 0.562205466540999]
set seed: 400
Shuffle index: [7 3 1 6 0 5 2 4]
round: 3, current_acc: [0.8301158301158301, 0.7401129943502824, 0.5842293906810035, 0.8478260869565217, 0.8378378378378378, 0.4943502824858757, 0.891213389121339, 0.7718120805369127], history_acc: [0.8301158301158301, 0.8172661870503597, 0.6252566735112937, 0.5354058721934369, 0.5666666666666667, 0.5282583621683967, 0.5098834262544348, 0.528746465598492]
set seed: 500
Shuffle index: [7 0 2 1 5 4 3 6]
round: 4, current_acc: [0.8532818532818532, 0.7612612612612613, 0.8053691275167785, 0.799163179916318, 0.9184782608695652, 0.6379928315412187, 0.6384180790960452, 0.7062146892655368], history_acc: [0.8532818532818532, 0.8162162162162162, 0.8110236220472441, 0.7898936170212766, 0.7278963414634146, 0.627906976744186, 0.6123393316195372, 0.5871819038642789]
set seed: 600
Shuffle index: [7 1 3 6 4 0 2 5]
round: 5, current_acc: [0.859073359073359, 0.842391304347826, 0.864406779661017, 0.5591397849462365, 0.87248322147651, 0.5508474576271186, 0.899581589958159, 0.8468468468468469], history_acc: [0.859073359073359, 0.8148148148148148, 0.7963594994311718, 0.5906735751295337, 0.6419280795715379, 0.5900060204695966, 0.5694736842105264, 0.5716305372290292]
>>>>>>>>>>>>>>>current_acc<<<<<<<<<<<<<<<


[0.859073359073359, 0.842391304347826, 0.864406779661017, 0.5591397849462365, 0.87248322147651, 0.5508474576271186, 0.899581589958159, 0.8468468468468469]


----------------------------------------


>>>>>>>>>>>>>>>history_acc<<<<<<<<<<<<<<<


[0.859073359073359, 0.8148148148148148, 0.7963594994311718, 0.5906735751295337, 0.6419280795715379, 0.5900060204695966, 0.5694736842105264, 0.5716305372290292]


----------------------------------------


>>>>>>>>>>>>>>>all_current_acc<<<<<<<<<<<<<<<


[0.8861003861003861, 0.559322033898305, 0.5254237288135594, 0.8108108108108109, 0.7531380753138075, 0.7347670250896058, 0.8322147651006712, 0.8641304347826086]
[0.8648648648648649, 0.8791946308724832, 0.672316384180791, 0.9130434782608695, 0.9414225941422594, 0.711864406779661, 0.9054054054054054, 0.7598566308243727]
[0.8783783783783784, 0.7391304347826086, 0.5480225988700564, 0.6774193548387096, 0.8018018018018018, 0.8389261744966443, 0.768361581920904, 0.8410041841004184]
[0.8301158301158301, 0.7401129943502824, 0.5842293906810035, 0.8478260869565217, 0.8378378378378378, 0.4943502824858757, 0.891213389121339, 0.7718120805369127]
[0.8532818532818532, 0.7612612612612613, 0.8053691275167785, 0.799163179916318, 0.9184782608695652, 0.6379928315412187, 0.6384180790960452, 0.7062146892655368]
[0.859073359073359, 0.842391304347826, 0.864406779661017, 0.5591397849462365, 0.87248322147651, 0.5508474576271186, 0.899581589958159, 0.8468468468468469]


----------------------------------------


>>>>>>>>>>>>>>>all_current_acc_mean<<<<<<<<<<<<<<<


[0.861969111969112, 0.7535687765854612, 0.6666280016205343, 0.7679004492882445, 0.8541936319069636, 0.6614580296700207, 0.8225324684337539, 0.7983108110594493]


----------------------------------------


>>>>>>>>>>>>>>>all_current_acc_std<<<<<<<<<<<<<<<


all_current_acc_std:  [0.018066789113727753, 0.10153143343982557, 0.1285776821352301, 0.11693381838861674, 0.06493657911105886, 0.11555681678348648, 0.09526095724553672, 0.056529190225001025]


----------------------------------------


>>>>>>>>>>>>>>>all_history_acc<<<<<<<<<<<<<<<


[0.8861003861003861, 0.7293577981651376, 0.6587225929456625, 0.6105428796223447, 0.6125827814569537, 0.5645612073784237, 0.5557275541795665, 0.5174363807728558]
[0.8648648648648649, 0.881559220389805, 0.7590597453476984, 0.6431535269709544, 0.6696675900277008, 0.5996298581122764, 0.6044492674986435, 0.5141376060320453]
[0.8783783783783784, 0.8091168091168092, 0.7017045454545454, 0.6202247191011236, 0.6403339755940912, 0.6207502930832356, 0.5778013807753585, 0.562205466540999]
[0.8301158301158301, 0.8172661870503597, 0.6252566735112937, 0.5354058721934369, 0.5666666666666667, 0.5282583621683967, 0.5098834262544348, 0.528746465598492]
[0.8532818532818532, 0.8162162162162162, 0.8110236220472441, 0.7898936170212766, 0.7278963414634146, 0.627906976744186, 0.6123393316195372, 0.5871819038642789]
[0.859073359073359, 0.8148148148148148, 0.7963594994311718, 0.5906735751295337, 0.6419280795715379, 0.5900060204695966, 0.5694736842105264, 0.5716305372290292]


----------------------------------------


>>>>>>>>>>>>>>>all_history_acc_mean<<<<<<<<<<<<<<<


all_history_acc:  [0.861969111969112, 0.8113885076255237, 0.7253544464562692, 0.6316490316731116, 0.6431792391300608, 0.5885187863260192, 0.5716124407563444, 0.54688972667295]


----------------------------------------


>>>>>>>>>>>>>>>all_history_acc_std<<<<<<<<<<<<<<<


all_history_acc_std:  [0.018066789113727753, 0.04421108515811623, 0.06896334562161839, 0.07819997928579017, 0.04946142950652699, 0.033963832877985274, 0.033770339404427765, 0.0281055096944173]


----------------------------------------


