config: 
{
    "batch_size": 8,
    "gradient_accumulation_steps": 4,
    "total_round": 6,
    "drop_out": 0.5,
    "num_workers": 2,
    "step1_epochs": 10,
    "step2_epochs": 10,
    "step3_epochs": 10,
    "num_protos": 1,
    "device": "cuda",
    "seed": 100,
    "max_grad_norm": 10,
    "task_length": 8,
    "kl_temp": 2,
    "temp": 0.1,
    "bert_path": "./bert-base-uncased",
    "max_length": 256,
    "vocab_size": 30522,
    "marker_size": 4,
    "pattern": "hybridprompt",
    "template": "[E1] [MASK] [E2]",
    "encoder_output_size": 768,
    "drop_p": 0.1,
    "f_pass": 10,
    "kappa_neg": 0.03,
    "kappa_pos": 0.05,
    "T_mult": 1,
    "rewarm_epoch_num": 2,
    "decay_rate": 0.9,
    "decay_steps": 800,
    "num_of_relation": 41,
    "rel_index": "data/tacred/rel_index.npy",
    "relation_file": "data/tacred/relation_name.txt",
    "rel_cluster_label": "data/tacred/CFRLdata_10_100_10_10/rel_cluster_label_0.npy",
    "training_file": "data/tacred/CFRLdata_10_100_10_10/train_0.txt",
    "valid_file": "data/tacred/CFRLdata_10_100_10_10/valid_0.txt",
    "test_file": "data/tacred/CFRLdata_10_100_10_10/test_0.txt",
    "retain_prev": false,
    "use_entity_marker": true,
    "use_unused": true,
    "prompt_length": 1
}
----------------------------------------
set seed: 100
Shuffle index: [7 0 6 2 5 1 4 3]
round: 0, current_acc: [0.8841698841698842, 0.559322033898305, 0.615819209039548, 0.7432432432432432, 0.6736401673640168, 0.45161290322580644, 0.8456375838926175, 0.9184782608695652], history_acc: [0.8841698841698842, 0.7270642201834863, 0.6682554814108675, 0.6042486231313926, 0.5562913907284768, 0.5181665735047513, 0.5159958720330238, 0.5103675777568332]
set seed: 200
Shuffle index: [7 6 5 2 1 0 3 4]
round: 1, current_acc: [0.8861003861003861, 0.8120805369127517, 0.7542372881355932, 0.8695652173913043, 0.895397489539749, 0.768361581920904, 0.8558558558558559, 0.6093189964157706], history_acc: [0.8861003861003861, 0.8590704647676162, 0.7678746327130265, 0.6390041493775933, 0.6329639889196675, 0.5879086983343615, 0.5887140531741726, 0.525918944392083]
set seed: 300
Shuffle index: [7 3 2 5 0 6 4 1]
round: 2, current_acc: [0.8667953667953668, 0.6793478260869565, 0.5903954802259888, 0.4551971326164875, 0.8378378378378378, 0.8523489932885906, 0.9491525423728814, 0.9456066945606695], history_acc: [0.8667953667953668, 0.7008547008547008, 0.7253787878787878, 0.6531835205992509, 0.5985870263326911, 0.5984759671746777, 0.5597450876261285, 0.5334590009425071]
set seed: 400
Shuffle index: [7 3 1 6 0 5 2 4]
round: 3, current_acc: [0.8783783783783784, 0.672316384180791, 0.4336917562724014, 0.6521739130434783, 0.8828828828828829, 0.3813559322033898, 0.8410041841004184, 0.7919463087248322], history_acc: [0.8783783783783784, 0.8201438848920863, 0.6776180698151951, 0.6269430051813472, 0.6297101449275362, 0.5709342560553633, 0.565636087176888, 0.5598491988689915]
set seed: 500
Shuffle index: [7 0 2 1 5 4 3 6]
round: 4, current_acc: [0.8841698841698842, 0.7882882882882883, 0.87248322147651, 0.4435146443514644, 0.9021739130434783, 0.6308243727598566, 0.6779661016949152, 0.632768361581921], history_acc: [0.8841698841698842, 0.8135135135135135, 0.8110236220472441, 0.7198581560283688, 0.7248475609756098, 0.6411062225015713, 0.638560411311054, 0.5768143261074458]
set seed: 600
Shuffle index: [7 1 3 6 4 0 2 5]
round: 5, current_acc: [0.8725868725868726, 0.7445652173913043, 0.9378531073446328, 0.5519713261648745, 0.8993288590604027, 0.5903954802259888, 0.9205020920502092, 0.8333333333333334], history_acc: [0.8725868725868726, 0.8076923076923077, 0.770193401592719, 0.6157167530224525, 0.6335118592195869, 0.6158940397350994, 0.611578947368421, 0.560320452403393]
>>>>>>>>>>>>>>>current_acc<<<<<<<<<<<<<<<


[0.8725868725868726, 0.7445652173913043, 0.9378531073446328, 0.5519713261648745, 0.8993288590604027, 0.5903954802259888, 0.9205020920502092, 0.8333333333333334]


----------------------------------------


>>>>>>>>>>>>>>>history_acc<<<<<<<<<<<<<<<


[0.8725868725868726, 0.8076923076923077, 0.770193401592719, 0.6157167530224525, 0.6335118592195869, 0.6158940397350994, 0.611578947368421, 0.560320452403393]


----------------------------------------


>>>>>>>>>>>>>>>all_current_acc<<<<<<<<<<<<<<<


[0.8841698841698842, 0.559322033898305, 0.615819209039548, 0.7432432432432432, 0.6736401673640168, 0.45161290322580644, 0.8456375838926175, 0.9184782608695652]
[0.8861003861003861, 0.8120805369127517, 0.7542372881355932, 0.8695652173913043, 0.895397489539749, 0.768361581920904, 0.8558558558558559, 0.6093189964157706]
[0.8667953667953668, 0.6793478260869565, 0.5903954802259888, 0.4551971326164875, 0.8378378378378378, 0.8523489932885906, 0.9491525423728814, 0.9456066945606695]
[0.8783783783783784, 0.672316384180791, 0.4336917562724014, 0.6521739130434783, 0.8828828828828829, 0.3813559322033898, 0.8410041841004184, 0.7919463087248322]
[0.8841698841698842, 0.7882882882882883, 0.87248322147651, 0.4435146443514644, 0.9021739130434783, 0.6308243727598566, 0.6779661016949152, 0.632768361581921]
[0.8725868725868726, 0.7445652173913043, 0.9378531073446328, 0.5519713261648745, 0.8993288590604027, 0.5903954802259888, 0.9205020920502092, 0.8333333333333334]


----------------------------------------


>>>>>>>>>>>>>>>all_current_acc_mean<<<<<<<<<<<<<<<


[0.8787001287001287, 0.7093200477930662, 0.7007466770824458, 0.6192775794684755, 0.848543524954728, 0.6124832106040894, 0.848353059994483, 0.7885753259143486]


----------------------------------------


>>>>>>>>>>>>>>>all_current_acc_std<<<<<<<<<<<<<<<


all_current_acc_std:  [0.0069976071978544085, 0.08446392965653089, 0.17285954685216737, 0.15353538701151215, 0.08117434982819002, 0.1642949588527742, 0.08613497718311408, 0.12907162598206962]


----------------------------------------


>>>>>>>>>>>>>>>all_history_acc<<<<<<<<<<<<<<<


[0.8841698841698842, 0.7270642201834863, 0.6682554814108675, 0.6042486231313926, 0.5562913907284768, 0.5181665735047513, 0.5159958720330238, 0.5103675777568332]
[0.8861003861003861, 0.8590704647676162, 0.7678746327130265, 0.6390041493775933, 0.6329639889196675, 0.5879086983343615, 0.5887140531741726, 0.525918944392083]
[0.8667953667953668, 0.7008547008547008, 0.7253787878787878, 0.6531835205992509, 0.5985870263326911, 0.5984759671746777, 0.5597450876261285, 0.5334590009425071]
[0.8783783783783784, 0.8201438848920863, 0.6776180698151951, 0.6269430051813472, 0.6297101449275362, 0.5709342560553633, 0.565636087176888, 0.5598491988689915]
[0.8841698841698842, 0.8135135135135135, 0.8110236220472441, 0.7198581560283688, 0.7248475609756098, 0.6411062225015713, 0.638560411311054, 0.5768143261074458]
[0.8725868725868726, 0.8076923076923077, 0.770193401592719, 0.6157167530224525, 0.6335118592195869, 0.6158940397350994, 0.611578947368421, 0.560320452403393]


----------------------------------------


>>>>>>>>>>>>>>>all_history_acc_mean<<<<<<<<<<<<<<<


all_history_acc:  [0.8787001287001287, 0.7880565153172853, 0.7367239992429733, 0.6431590345567342, 0.6293186618505947, 0.5887476262176374, 0.5800384097816146, 0.544454916745209]


----------------------------------------


>>>>>>>>>>>>>>>all_history_acc_std<<<<<<<<<<<<<<<


all_history_acc_std:  [0.0069976071978544085, 0.055423250105254, 0.051512392451779014, 0.03770624874736405, 0.050718522076589966, 0.03845494321941848, 0.039190962870598825, 0.0229574593281608]


----------------------------------------


