config: 
{
    "batch_size": 8,
    "gradient_accumulation_steps": 4,
    "total_round": 6,
    "drop_out": 0.5,
    "num_workers": 2,
    "step1_epochs": 10,
    "step2_epochs": 10,
    "step3_epochs": 10,
    "num_protos": 1,
    "device": "cuda",
    "seed": 100,
    "max_grad_norm": 10,
    "task_length": 8,
    "kl_temp": 2,
    "temp": 0.1,
    "bert_path": "./bert-base-uncased",
    "max_length": 256,
    "vocab_size": 30522,
    "marker_size": 4,
    "pattern": "softprompt",
    "template": "[E1] [MASK] [E2]",
    "encoder_output_size": 768,
    "drop_p": 0.1,
    "f_pass": 10,
    "kappa_neg": 0.03,
    "kappa_pos": 0.05,
    "T_mult": 1,
    "rewarm_epoch_num": 2,
    "decay_rate": 0.9,
    "decay_steps": 800,
    "num_of_relation": 41,
    "rel_index": "data/tacred/rel_index.npy",
    "relation_file": "data/tacred/relation_name.txt",
    "rel_cluster_label": "data/tacred/CFRLdata_10_100_10_10/rel_cluster_label_0.npy",
    "training_file": "data/tacred/CFRLdata_10_100_10_10/train_0.txt",
    "valid_file": "data/tacred/CFRLdata_10_100_10_10/valid_0.txt",
    "test_file": "data/tacred/CFRLdata_10_100_10_10/test_0.txt",
    "retain_prev": false,
    "use_entity_marker": true,
    "use_unused": true,
    "prompt_length": 1
}
----------------------------------------
set seed: 100
Shuffle index: [7 0 6 2 5 1 4 3]
round: 0, current_acc: [0.806949806949807, 0.6045197740112994, 0.5084745762711864, 0.7747747747747747, 0.7196652719665272, 0.6308243727598566, 0.6577181208053692, 0.6684782608695652], history_acc: [0.806949806949807, 0.7236238532110092, 0.6091515729265967, 0.5861526357199056, 0.5417218543046357, 0.4974846282839575, 0.4938080495356037, 0.4410933081998115]
set seed: 200
Shuffle index: [7 6 5 2 1 0 3 4]
round: 1, current_acc: [0.8088803088803089, 0.40939597315436244, 0.4124293785310734, 0.45108695652173914, 0.702928870292887, 0.6497175141242938, 0.8333333333333334, 0.5268817204301075], history_acc: [0.8088803088803089, 0.6911544227886057, 0.5612144955925563, 0.45726141078838173, 0.4937673130193906, 0.48180135718692163, 0.475854584915898, 0.43732327992459946]
set seed: 300
Shuffle index: [7 3 2 5 0 6 4 1]
round: 2, current_acc: [0.8281853281853282, 0.5217391304347826, 0.5282485875706214, 0.1935483870967742, 0.8018018018018018, 0.5570469798657718, 0.7966101694915254, 0.9246861924686193], history_acc: [0.8281853281853282, 0.6780626780626781, 0.6117424242424242, 0.48089887640449436, 0.5144508670520231, 0.5339976553341149, 0.5098247477429634, 0.45428840716305374]
set seed: 400
Shuffle index: [7 3 1 6 0 5 2 4]
round: 3, current_acc: [0.8455598455598455, 0.6045197740112994, 0.3046594982078853, 0.5869565217391305, 0.7972972972972973, 0.5819209039548022, 0.8117154811715481, 0.6375838926174496], history_acc: [0.8455598455598455, 0.7755395683453238, 0.6396303901437371, 0.6070811744386874, 0.6202898550724638, 0.5899653979238755, 0.5661429295489103, 0.5395852968897267]
set seed: 500
Shuffle index: [7 0 2 1 5 4 3 6]
round: 4, current_acc: [0.806949806949807, 0.6711711711711712, 0.3288590604026846, 0.38493723849372385, 0.6630434782608695, 0.44086021505376344, 0.556497175141243, 0.5310734463276836], history_acc: [0.806949806949807, 0.7175675675675676, 0.6377952755905512, 0.6054964539007093, 0.6021341463414634, 0.5342551854179761, 0.5059125964010283, 0.4580584354382658]
set seed: 600
Shuffle index: [7 1 3 6 4 0 2 5]
round: 5, current_acc: [0.8301158301158301, 0.34782608695652173, 0.5536723163841808, 0.4444444444444444, 0.5167785234899329, 0.4830508474576271, 0.6317991631799164, 0.8018018018018018], history_acc: [0.8301158301158301, 0.5754985754985755, 0.646188850967008, 0.5587219343696027, 0.5332823259372609, 0.48043347381095725, 0.45263157894736844, 0.46936852026390197]
>>>>>>>>>>>>>>>current_acc<<<<<<<<<<<<<<<


[0.8301158301158301, 0.34782608695652173, 0.5536723163841808, 0.4444444444444444, 0.5167785234899329, 0.4830508474576271, 0.6317991631799164, 0.8018018018018018]


----------------------------------------


>>>>>>>>>>>>>>>history_acc<<<<<<<<<<<<<<<


[0.8301158301158301, 0.5754985754985755, 0.646188850967008, 0.5587219343696027, 0.5332823259372609, 0.48043347381095725, 0.45263157894736844, 0.46936852026390197]


----------------------------------------


>>>>>>>>>>>>>>>all_current_acc<<<<<<<<<<<<<<<


[0.806949806949807, 0.6045197740112994, 0.5084745762711864, 0.7747747747747747, 0.7196652719665272, 0.6308243727598566, 0.6577181208053692, 0.6684782608695652]
[0.8088803088803089, 0.40939597315436244, 0.4124293785310734, 0.45108695652173914, 0.702928870292887, 0.6497175141242938, 0.8333333333333334, 0.5268817204301075]
[0.8281853281853282, 0.5217391304347826, 0.5282485875706214, 0.1935483870967742, 0.8018018018018018, 0.5570469798657718, 0.7966101694915254, 0.9246861924686193]
[0.8455598455598455, 0.6045197740112994, 0.3046594982078853, 0.5869565217391305, 0.7972972972972973, 0.5819209039548022, 0.8117154811715481, 0.6375838926174496]
[0.806949806949807, 0.6711711711711712, 0.3288590604026846, 0.38493723849372385, 0.6630434782608695, 0.44086021505376344, 0.556497175141243, 0.5310734463276836]
[0.8301158301158301, 0.34782608695652173, 0.5536723163841808, 0.4444444444444444, 0.5167785234899329, 0.4830508474576271, 0.6317991631799164, 0.8018018018018018]


----------------------------------------


>>>>>>>>>>>>>>>all_current_acc_mean<<<<<<<<<<<<<<<


[0.8211068211068212, 0.5265286516232394, 0.43939056956127204, 0.47262472051176446, 0.7002525405182194, 0.5572368055360192, 0.7146122405204892, 0.681750885752538]


----------------------------------------


>>>>>>>>>>>>>>>all_current_acc_std<<<<<<<<<<<<<<<


all_current_acc_std:  [0.014603353562303984, 0.11457479311265265, 0.09731841803346196, 0.17851102378423458, 0.0958829002894206, 0.07486011337569229, 0.10435733332785797, 0.14273800046862078]


----------------------------------------


>>>>>>>>>>>>>>>all_history_acc<<<<<<<<<<<<<<<


[0.806949806949807, 0.7236238532110092, 0.6091515729265967, 0.5861526357199056, 0.5417218543046357, 0.4974846282839575, 0.4938080495356037, 0.4410933081998115]
[0.8088803088803089, 0.6911544227886057, 0.5612144955925563, 0.45726141078838173, 0.4937673130193906, 0.48180135718692163, 0.475854584915898, 0.43732327992459946]
[0.8281853281853282, 0.6780626780626781, 0.6117424242424242, 0.48089887640449436, 0.5144508670520231, 0.5339976553341149, 0.5098247477429634, 0.45428840716305374]
[0.8455598455598455, 0.7755395683453238, 0.6396303901437371, 0.6070811744386874, 0.6202898550724638, 0.5899653979238755, 0.5661429295489103, 0.5395852968897267]
[0.806949806949807, 0.7175675675675676, 0.6377952755905512, 0.6054964539007093, 0.6021341463414634, 0.5342551854179761, 0.5059125964010283, 0.4580584354382658]
[0.8301158301158301, 0.5754985754985755, 0.646188850967008, 0.5587219343696027, 0.5332823259372609, 0.48043347381095725, 0.45263157894736844, 0.46936852026390197]


----------------------------------------


>>>>>>>>>>>>>>>all_history_acc_mean<<<<<<<<<<<<<<<


all_history_acc:  [0.8211068211068212, 0.6935744442456265, 0.6176205015771455, 0.5492687476036301, 0.5509410602878729, 0.5196562829929671, 0.5006957478486287, 0.4666195413132265]


----------------------------------------


>>>>>>>>>>>>>>>all_history_acc_std<<<<<<<<<<<<<<<


all_history_acc_std:  [0.014603353562303984, 0.06108095814699153, 0.028854576023112824, 0.05929222111741234, 0.045510408396875576, 0.0383518382772264, 0.03504420027258364, 0.034319011455420816]


----------------------------------------


